# gmm-latgen-faster --max-active=7000 --beam=13.0 --lattice-beam=6.0 --acoustic-scale=0.083333 --allow-partial=true --word-symbol-table=exp/tri1/graph/words.txt exp/tri1/final.mdl exp/tri1/graph/HCLG.fst "ark,s,cs:apply-cmvn  --utt2spk=ark:data/test/split1/1/utt2spk scp:data/test/split1/1/cmvn.scp scp:data/test/split1/1/feats.scp ark:- | add-deltas  ark:- ark:- |" "ark:|gzip -c > exp/tri1/decode/lat.1.gz" 
# Started at Mon Apr 20 02:21:41 PDT 2020
#
gmm-latgen-faster --max-active=7000 --beam=13.0 --lattice-beam=6.0 --acoustic-scale=0.083333 --allow-partial=true --word-symbol-table=exp/tri1/graph/words.txt exp/tri1/final.mdl exp/tri1/graph/HCLG.fst 'ark,s,cs:apply-cmvn  --utt2spk=ark:data/test/split1/1/utt2spk scp:data/test/split1/1/cmvn.scp scp:data/test/split1/1/feats.scp ark:- | add-deltas  ark:- ark:- |' 'ark:|gzip -c > exp/tri1/decode/lat.1.gz' 
add-deltas ark:- ark:- 
apply-cmvn --utt2spk=ark:data/test/split1/1/utt2spk scp:data/test/split1/1/cmvn.scp scp:data/test/split1/1/feats.scp ark:- 
viet_0_40 khong 
LOG (gmm-latgen-faster[5.5.671~1-e5a5a]:DecodeUtteranceLatticeFaster():decoder-wrappers.cc:375) Log-like per frame for utterance viet_0_40 is -7.74443 over 48 frames.
viet_0_41 khong 
LOG (gmm-latgen-faster[5.5.671~1-e5a5a]:DecodeUtteranceLatticeFaster():decoder-wrappers.cc:375) Log-like per frame for utterance viet_0_41 is -7.86431 over 52 frames.
viet_0_42 khong 
LOG (gmm-latgen-faster[5.5.671~1-e5a5a]:DecodeUtteranceLatticeFaster():decoder-wrappers.cc:375) Log-like per frame for utterance viet_0_42 is -7.99544 over 54 frames.
viet_0_43 khong 
LOG (gmm-latgen-faster[5.5.671~1-e5a5a]:DecodeUtteranceLatticeFaster():decoder-wrappers.cc:375) Log-like per frame for utterance viet_0_43 is -7.8243 over 53 frames.
viet_0_44 khong 
LOG (gmm-latgen-faster[5.5.671~1-e5a5a]:DecodeUtteranceLatticeFaster():decoder-wrappers.cc:375) Log-like per frame for utterance viet_0_44 is -7.65747 over 48 frames.
viet_0_45 khong 
LOG (gmm-latgen-faster[5.5.671~1-e5a5a]:DecodeUtteranceLatticeFaster():decoder-wrappers.cc:375) Log-like per frame for utterance viet_0_45 is -7.86593 over 55 frames.
viet_0_46 khong 
LOG (gmm-latgen-faster[5.5.671~1-e5a5a]:DecodeUtteranceLatticeFaster():decoder-wrappers.cc:375) Log-like per frame for utterance viet_0_46 is -7.92173 over 61 frames.
viet_0_47 khong 
LOG (gmm-latgen-faster[5.5.671~1-e5a5a]:DecodeUtteranceLatticeFaster():decoder-wrappers.cc:375) Log-like per frame for utterance viet_0_47 is -7.60703 over 49 frames.
viet_0_48 khong 
LOG (gmm-latgen-faster[5.5.671~1-e5a5a]:DecodeUtteranceLatticeFaster():decoder-wrappers.cc:375) Log-like per frame for utterance viet_0_48 is -7.77722 over 48 frames.
viet_0_49 khong 
LOG (gmm-latgen-faster[5.5.671~1-e5a5a]:DecodeUtteranceLatticeFaster():decoder-wrappers.cc:375) Log-like per frame for utterance viet_0_49 is -7.94308 over 44 frames.
viet_1_40 mot 
LOG (gmm-latgen-faster[5.5.671~1-e5a5a]:DecodeUtteranceLatticeFaster():decoder-wrappers.cc:375) Log-like per frame for utterance viet_1_40 is -8.50524 over 34 frames.
viet_1_41 mot 
LOG (gmm-latgen-faster[5.5.671~1-e5a5a]:DecodeUtteranceLatticeFaster():decoder-wrappers.cc:375) Log-like per frame for utterance viet_1_41 is -8.27571 over 30 frames.
viet_1_42 mot 
LOG (gmm-latgen-faster[5.5.671~1-e5a5a]:DecodeUtteranceLatticeFaster():decoder-wrappers.cc:375) Log-like per frame for utterance viet_1_42 is -7.69027 over 102 frames.
viet_1_43 mot 
LOG (gmm-latgen-faster[5.5.671~1-e5a5a]:DecodeUtteranceLatticeFaster():decoder-wrappers.cc:375) Log-like per frame for utterance viet_1_43 is -7.2661 over 74 frames.
viet_1_44 mot 
LOG (gmm-latgen-faster[5.5.671~1-e5a5a]:DecodeUtteranceLatticeFaster():decoder-wrappers.cc:375) Log-like per frame for utterance viet_1_44 is -7.67713 over 28 frames.
viet_1_45 mot 
LOG (gmm-latgen-faster[5.5.671~1-e5a5a]:DecodeUtteranceLatticeFaster():decoder-wrappers.cc:375) Log-like per frame for utterance viet_1_45 is -7.69183 over 36 frames.
viet_1_46 mot 
LOG (gmm-latgen-faster[5.5.671~1-e5a5a]:DecodeUtteranceLatticeFaster():decoder-wrappers.cc:375) Log-like per frame for utterance viet_1_46 is -7.51337 over 32 frames.
viet_1_47 mot 
LOG (gmm-latgen-faster[5.5.671~1-e5a5a]:DecodeUtteranceLatticeFaster():decoder-wrappers.cc:375) Log-like per frame for utterance viet_1_47 is -7.89853 over 32 frames.
viet_1_48 mot 
LOG (gmm-latgen-faster[5.5.671~1-e5a5a]:DecodeUtteranceLatticeFaster():decoder-wrappers.cc:375) Log-like per frame for utterance viet_1_48 is -8.04762 over 26 frames.
viet_1_49 mot 
LOG (gmm-latgen-faster[5.5.671~1-e5a5a]:DecodeUtteranceLatticeFaster():decoder-wrappers.cc:375) Log-like per frame for utterance viet_1_49 is -7.46761 over 30 frames.
viet_2_40 hai 
LOG (gmm-latgen-faster[5.5.671~1-e5a5a]:DecodeUtteranceLatticeFaster():decoder-wrappers.cc:375) Log-like per frame for utterance viet_2_40 is -7.32118 over 50 frames.
viet_2_41 hai 
LOG (gmm-latgen-faster[5.5.671~1-e5a5a]:DecodeUtteranceLatticeFaster():decoder-wrappers.cc:375) Log-like per frame for utterance viet_2_41 is -8.57203 over 56 frames.
viet_2_42 hai 
LOG (gmm-latgen-faster[5.5.671~1-e5a5a]:DecodeUtteranceLatticeFaster():decoder-wrappers.cc:375) Log-like per frame for utterance viet_2_42 is -7.39446 over 54 frames.
viet_2_43 hai 
LOG (gmm-latgen-faster[5.5.671~1-e5a5a]:DecodeUtteranceLatticeFaster():decoder-wrappers.cc:375) Log-like per frame for utterance viet_2_43 is -7.96067 over 50 frames.
viet_2_44 hai 
LOG (gmm-latgen-faster[5.5.671~1-e5a5a]:DecodeUtteranceLatticeFaster():decoder-wrappers.cc:375) Log-like per frame for utterance viet_2_44 is -8.07678 over 61 frames.
viet_2_45 hai 
LOG (gmm-latgen-faster[5.5.671~1-e5a5a]:DecodeUtteranceLatticeFaster():decoder-wrappers.cc:375) Log-like per frame for utterance viet_2_45 is -7.87708 over 52 frames.
viet_2_46 hai 
LOG (gmm-latgen-faster[5.5.671~1-e5a5a]:DecodeUtteranceLatticeFaster():decoder-wrappers.cc:375) Log-like per frame for utterance viet_2_46 is -8.06186 over 52 frames.
viet_2_47 hai 
LOG (gmm-latgen-faster[5.5.671~1-e5a5a]:DecodeUtteranceLatticeFaster():decoder-wrappers.cc:375) Log-like per frame for utterance viet_2_47 is -7.76809 over 51 frames.
viet_2_48 hai 
LOG (gmm-latgen-faster[5.5.671~1-e5a5a]:DecodeUtteranceLatticeFaster():decoder-wrappers.cc:375) Log-like per frame for utterance viet_2_48 is -7.30345 over 66 frames.
viet_2_49 hai 
LOG (gmm-latgen-faster[5.5.671~1-e5a5a]:DecodeUtteranceLatticeFaster():decoder-wrappers.cc:375) Log-like per frame for utterance viet_2_49 is -7.3573 over 52 frames.
viet_3_40 ba 
LOG (gmm-latgen-faster[5.5.671~1-e5a5a]:DecodeUtteranceLatticeFaster():decoder-wrappers.cc:375) Log-like per frame for utterance viet_3_40 is -7.50659 over 50 frames.
viet_3_41 ba 
LOG (gmm-latgen-faster[5.5.671~1-e5a5a]:DecodeUtteranceLatticeFaster():decoder-wrappers.cc:375) Log-like per frame for utterance viet_3_41 is -7.52977 over 51 frames.
viet_3_42 ba 
LOG (gmm-latgen-faster[5.5.671~1-e5a5a]:DecodeUtteranceLatticeFaster():decoder-wrappers.cc:375) Log-like per frame for utterance viet_3_42 is -7.20248 over 134 frames.
viet_3_43 ba 
LOG (gmm-latgen-faster[5.5.671~1-e5a5a]:DecodeUtteranceLatticeFaster():decoder-wrappers.cc:375) Log-like per frame for utterance viet_3_43 is -7.54323 over 49 frames.
viet_3_44 ba 
LOG (gmm-latgen-faster[5.5.671~1-e5a5a]:DecodeUtteranceLatticeFaster():decoder-wrappers.cc:375) Log-like per frame for utterance viet_3_44 is -7.54808 over 49 frames.
viet_3_45 ba 
LOG (gmm-latgen-faster[5.5.671~1-e5a5a]:DecodeUtteranceLatticeFaster():decoder-wrappers.cc:375) Log-like per frame for utterance viet_3_45 is -7.18917 over 113 frames.
viet_3_46 ba 
LOG (gmm-latgen-faster[5.5.671~1-e5a5a]:DecodeUtteranceLatticeFaster():decoder-wrappers.cc:375) Log-like per frame for utterance viet_3_46 is -7.16695 over 84 frames.
viet_3_47 ba 
LOG (gmm-latgen-faster[5.5.671~1-e5a5a]:DecodeUtteranceLatticeFaster():decoder-wrappers.cc:375) Log-like per frame for utterance viet_3_47 is -7.45597 over 49 frames.
viet_3_48 ba 
LOG (gmm-latgen-faster[5.5.671~1-e5a5a]:DecodeUtteranceLatticeFaster():decoder-wrappers.cc:375) Log-like per frame for utterance viet_3_48 is -7.72142 over 52 frames.
viet_3_49 ba 
LOG (gmm-latgen-faster[5.5.671~1-e5a5a]:DecodeUtteranceLatticeFaster():decoder-wrappers.cc:375) Log-like per frame for utterance viet_3_49 is -7.48112 over 45 frames.
viet_4_40 bon 
LOG (gmm-latgen-faster[5.5.671~1-e5a5a]:DecodeUtteranceLatticeFaster():decoder-wrappers.cc:375) Log-like per frame for utterance viet_4_40 is -7.5128 over 50 frames.
viet_4_41 bon 
LOG (gmm-latgen-faster[5.5.671~1-e5a5a]:DecodeUtteranceLatticeFaster():decoder-wrappers.cc:375) Log-like per frame for utterance viet_4_41 is -7.54603 over 65 frames.
viet_4_42 bon 
LOG (gmm-latgen-faster[5.5.671~1-e5a5a]:DecodeUtteranceLatticeFaster():decoder-wrappers.cc:375) Log-like per frame for utterance viet_4_42 is -7.99037 over 50 frames.
viet_4_43 bon 
LOG (gmm-latgen-faster[5.5.671~1-e5a5a]:DecodeUtteranceLatticeFaster():decoder-wrappers.cc:375) Log-like per frame for utterance viet_4_43 is -7.92956 over 56 frames.
viet_4_44 bon 
LOG (gmm-latgen-faster[5.5.671~1-e5a5a]:DecodeUtteranceLatticeFaster():decoder-wrappers.cc:375) Log-like per frame for utterance viet_4_44 is -7.89045 over 44 frames.
viet_4_45 bon 
LOG (gmm-latgen-faster[5.5.671~1-e5a5a]:DecodeUtteranceLatticeFaster():decoder-wrappers.cc:375) Log-like per frame for utterance viet_4_45 is -7.73772 over 49 frames.
viet_4_46 bon 
LOG (gmm-latgen-faster[5.5.671~1-e5a5a]:DecodeUtteranceLatticeFaster():decoder-wrappers.cc:375) Log-like per frame for utterance viet_4_46 is -7.73336 over 69 frames.
viet_4_47 bon 
LOG (gmm-latgen-faster[5.5.671~1-e5a5a]:DecodeUtteranceLatticeFaster():decoder-wrappers.cc:375) Log-like per frame for utterance viet_4_47 is -7.33214 over 108 frames.
viet_4_48 bon 
LOG (gmm-latgen-faster[5.5.671~1-e5a5a]:DecodeUtteranceLatticeFaster():decoder-wrappers.cc:375) Log-like per frame for utterance viet_4_48 is -7.37044 over 52 frames.
viet_4_49 bon 
LOG (gmm-latgen-faster[5.5.671~1-e5a5a]:DecodeUtteranceLatticeFaster():decoder-wrappers.cc:375) Log-like per frame for utterance viet_4_49 is -8.00017 over 48 frames.
viet_5_40 nam 
LOG (gmm-latgen-faster[5.5.671~1-e5a5a]:DecodeUtteranceLatticeFaster():decoder-wrappers.cc:375) Log-like per frame for utterance viet_5_40 is -7.98575 over 52 frames.
viet_5_41 nam 
LOG (gmm-latgen-faster[5.5.671~1-e5a5a]:DecodeUtteranceLatticeFaster():decoder-wrappers.cc:375) Log-like per frame for utterance viet_5_41 is -8.12075 over 47 frames.
viet_5_42 nam 
LOG (gmm-latgen-faster[5.5.671~1-e5a5a]:DecodeUtteranceLatticeFaster():decoder-wrappers.cc:375) Log-like per frame for utterance viet_5_42 is -7.51052 over 49 frames.
viet_5_43 nam 
LOG (gmm-latgen-faster[5.5.671~1-e5a5a]:DecodeUtteranceLatticeFaster():decoder-wrappers.cc:375) Log-like per frame for utterance viet_5_43 is -8.29576 over 49 frames.
viet_5_44 nam 
LOG (gmm-latgen-faster[5.5.671~1-e5a5a]:DecodeUtteranceLatticeFaster():decoder-wrappers.cc:375) Log-like per frame for utterance viet_5_44 is -7.21929 over 51 frames.
viet_5_45 nam 
LOG (gmm-latgen-faster[5.5.671~1-e5a5a]:DecodeUtteranceLatticeFaster():decoder-wrappers.cc:375) Log-like per frame for utterance viet_5_45 is -8.1675 over 51 frames.
viet_5_46 nam 
LOG (gmm-latgen-faster[5.5.671~1-e5a5a]:DecodeUtteranceLatticeFaster():decoder-wrappers.cc:375) Log-like per frame for utterance viet_5_46 is -7.78915 over 44 frames.
viet_5_47 nam 
LOG (gmm-latgen-faster[5.5.671~1-e5a5a]:DecodeUtteranceLatticeFaster():decoder-wrappers.cc:375) Log-like per frame for utterance viet_5_47 is -7.60949 over 46 frames.
viet_5_48 nam 
LOG (gmm-latgen-faster[5.5.671~1-e5a5a]:DecodeUtteranceLatticeFaster():decoder-wrappers.cc:375) Log-like per frame for utterance viet_5_48 is -7.68649 over 47 frames.
viet_5_49 nam 
LOG (gmm-latgen-faster[5.5.671~1-e5a5a]:DecodeUtteranceLatticeFaster():decoder-wrappers.cc:375) Log-like per frame for utterance viet_5_49 is -7.3344 over 47 frames.
viet_6_40 sau 
LOG (gmm-latgen-faster[5.5.671~1-e5a5a]:DecodeUtteranceLatticeFaster():decoder-wrappers.cc:375) Log-like per frame for utterance viet_6_40 is -7.31473 over 52 frames.
viet_6_41 sau 
LOG (gmm-latgen-faster[5.5.671~1-e5a5a]:DecodeUtteranceLatticeFaster():decoder-wrappers.cc:375) Log-like per frame for utterance viet_6_41 is -6.93045 over 114 frames.
viet_6_42 sau 
LOG (gmm-latgen-faster[5.5.671~1-e5a5a]:DecodeUtteranceLatticeFaster():decoder-wrappers.cc:375) Log-like per frame for utterance viet_6_42 is -7.27015 over 57 frames.
viet_6_43 sau 
LOG (gmm-latgen-faster[5.5.671~1-e5a5a]:DecodeUtteranceLatticeFaster():decoder-wrappers.cc:375) Log-like per frame for utterance viet_6_43 is -7.26698 over 53 frames.
viet_6_44 sau 
LOG (gmm-latgen-faster[5.5.671~1-e5a5a]:DecodeUtteranceLatticeFaster():decoder-wrappers.cc:375) Log-like per frame for utterance viet_6_44 is -7.48235 over 52 frames.
viet_6_45 sau 
LOG (gmm-latgen-faster[5.5.671~1-e5a5a]:DecodeUtteranceLatticeFaster():decoder-wrappers.cc:375) Log-like per frame for utterance viet_6_45 is -7.97073 over 71 frames.
LOG (apply-cmvn[5.5.671~1-e5a5a]:main():apply-cmvn.cc:162) Applied cepstral mean normalization to 100 utterances, errors on 0
viet_6_46 sau 
LOG (gmm-latgen-faster[5.5.671~1-e5a5a]:DecodeUtteranceLatticeFaster():decoder-wrappers.cc:375) Log-like per frame for utterance viet_6_46 is -7.31434 over 95 frames.
viet_6_47 sau 
LOG (gmm-latgen-faster[5.5.671~1-e5a5a]:DecodeUtteranceLatticeFaster():decoder-wrappers.cc:375) Log-like per frame for utterance viet_6_47 is -7.48538 over 53 frames.
viet_6_48 sau 
LOG (gmm-latgen-faster[5.5.671~1-e5a5a]:DecodeUtteranceLatticeFaster():decoder-wrappers.cc:375) Log-like per frame for utterance viet_6_48 is -7.30936 over 46 frames.
viet_6_49 sau 
LOG (gmm-latgen-faster[5.5.671~1-e5a5a]:DecodeUtteranceLatticeFaster():decoder-wrappers.cc:375) Log-like per frame for utterance viet_6_49 is -7.55543 over 79 frames.
viet_7_40 bay 
LOG (gmm-latgen-faster[5.5.671~1-e5a5a]:DecodeUtteranceLatticeFaster():decoder-wrappers.cc:375) Log-like per frame for utterance viet_7_40 is -7.89211 over 44 frames.
viet_7_41 bay 
LOG (gmm-latgen-faster[5.5.671~1-e5a5a]:DecodeUtteranceLatticeFaster():decoder-wrappers.cc:375) Log-like per frame for utterance viet_7_41 is -8.14711 over 39 frames.
viet_7_42 ba 
LOG (gmm-latgen-faster[5.5.671~1-e5a5a]:DecodeUtteranceLatticeFaster():decoder-wrappers.cc:375) Log-like per frame for utterance viet_7_42 is -9.53891 over 61 frames.
viet_7_43 bay 
LOG (gmm-latgen-faster[5.5.671~1-e5a5a]:DecodeUtteranceLatticeFaster():decoder-wrappers.cc:375) Log-like per frame for utterance viet_7_43 is -8.21751 over 43 frames.
viet_7_44 bay 
LOG (gmm-latgen-faster[5.5.671~1-e5a5a]:DecodeUtteranceLatticeFaster():decoder-wrappers.cc:375) Log-like per frame for utterance viet_7_44 is -8.59523 over 34 frames.
viet_7_45 bay 
LOG (gmm-latgen-faster[5.5.671~1-e5a5a]:DecodeUtteranceLatticeFaster():decoder-wrappers.cc:375) Log-like per frame for utterance viet_7_45 is -8.1327 over 42 frames.
viet_7_46 bay 
LOG (gmm-latgen-faster[5.5.671~1-e5a5a]:DecodeUtteranceLatticeFaster():decoder-wrappers.cc:375) Log-like per frame for utterance viet_7_46 is -7.80356 over 32 frames.
viet_7_47 bay 
LOG (gmm-latgen-faster[5.5.671~1-e5a5a]:DecodeUtteranceLatticeFaster():decoder-wrappers.cc:375) Log-like per frame for utterance viet_7_47 is -9.03871 over 35 frames.
viet_7_48 bay 
LOG (gmm-latgen-faster[5.5.671~1-e5a5a]:DecodeUtteranceLatticeFaster():decoder-wrappers.cc:375) Log-like per frame for utterance viet_7_48 is -7.56877 over 44 frames.
viet_7_49 bay 
LOG (gmm-latgen-faster[5.5.671~1-e5a5a]:DecodeUtteranceLatticeFaster():decoder-wrappers.cc:375) Log-like per frame for utterance viet_7_49 is -8.6541 over 33 frames.
viet_8_40 tam 
LOG (gmm-latgen-faster[5.5.671~1-e5a5a]:DecodeUtteranceLatticeFaster():decoder-wrappers.cc:375) Log-like per frame for utterance viet_8_40 is -6.97571 over 53 frames.
viet_8_41 tam 
LOG (gmm-latgen-faster[5.5.671~1-e5a5a]:DecodeUtteranceLatticeFaster():decoder-wrappers.cc:375) Log-like per frame for utterance viet_8_41 is -7.18494 over 47 frames.
viet_8_42 tam 
LOG (gmm-latgen-faster[5.5.671~1-e5a5a]:DecodeUtteranceLatticeFaster():decoder-wrappers.cc:375) Log-like per frame for utterance viet_8_42 is -7.04189 over 54 frames.
viet_8_43 tam 
LOG (gmm-latgen-faster[5.5.671~1-e5a5a]:DecodeUtteranceLatticeFaster():decoder-wrappers.cc:375) Log-like per frame for utterance viet_8_43 is -7.04473 over 56 frames.
viet_8_44 tam 
LOG (gmm-latgen-faster[5.5.671~1-e5a5a]:DecodeUtteranceLatticeFaster():decoder-wrappers.cc:375) Log-like per frame for utterance viet_8_44 is -7.26461 over 53 frames.
viet_8_45 tam 
LOG (gmm-latgen-faster[5.5.671~1-e5a5a]:DecodeUtteranceLatticeFaster():decoder-wrappers.cc:375) Log-like per frame for utterance viet_8_45 is -7.59908 over 53 frames.
viet_8_46 tam 
LOG (gmm-latgen-faster[5.5.671~1-e5a5a]:DecodeUtteranceLatticeFaster():decoder-wrappers.cc:375) Log-like per frame for utterance viet_8_46 is -7.60682 over 56 frames.
viet_8_47 tam 
LOG (gmm-latgen-faster[5.5.671~1-e5a5a]:DecodeUtteranceLatticeFaster():decoder-wrappers.cc:375) Log-like per frame for utterance viet_8_47 is -7.65862 over 54 frames.
viet_8_48 tam 
LOG (gmm-latgen-faster[5.5.671~1-e5a5a]:DecodeUtteranceLatticeFaster():decoder-wrappers.cc:375) Log-like per frame for utterance viet_8_48 is -7.63878 over 56 frames.
viet_8_49 tam 
LOG (gmm-latgen-faster[5.5.671~1-e5a5a]:DecodeUtteranceLatticeFaster():decoder-wrappers.cc:375) Log-like per frame for utterance viet_8_49 is -7.581 over 44 frames.
viet_9_40 chin 
LOG (gmm-latgen-faster[5.5.671~1-e5a5a]:DecodeUtteranceLatticeFaster():decoder-wrappers.cc:375) Log-like per frame for utterance viet_9_40 is -7.92757 over 50 frames.
viet_9_41 chin 
LOG (gmm-latgen-faster[5.5.671~1-e5a5a]:DecodeUtteranceLatticeFaster():decoder-wrappers.cc:375) Log-like per frame for utterance viet_9_41 is -7.61622 over 49 frames.
viet_9_42 chin 
LOG (gmm-latgen-faster[5.5.671~1-e5a5a]:DecodeUtteranceLatticeFaster():decoder-wrappers.cc:375) Log-like per frame for utterance viet_9_42 is -7.97887 over 49 frames.
viet_9_43 chin 
LOG (gmm-latgen-faster[5.5.671~1-e5a5a]:DecodeUtteranceLatticeFaster():decoder-wrappers.cc:375) Log-like per frame for utterance viet_9_43 is -7.70982 over 51 frames.
viet_9_44 chin 
LOG (gmm-latgen-faster[5.5.671~1-e5a5a]:DecodeUtteranceLatticeFaster():decoder-wrappers.cc:375) Log-like per frame for utterance viet_9_44 is -7.91187 over 50 frames.
viet_9_45 chin 
LOG (gmm-latgen-faster[5.5.671~1-e5a5a]:DecodeUtteranceLatticeFaster():decoder-wrappers.cc:375) Log-like per frame for utterance viet_9_45 is -7.68387 over 45 frames.
viet_9_46 chin 
LOG (gmm-latgen-faster[5.5.671~1-e5a5a]:DecodeUtteranceLatticeFaster():decoder-wrappers.cc:375) Log-like per frame for utterance viet_9_46 is -7.48069 over 47 frames.
viet_9_47 chin 
LOG (gmm-latgen-faster[5.5.671~1-e5a5a]:DecodeUtteranceLatticeFaster():decoder-wrappers.cc:375) Log-like per frame for utterance viet_9_47 is -7.34477 over 44 frames.
viet_9_48 chin 
LOG (gmm-latgen-faster[5.5.671~1-e5a5a]:DecodeUtteranceLatticeFaster():decoder-wrappers.cc:375) Log-like per frame for utterance viet_9_48 is -7.3918 over 111 frames.
viet_9_49 chin 
LOG (gmm-latgen-faster[5.5.671~1-e5a5a]:DecodeUtteranceLatticeFaster():decoder-wrappers.cc:375) Log-like per frame for utterance viet_9_49 is -7.69328 over 48 frames.
LOG (gmm-latgen-faster[5.5.671~1-e5a5a]:main():gmm-latgen-faster.cc:176) Time taken 0.455265s: real-time factor assuming 100 frames/sec is 0.00846375
LOG (gmm-latgen-faster[5.5.671~1-e5a5a]:main():gmm-latgen-faster.cc:179) Done 100 utterances, failed for 0
LOG (gmm-latgen-faster[5.5.671~1-e5a5a]:main():gmm-latgen-faster.cc:181) Overall log-likelihood per frame is -7.65459 over 5379 frames.
# Accounting: time=0 threads=1
# Ended (code 0) at Mon Apr 20 02:21:41 PDT 2020, elapsed time 0 seconds
