# build-tree --verbose=1 --max-leaves=2000 --cluster-thresh=-1 exp/tri1/treeacc data/lang/phones/roots.int exp/tri1/questions.qst data/lang/topo exp/tri1/tree 
# Started at Mon Apr 20 02:21:33 PDT 2020
#
build-tree --verbose=1 --max-leaves=2000 --cluster-thresh=-1 exp/tri1/treeacc data/lang/phones/roots.int exp/tri1/questions.qst data/lang/topo exp/tri1/tree 
LOG (build-tree[5.5.671~1-e5a5a]:main():build-tree.cc:104) Number of separate statistics is 146
LOG (build-tree[5.5.671~1-e5a5a]:BuildTree():build-tree.cc:161) BuildTree: before building trees, map has 25 leaves.
LOG (build-tree[5.5.671~1-e5a5a]:SplitDecisionTree():build-tree-utils.cc:577) DoDecisionTreeSplit: split 67 times, #leaves now 92
LOG (build-tree[5.5.671~1-e5a5a]:BuildTree():build-tree.cc:187) Setting clustering threshold to smallest split 368.031
VLOG[1] (build-tree[5.5.671~1-e5a5a]:BuildTree():build-tree.cc:196) After decision tree split, num-leaves = 92, like-impr = 6.89132 per frame over 20516 frames.
VLOG[1] (build-tree[5.5.671~1-e5a5a]:BuildTree():build-tree.cc:200) Including just phones that were split, improvement is 6.89132 per frame over 20516 frames.
LOG (build-tree[5.5.671~1-e5a5a]:BuildTree():build-tree.cc:215) BuildTree: removed 3 leaves.
VLOG[1] (build-tree[5.5.671~1-e5a5a]:ClusterEventMapToNClustersRestrictedByMap():build-tree-utils.cc:914) Number of non-empty clusters in map = 24
VLOG[1] (build-tree[5.5.671~1-e5a5a]:ClusterEventMapToNClustersRestrictedByMap():build-tree-utils.cc:915) Number of non-empty clusters = 88
LOG (build-tree[5.5.671~1-e5a5a]:BuildTree():build-tree.cc:231) BuildTree: Rounded num leaves to multiple of 8 by removing 1 leaves.
VLOG[1] (build-tree[5.5.671~1-e5a5a]:BuildTree():build-tree.cc:256) Objf change due to clustering -0.0594902 per frame.
VLOG[1] (build-tree[5.5.671~1-e5a5a]:BuildTree():build-tree.cc:259) Normalizing over only split phones, this is: -0.0594902 per frame.
VLOG[1] (build-tree[5.5.671~1-e5a5a]:BuildTree():build-tree.cc:262) Num-leaves is now 88
VLOG[1] (build-tree[5.5.671~1-e5a5a]:main():build-tree.cc:143) For pdf-id 1, low count 0
VLOG[1] (build-tree[5.5.671~1-e5a5a]:main():build-tree.cc:143) For pdf-id 17, low count 87
VLOG[1] (build-tree[5.5.671~1-e5a5a]:main():build-tree.cc:143) For pdf-id 20, low count 82
VLOG[1] (build-tree[5.5.671~1-e5a5a]:main():build-tree.cc:143) For pdf-id 22, low count 97
VLOG[1] (build-tree[5.5.671~1-e5a5a]:main():build-tree.cc:143) For pdf-id 40, low count 96
VLOG[1] (build-tree[5.5.671~1-e5a5a]:main():build-tree.cc:143) For pdf-id 68, low count 81
VLOG[1] (build-tree[5.5.671~1-e5a5a]:main():build-tree.cc:143) For pdf-id 70, low count 90
VLOG[1] (build-tree[5.5.671~1-e5a5a]:main():build-tree.cc:143) For pdf-id 82, low count 83
VLOG[1] (build-tree[5.5.671~1-e5a5a]:main():build-tree.cc:143) For pdf-id 86, low count 66
WARNING (build-tree[5.5.671~1-e5a5a]:main():build-tree.cc:185) Saw no stats for following phones: 2 3 4 5 6 7 8 9 10 12 13 14 15 18 19 20 22 23 25 26 27 28 30 31 33 34 36 37 38 39 40 42 44 45 46 47 49 50 52 53 54 55 56 58 59 61 62 64 65 66 67 68 70 71 73 74 76 77 78 79 80 82 83 85 86 88 89 90 91 92 94 95 97 98 100 101 102 
LOG (build-tree[5.5.671~1-e5a5a]:main():build-tree.cc:189) Wrote tree
# Accounting: time=0 threads=1
# Ended (code 0) at Mon Apr 20 02:21:33 PDT 2020, elapsed time 0 seconds
