# gmm-est --mix-up=4160 --power=0.25 --write-occs=exp/tri1/8.occs exp/tri1/7.mdl "gmm-sum-accs - exp/tri1/7.*.acc |" exp/tri1/8.mdl 
# Started at Mon Apr 20 02:21:35 PDT 2020
#
gmm-est --mix-up=4160 --power=0.25 --write-occs=exp/tri1/8.occs exp/tri1/7.mdl 'gmm-sum-accs - exp/tri1/7.*.acc |' exp/tri1/8.mdl 
gmm-sum-accs - exp/tri1/7.1.acc 
LOG (gmm-sum-accs[5.5.671~1-e5a5a]:main():gmm-sum-accs.cc:63) Summed 1 stats, total count 20516, avg like/frame -79.6167
LOG (gmm-sum-accs[5.5.671~1-e5a5a]:main():gmm-sum-accs.cc:66) Total count of stats is 20516
LOG (gmm-sum-accs[5.5.671~1-e5a5a]:main():gmm-sum-accs.cc:67) Written stats to -
LOG (gmm-est[5.5.671~1-e5a5a]:MleUpdate():transition-model.cc:528) TransitionModel::Update, objf change is 0 per frame over 20516 frames. 
LOG (gmm-est[5.5.671~1-e5a5a]:MleUpdate():transition-model.cc:531) 8 probabilities floored, 303 out of 394 transition-states skipped due to insuffient data (it is normal to have some skipped.)
LOG (gmm-est[5.5.671~1-e5a5a]:main():gmm-est.cc:102) Transition model update: Overall 0 log-like improvement per frame over 20516 frames.
WARNING (gmm-est[5.5.671~1-e5a5a]:MleDiagGmmUpdate():mle-diag-gmm.cc:365) Gaussian has too little data but not removing it because it is the last Gaussian: i = 0, occ = 0, weight = 1
WARNING (gmm-est[5.5.671~1-e5a5a]:MleDiagGmmUpdate():mle-diag-gmm.cc:359) Too little data - removing Gaussian (weight 0.018494, occupation count 8.987924, vector size 39)
WARNING (gmm-est[5.5.671~1-e5a5a]:MleDiagGmmUpdate():mle-diag-gmm.cc:359) Too little data - removing Gaussian (weight 0.037462, occupation count 8.166759, vector size 39)
WARNING (gmm-est[5.5.671~1-e5a5a]:MleDiagGmmUpdate():mle-diag-gmm.cc:359) Too little data - removing Gaussian (weight 0.025074, occupation count 8.951464, vector size 39)
WARNING (gmm-est[5.5.671~1-e5a5a]:MleDiagGmmUpdate():mle-diag-gmm.cc:359) Too little data - removing Gaussian (weight 0.020618, occupation count 9.463835, vector size 39)
WARNING (gmm-est[5.5.671~1-e5a5a]:MleDiagGmmUpdate():mle-diag-gmm.cc:359) Too little data - removing Gaussian (weight 0.016418, occupation count 5.697160, vector size 39)
WARNING (gmm-est[5.5.671~1-e5a5a]:MleDiagGmmUpdate():mle-diag-gmm.cc:359) Too little data - removing Gaussian (weight 0.034088, occupation count 9.067487, vector size 39)
WARNING (gmm-est[5.5.671~1-e5a5a]:MleDiagGmmUpdate():mle-diag-gmm.cc:359) Too little data - removing Gaussian (weight 0.023788, occupation count 8.515967, vector size 39)
WARNING (gmm-est[5.5.671~1-e5a5a]:MleDiagGmmUpdate():mle-diag-gmm.cc:359) Too little data - removing Gaussian (weight 0.038216, occupation count 9.859806, vector size 39)
LOG (gmm-est[5.5.671~1-e5a5a]:MleAmDiagGmmUpdate():mle-am-diag-gmm.cc:225) 0 variance elements floored in 0 Gaussians, out of 973
LOG (gmm-est[5.5.671~1-e5a5a]:MleAmDiagGmmUpdate():mle-am-diag-gmm.cc:229) Removed 8 Gaussians due to counts < --min-gaussian-occupancy=10 and --remove-low-count-gaussians=true
LOG (gmm-est[5.5.671~1-e5a5a]:main():gmm-est.cc:113) GMM update: Overall 0.289426 objective function improvement per frame over 20516 frames
LOG (gmm-est[5.5.671~1-e5a5a]:main():gmm-est.cc:116) GMM update: Overall avg like per frame = -79.6167 over 20516 frames.
WARNING (gmm-est[5.5.671~1-e5a5a]:GetSplitTargets():model-common.cc:134) Could not split up to 4160 due to min-count = 20 (or no counts at all)

LOG (gmm-est[5.5.671~1-e5a5a]:SplitByCount():am-diag-gmm.cc:116) Split 88 states with target = 4160, power = 0.25, perturb_factor = 0.01 and min_count = 20, split #Gauss from 973 to 981
LOG (gmm-est[5.5.671~1-e5a5a]:main():gmm-est.cc:146) Written model to exp/tri1/8.mdl
# Accounting: time=0 threads=1
# Ended (code 0) at Mon Apr 20 02:21:35 PDT 2020, elapsed time 0 seconds
