# gmm-est --mix-up=2720 --power=0.25 --write-occs=exp/tri1/4.occs exp/tri1/3.mdl "gmm-sum-accs - exp/tri1/3.*.acc |" exp/tri1/4.mdl 
# Started at Mon Apr 20 02:21:34 PDT 2020
#
gmm-est --mix-up=2720 --power=0.25 --write-occs=exp/tri1/4.occs exp/tri1/3.mdl 'gmm-sum-accs - exp/tri1/3.*.acc |' exp/tri1/4.mdl 
gmm-sum-accs - exp/tri1/3.1.acc 
LOG (gmm-sum-accs[5.5.671~1-e5a5a]:main():gmm-sum-accs.cc:63) Summed 1 stats, total count 20516, avg like/frame -86.1978
LOG (gmm-sum-accs[5.5.671~1-e5a5a]:main():gmm-sum-accs.cc:66) Total count of stats is 20516
LOG (gmm-sum-accs[5.5.671~1-e5a5a]:main():gmm-sum-accs.cc:67) Written stats to -
LOG (gmm-est[5.5.671~1-e5a5a]:MleUpdate():transition-model.cc:528) TransitionModel::Update, objf change is 0 per frame over 20516 frames. 
LOG (gmm-est[5.5.671~1-e5a5a]:MleUpdate():transition-model.cc:531) 8 probabilities floored, 303 out of 394 transition-states skipped due to insuffient data (it is normal to have some skipped.)
LOG (gmm-est[5.5.671~1-e5a5a]:main():gmm-est.cc:102) Transition model update: Overall 0 log-like improvement per frame over 20516 frames.
WARNING (gmm-est[5.5.671~1-e5a5a]:MleDiagGmmUpdate():mle-diag-gmm.cc:359) Too little data - removing Gaussian (weight 0.016969, occupation count 3.868978, vector size 39)
WARNING (gmm-est[5.5.671~1-e5a5a]:MleDiagGmmUpdate():mle-diag-gmm.cc:359) Too little data - removing Gaussian (weight 0.022354, occupation count 5.096793, vector size 39)
WARNING (gmm-est[5.5.671~1-e5a5a]:MleDiagGmmUpdate():mle-diag-gmm.cc:365) Gaussian has too little data but not removing it because it is the last Gaussian: i = 0, occ = 0, weight = 1
WARNING (gmm-est[5.5.671~1-e5a5a]:MleDiagGmmUpdate():mle-diag-gmm.cc:359) Too little data - removing Gaussian (weight 0.066848, occupation count 8.690250, vector size 39)
WARNING (gmm-est[5.5.671~1-e5a5a]:MleDiagGmmUpdate():mle-diag-gmm.cc:359) Too little data - removing Gaussian (weight 0.063762, occupation count 8.289064, vector size 39)
WARNING (gmm-est[5.5.671~1-e5a5a]:MleDiagGmmUpdate():mle-diag-gmm.cc:359) Too little data - removing Gaussian (weight 0.042542, occupation count 5.530459, vector size 39)
WARNING (gmm-est[5.5.671~1-e5a5a]:MleDiagGmmUpdate():mle-diag-gmm.cc:359) Too little data - removing Gaussian (weight 0.040594, occupation count 8.199996, vector size 39)
WARNING (gmm-est[5.5.671~1-e5a5a]:MleDiagGmmUpdate():mle-diag-gmm.cc:359) Too little data - removing Gaussian (weight 0.045733, occupation count 9.238073, vector size 39)
WARNING (gmm-est[5.5.671~1-e5a5a]:MleDiagGmmUpdate():mle-diag-gmm.cc:359) Too little data - removing Gaussian (weight 0.055116, occupation count 6.834342, vector size 39)
WARNING (gmm-est[5.5.671~1-e5a5a]:MleDiagGmmUpdate():mle-diag-gmm.cc:359) Too little data - removing Gaussian (weight 0.009683, occupation count 4.395944, vector size 39)
WARNING (gmm-est[5.5.671~1-e5a5a]:MleDiagGmmUpdate():mle-diag-gmm.cc:359) Too little data - removing Gaussian (weight 0.011204, occupation count 5.086403, vector size 39)
WARNING (gmm-est[5.5.671~1-e5a5a]:MleDiagGmmUpdate():mle-diag-gmm.cc:359) Too little data - removing Gaussian (weight 0.012781, occupation count 5.802389, vector size 39)
WARNING (gmm-est[5.5.671~1-e5a5a]:MleDiagGmmUpdate():mle-diag-gmm.cc:359) Too little data - removing Gaussian (weight 0.016464, occupation count 7.474514, vector size 39)
WARNING (gmm-est[5.5.671~1-e5a5a]:MleDiagGmmUpdate():mle-diag-gmm.cc:359) Too little data - removing Gaussian (weight 0.007060, occupation count 3.205111, vector size 39)
WARNING (gmm-est[5.5.671~1-e5a5a]:MleDiagGmmUpdate():mle-diag-gmm.cc:359) Too little data - removing Gaussian (weight 0.014339, occupation count 3.125847, vector size 39)
WARNING (gmm-est[5.5.671~1-e5a5a]:MleDiagGmmUpdate():mle-diag-gmm.cc:359) Too little data - removing Gaussian (weight 0.019309, occupation count 4.209311, vector size 39)
WARNING (gmm-est[5.5.671~1-e5a5a]:MleDiagGmmUpdate():mle-diag-gmm.cc:359) Too little data - removing Gaussian (weight 0.013271, occupation count 2.893075, vector size 39)
WARNING (gmm-est[5.5.671~1-e5a5a]:MleDiagGmmUpdate():mle-diag-gmm.cc:359) Too little data - removing Gaussian (weight 0.024845, occupation count 5.416183, vector size 39)
WARNING (gmm-est[5.5.671~1-e5a5a]:MleDiagGmmUpdate():mle-diag-gmm.cc:359) Too little data - removing Gaussian (weight 0.058350, occupation count 7.643836, vector size 39)
WARNING (gmm-est[5.5.671~1-e5a5a]:MleDiagGmmUpdate():mle-diag-gmm.cc:359) Too little data - removing Gaussian (weight 0.033525, occupation count 7.375607, vector size 39)
WARNING (gmm-est[5.5.671~1-e5a5a]:MleDiagGmmUpdate():mle-diag-gmm.cc:359) Too little data - removing Gaussian (weight 0.026289, occupation count 5.783504, vector size 39)
WARNING (gmm-est[5.5.671~1-e5a5a]:MleDiagGmmUpdate():mle-diag-gmm.cc:359) Too little data - removing Gaussian (weight 0.029647, occupation count 6.522350, vector size 39)
WARNING (gmm-est[5.5.671~1-e5a5a]:MleDiagGmmUpdate():mle-diag-gmm.cc:359) Too little data - removing Gaussian (weight 0.018066, occupation count 6.449430, vector size 39)
WARNING (gmm-est[5.5.671~1-e5a5a]:MleDiagGmmUpdate():mle-diag-gmm.cc:359) Too little data - removing Gaussian (weight 0.019033, occupation count 6.794653, vector size 39)
WARNING (gmm-est[5.5.671~1-e5a5a]:MleDiagGmmUpdate():mle-diag-gmm.cc:359) Too little data - removing Gaussian (weight 0.009879, occupation count 4.534381, vector size 39)
WARNING (gmm-est[5.5.671~1-e5a5a]:MleDiagGmmUpdate():mle-diag-gmm.cc:359) Too little data - removing Gaussian (weight 0.010025, occupation count 4.601271, vector size 39)
WARNING (gmm-est[5.5.671~1-e5a5a]:MleDiagGmmUpdate():mle-diag-gmm.cc:359) Too little data - removing Gaussian (weight 0.008162, occupation count 3.746356, vector size 39)
WARNING (gmm-est[5.5.671~1-e5a5a]:MleDiagGmmUpdate():mle-diag-gmm.cc:359) Too little data - removing Gaussian (weight 0.008899, occupation count 4.084533, vector size 39)
WARNING (gmm-est[5.5.671~1-e5a5a]:MleDiagGmmUpdate():mle-diag-gmm.cc:359) Too little data - removing Gaussian (weight 0.011098, occupation count 5.093899, vector size 39)
WARNING (gmm-est[5.5.671~1-e5a5a]:MleDiagGmmUpdate():mle-diag-gmm.cc:359) Too little data - removing Gaussian (weight 0.009260, occupation count 4.250411, vector size 39)
WARNING (gmm-est[5.5.671~1-e5a5a]:MleDiagGmmUpdate():mle-diag-gmm.cc:359) Too little data - removing Gaussian (weight 0.019766, occupation count 9.072401, vector size 39)
WARNING (gmm-est[5.5.671~1-e5a5a]:MleDiagGmmUpdate():mle-diag-gmm.cc:359) Too little data - removing Gaussian (weight 0.016975, occupation count 7.791697, vector size 39)
WARNING (gmm-est[5.5.671~1-e5a5a]:MleDiagGmmUpdate():mle-diag-gmm.cc:359) Too little data - removing Gaussian (weight 0.008244, occupation count 3.783831, vector size 39)
WARNING (gmm-est[5.5.671~1-e5a5a]:MleDiagGmmUpdate():mle-diag-gmm.cc:359) Too little data - removing Gaussian (weight 0.008513, occupation count 3.907349, vector size 39)
WARNING (gmm-est[5.5.671~1-e5a5a]:MleDiagGmmUpdate():mle-diag-gmm.cc:359) Too little data - removing Gaussian (weight 0.004552, occupation count 2.089363, vector size 39)
WARNING (gmm-est[5.5.671~1-e5a5a]:MleDiagGmmUpdate():mle-diag-gmm.cc:359) Too little data - removing Gaussian (weight 0.003605, occupation count 1.654658, vector size 39)
WARNING (gmm-est[5.5.671~1-e5a5a]:MleDiagGmmUpdate():mle-diag-gmm.cc:359) Too little data - removing Gaussian (weight 0.008779, occupation count 4.029645, vector size 39)
WARNING (gmm-est[5.5.671~1-e5a5a]:MleDiagGmmUpdate():mle-diag-gmm.cc:359) Too little data - removing Gaussian (weight 0.065689, occupation count 9.722017, vector size 39)
WARNING (gmm-est[5.5.671~1-e5a5a]:MleDiagGmmUpdate():mle-diag-gmm.cc:359) Too little data - removing Gaussian (weight 0.067086, occupation count 9.928705, vector size 39)
WARNING (gmm-est[5.5.671~1-e5a5a]:MleDiagGmmUpdate():mle-diag-gmm.cc:359) Too little data - removing Gaussian (weight 0.053873, occupation count 8.727359, vector size 39)
WARNING (gmm-est[5.5.671~1-e5a5a]:MleDiagGmmUpdate():mle-diag-gmm.cc:359) Too little data - removing Gaussian (weight 0.041811, occupation count 6.773342, vector size 39)
WARNING (gmm-est[5.5.671~1-e5a5a]:MleDiagGmmUpdate():mle-diag-gmm.cc:359) Too little data - removing Gaussian (weight 0.016557, occupation count 2.682156, vector size 39)
WARNING (gmm-est[5.5.671~1-e5a5a]:MleDiagGmmUpdate():mle-diag-gmm.cc:359) Too little data - removing Gaussian (weight 0.033738, occupation count 5.465563, vector size 39)
WARNING (gmm-est[5.5.671~1-e5a5a]:MleDiagGmmUpdate():mle-diag-gmm.cc:359) Too little data - removing Gaussian (weight 0.069295, occupation count 9.077645, vector size 39)
WARNING (gmm-est[5.5.671~1-e5a5a]:MleDiagGmmUpdate():mle-diag-gmm.cc:359) Too little data - removing Gaussian (weight 0.025665, occupation count 3.362138, vector size 39)
WARNING (gmm-est[5.5.671~1-e5a5a]:MleDiagGmmUpdate():mle-diag-gmm.cc:359) Too little data - removing Gaussian (weight 0.040182, occupation count 5.263786, vector size 39)
WARNING (gmm-est[5.5.671~1-e5a5a]:MleDiagGmmUpdate():mle-diag-gmm.cc:359) Too little data - removing Gaussian (weight 0.020322, occupation count 2.662226, vector size 39)
WARNING (gmm-est[5.5.671~1-e5a5a]:MleDiagGmmUpdate():mle-diag-gmm.cc:359) Too little data - removing Gaussian (weight 0.041558, occupation count 7.771370, vector size 39)
WARNING (gmm-est[5.5.671~1-e5a5a]:MleDiagGmmUpdate():mle-diag-gmm.cc:359) Too little data - removing Gaussian (weight 0.040265, occupation count 7.529477, vector size 39)
WARNING (gmm-est[5.5.671~1-e5a5a]:MleDiagGmmUpdate():mle-diag-gmm.cc:359) Too little data - removing Gaussian (weight 0.038915, occupation count 7.277116, vector size 39)
WARNING (gmm-est[5.5.671~1-e5a5a]:MleDiagGmmUpdate():mle-diag-gmm.cc:359) Too little data - removing Gaussian (weight 0.040535, occupation count 7.580125, vector size 39)
WARNING (gmm-est[5.5.671~1-e5a5a]:MleDiagGmmUpdate():mle-diag-gmm.cc:359) Too little data - removing Gaussian (weight 0.045161, occupation count 8.445179, vector size 39)
WARNING (gmm-est[5.5.671~1-e5a5a]:MleDiagGmmUpdate():mle-diag-gmm.cc:359) Too little data - removing Gaussian (weight 0.022330, occupation count 7.703989, vector size 39)
WARNING (gmm-est[5.5.671~1-e5a5a]:MleDiagGmmUpdate():mle-diag-gmm.cc:359) Too little data - removing Gaussian (weight 0.026903, occupation count 8.286060, vector size 39)
WARNING (gmm-est[5.5.671~1-e5a5a]:MleDiagGmmUpdate():mle-diag-gmm.cc:359) Too little data - removing Gaussian (weight 0.027789, occupation count 8.559016, vector size 39)
WARNING (gmm-est[5.5.671~1-e5a5a]:MleDiagGmmUpdate():mle-diag-gmm.cc:359) Too little data - removing Gaussian (weight 0.019247, occupation count 5.928042, vector size 39)
WARNING (gmm-est[5.5.671~1-e5a5a]:MleDiagGmmUpdate():mle-diag-gmm.cc:359) Too little data - removing Gaussian (weight 0.023202, occupation count 7.146336, vector size 39)
WARNING (gmm-est[5.5.671~1-e5a5a]:MleDiagGmmUpdate():mle-diag-gmm.cc:359) Too little data - removing Gaussian (weight 0.025192, occupation count 6.373529, vector size 39)
WARNING (gmm-est[5.5.671~1-e5a5a]:MleDiagGmmUpdate():mle-diag-gmm.cc:359) Too little data - removing Gaussian (weight 0.030301, occupation count 7.666215, vector size 39)
WARNING (gmm-est[5.5.671~1-e5a5a]:MleDiagGmmUpdate():mle-diag-gmm.cc:359) Too little data - removing Gaussian (weight 0.081416, occupation count 8.711504, vector size 39)
WARNING (gmm-est[5.5.671~1-e5a5a]:MleDiagGmmUpdate():mle-diag-gmm.cc:359) Too little data - removing Gaussian (weight 0.009206, occupation count 9.132055, vector size 39)
WARNING (gmm-est[5.5.671~1-e5a5a]:MleDiagGmmUpdate():mle-diag-gmm.cc:359) Too little data - removing Gaussian (weight 0.008273, occupation count 8.206945, vector size 39)
WARNING (gmm-est[5.5.671~1-e5a5a]:MleDiagGmmUpdate():mle-diag-gmm.cc:359) Too little data - removing Gaussian (weight 0.009519, occupation count 9.443103, vector size 39)
WARNING (gmm-est[5.5.671~1-e5a5a]:MleDiagGmmUpdate():mle-diag-gmm.cc:359) Too little data - removing Gaussian (weight 0.005368, occupation count 5.325169, vector size 39)
WARNING (gmm-est[5.5.671~1-e5a5a]:MleDiagGmmUpdate():mle-diag-gmm.cc:359) Too little data - removing Gaussian (weight 0.006617, occupation count 6.563933, vector size 39)
WARNING (gmm-est[5.5.671~1-e5a5a]:MleDiagGmmUpdate():mle-diag-gmm.cc:359) Too little data - removing Gaussian (weight 0.005549, occupation count 5.504235, vector size 39)
WARNING (gmm-est[5.5.671~1-e5a5a]:MleDiagGmmUpdate():mle-diag-gmm.cc:359) Too little data - removing Gaussian (weight 0.009024, occupation count 8.951570, vector size 39)
WARNING (gmm-est[5.5.671~1-e5a5a]:MleDiagGmmUpdate():mle-diag-gmm.cc:359) Too little data - removing Gaussian (weight 0.005348, occupation count 5.304952, vector size 39)
WARNING (gmm-est[5.5.671~1-e5a5a]:MleDiagGmmUpdate():mle-diag-gmm.cc:359) Too little data - removing Gaussian (weight 0.013100, occupation count 4.833780, vector size 39)
WARNING (gmm-est[5.5.671~1-e5a5a]:MleDiagGmmUpdate():mle-diag-gmm.cc:359) Too little data - removing Gaussian (weight 0.019636, occupation count 7.245843, vector size 39)
WARNING (gmm-est[5.5.671~1-e5a5a]:MleDiagGmmUpdate():mle-diag-gmm.cc:359) Too little data - removing Gaussian (weight 0.024860, occupation count 9.173205, vector size 39)
WARNING (gmm-est[5.5.671~1-e5a5a]:MleDiagGmmUpdate():mle-diag-gmm.cc:359) Too little data - removing Gaussian (weight 0.016502, occupation count 6.089139, vector size 39)
WARNING (gmm-est[5.5.671~1-e5a5a]:MleDiagGmmUpdate():mle-diag-gmm.cc:359) Too little data - removing Gaussian (weight 0.026003, occupation count 9.490990, vector size 39)
WARNING (gmm-est[5.5.671~1-e5a5a]:MleDiagGmmUpdate():mle-diag-gmm.cc:359) Too little data - removing Gaussian (weight 0.017743, occupation count 8.427691, vector size 39)
WARNING (gmm-est[5.5.671~1-e5a5a]:MleDiagGmmUpdate():mle-diag-gmm.cc:359) Too little data - removing Gaussian (weight 0.015546, occupation count 7.384521, vector size 39)
WARNING (gmm-est[5.5.671~1-e5a5a]:MleDiagGmmUpdate():mle-diag-gmm.cc:359) Too little data - removing Gaussian (weight 0.016020, occupation count 7.609321, vector size 39)
WARNING (gmm-est[5.5.671~1-e5a5a]:MleDiagGmmUpdate():mle-diag-gmm.cc:359) Too little data - removing Gaussian (weight 0.016260, occupation count 7.723328, vector size 39)
WARNING (gmm-est[5.5.671~1-e5a5a]:MleDiagGmmUpdate():mle-diag-gmm.cc:359) Too little data - removing Gaussian (weight 0.020748, occupation count 9.855412, vector size 39)
WARNING (gmm-est[5.5.671~1-e5a5a]:MleDiagGmmUpdate():mle-diag-gmm.cc:359) Too little data - removing Gaussian (weight 0.019986, occupation count 9.493495, vector size 39)
WARNING (gmm-est[5.5.671~1-e5a5a]:MleDiagGmmUpdate():mle-diag-gmm.cc:359) Too little data - removing Gaussian (weight 0.011981, occupation count 6.397778, vector size 39)
WARNING (gmm-est[5.5.671~1-e5a5a]:MleDiagGmmUpdate():mle-diag-gmm.cc:359) Too little data - removing Gaussian (weight 0.014006, occupation count 7.479162, vector size 39)
WARNING (gmm-est[5.5.671~1-e5a5a]:MleDiagGmmUpdate():mle-diag-gmm.cc:359) Too little data - removing Gaussian (weight 0.018022, occupation count 9.623619, vector size 39)
WARNING (gmm-est[5.5.671~1-e5a5a]:MleDiagGmmUpdate():mle-diag-gmm.cc:359) Too little data - removing Gaussian (weight 0.018413, occupation count 9.832725, vector size 39)
WARNING (gmm-est[5.5.671~1-e5a5a]:MleDiagGmmUpdate():mle-diag-gmm.cc:359) Too little data - removing Gaussian (weight 0.016557, occupation count 8.841310, vector size 39)
WARNING (gmm-est[5.5.671~1-e5a5a]:MleDiagGmmUpdate():mle-diag-gmm.cc:359) Too little data - removing Gaussian (weight 0.018381, occupation count 8.437081, vector size 39)
WARNING (gmm-est[5.5.671~1-e5a5a]:MleDiagGmmUpdate():mle-diag-gmm.cc:359) Too little data - removing Gaussian (weight 0.042432, occupation count 9.886665, vector size 39)
WARNING (gmm-est[5.5.671~1-e5a5a]:MleDiagGmmUpdate():mle-diag-gmm.cc:359) Too little data - removing Gaussian (weight 0.040367, occupation count 9.405422, vector size 39)
WARNING (gmm-est[5.5.671~1-e5a5a]:MleDiagGmmUpdate():mle-diag-gmm.cc:359) Too little data - removing Gaussian (weight 0.018448, occupation count 4.298500, vector size 39)
WARNING (gmm-est[5.5.671~1-e5a5a]:MleDiagGmmUpdate():mle-diag-gmm.cc:359) Too little data - removing Gaussian (weight 0.027078, occupation count 7.284032, vector size 39)
WARNING (gmm-est[5.5.671~1-e5a5a]:MleDiagGmmUpdate():mle-diag-gmm.cc:359) Too little data - removing Gaussian (weight 0.035861, occupation count 9.646716, vector size 39)
WARNING (gmm-est[5.5.671~1-e5a5a]:MleDiagGmmUpdate():mle-diag-gmm.cc:359) Too little data - removing Gaussian (weight 0.026355, occupation count 7.089538, vector size 39)
WARNING (gmm-est[5.5.671~1-e5a5a]:MleDiagGmmUpdate():mle-diag-gmm.cc:359) Too little data - removing Gaussian (weight 0.051482, occupation count 8.134192, vector size 39)
WARNING (gmm-est[5.5.671~1-e5a5a]:MleDiagGmmUpdate():mle-diag-gmm.cc:359) Too little data - removing Gaussian (weight 0.082228, occupation count 9.702898, vector size 39)
WARNING (gmm-est[5.5.671~1-e5a5a]:MleDiagGmmUpdate():mle-diag-gmm.cc:359) Too little data - removing Gaussian (weight 0.030732, occupation count 6.238646, vector size 39)
WARNING (gmm-est[5.5.671~1-e5a5a]:MleDiagGmmUpdate():mle-diag-gmm.cc:359) Too little data - removing Gaussian (weight 0.022354, occupation count 4.537807, vector size 39)
WARNING (gmm-est[5.5.671~1-e5a5a]:MleDiagGmmUpdate():mle-diag-gmm.cc:359) Too little data - removing Gaussian (weight 0.048949, occupation count 9.936622, vector size 39)
WARNING (gmm-est[5.5.671~1-e5a5a]:MleDiagGmmUpdate():mle-diag-gmm.cc:359) Too little data - removing Gaussian (weight 0.025164, occupation count 5.108312, vector size 39)
WARNING (gmm-est[5.5.671~1-e5a5a]:MleDiagGmmUpdate():mle-diag-gmm.cc:359) Too little data - removing Gaussian (weight 0.032543, occupation count 7.810366, vector size 39)
WARNING (gmm-est[5.5.671~1-e5a5a]:MleDiagGmmUpdate():mle-diag-gmm.cc:359) Too little data - removing Gaussian (weight 0.027688, occupation count 6.645163, vector size 39)
WARNING (gmm-est[5.5.671~1-e5a5a]:MleDiagGmmUpdate():mle-diag-gmm.cc:359) Too little data - removing Gaussian (weight 0.034278, occupation count 8.226712, vector size 39)
WARNING (gmm-est[5.5.671~1-e5a5a]:MleDiagGmmUpdate():mle-diag-gmm.cc:359) Too little data - removing Gaussian (weight 0.027889, occupation count 6.693408, vector size 39)
WARNING (gmm-est[5.5.671~1-e5a5a]:MleDiagGmmUpdate():mle-diag-gmm.cc:359) Too little data - removing Gaussian (weight 0.082933, occupation count 8.459148, vector size 39)
WARNING (gmm-est[5.5.671~1-e5a5a]:MleDiagGmmUpdate():mle-diag-gmm.cc:359) Too little data - removing Gaussian (weight 0.021792, occupation count 9.762984, vector size 39)
WARNING (gmm-est[5.5.671~1-e5a5a]:MleDiagGmmUpdate():mle-diag-gmm.cc:359) Too little data - removing Gaussian (weight 0.023055, occupation count 8.000135, vector size 39)
WARNING (gmm-est[5.5.671~1-e5a5a]:MleDiagGmmUpdate():mle-diag-gmm.cc:359) Too little data - removing Gaussian (weight 0.022796, occupation count 7.910095, vector size 39)
WARNING (gmm-est[5.5.671~1-e5a5a]:MleDiagGmmUpdate():mle-diag-gmm.cc:359) Too little data - removing Gaussian (weight 0.039508, occupation count 9.047440, vector size 39)
WARNING (gmm-est[5.5.671~1-e5a5a]:MleDiagGmmUpdate():mle-diag-gmm.cc:359) Too little data - removing Gaussian (weight 0.023118, occupation count 5.294007, vector size 39)
WARNING (gmm-est[5.5.671~1-e5a5a]:MleDiagGmmUpdate():mle-diag-gmm.cc:359) Too little data - removing Gaussian (weight 0.026545, occupation count 5.255869, vector size 39)
WARNING (gmm-est[5.5.671~1-e5a5a]:MleDiagGmmUpdate():mle-diag-gmm.cc:359) Too little data - removing Gaussian (weight 0.033046, occupation count 6.642188, vector size 39)
WARNING (gmm-est[5.5.671~1-e5a5a]:MleDiagGmmUpdate():mle-diag-gmm.cc:359) Too little data - removing Gaussian (weight 0.032640, occupation count 8.682318, vector size 39)
WARNING (gmm-est[5.5.671~1-e5a5a]:MleDiagGmmUpdate():mle-diag-gmm.cc:359) Too little data - removing Gaussian (weight 0.035951, occupation count 9.563089, vector size 39)
WARNING (gmm-est[5.5.671~1-e5a5a]:MleDiagGmmUpdate():mle-diag-gmm.cc:359) Too little data - removing Gaussian (weight 0.036428, occupation count 5.719137, vector size 39)
WARNING (gmm-est[5.5.671~1-e5a5a]:MleDiagGmmUpdate():mle-diag-gmm.cc:359) Too little data - removing Gaussian (weight 0.032231, occupation count 6.768591, vector size 39)
WARNING (gmm-est[5.5.671~1-e5a5a]:MleDiagGmmUpdate():mle-diag-gmm.cc:359) Too little data - removing Gaussian (weight 0.030258, occupation count 6.354114, vector size 39)
WARNING (gmm-est[5.5.671~1-e5a5a]:MleDiagGmmUpdate():mle-diag-gmm.cc:359) Too little data - removing Gaussian (weight 0.037398, occupation count 7.853601, vector size 39)
WARNING (gmm-est[5.5.671~1-e5a5a]:MleDiagGmmUpdate():mle-diag-gmm.cc:359) Too little data - removing Gaussian (weight 0.056943, occupation count 9.053892, vector size 39)
WARNING (gmm-est[5.5.671~1-e5a5a]:MleDiagGmmUpdate():mle-diag-gmm.cc:359) Too little data - removing Gaussian (weight 0.048667, occupation count 9.976669, vector size 39)
WARNING (gmm-est[5.5.671~1-e5a5a]:MleDiagGmmUpdate():mle-diag-gmm.cc:359) Too little data - removing Gaussian (weight 0.031544, occupation count 6.466585, vector size 39)
WARNING (gmm-est[5.5.671~1-e5a5a]:MleDiagGmmUpdate():mle-diag-gmm.cc:359) Too little data - removing Gaussian (weight 0.035175, occupation count 7.210918, vector size 39)
WARNING (gmm-est[5.5.671~1-e5a5a]:MleDiagGmmUpdate():mle-diag-gmm.cc:359) Too little data - removing Gaussian (weight 0.017068, occupation count 3.925708, vector size 39)
WARNING (gmm-est[5.5.671~1-e5a5a]:MleDiagGmmUpdate():mle-diag-gmm.cc:359) Too little data - removing Gaussian (weight 0.003341, occupation count 0.768377, vector size 39)
WARNING (gmm-est[5.5.671~1-e5a5a]:MleDiagGmmUpdate():mle-diag-gmm.cc:359) Too little data - removing Gaussian (weight 0.002696, occupation count 0.620032, vector size 39)
WARNING (gmm-est[5.5.671~1-e5a5a]:MleDiagGmmUpdate():mle-diag-gmm.cc:359) Too little data - removing Gaussian (weight 0.044335, occupation count 8.733991, vector size 39)
WARNING (gmm-est[5.5.671~1-e5a5a]:MleDiagGmmUpdate():mle-diag-gmm.cc:359) Too little data - removing Gaussian (weight 0.044357, occupation count 8.738256, vector size 39)
WARNING (gmm-est[5.5.671~1-e5a5a]:MleDiagGmmUpdate():mle-diag-gmm.cc:359) Too little data - removing Gaussian (weight 0.045632, occupation count 9.582685, vector size 39)
WARNING (gmm-est[5.5.671~1-e5a5a]:MleDiagGmmUpdate():mle-diag-gmm.cc:359) Too little data - removing Gaussian (weight 0.047274, occupation count 9.927555, vector size 39)
WARNING (gmm-est[5.5.671~1-e5a5a]:MleDiagGmmUpdate():mle-diag-gmm.cc:359) Too little data - removing Gaussian (weight 0.042159, occupation count 8.853287, vector size 39)
WARNING (gmm-est[5.5.671~1-e5a5a]:MleDiagGmmUpdate():mle-diag-gmm.cc:359) Too little data - removing Gaussian (weight 0.035674, occupation count 9.061269, vector size 39)
WARNING (gmm-est[5.5.671~1-e5a5a]:MleDiagGmmUpdate():mle-diag-gmm.cc:359) Too little data - removing Gaussian (weight 0.030659, occupation count 9.289639, vector size 39)
WARNING (gmm-est[5.5.671~1-e5a5a]:MleDiagGmmUpdate():mle-diag-gmm.cc:359) Too little data - removing Gaussian (weight 0.057419, occupation count 9.416698, vector size 39)
WARNING (gmm-est[5.5.671~1-e5a5a]:MleDiagGmmUpdate():mle-diag-gmm.cc:359) Too little data - removing Gaussian (weight 0.050688, occupation count 8.312798, vector size 39)
WARNING (gmm-est[5.5.671~1-e5a5a]:MleDiagGmmUpdate():mle-diag-gmm.cc:359) Too little data - removing Gaussian (weight 0.030816, occupation count 5.053790, vector size 39)
WARNING (gmm-est[5.5.671~1-e5a5a]:MleDiagGmmUpdate():mle-diag-gmm.cc:359) Too little data - removing Gaussian (weight 0.028814, occupation count 8.990087, vector size 39)
WARNING (gmm-est[5.5.671~1-e5a5a]:MleDiagGmmUpdate():mle-diag-gmm.cc:359) Too little data - removing Gaussian (weight 0.016231, occupation count 5.064100, vector size 39)
WARNING (gmm-est[5.5.671~1-e5a5a]:MleDiagGmmUpdate():mle-diag-gmm.cc:359) Too little data - removing Gaussian (weight 0.023656, occupation count 7.380693, vector size 39)
WARNING (gmm-est[5.5.671~1-e5a5a]:MleDiagGmmUpdate():mle-diag-gmm.cc:359) Too little data - removing Gaussian (weight 0.014549, occupation count 4.539412, vector size 39)
WARNING (gmm-est[5.5.671~1-e5a5a]:MleDiagGmmUpdate():mle-diag-gmm.cc:359) Too little data - removing Gaussian (weight 0.023934, occupation count 7.467264, vector size 39)
WARNING (gmm-est[5.5.671~1-e5a5a]:MleDiagGmmUpdate():mle-diag-gmm.cc:359) Too little data - removing Gaussian (weight 0.028419, occupation count 7.332128, vector size 39)
WARNING (gmm-est[5.5.671~1-e5a5a]:MleDiagGmmUpdate():mle-diag-gmm.cc:359) Too little data - removing Gaussian (weight 0.025626, occupation count 6.611461, vector size 39)
WARNING (gmm-est[5.5.671~1-e5a5a]:MleDiagGmmUpdate():mle-diag-gmm.cc:359) Too little data - removing Gaussian (weight 0.029791, occupation count 7.685980, vector size 39)
WARNING (gmm-est[5.5.671~1-e5a5a]:MleDiagGmmUpdate():mle-diag-gmm.cc:359) Too little data - removing Gaussian (weight 0.020831, occupation count 5.374465, vector size 39)
WARNING (gmm-est[5.5.671~1-e5a5a]:MleDiagGmmUpdate():mle-diag-gmm.cc:359) Too little data - removing Gaussian (weight 0.036601, occupation count 9.443176, vector size 39)
WARNING (gmm-est[5.5.671~1-e5a5a]:MleDiagGmmUpdate():mle-diag-gmm.cc:359) Too little data - removing Gaussian (weight 0.090876, occupation count 9.814610, vector size 39)
WARNING (gmm-est[5.5.671~1-e5a5a]:MleDiagGmmUpdate():mle-diag-gmm.cc:359) Too little data - removing Gaussian (weight 0.030606, occupation count 8.018901, vector size 39)
WARNING (gmm-est[5.5.671~1-e5a5a]:MleDiagGmmUpdate():mle-diag-gmm.cc:359) Too little data - removing Gaussian (weight 0.022461, occupation count 5.884763, vector size 39)
WARNING (gmm-est[5.5.671~1-e5a5a]:MleDiagGmmUpdate():mle-diag-gmm.cc:359) Too little data - removing Gaussian (weight 0.032659, occupation count 8.556702, vector size 39)
WARNING (gmm-est[5.5.671~1-e5a5a]:MleDiagGmmUpdate():mle-diag-gmm.cc:359) Too little data - removing Gaussian (weight 0.068574, occupation count 9.531719, vector size 39)
WARNING (gmm-est[5.5.671~1-e5a5a]:MleDiagGmmUpdate():mle-diag-gmm.cc:359) Too little data - removing Gaussian (weight 0.117806, occupation count 9.777890, vector size 39)
WARNING (gmm-est[5.5.671~1-e5a5a]:MleDiagGmmUpdate():mle-diag-gmm.cc:359) Too little data - removing Gaussian (weight 0.005341, occupation count 2.168459, vector size 39)
WARNING (gmm-est[5.5.671~1-e5a5a]:MleDiagGmmUpdate():mle-diag-gmm.cc:359) Too little data - removing Gaussian (weight 0.012995, occupation count 5.275940, vector size 39)
WARNING (gmm-est[5.5.671~1-e5a5a]:MleDiagGmmUpdate():mle-diag-gmm.cc:359) Too little data - removing Gaussian (weight 0.017696, occupation count 7.184452, vector size 39)
WARNING (gmm-est[5.5.671~1-e5a5a]:MleDiagGmmUpdate():mle-diag-gmm.cc:359) Too little data - removing Gaussian (weight 0.016108, occupation count 6.539746, vector size 39)
WARNING (gmm-est[5.5.671~1-e5a5a]:MleDiagGmmUpdate():mle-diag-gmm.cc:359) Too little data - removing Gaussian (weight 0.021827, occupation count 8.861776, vector size 39)
WARNING (gmm-est[5.5.671~1-e5a5a]:MleDiagGmmUpdate():mle-diag-gmm.cc:359) Too little data - removing Gaussian (weight 0.006650, occupation count 2.699964, vector size 39)
WARNING (gmm-est[5.5.671~1-e5a5a]:MleDiagGmmUpdate():mle-diag-gmm.cc:359) Too little data - removing Gaussian (weight 0.016126, occupation count 6.547287, vector size 39)
WARNING (gmm-est[5.5.671~1-e5a5a]:MleDiagGmmUpdate():mle-diag-gmm.cc:359) Too little data - removing Gaussian (weight 0.020842, occupation count 8.461798, vector size 39)
WARNING (gmm-est[5.5.671~1-e5a5a]:MleDiagGmmUpdate():mle-diag-gmm.cc:359) Too little data - removing Gaussian (weight 0.013208, occupation count 5.085022, vector size 39)
LOG (gmm-est[5.5.671~1-e5a5a]:MleAmDiagGmmUpdate():mle-am-diag-gmm.cc:225) 0 variance elements floored in 0 Gaussians, out of 825
LOG (gmm-est[5.5.671~1-e5a5a]:MleAmDiagGmmUpdate():mle-am-diag-gmm.cc:229) Removed 156 Gaussians due to counts < --min-gaussian-occupancy=10 and --remove-low-count-gaussians=true
LOG (gmm-est[5.5.671~1-e5a5a]:main():gmm-est.cc:113) GMM update: Overall 2.06209 objective function improvement per frame over 20516 frames
LOG (gmm-est[5.5.671~1-e5a5a]:main():gmm-est.cc:116) GMM update: Overall avg like per frame = -86.1978 over 20516 frames.
WARNING (gmm-est[5.5.671~1-e5a5a]:GetSplitTargets():model-common.cc:134) Could not split up to 2720 due to min-count = 20 (or no counts at all)

LOG (gmm-est[5.5.671~1-e5a5a]:SplitByCount():am-diag-gmm.cc:116) Split 88 states with target = 2720, power = 0.25, perturb_factor = 0.01 and min_count = 20, split #Gauss from 825 to 981
LOG (gmm-est[5.5.671~1-e5a5a]:main():gmm-est.cc:146) Written model to exp/tri1/4.mdl
# Accounting: time=0 threads=1
# Ended (code 0) at Mon Apr 20 02:21:34 PDT 2020, elapsed time 0 seconds
