# gmm-latgen-faster --max-active=7000 --beam=13.0 --lattice-beam=6.0 --acoustic-scale=0.083333 --allow-partial=true --word-symbol-table=exp/mono/graph/words.txt exp/mono/final.mdl exp/mono/graph/HCLG.fst "ark,s,cs:apply-cmvn  --utt2spk=ark:data/test/split1/1/utt2spk scp:data/test/split1/1/cmvn.scp scp:data/test/split1/1/feats.scp ark:- | add-deltas  ark:- ark:- |" "ark:|gzip -c > exp/mono/decode/lat.1.gz" 
# Started at Mon Apr 20 02:21:31 PDT 2020
#
gmm-latgen-faster --max-active=7000 --beam=13.0 --lattice-beam=6.0 --acoustic-scale=0.083333 --allow-partial=true --word-symbol-table=exp/mono/graph/words.txt exp/mono/final.mdl exp/mono/graph/HCLG.fst 'ark,s,cs:apply-cmvn  --utt2spk=ark:data/test/split1/1/utt2spk scp:data/test/split1/1/cmvn.scp scp:data/test/split1/1/feats.scp ark:- | add-deltas  ark:- ark:- |' 'ark:|gzip -c > exp/mono/decode/lat.1.gz' 
add-deltas ark:- ark:- 
apply-cmvn --utt2spk=ark:data/test/split1/1/utt2spk scp:data/test/split1/1/cmvn.scp scp:data/test/split1/1/feats.scp ark:- 
viet_0_40 khong 
LOG (gmm-latgen-faster[5.5.671~1-e5a5a]:DecodeUtteranceLatticeFaster():decoder-wrappers.cc:375) Log-like per frame for utterance viet_0_40 is -7.77792 over 48 frames.
viet_0_41 khong 
LOG (gmm-latgen-faster[5.5.671~1-e5a5a]:DecodeUtteranceLatticeFaster():decoder-wrappers.cc:375) Log-like per frame for utterance viet_0_41 is -7.84773 over 52 frames.
viet_0_42 khong 
LOG (gmm-latgen-faster[5.5.671~1-e5a5a]:DecodeUtteranceLatticeFaster():decoder-wrappers.cc:375) Log-like per frame for utterance viet_0_42 is -8.00799 over 54 frames.
viet_0_43 khong 
LOG (gmm-latgen-faster[5.5.671~1-e5a5a]:DecodeUtteranceLatticeFaster():decoder-wrappers.cc:375) Log-like per frame for utterance viet_0_43 is -7.8903 over 53 frames.
viet_0_44 khong 
LOG (gmm-latgen-faster[5.5.671~1-e5a5a]:DecodeUtteranceLatticeFaster():decoder-wrappers.cc:375) Log-like per frame for utterance viet_0_44 is -7.66153 over 48 frames.
viet_0_45 khong 
LOG (gmm-latgen-faster[5.5.671~1-e5a5a]:DecodeUtteranceLatticeFaster():decoder-wrappers.cc:375) Log-like per frame for utterance viet_0_45 is -7.93831 over 55 frames.
viet_0_46 khong 
LOG (gmm-latgen-faster[5.5.671~1-e5a5a]:DecodeUtteranceLatticeFaster():decoder-wrappers.cc:375) Log-like per frame for utterance viet_0_46 is -8.03542 over 61 frames.
viet_0_47 khong 
LOG (gmm-latgen-faster[5.5.671~1-e5a5a]:DecodeUtteranceLatticeFaster():decoder-wrappers.cc:375) Log-like per frame for utterance viet_0_47 is -7.55561 over 49 frames.
viet_0_48 khong 
LOG (gmm-latgen-faster[5.5.671~1-e5a5a]:DecodeUtteranceLatticeFaster():decoder-wrappers.cc:375) Log-like per frame for utterance viet_0_48 is -7.83745 over 48 frames.
viet_0_49 khong 
LOG (gmm-latgen-faster[5.5.671~1-e5a5a]:DecodeUtteranceLatticeFaster():decoder-wrappers.cc:375) Log-like per frame for utterance viet_0_49 is -7.91774 over 44 frames.
viet_1_40 mot 
LOG (gmm-latgen-faster[5.5.671~1-e5a5a]:DecodeUtteranceLatticeFaster():decoder-wrappers.cc:375) Log-like per frame for utterance viet_1_40 is -8.59387 over 34 frames.
viet_1_41 mot 
LOG (gmm-latgen-faster[5.5.671~1-e5a5a]:DecodeUtteranceLatticeFaster():decoder-wrappers.cc:375) Log-like per frame for utterance viet_1_41 is -8.13041 over 30 frames.
viet_1_42 mot 
LOG (gmm-latgen-faster[5.5.671~1-e5a5a]:DecodeUtteranceLatticeFaster():decoder-wrappers.cc:375) Log-like per frame for utterance viet_1_42 is -7.5676 over 102 frames.
viet_1_43 mot 
LOG (gmm-latgen-faster[5.5.671~1-e5a5a]:DecodeUtteranceLatticeFaster():decoder-wrappers.cc:375) Log-like per frame for utterance viet_1_43 is -7.22874 over 74 frames.
viet_1_44 mot 
LOG (gmm-latgen-faster[5.5.671~1-e5a5a]:DecodeUtteranceLatticeFaster():decoder-wrappers.cc:375) Log-like per frame for utterance viet_1_44 is -7.6319 over 28 frames.
viet_1_45 mot 
LOG (gmm-latgen-faster[5.5.671~1-e5a5a]:DecodeUtteranceLatticeFaster():decoder-wrappers.cc:375) Log-like per frame for utterance viet_1_45 is -7.89882 over 36 frames.
viet_1_46 mot 
LOG (gmm-latgen-faster[5.5.671~1-e5a5a]:DecodeUtteranceLatticeFaster():decoder-wrappers.cc:375) Log-like per frame for utterance viet_1_46 is -7.63262 over 32 frames.
viet_1_47 mot 
LOG (gmm-latgen-faster[5.5.671~1-e5a5a]:DecodeUtteranceLatticeFaster():decoder-wrappers.cc:375) Log-like per frame for utterance viet_1_47 is -7.91398 over 32 frames.
viet_1_48 mot 
LOG (gmm-latgen-faster[5.5.671~1-e5a5a]:DecodeUtteranceLatticeFaster():decoder-wrappers.cc:375) Log-like per frame for utterance viet_1_48 is -8.02536 over 26 frames.
viet_1_49 mot 
LOG (gmm-latgen-faster[5.5.671~1-e5a5a]:DecodeUtteranceLatticeFaster():decoder-wrappers.cc:375) Log-like per frame for utterance viet_1_49 is -7.35488 over 30 frames.
viet_2_40 hai 
LOG (gmm-latgen-faster[5.5.671~1-e5a5a]:DecodeUtteranceLatticeFaster():decoder-wrappers.cc:375) Log-like per frame for utterance viet_2_40 is -7.24475 over 50 frames.
viet_2_41 hai 
LOG (gmm-latgen-faster[5.5.671~1-e5a5a]:DecodeUtteranceLatticeFaster():decoder-wrappers.cc:375) Log-like per frame for utterance viet_2_41 is -8.55745 over 56 frames.
viet_2_42 hai 
LOG (gmm-latgen-faster[5.5.671~1-e5a5a]:DecodeUtteranceLatticeFaster():decoder-wrappers.cc:375) Log-like per frame for utterance viet_2_42 is -7.37759 over 54 frames.
viet_2_43 hai 
LOG (gmm-latgen-faster[5.5.671~1-e5a5a]:DecodeUtteranceLatticeFaster():decoder-wrappers.cc:375) Log-like per frame for utterance viet_2_43 is -7.60976 over 50 frames.
viet_2_44 hai 
LOG (gmm-latgen-faster[5.5.671~1-e5a5a]:DecodeUtteranceLatticeFaster():decoder-wrappers.cc:375) Log-like per frame for utterance viet_2_44 is -8.01077 over 61 frames.
viet_2_45 hai 
LOG (gmm-latgen-faster[5.5.671~1-e5a5a]:DecodeUtteranceLatticeFaster():decoder-wrappers.cc:375) Log-like per frame for utterance viet_2_45 is -7.71311 over 52 frames.
viet_2_46 hai 
LOG (gmm-latgen-faster[5.5.671~1-e5a5a]:DecodeUtteranceLatticeFaster():decoder-wrappers.cc:375) Log-like per frame for utterance viet_2_46 is -7.90029 over 52 frames.
viet_2_47 hai 
LOG (gmm-latgen-faster[5.5.671~1-e5a5a]:DecodeUtteranceLatticeFaster():decoder-wrappers.cc:375) Log-like per frame for utterance viet_2_47 is -7.83657 over 51 frames.
viet_2_48 hai 
LOG (gmm-latgen-faster[5.5.671~1-e5a5a]:DecodeUtteranceLatticeFaster():decoder-wrappers.cc:375) Log-like per frame for utterance viet_2_48 is -7.27254 over 66 frames.
viet_2_49 hai 
LOG (gmm-latgen-faster[5.5.671~1-e5a5a]:DecodeUtteranceLatticeFaster():decoder-wrappers.cc:375) Log-like per frame for utterance viet_2_49 is -7.33538 over 52 frames.
viet_3_40 ba 
LOG (gmm-latgen-faster[5.5.671~1-e5a5a]:DecodeUtteranceLatticeFaster():decoder-wrappers.cc:375) Log-like per frame for utterance viet_3_40 is -7.49139 over 50 frames.
viet_3_41 ba 
LOG (gmm-latgen-faster[5.5.671~1-e5a5a]:DecodeUtteranceLatticeFaster():decoder-wrappers.cc:375) Log-like per frame for utterance viet_3_41 is -7.49492 over 51 frames.
viet_3_42 bay 
LOG (gmm-latgen-faster[5.5.671~1-e5a5a]:DecodeUtteranceLatticeFaster():decoder-wrappers.cc:375) Log-like per frame for utterance viet_3_42 is -7.16606 over 134 frames.
viet_3_43 ba 
LOG (gmm-latgen-faster[5.5.671~1-e5a5a]:DecodeUtteranceLatticeFaster():decoder-wrappers.cc:375) Log-like per frame for utterance viet_3_43 is -7.67824 over 49 frames.
viet_3_44 ba 
LOG (gmm-latgen-faster[5.5.671~1-e5a5a]:DecodeUtteranceLatticeFaster():decoder-wrappers.cc:375) Log-like per frame for utterance viet_3_44 is -7.27193 over 49 frames.
viet_3_45 ba 
LOG (gmm-latgen-faster[5.5.671~1-e5a5a]:DecodeUtteranceLatticeFaster():decoder-wrappers.cc:375) Log-like per frame for utterance viet_3_45 is -7.18495 over 113 frames.
viet_3_46 ba 
LOG (gmm-latgen-faster[5.5.671~1-e5a5a]:DecodeUtteranceLatticeFaster():decoder-wrappers.cc:375) Log-like per frame for utterance viet_3_46 is -7.1874 over 84 frames.
viet_3_47 ba 
LOG (gmm-latgen-faster[5.5.671~1-e5a5a]:DecodeUtteranceLatticeFaster():decoder-wrappers.cc:375) Log-like per frame for utterance viet_3_47 is -7.49304 over 49 frames.
viet_3_48 ba 
LOG (gmm-latgen-faster[5.5.671~1-e5a5a]:DecodeUtteranceLatticeFaster():decoder-wrappers.cc:375) Log-like per frame for utterance viet_3_48 is -7.71757 over 52 frames.
viet_3_49 ba 
LOG (gmm-latgen-faster[5.5.671~1-e5a5a]:DecodeUtteranceLatticeFaster():decoder-wrappers.cc:375) Log-like per frame for utterance viet_3_49 is -7.7386 over 45 frames.
viet_4_40 bon 
LOG (gmm-latgen-faster[5.5.671~1-e5a5a]:DecodeUtteranceLatticeFaster():decoder-wrappers.cc:375) Log-like per frame for utterance viet_4_40 is -7.53651 over 50 frames.
viet_4_41 bon 
LOG (gmm-latgen-faster[5.5.671~1-e5a5a]:DecodeUtteranceLatticeFaster():decoder-wrappers.cc:375) Log-like per frame for utterance viet_4_41 is -7.42466 over 65 frames.
viet_4_42 bon 
LOG (gmm-latgen-faster[5.5.671~1-e5a5a]:DecodeUtteranceLatticeFaster():decoder-wrappers.cc:375) Log-like per frame for utterance viet_4_42 is -8.06952 over 50 frames.
viet_4_43 bon 
LOG (gmm-latgen-faster[5.5.671~1-e5a5a]:DecodeUtteranceLatticeFaster():decoder-wrappers.cc:375) Log-like per frame for utterance viet_4_43 is -8.01486 over 56 frames.
viet_4_44 bon 
LOG (gmm-latgen-faster[5.5.671~1-e5a5a]:DecodeUtteranceLatticeFaster():decoder-wrappers.cc:375) Log-like per frame for utterance viet_4_44 is -8.05044 over 44 frames.
viet_4_45 bon 
LOG (gmm-latgen-faster[5.5.671~1-e5a5a]:DecodeUtteranceLatticeFaster():decoder-wrappers.cc:375) Log-like per frame for utterance viet_4_45 is -7.74028 over 49 frames.
viet_4_46 bon 
LOG (gmm-latgen-faster[5.5.671~1-e5a5a]:DecodeUtteranceLatticeFaster():decoder-wrappers.cc:375) Log-like per frame for utterance viet_4_46 is -7.74375 over 69 frames.
viet_4_47 bon 
LOG (gmm-latgen-faster[5.5.671~1-e5a5a]:DecodeUtteranceLatticeFaster():decoder-wrappers.cc:375) Log-like per frame for utterance viet_4_47 is -7.35138 over 108 frames.
viet_4_48 bon 
LOG (gmm-latgen-faster[5.5.671~1-e5a5a]:DecodeUtteranceLatticeFaster():decoder-wrappers.cc:375) Log-like per frame for utterance viet_4_48 is -7.45874 over 52 frames.
viet_4_49 bon 
LOG (gmm-latgen-faster[5.5.671~1-e5a5a]:DecodeUtteranceLatticeFaster():decoder-wrappers.cc:375) Log-like per frame for utterance viet_4_49 is -8.09133 over 48 frames.
viet_5_40 nam 
LOG (gmm-latgen-faster[5.5.671~1-e5a5a]:DecodeUtteranceLatticeFaster():decoder-wrappers.cc:375) Log-like per frame for utterance viet_5_40 is -8.12321 over 52 frames.
viet_5_41 nam 
LOG (gmm-latgen-faster[5.5.671~1-e5a5a]:DecodeUtteranceLatticeFaster():decoder-wrappers.cc:375) Log-like per frame for utterance viet_5_41 is -8.04255 over 47 frames.
viet_5_42 nam 
LOG (gmm-latgen-faster[5.5.671~1-e5a5a]:DecodeUtteranceLatticeFaster():decoder-wrappers.cc:375) Log-like per frame for utterance viet_5_42 is -7.65629 over 49 frames.
viet_5_43 nam 
LOG (gmm-latgen-faster[5.5.671~1-e5a5a]:DecodeUtteranceLatticeFaster():decoder-wrappers.cc:375) Log-like per frame for utterance viet_5_43 is -8.21259 over 49 frames.
viet_5_44 nam 
LOG (gmm-latgen-faster[5.5.671~1-e5a5a]:DecodeUtteranceLatticeFaster():decoder-wrappers.cc:375) Log-like per frame for utterance viet_5_44 is -7.33645 over 51 frames.
viet_5_45 nam 
LOG (gmm-latgen-faster[5.5.671~1-e5a5a]:DecodeUtteranceLatticeFaster():decoder-wrappers.cc:375) Log-like per frame for utterance viet_5_45 is -8.27407 over 51 frames.
viet_5_46 nam 
LOG (gmm-latgen-faster[5.5.671~1-e5a5a]:DecodeUtteranceLatticeFaster():decoder-wrappers.cc:375) Log-like per frame for utterance viet_5_46 is -7.77927 over 44 frames.
viet_5_47 nam 
LOG (gmm-latgen-faster[5.5.671~1-e5a5a]:DecodeUtteranceLatticeFaster():decoder-wrappers.cc:375) Log-like per frame for utterance viet_5_47 is -7.66632 over 46 frames.
viet_5_48 nam 
LOG (gmm-latgen-faster[5.5.671~1-e5a5a]:DecodeUtteranceLatticeFaster():decoder-wrappers.cc:375) Log-like per frame for utterance viet_5_48 is -7.58012 over 47 frames.
viet_5_49 nam 
LOG (gmm-latgen-faster[5.5.671~1-e5a5a]:DecodeUtteranceLatticeFaster():decoder-wrappers.cc:375) Log-like per frame for utterance viet_5_49 is -7.46976 over 47 frames.
viet_6_40 sau 
LOG (gmm-latgen-faster[5.5.671~1-e5a5a]:DecodeUtteranceLatticeFaster():decoder-wrappers.cc:375) Log-like per frame for utterance viet_6_40 is -7.35 over 52 frames.
viet_6_41 sau 
LOG (gmm-latgen-faster[5.5.671~1-e5a5a]:DecodeUtteranceLatticeFaster():decoder-wrappers.cc:375) Log-like per frame for utterance viet_6_41 is -6.95535 over 114 frames.
viet_6_42 sau 
LOG (gmm-latgen-faster[5.5.671~1-e5a5a]:DecodeUtteranceLatticeFaster():decoder-wrappers.cc:375) Log-like per frame for utterance viet_6_42 is -7.35912 over 57 frames.
viet_6_43 sau 
LOG (gmm-latgen-faster[5.5.671~1-e5a5a]:DecodeUtteranceLatticeFaster():decoder-wrappers.cc:375) Log-like per frame for utterance viet_6_43 is -7.24627 over 53 frames.
viet_6_44 sau 
LOG (gmm-latgen-faster[5.5.671~1-e5a5a]:DecodeUtteranceLatticeFaster():decoder-wrappers.cc:375) Log-like per frame for utterance viet_6_44 is -7.61264 over 52 frames.
viet_6_45 sau 
LOG (gmm-latgen-faster[5.5.671~1-e5a5a]:DecodeUtteranceLatticeFaster():decoder-wrappers.cc:375) Log-like per frame for utterance viet_6_45 is -7.9808 over 71 frames.
LOG (apply-cmvn[5.5.671~1-e5a5a]:main():apply-cmvn.cc:162) Applied cepstral mean normalization to 100 utterances, errors on 0
viet_6_46 sau 
LOG (gmm-latgen-faster[5.5.671~1-e5a5a]:DecodeUtteranceLatticeFaster():decoder-wrappers.cc:375) Log-like per frame for utterance viet_6_46 is -7.33729 over 95 frames.
viet_6_47 sau 
LOG (gmm-latgen-faster[5.5.671~1-e5a5a]:DecodeUtteranceLatticeFaster():decoder-wrappers.cc:375) Log-like per frame for utterance viet_6_47 is -7.61421 over 53 frames.
viet_6_48 sau 
LOG (gmm-latgen-faster[5.5.671~1-e5a5a]:DecodeUtteranceLatticeFaster():decoder-wrappers.cc:375) Log-like per frame for utterance viet_6_48 is -7.49769 over 46 frames.
viet_6_49 sau 
LOG (gmm-latgen-faster[5.5.671~1-e5a5a]:DecodeUtteranceLatticeFaster():decoder-wrappers.cc:375) Log-like per frame for utterance viet_6_49 is -7.55689 over 79 frames.
viet_7_40 bay 
LOG (gmm-latgen-faster[5.5.671~1-e5a5a]:DecodeUtteranceLatticeFaster():decoder-wrappers.cc:375) Log-like per frame for utterance viet_7_40 is -7.84761 over 44 frames.
viet_7_41 bay 
LOG (gmm-latgen-faster[5.5.671~1-e5a5a]:DecodeUtteranceLatticeFaster():decoder-wrappers.cc:375) Log-like per frame for utterance viet_7_41 is -8.02063 over 39 frames.
viet_7_42 ba 
LOG (gmm-latgen-faster[5.5.671~1-e5a5a]:DecodeUtteranceLatticeFaster():decoder-wrappers.cc:375) Log-like per frame for utterance viet_7_42 is -9.11582 over 61 frames.
viet_7_43 bay 
LOG (gmm-latgen-faster[5.5.671~1-e5a5a]:DecodeUtteranceLatticeFaster():decoder-wrappers.cc:375) Log-like per frame for utterance viet_7_43 is -8.32898 over 43 frames.
viet_7_44 bay 
LOG (gmm-latgen-faster[5.5.671~1-e5a5a]:DecodeUtteranceLatticeFaster():decoder-wrappers.cc:375) Log-like per frame for utterance viet_7_44 is -8.64551 over 34 frames.
viet_7_45 bay 
LOG (gmm-latgen-faster[5.5.671~1-e5a5a]:DecodeUtteranceLatticeFaster():decoder-wrappers.cc:375) Log-like per frame for utterance viet_7_45 is -8.04399 over 42 frames.
viet_7_46 bay 
LOG (gmm-latgen-faster[5.5.671~1-e5a5a]:DecodeUtteranceLatticeFaster():decoder-wrappers.cc:375) Log-like per frame for utterance viet_7_46 is -7.77532 over 32 frames.
viet_7_47 bay 
LOG (gmm-latgen-faster[5.5.671~1-e5a5a]:DecodeUtteranceLatticeFaster():decoder-wrappers.cc:375) Log-like per frame for utterance viet_7_47 is -8.57949 over 35 frames.
viet_7_48 bay 
LOG (gmm-latgen-faster[5.5.671~1-e5a5a]:DecodeUtteranceLatticeFaster():decoder-wrappers.cc:375) Log-like per frame for utterance viet_7_48 is -7.59717 over 44 frames.
viet_7_49 bay 
LOG (gmm-latgen-faster[5.5.671~1-e5a5a]:DecodeUtteranceLatticeFaster():decoder-wrappers.cc:375) Log-like per frame for utterance viet_7_49 is -8.6568 over 33 frames.
viet_8_40 tam 
LOG (gmm-latgen-faster[5.5.671~1-e5a5a]:DecodeUtteranceLatticeFaster():decoder-wrappers.cc:375) Log-like per frame for utterance viet_8_40 is -7.08309 over 53 frames.
viet_8_41 tam 
LOG (gmm-latgen-faster[5.5.671~1-e5a5a]:DecodeUtteranceLatticeFaster():decoder-wrappers.cc:375) Log-like per frame for utterance viet_8_41 is -7.19941 over 47 frames.
viet_8_42 tam 
LOG (gmm-latgen-faster[5.5.671~1-e5a5a]:DecodeUtteranceLatticeFaster():decoder-wrappers.cc:375) Log-like per frame for utterance viet_8_42 is -7.1292 over 54 frames.
viet_8_43 tam 
LOG (gmm-latgen-faster[5.5.671~1-e5a5a]:DecodeUtteranceLatticeFaster():decoder-wrappers.cc:375) Log-like per frame for utterance viet_8_43 is -7.10764 over 56 frames.
viet_8_44 tam 
LOG (gmm-latgen-faster[5.5.671~1-e5a5a]:DecodeUtteranceLatticeFaster():decoder-wrappers.cc:375) Log-like per frame for utterance viet_8_44 is -7.30363 over 53 frames.
viet_8_45 tam 
LOG (gmm-latgen-faster[5.5.671~1-e5a5a]:DecodeUtteranceLatticeFaster():decoder-wrappers.cc:375) Log-like per frame for utterance viet_8_45 is -7.56036 over 53 frames.
viet_8_46 tam 
LOG (gmm-latgen-faster[5.5.671~1-e5a5a]:DecodeUtteranceLatticeFaster():decoder-wrappers.cc:375) Log-like per frame for utterance viet_8_46 is -7.66129 over 56 frames.
viet_8_47 tam 
LOG (gmm-latgen-faster[5.5.671~1-e5a5a]:DecodeUtteranceLatticeFaster():decoder-wrappers.cc:375) Log-like per frame for utterance viet_8_47 is -7.84505 over 54 frames.
viet_8_48 tam 
LOG (gmm-latgen-faster[5.5.671~1-e5a5a]:DecodeUtteranceLatticeFaster():decoder-wrappers.cc:375) Log-like per frame for utterance viet_8_48 is -7.67457 over 56 frames.
viet_8_49 tam 
LOG (gmm-latgen-faster[5.5.671~1-e5a5a]:DecodeUtteranceLatticeFaster():decoder-wrappers.cc:375) Log-like per frame for utterance viet_8_49 is -7.57856 over 44 frames.
viet_9_40 chin 
LOG (gmm-latgen-faster[5.5.671~1-e5a5a]:DecodeUtteranceLatticeFaster():decoder-wrappers.cc:375) Log-like per frame for utterance viet_9_40 is -7.877 over 50 frames.
viet_9_41 chin 
LOG (gmm-latgen-faster[5.5.671~1-e5a5a]:DecodeUtteranceLatticeFaster():decoder-wrappers.cc:375) Log-like per frame for utterance viet_9_41 is -7.58047 over 49 frames.
viet_9_42 chin 
LOG (gmm-latgen-faster[5.5.671~1-e5a5a]:DecodeUtteranceLatticeFaster():decoder-wrappers.cc:375) Log-like per frame for utterance viet_9_42 is -7.99459 over 49 frames.
viet_9_43 chin 
LOG (gmm-latgen-faster[5.5.671~1-e5a5a]:DecodeUtteranceLatticeFaster():decoder-wrappers.cc:375) Log-like per frame for utterance viet_9_43 is -7.81454 over 51 frames.
viet_9_44 chin 
LOG (gmm-latgen-faster[5.5.671~1-e5a5a]:DecodeUtteranceLatticeFaster():decoder-wrappers.cc:375) Log-like per frame for utterance viet_9_44 is -7.93192 over 50 frames.
viet_9_45 chin 
LOG (gmm-latgen-faster[5.5.671~1-e5a5a]:DecodeUtteranceLatticeFaster():decoder-wrappers.cc:375) Log-like per frame for utterance viet_9_45 is -7.63934 over 45 frames.
viet_9_46 chin 
LOG (gmm-latgen-faster[5.5.671~1-e5a5a]:DecodeUtteranceLatticeFaster():decoder-wrappers.cc:375) Log-like per frame for utterance viet_9_46 is -7.51143 over 47 frames.
viet_9_47 chin 
LOG (gmm-latgen-faster[5.5.671~1-e5a5a]:DecodeUtteranceLatticeFaster():decoder-wrappers.cc:375) Log-like per frame for utterance viet_9_47 is -7.2857 over 44 frames.
viet_9_48 chin 
LOG (gmm-latgen-faster[5.5.671~1-e5a5a]:DecodeUtteranceLatticeFaster():decoder-wrappers.cc:375) Log-like per frame for utterance viet_9_48 is -7.39002 over 111 frames.
viet_9_49 chin 
LOG (gmm-latgen-faster[5.5.671~1-e5a5a]:DecodeUtteranceLatticeFaster():decoder-wrappers.cc:375) Log-like per frame for utterance viet_9_49 is -7.68624 over 48 frames.
LOG (gmm-latgen-faster[5.5.671~1-e5a5a]:main():gmm-latgen-faster.cc:176) Time taken 0.529374s: real-time factor assuming 100 frames/sec is 0.0098415
LOG (gmm-latgen-faster[5.5.671~1-e5a5a]:main():gmm-latgen-faster.cc:179) Done 100 utterances, failed for 0
LOG (gmm-latgen-faster[5.5.671~1-e5a5a]:main():gmm-latgen-faster.cc:181) Overall log-likelihood per frame is -7.65853 over 5379 frames.
# Accounting: time=0 threads=1
# Ended (code 0) at Mon Apr 20 02:21:31 PDT 2020, elapsed time 0 seconds
