# lattice-best-path --lm-scale=9 --word-symbol-table=exp/tri1/graph/words.txt "ark:gunzip -c exp/tri1/decode/lat.*.gz|" ark,t:exp/tri1/decode/scoring/9.tra 
# Started at Sat Apr 11 03:17:10 PDT 2020
#
lattice-best-path --lm-scale=9 --word-symbol-table=exp/tri1/graph/words.txt 'ark:gunzip -c exp/tri1/decode/lat.*.gz|' ark,t:exp/tri1/decode/scoring/9.tra 
LOG (lattice-best-path[5.5.671~1-e5a5a]:main():lattice-best-path.cc:99) For utterance viet_0_40, best cost 65.4044 + 4448.86 = 4514.27 over 46 frames.
viet_0_40 zero 
LOG (lattice-best-path[5.5.671~1-e5a5a]:main():lattice-best-path.cc:99) For utterance viet_0_41, best cost 75.8704 + 4415.06 = 4490.93 over 48 frames.
viet_0_41 zero 
LOG (lattice-best-path[5.5.671~1-e5a5a]:main():lattice-best-path.cc:99) For utterance viet_0_42, best cost 97.2878 + 11613.6 = 11710.9 over 124 frames.
viet_0_42 zero 
LOG (lattice-best-path[5.5.671~1-e5a5a]:main():lattice-best-path.cc:99) For utterance viet_0_43, best cost 65.3895 + 4972.24 = 5037.63 over 53 frames.
viet_0_43 zero 
LOG (lattice-best-path[5.5.671~1-e5a5a]:main():lattice-best-path.cc:99) For utterance viet_0_44, best cost 65.52 + 4690.93 = 4756.45 over 51 frames.
viet_0_44 zero 
LOG (lattice-best-path[5.5.671~1-e5a5a]:main():lattice-best-path.cc:99) For utterance viet_0_45, best cost 65.7735 + 5150.56 = 5216.33 over 57 frames.
viet_0_45 zero 
LOG (lattice-best-path[5.5.671~1-e5a5a]:main():lattice-best-path.cc:99) For utterance viet_0_46, best cost 65.6895 + 5065.09 = 5130.78 over 57 frames.
viet_0_46 zero 
LOG (lattice-best-path[5.5.671~1-e5a5a]:main():lattice-best-path.cc:99) For utterance viet_0_47, best cost 68.7848 + 4823.03 = 4891.82 over 52 frames.
viet_0_47 zero 
LOG (lattice-best-path[5.5.671~1-e5a5a]:main():lattice-best-path.cc:99) For utterance viet_0_48, best cost 65.0861 + 4397.98 = 4463.06 over 48 frames.
viet_0_48 zero 
LOG (lattice-best-path[5.5.671~1-e5a5a]:main():lattice-best-path.cc:99) For utterance viet_0_49, best cost 67.0502 + 4838.52 = 4905.57 over 52 frames.
viet_0_49 zero 
LOG (lattice-best-path[5.5.671~1-e5a5a]:main():lattice-best-path.cc:99) For utterance viet_1_40, best cost 66.9324 + 3522.24 = 3589.17 over 36 frames.
viet_1_40 one 
LOG (lattice-best-path[5.5.671~1-e5a5a]:main():lattice-best-path.cc:99) For utterance viet_1_41, best cost 68.0744 + 4021.45 = 4089.52 over 42 frames.
viet_1_41 one 
LOG (lattice-best-path[5.5.671~1-e5a5a]:main():lattice-best-path.cc:99) For utterance viet_1_42, best cost 69.812 + 4585.01 = 4654.82 over 48 frames.
viet_1_42 one 
LOG (lattice-best-path[5.5.671~1-e5a5a]:main():lattice-best-path.cc:99) For utterance viet_1_43, best cost 67.7746 + 4107.24 = 4175.02 over 39 frames.
viet_1_43 one 
LOG (lattice-best-path[5.5.671~1-e5a5a]:main():lattice-best-path.cc:99) For utterance viet_1_44, best cost 84.4451 + 11780 = 11864.5 over 141 frames.
viet_1_44 one 
LOG (lattice-best-path[5.5.671~1-e5a5a]:main():lattice-best-path.cc:99) For utterance viet_1_45, best cost 67.2119 + 3595.53 = 3662.74 over 36 frames.
viet_1_45 one 
LOG (lattice-best-path[5.5.671~1-e5a5a]:main():lattice-best-path.cc:99) For utterance viet_1_46, best cost 27.0518 + 848.559 = 875.611 over 6 frames.
viet_1_46 
LOG (lattice-best-path[5.5.671~1-e5a5a]:main():lattice-best-path.cc:99) For utterance viet_1_47, best cost 70.9734 + 4265.02 = 4336 over 45 frames.
viet_1_47 one 
LOG (lattice-best-path[5.5.671~1-e5a5a]:main():lattice-best-path.cc:99) For utterance viet_1_48, best cost 65.9971 + 2951.71 = 3017.7 over 31 frames.
viet_1_48 one 
LOG (lattice-best-path[5.5.671~1-e5a5a]:main():lattice-best-path.cc:99) For utterance viet_1_49, best cost 96.9628 + 15375.6 = 15472.6 over 168 frames.
viet_1_49 one 
LOG (lattice-best-path[5.5.671~1-e5a5a]:main():lattice-best-path.cc:99) For utterance viet_2_40, best cost 59.0449 + 3419.59 = 3478.63 over 40 frames.
viet_2_40 two 
LOG (lattice-best-path[5.5.671~1-e5a5a]:main():lattice-best-path.cc:99) For utterance viet_2_41, best cost 61.0796 + 4069.04 = 4130.12 over 43 frames.
viet_2_41 two 
LOG (lattice-best-path[5.5.671~1-e5a5a]:main():lattice-best-path.cc:99) For utterance viet_2_42, best cost 59.0459 + 3447.13 = 3506.18 over 39 frames.
viet_2_42 two 
LOG (lattice-best-path[5.5.671~1-e5a5a]:main():lattice-best-path.cc:99) For utterance viet_2_43, best cost 59.9177 + 3539.52 = 3599.44 over 39 frames.
viet_2_43 two 
LOG (lattice-best-path[5.5.671~1-e5a5a]:main():lattice-best-path.cc:99) For utterance viet_2_44, best cost 62.8423 + 3545.37 = 3608.21 over 37 frames.
viet_2_44 two 
LOG (lattice-best-path[5.5.671~1-e5a5a]:main():lattice-best-path.cc:99) For utterance viet_2_45, best cost 63.1747 + 3793.39 = 3856.57 over 41 frames.
viet_2_45 two 
LOG (lattice-best-path[5.5.671~1-e5a5a]:main():lattice-best-path.cc:99) For utterance viet_2_46, best cost 63.6177 + 3718.81 = 3782.42 over 43 frames.
viet_2_46 two 
LOG (lattice-best-path[5.5.671~1-e5a5a]:main():lattice-best-path.cc:99) For utterance viet_2_47, best cost 128.767 + 18509.3 = 18638.1 over 206 frames.
viet_2_47 two five 
LOG (lattice-best-path[5.5.671~1-e5a5a]:main():lattice-best-path.cc:99) For utterance viet_2_48, best cost 67.3867 + 3635.06 = 3702.45 over 40 frames.
viet_2_48 two 
LOG (lattice-best-path[5.5.671~1-e5a5a]:main():lattice-best-path.cc:99) For utterance viet_2_49, best cost 63.5903 + 3785.1 = 3848.69 over 42 frames.
viet_2_49 two 
LOG (lattice-best-path[5.5.671~1-e5a5a]:main():lattice-best-path.cc:99) For utterance viet_3_40, best cost 67.1468 + 4796.17 = 4863.32 over 51 frames.
viet_3_40 three 
LOG (lattice-best-path[5.5.671~1-e5a5a]:main():lattice-best-path.cc:99) For utterance viet_3_41, best cost 65.7181 + 4386.71 = 4452.43 over 48 frames.
viet_3_41 three 
LOG (lattice-best-path[5.5.671~1-e5a5a]:main():lattice-best-path.cc:99) For utterance viet_3_42, best cost 65.7378 + 4984.94 = 5050.68 over 51 frames.
viet_3_42 three 
LOG (lattice-best-path[5.5.671~1-e5a5a]:main():lattice-best-path.cc:99) For utterance viet_3_43, best cost 65.7626 + 4610.05 = 4675.81 over 49 frames.
viet_3_43 three 
LOG (lattice-best-path[5.5.671~1-e5a5a]:main():lattice-best-path.cc:99) For utterance viet_3_44, best cost 64.4897 + 4231.72 = 4296.21 over 45 frames.
viet_3_44 three 
LOG (lattice-best-path[5.5.671~1-e5a5a]:main():lattice-best-path.cc:99) For utterance viet_3_45, best cost 66.7717 + 4769.06 = 4835.83 over 52 frames.
viet_3_45 three 
LOG (lattice-best-path[5.5.671~1-e5a5a]:main():lattice-best-path.cc:99) For utterance viet_3_46, best cost 64.7624 + 5286.52 = 5351.28 over 50 frames.
viet_3_46 three 
LOG (lattice-best-path[5.5.671~1-e5a5a]:main():lattice-best-path.cc:99) For utterance viet_3_47, best cost 67.0663 + 4724.79 = 4791.86 over 51 frames.
viet_3_47 three 
LOG (lattice-best-path[5.5.671~1-e5a5a]:main():lattice-best-path.cc:99) For utterance viet_3_48, best cost 79.0744 + 6639.92 = 6719 over 70 frames.
viet_3_48 three 
LOG (lattice-best-path[5.5.671~1-e5a5a]:main():lattice-best-path.cc:99) For utterance viet_3_49, best cost 66.8871 + 4781.03 = 4847.91 over 47 frames.
viet_3_49 three 
LOG (lattice-best-path[5.5.671~1-e5a5a]:main():lattice-best-path.cc:99) For utterance viet_4_40, best cost 63.9009 + 4208.74 = 4272.64 over 47 frames.
viet_4_40 four 
LOG (lattice-best-path[5.5.671~1-e5a5a]:main():lattice-best-path.cc:99) For utterance viet_4_41, best cost 61.853 + 4148.52 = 4210.37 over 47 frames.
viet_4_41 four 
LOG (lattice-best-path[5.5.671~1-e5a5a]:main():lattice-best-path.cc:99) For utterance viet_4_42, best cost 62.6516 + 4237.31 = 4299.96 over 47 frames.
viet_4_42 four 
LOG (lattice-best-path[5.5.671~1-e5a5a]:main():lattice-best-path.cc:99) For utterance viet_4_43, best cost 62.0158 + 3720.44 = 3782.46 over 42 frames.
viet_4_43 four 
LOG (lattice-best-path[5.5.671~1-e5a5a]:main():lattice-best-path.cc:99) For utterance viet_4_44, best cost 62.3039 + 4661.63 = 4723.93 over 52 frames.
viet_4_44 four 
LOG (lattice-best-path[5.5.671~1-e5a5a]:main():lattice-best-path.cc:99) For utterance viet_4_45, best cost 61.2886 + 3809.33 = 3870.62 over 42 frames.
viet_4_45 four 
LOG (lattice-best-path[5.5.671~1-e5a5a]:main():lattice-best-path.cc:99) For utterance viet_4_46, best cost 62.3203 + 3863.71 = 3926.03 over 44 frames.
viet_4_46 four 
LOG (lattice-best-path[5.5.671~1-e5a5a]:main():lattice-best-path.cc:99) For utterance viet_4_47, best cost 63.8832 + 4072.31 = 4136.19 over 44 frames.
viet_4_47 four 
LOG (lattice-best-path[5.5.671~1-e5a5a]:main():lattice-best-path.cc:99) For utterance viet_4_48, best cost 62.8502 + 4237.07 = 4299.92 over 47 frames.
viet_4_48 four 
LOG (lattice-best-path[5.5.671~1-e5a5a]:main():lattice-best-path.cc:99) For utterance viet_4_49, best cost 61.8234 + 3815.96 = 3877.79 over 42 frames.
viet_4_49 four 
LOG (lattice-best-path[5.5.671~1-e5a5a]:main():lattice-best-path.cc:99) For utterance viet_5_40, best cost 66.0731 + 4499.2 = 4565.27 over 48 frames.
viet_5_40 five 
LOG (lattice-best-path[5.5.671~1-e5a5a]:main():lattice-best-path.cc:99) For utterance viet_5_41, best cost 68.3137 + 5253.82 = 5322.14 over 55 frames.
viet_5_41 five 
LOG (lattice-best-path[5.5.671~1-e5a5a]:main():lattice-best-path.cc:99) For utterance viet_5_42, best cost 66.8366 + 5198.58 = 5265.41 over 53 frames.
viet_5_42 five 
LOG (lattice-best-path[5.5.671~1-e5a5a]:main():lattice-best-path.cc:99) For utterance viet_5_43, best cost 66.1517 + 4728.34 = 4794.49 over 49 frames.
viet_5_43 five 
LOG (lattice-best-path[5.5.671~1-e5a5a]:main():lattice-best-path.cc:99) For utterance viet_5_44, best cost 68.04 + 5859.78 = 5927.82 over 54 frames.
viet_5_44 five 
LOG (lattice-best-path[5.5.671~1-e5a5a]:main():lattice-best-path.cc:99) For utterance viet_5_45, best cost 66.0444 + 4489.47 = 4555.51 over 45 frames.
viet_5_45 five 
LOG (lattice-best-path[5.5.671~1-e5a5a]:main():lattice-best-path.cc:99) For utterance viet_5_46, best cost 66.8738 + 4590.86 = 4657.73 over 47 frames.
viet_5_46 five 
LOG (lattice-best-path[5.5.671~1-e5a5a]:main():lattice-best-path.cc:99) For utterance viet_5_47, best cost 66.634 + 4366.38 = 4433.02 over 44 frames.
viet_5_47 five 
LOG (lattice-best-path[5.5.671~1-e5a5a]:main():lattice-best-path.cc:99) For utterance viet_5_48, best cost 66.5134 + 4362.97 = 4429.49 over 46 frames.
viet_5_48 five 
LOG (lattice-best-path[5.5.671~1-e5a5a]:main():lattice-best-path.cc:99) For utterance viet_5_49, best cost 66.2193 + 4445.48 = 4511.7 over 46 frames.
viet_5_49 five 
LOG (lattice-best-path[5.5.671~1-e5a5a]:main():lattice-best-path.cc:99) For utterance viet_6_40, best cost 68.2027 + 4722.04 = 4790.24 over 51 frames.
viet_6_40 six 
LOG (lattice-best-path[5.5.671~1-e5a5a]:main():lattice-best-path.cc:99) For utterance viet_6_41, best cost 68.1579 + 4979.05 = 5047.2 over 52 frames.
viet_6_41 six 
LOG (lattice-best-path[5.5.671~1-e5a5a]:main():lattice-best-path.cc:99) For utterance viet_6_42, best cost 82.8961 + 7739.47 = 7822.37 over 83 frames.
viet_6_42 six 
LOG (lattice-best-path[5.5.671~1-e5a5a]:main():lattice-best-path.cc:99) For utterance viet_6_43, best cost 74.5421 + 5712.25 = 5786.79 over 60 frames.
viet_6_43 six 
LOG (lattice-best-path[5.5.671~1-e5a5a]:main():lattice-best-path.cc:99) For utterance viet_6_44, best cost 67.5135 + 4966.16 = 5033.67 over 46 frames.
viet_6_44 six 
LOG (lattice-best-path[5.5.671~1-e5a5a]:main():lattice-best-path.cc:99) For utterance viet_6_45, best cost 81.3543 + 8351.43 = 8432.78 over 82 frames.
viet_6_45 six 
LOG (lattice-best-path[5.5.671~1-e5a5a]:main():lattice-best-path.cc:99) For utterance viet_6_46, best cost 68.0548 + 4842.14 = 4910.19 over 49 frames.
viet_6_46 six 
LOG (lattice-best-path[5.5.671~1-e5a5a]:main():lattice-best-path.cc:99) For utterance viet_6_47, best cost 72.7536 + 5475.52 = 5548.27 over 60 frames.
viet_6_47 six 
LOG (lattice-best-path[5.5.671~1-e5a5a]:main():lattice-best-path.cc:99) For utterance viet_6_48, best cost 71.0564 + 5686.23 = 5757.28 over 61 frames.
viet_6_48 six 
LOG (lattice-best-path[5.5.671~1-e5a5a]:main():lattice-best-path.cc:99) For utterance viet_6_49, best cost 67.9903 + 4858.22 = 4926.21 over 52 frames.
viet_6_49 six 
LOG (lattice-best-path[5.5.671~1-e5a5a]:main():lattice-best-path.cc:99) For utterance viet_7_40, best cost 86.041 + 9067.51 = 9153.55 over 107 frames.
viet_7_40 seven 
LOG (lattice-best-path[5.5.671~1-e5a5a]:main():lattice-best-path.cc:99) For utterance viet_7_41, best cost 83.4058 + 6123.68 = 6207.08 over 64 frames.
viet_7_41 seven 
LOG (lattice-best-path[5.5.671~1-e5a5a]:main():lattice-best-path.cc:99) For utterance viet_7_42, best cost 69.7677 + 4337.02 = 4406.79 over 47 frames.
viet_7_42 seven 
LOG (lattice-best-path[5.5.671~1-e5a5a]:main():lattice-best-path.cc:99) For utterance viet_7_43, best cost 71.8072 + 4727.7 = 4799.51 over 53 frames.
viet_7_43 seven 
LOG (lattice-best-path[5.5.671~1-e5a5a]:main():lattice-best-path.cc:99) For utterance viet_7_44, best cost 71.1169 + 4515.16 = 4586.28 over 51 frames.
viet_7_44 seven 
LOG (lattice-best-path[5.5.671~1-e5a5a]:main():lattice-best-path.cc:99) For utterance viet_7_45, best cost 69.3509 + 3923.84 = 3993.19 over 46 frames.
viet_7_45 seven 
LOG (lattice-best-path[5.5.671~1-e5a5a]:main():lattice-best-path.cc:99) For utterance viet_7_46, best cost 90.8609 + 11701.2 = 11792 over 120 frames.
viet_7_46 seven 
LOG (lattice-best-path[5.5.671~1-e5a5a]:main():lattice-best-path.cc:99) For utterance viet_7_47, best cost 71.1207 + 4245.8 = 4316.92 over 48 frames.
viet_7_47 seven 
LOG (lattice-best-path[5.5.671~1-e5a5a]:main():lattice-best-path.cc:99) For utterance viet_7_48, best cost 71.3103 + 4431.75 = 4503.06 over 48 frames.
viet_7_48 seven 
LOG (lattice-best-path[5.5.671~1-e5a5a]:main():lattice-best-path.cc:99) For utterance viet_7_49, best cost 69.9018 + 4557.54 = 4627.44 over 49 frames.
viet_7_49 seven 
LOG (lattice-best-path[5.5.671~1-e5a5a]:main():lattice-best-path.cc:99) For utterance viet_8_40, best cost 63.4539 + 4728.4 = 4791.85 over 49 frames.
viet_8_40 eight 
LOG (lattice-best-path[5.5.671~1-e5a5a]:main():lattice-best-path.cc:99) For utterance viet_8_41, best cost 63.1883 + 4600.98 = 4664.16 over 45 frames.
viet_8_41 eight 
LOG (lattice-best-path[5.5.671~1-e5a5a]:main():lattice-best-path.cc:99) For utterance viet_8_42, best cost 60.37 + 1953.65 = 2014.02 over 21 frames.
viet_8_42 eight 
LOG (lattice-best-path[5.5.671~1-e5a5a]:main():lattice-best-path.cc:99) For utterance viet_8_43, best cost 64.3811 + 5432.93 = 5497.31 over 56 frames.
viet_8_43 eight 
LOG (lattice-best-path[5.5.671~1-e5a5a]:main():lattice-best-path.cc:99) For utterance viet_8_44, best cost 62.9269 + 3772.04 = 3834.96 over 41 frames.
viet_8_44 eight 
LOG (lattice-best-path[5.5.671~1-e5a5a]:main():lattice-best-path.cc:99) For utterance viet_8_45, best cost 74.6776 + 4712.65 = 4787.33 over 48 frames.
viet_8_45 eight 
LOG (lattice-best-path[5.5.671~1-e5a5a]:main():lattice-best-path.cc:99) For utterance viet_8_46, best cost 96.9559 + 18985.3 = 19082.3 over 218 frames.
viet_8_46 eight 
LOG (lattice-best-path[5.5.671~1-e5a5a]:main():lattice-best-path.cc:99) For utterance viet_8_47, best cost 63.1971 + 4707.6 = 4770.8 over 48 frames.
viet_8_47 eight 
LOG (lattice-best-path[5.5.671~1-e5a5a]:main():lattice-best-path.cc:99) For utterance viet_8_48, best cost 63.7113 + 4518.19 = 4581.9 over 47 frames.
viet_8_48 eight 
LOG (lattice-best-path[5.5.671~1-e5a5a]:main():lattice-best-path.cc:99) For utterance viet_8_49, best cost 63.4929 + 4638.12 = 4701.61 over 48 frames.
viet_8_49 eight 
LOG (lattice-best-path[5.5.671~1-e5a5a]:main():lattice-best-path.cc:99) For utterance viet_9_40, best cost 77.7374 + 5786.29 = 5864.03 over 61 frames.
viet_9_40 nine 
LOG (lattice-best-path[5.5.671~1-e5a5a]:main():lattice-best-path.cc:99) For utterance viet_9_41, best cost 75.5358 + 4610.56 = 4686.1 over 48 frames.
viet_9_41 nine 
LOG (lattice-best-path[5.5.671~1-e5a5a]:main():lattice-best-path.cc:99) For utterance viet_9_42, best cost 77.7582 + 5679.51 = 5757.27 over 62 frames.
viet_9_42 nine 
LOG (lattice-best-path[5.5.671~1-e5a5a]:main():lattice-best-path.cc:99) For utterance viet_9_43, best cost 95.4539 + 13428.6 = 13524 over 157 frames.
viet_9_43 nine 
LOG (lattice-best-path[5.5.671~1-e5a5a]:main():lattice-best-path.cc:99) For utterance viet_9_44, best cost 76.1436 + 5100.75 = 5176.89 over 55 frames.
viet_9_44 nine 
LOG (lattice-best-path[5.5.671~1-e5a5a]:main():lattice-best-path.cc:99) For utterance viet_9_45, best cost 79.6038 + 5922.05 = 6001.65 over 65 frames.
viet_9_45 nine 
LOG (lattice-best-path[5.5.671~1-e5a5a]:main():lattice-best-path.cc:99) For utterance viet_9_46, best cost 77.4619 + 5712.29 = 5789.76 over 60 frames.
viet_9_46 nine 
LOG (lattice-best-path[5.5.671~1-e5a5a]:main():lattice-best-path.cc:99) For utterance viet_9_47, best cost 75.7061 + 4357.34 = 4433.04 over 44 frames.
viet_9_47 nine 
LOG (lattice-best-path[5.5.671~1-e5a5a]:main():lattice-best-path.cc:99) For utterance viet_9_48, best cost 76.0521 + 4981.15 = 5057.21 over 51 frames.
viet_9_48 nine 
LOG (lattice-best-path[5.5.671~1-e5a5a]:main():lattice-best-path.cc:99) For utterance viet_9_49, best cost 77.7879 + 6006.05 = 6083.84 over 62 frames.
viet_9_49 nine 
LOG (lattice-best-path[5.5.671~1-e5a5a]:main():lattice-best-path.cc:124) Overall cost per frame is 94.457 = 1.22104 [graph] + 93.2359 [acoustic] over 5720 frames.
LOG (lattice-best-path[5.5.671~1-e5a5a]:main():lattice-best-path.cc:128) Done 100 lattices, failed for 0
# Accounting: time=0 threads=1
# Ended (code 0) at Sat Apr 11 03:17:10 PDT 2020, elapsed time 0 seconds
