# lattice-best-path --lm-scale=16 --word-symbol-table=exp/tri1/graph/words.txt "ark:gunzip -c exp/tri1/decode/lat.*.gz|" ark,t:exp/tri1/decode/scoring/16.tra 
# Started at Sat Apr 11 03:17:10 PDT 2020
#
lattice-best-path --lm-scale=16 --word-symbol-table=exp/tri1/graph/words.txt 'ark:gunzip -c exp/tri1/decode/lat.*.gz|' ark,t:exp/tri1/decode/scoring/16.tra 
LOG (lattice-best-path[5.5.671~1-e5a5a]:main():lattice-best-path.cc:99) For utterance viet_0_40, best cost 116.275 + 4448.86 = 4565.14 over 46 frames.
viet_0_40 zero 
LOG (lattice-best-path[5.5.671~1-e5a5a]:main():lattice-best-path.cc:99) For utterance viet_0_41, best cost 134.881 + 4415.06 = 4549.94 over 48 frames.
viet_0_41 zero 
LOG (lattice-best-path[5.5.671~1-e5a5a]:main():lattice-best-path.cc:99) For utterance viet_0_42, best cost 172.956 + 11613.6 = 11786.6 over 124 frames.
viet_0_42 zero 
LOG (lattice-best-path[5.5.671~1-e5a5a]:main():lattice-best-path.cc:99) For utterance viet_0_43, best cost 116.248 + 4972.24 = 5088.49 over 53 frames.
viet_0_43 zero 
LOG (lattice-best-path[5.5.671~1-e5a5a]:main():lattice-best-path.cc:99) For utterance viet_0_44, best cost 116.48 + 4690.93 = 4807.41 over 51 frames.
viet_0_44 zero 
LOG (lattice-best-path[5.5.671~1-e5a5a]:main():lattice-best-path.cc:99) For utterance viet_0_45, best cost 116.931 + 5150.56 = 5267.49 over 57 frames.
viet_0_45 zero 
LOG (lattice-best-path[5.5.671~1-e5a5a]:main():lattice-best-path.cc:99) For utterance viet_0_46, best cost 116.781 + 5065.09 = 5181.88 over 57 frames.
viet_0_46 zero 
LOG (lattice-best-path[5.5.671~1-e5a5a]:main():lattice-best-path.cc:99) For utterance viet_0_47, best cost 122.284 + 4823.03 = 4945.32 over 52 frames.
viet_0_47 zero 
LOG (lattice-best-path[5.5.671~1-e5a5a]:main():lattice-best-path.cc:99) For utterance viet_0_48, best cost 115.709 + 4397.98 = 4513.69 over 48 frames.
viet_0_48 zero 
LOG (lattice-best-path[5.5.671~1-e5a5a]:main():lattice-best-path.cc:99) For utterance viet_0_49, best cost 119.2 + 4838.52 = 4957.72 over 52 frames.
viet_0_49 zero 
LOG (lattice-best-path[5.5.671~1-e5a5a]:main():lattice-best-path.cc:99) For utterance viet_1_40, best cost 118.991 + 3522.24 = 3641.23 over 36 frames.
viet_1_40 one 
LOG (lattice-best-path[5.5.671~1-e5a5a]:main():lattice-best-path.cc:99) For utterance viet_1_41, best cost 121.021 + 4021.45 = 4142.47 over 42 frames.
viet_1_41 one 
LOG (lattice-best-path[5.5.671~1-e5a5a]:main():lattice-best-path.cc:99) For utterance viet_1_42, best cost 124.11 + 4585.01 = 4709.12 over 48 frames.
viet_1_42 one 
LOG (lattice-best-path[5.5.671~1-e5a5a]:main():lattice-best-path.cc:99) For utterance viet_1_43, best cost 120.488 + 4107.24 = 4227.73 over 39 frames.
viet_1_43 one 
LOG (lattice-best-path[5.5.671~1-e5a5a]:main():lattice-best-path.cc:99) For utterance viet_1_44, best cost 150.125 + 11780 = 11930.2 over 141 frames.
viet_1_44 one 
LOG (lattice-best-path[5.5.671~1-e5a5a]:main():lattice-best-path.cc:99) For utterance viet_1_45, best cost 119.488 + 3595.53 = 3715.01 over 36 frames.
viet_1_45 one 
LOG (lattice-best-path[5.5.671~1-e5a5a]:main():lattice-best-path.cc:99) For utterance viet_1_46, best cost 48.0921 + 848.559 = 896.651 over 6 frames.
viet_1_46 
LOG (lattice-best-path[5.5.671~1-e5a5a]:main():lattice-best-path.cc:99) For utterance viet_1_47, best cost 126.175 + 4265.02 = 4391.2 over 45 frames.
viet_1_47 one 
LOG (lattice-best-path[5.5.671~1-e5a5a]:main():lattice-best-path.cc:99) For utterance viet_1_48, best cost 117.328 + 2951.71 = 3069.04 over 31 frames.
viet_1_48 one 
LOG (lattice-best-path[5.5.671~1-e5a5a]:main():lattice-best-path.cc:99) For utterance viet_1_49, best cost 172.378 + 15375.6 = 15548 over 168 frames.
viet_1_49 one 
LOG (lattice-best-path[5.5.671~1-e5a5a]:main():lattice-best-path.cc:99) For utterance viet_2_40, best cost 104.969 + 3419.59 = 3524.55 over 40 frames.
viet_2_40 two 
LOG (lattice-best-path[5.5.671~1-e5a5a]:main():lattice-best-path.cc:99) For utterance viet_2_41, best cost 108.586 + 4069.04 = 4177.63 over 43 frames.
viet_2_41 two 
LOG (lattice-best-path[5.5.671~1-e5a5a]:main():lattice-best-path.cc:99) For utterance viet_2_42, best cost 104.97 + 3447.13 = 3552.1 over 39 frames.
viet_2_42 two 
LOG (lattice-best-path[5.5.671~1-e5a5a]:main():lattice-best-path.cc:99) For utterance viet_2_43, best cost 106.52 + 3539.52 = 3646.04 over 39 frames.
viet_2_43 two 
LOG (lattice-best-path[5.5.671~1-e5a5a]:main():lattice-best-path.cc:99) For utterance viet_2_44, best cost 111.72 + 3545.37 = 3657.09 over 37 frames.
viet_2_44 two 
LOG (lattice-best-path[5.5.671~1-e5a5a]:main():lattice-best-path.cc:99) For utterance viet_2_45, best cost 112.311 + 3793.39 = 3905.7 over 41 frames.
viet_2_45 two 
LOG (lattice-best-path[5.5.671~1-e5a5a]:main():lattice-best-path.cc:99) For utterance viet_2_46, best cost 113.098 + 3718.81 = 3831.91 over 43 frames.
viet_2_46 two 
LOG (lattice-best-path[5.5.671~1-e5a5a]:main():lattice-best-path.cc:99) For utterance viet_2_47, best cost 228.919 + 18509.3 = 18738.2 over 206 frames.
viet_2_47 two five 
LOG (lattice-best-path[5.5.671~1-e5a5a]:main():lattice-best-path.cc:99) For utterance viet_2_48, best cost 119.798 + 3635.06 = 3754.86 over 40 frames.
viet_2_48 two 
LOG (lattice-best-path[5.5.671~1-e5a5a]:main():lattice-best-path.cc:99) For utterance viet_2_49, best cost 113.049 + 3785.1 = 3898.15 over 42 frames.
viet_2_49 two 
LOG (lattice-best-path[5.5.671~1-e5a5a]:main():lattice-best-path.cc:99) For utterance viet_3_40, best cost 119.372 + 4796.17 = 4915.54 over 51 frames.
viet_3_40 three 
LOG (lattice-best-path[5.5.671~1-e5a5a]:main():lattice-best-path.cc:99) For utterance viet_3_41, best cost 116.832 + 4386.71 = 4503.55 over 48 frames.
viet_3_41 three 
LOG (lattice-best-path[5.5.671~1-e5a5a]:main():lattice-best-path.cc:99) For utterance viet_3_42, best cost 116.867 + 4984.94 = 5101.81 over 51 frames.
viet_3_42 three 
LOG (lattice-best-path[5.5.671~1-e5a5a]:main():lattice-best-path.cc:99) For utterance viet_3_43, best cost 116.911 + 4610.05 = 4726.96 over 49 frames.
viet_3_43 three 
LOG (lattice-best-path[5.5.671~1-e5a5a]:main():lattice-best-path.cc:99) For utterance viet_3_44, best cost 114.648 + 4231.72 = 4346.37 over 45 frames.
viet_3_44 three 
LOG (lattice-best-path[5.5.671~1-e5a5a]:main():lattice-best-path.cc:99) For utterance viet_3_45, best cost 118.705 + 4769.06 = 4887.77 over 52 frames.
viet_3_45 three 
LOG (lattice-best-path[5.5.671~1-e5a5a]:main():lattice-best-path.cc:99) For utterance viet_3_46, best cost 115.133 + 5286.52 = 5401.66 over 50 frames.
viet_3_46 three 
LOG (lattice-best-path[5.5.671~1-e5a5a]:main():lattice-best-path.cc:99) For utterance viet_3_47, best cost 119.229 + 4724.79 = 4844.02 over 51 frames.
viet_3_47 three 
LOG (lattice-best-path[5.5.671~1-e5a5a]:main():lattice-best-path.cc:99) For utterance viet_3_48, best cost 140.577 + 6639.92 = 6780.5 over 70 frames.
viet_3_48 three 
LOG (lattice-best-path[5.5.671~1-e5a5a]:main():lattice-best-path.cc:99) For utterance viet_3_49, best cost 118.91 + 4781.03 = 4899.94 over 47 frames.
viet_3_49 three 
LOG (lattice-best-path[5.5.671~1-e5a5a]:main():lattice-best-path.cc:99) For utterance viet_4_40, best cost 113.602 + 4208.74 = 4322.34 over 47 frames.
viet_4_40 four 
LOG (lattice-best-path[5.5.671~1-e5a5a]:main():lattice-best-path.cc:99) For utterance viet_4_41, best cost 109.961 + 4148.52 = 4258.48 over 47 frames.
viet_4_41 four 
LOG (lattice-best-path[5.5.671~1-e5a5a]:main():lattice-best-path.cc:99) For utterance viet_4_42, best cost 111.381 + 4237.31 = 4348.69 over 47 frames.
viet_4_42 four 
LOG (lattice-best-path[5.5.671~1-e5a5a]:main():lattice-best-path.cc:99) For utterance viet_4_43, best cost 110.25 + 3720.44 = 3830.69 over 42 frames.
viet_4_43 four 
LOG (lattice-best-path[5.5.671~1-e5a5a]:main():lattice-best-path.cc:99) For utterance viet_4_44, best cost 110.762 + 4661.63 = 4772.39 over 52 frames.
viet_4_44 four 
LOG (lattice-best-path[5.5.671~1-e5a5a]:main():lattice-best-path.cc:99) For utterance viet_4_45, best cost 108.958 + 3809.33 = 3918.29 over 42 frames.
viet_4_45 four 
LOG (lattice-best-path[5.5.671~1-e5a5a]:main():lattice-best-path.cc:99) For utterance viet_4_46, best cost 110.792 + 3863.71 = 3974.5 over 44 frames.
viet_4_46 four 
LOG (lattice-best-path[5.5.671~1-e5a5a]:main():lattice-best-path.cc:99) For utterance viet_4_47, best cost 113.57 + 4072.31 = 4185.88 over 44 frames.
viet_4_47 four 
LOG (lattice-best-path[5.5.671~1-e5a5a]:main():lattice-best-path.cc:99) For utterance viet_4_48, best cost 111.734 + 4237.07 = 4348.8 over 47 frames.
viet_4_48 four 
LOG (lattice-best-path[5.5.671~1-e5a5a]:main():lattice-best-path.cc:99) For utterance viet_4_49, best cost 109.908 + 3815.96 = 3925.87 over 42 frames.
viet_4_49 four 
LOG (lattice-best-path[5.5.671~1-e5a5a]:main():lattice-best-path.cc:99) For utterance viet_5_40, best cost 117.463 + 4499.2 = 4616.66 over 48 frames.
viet_5_40 five 
LOG (lattice-best-path[5.5.671~1-e5a5a]:main():lattice-best-path.cc:99) For utterance viet_5_41, best cost 121.447 + 5253.82 = 5375.27 over 55 frames.
viet_5_41 five 
LOG (lattice-best-path[5.5.671~1-e5a5a]:main():lattice-best-path.cc:99) For utterance viet_5_42, best cost 118.821 + 5198.58 = 5317.4 over 53 frames.
viet_5_42 five 
LOG (lattice-best-path[5.5.671~1-e5a5a]:main():lattice-best-path.cc:99) For utterance viet_5_43, best cost 117.603 + 4728.34 = 4845.94 over 49 frames.
viet_5_43 five 
LOG (lattice-best-path[5.5.671~1-e5a5a]:main():lattice-best-path.cc:99) For utterance viet_5_44, best cost 120.96 + 5859.78 = 5980.74 over 54 frames.
viet_5_44 five 
LOG (lattice-best-path[5.5.671~1-e5a5a]:main():lattice-best-path.cc:99) For utterance viet_5_45, best cost 117.412 + 4489.47 = 4606.88 over 45 frames.
viet_5_45 five 
LOG (lattice-best-path[5.5.671~1-e5a5a]:main():lattice-best-path.cc:99) For utterance viet_5_46, best cost 118.887 + 4590.86 = 4709.75 over 47 frames.
viet_5_46 five 
LOG (lattice-best-path[5.5.671~1-e5a5a]:main():lattice-best-path.cc:99) For utterance viet_5_47, best cost 118.46 + 4366.38 = 4484.84 over 44 frames.
viet_5_47 five 
LOG (lattice-best-path[5.5.671~1-e5a5a]:main():lattice-best-path.cc:99) For utterance viet_5_48, best cost 118.246 + 4362.97 = 4481.22 over 46 frames.
viet_5_48 five 
LOG (lattice-best-path[5.5.671~1-e5a5a]:main():lattice-best-path.cc:99) For utterance viet_5_49, best cost 117.723 + 4445.48 = 4563.2 over 46 frames.
viet_5_49 five 
LOG (lattice-best-path[5.5.671~1-e5a5a]:main():lattice-best-path.cc:99) For utterance viet_6_40, best cost 121.249 + 4722.04 = 4843.29 over 51 frames.
viet_6_40 six 
LOG (lattice-best-path[5.5.671~1-e5a5a]:main():lattice-best-path.cc:99) For utterance viet_6_41, best cost 121.17 + 4979.05 = 5100.22 over 52 frames.
viet_6_41 six 
LOG (lattice-best-path[5.5.671~1-e5a5a]:main():lattice-best-path.cc:99) For utterance viet_6_42, best cost 147.371 + 7739.47 = 7886.84 over 83 frames.
viet_6_42 six 
LOG (lattice-best-path[5.5.671~1-e5a5a]:main():lattice-best-path.cc:99) For utterance viet_6_43, best cost 132.519 + 5712.25 = 5844.77 over 60 frames.
viet_6_43 six 
LOG (lattice-best-path[5.5.671~1-e5a5a]:main():lattice-best-path.cc:99) For utterance viet_6_44, best cost 120.024 + 4966.16 = 5086.19 over 46 frames.
viet_6_44 six 
LOG (lattice-best-path[5.5.671~1-e5a5a]:main():lattice-best-path.cc:99) For utterance viet_6_45, best cost 144.63 + 8351.43 = 8496.06 over 82 frames.
viet_6_45 six 
LOG (lattice-best-path[5.5.671~1-e5a5a]:main():lattice-best-path.cc:99) For utterance viet_6_46, best cost 120.986 + 4842.14 = 4963.12 over 49 frames.
viet_6_46 six 
LOG (lattice-best-path[5.5.671~1-e5a5a]:main():lattice-best-path.cc:99) For utterance viet_6_47, best cost 129.34 + 5475.52 = 5604.86 over 60 frames.
viet_6_47 six 
LOG (lattice-best-path[5.5.671~1-e5a5a]:main():lattice-best-path.cc:99) For utterance viet_6_48, best cost 126.322 + 5686.23 = 5812.55 over 61 frames.
viet_6_48 six 
LOG (lattice-best-path[5.5.671~1-e5a5a]:main():lattice-best-path.cc:99) For utterance viet_6_49, best cost 120.872 + 4858.22 = 4979.09 over 52 frames.
viet_6_49 six 
LOG (lattice-best-path[5.5.671~1-e5a5a]:main():lattice-best-path.cc:99) For utterance viet_7_40, best cost 152.962 + 9067.51 = 9220.47 over 107 frames.
viet_7_40 seven 
LOG (lattice-best-path[5.5.671~1-e5a5a]:main():lattice-best-path.cc:99) For utterance viet_7_41, best cost 148.277 + 6123.68 = 6271.96 over 64 frames.
viet_7_41 seven 
LOG (lattice-best-path[5.5.671~1-e5a5a]:main():lattice-best-path.cc:99) For utterance viet_7_42, best cost 124.032 + 4337.02 = 4461.05 over 47 frames.
viet_7_42 seven 
LOG (lattice-best-path[5.5.671~1-e5a5a]:main():lattice-best-path.cc:99) For utterance viet_7_43, best cost 127.657 + 4727.7 = 4855.36 over 53 frames.
viet_7_43 seven 
LOG (lattice-best-path[5.5.671~1-e5a5a]:main():lattice-best-path.cc:99) For utterance viet_7_44, best cost 126.43 + 4515.16 = 4641.59 over 51 frames.
viet_7_44 seven 
LOG (lattice-best-path[5.5.671~1-e5a5a]:main():lattice-best-path.cc:99) For utterance viet_7_45, best cost 123.29 + 3923.84 = 4047.13 over 46 frames.
viet_7_45 seven 
LOG (lattice-best-path[5.5.671~1-e5a5a]:main():lattice-best-path.cc:99) For utterance viet_7_46, best cost 161.531 + 11701.2 = 11862.7 over 120 frames.
viet_7_46 seven 
LOG (lattice-best-path[5.5.671~1-e5a5a]:main():lattice-best-path.cc:99) For utterance viet_7_47, best cost 126.437 + 4245.8 = 4372.23 over 48 frames.
viet_7_47 seven 
LOG (lattice-best-path[5.5.671~1-e5a5a]:main():lattice-best-path.cc:99) For utterance viet_7_48, best cost 126.774 + 4431.75 = 4558.53 over 48 frames.
viet_7_48 seven 
LOG (lattice-best-path[5.5.671~1-e5a5a]:main():lattice-best-path.cc:99) For utterance viet_7_49, best cost 124.27 + 4557.54 = 4681.81 over 49 frames.
viet_7_49 seven 
LOG (lattice-best-path[5.5.671~1-e5a5a]:main():lattice-best-path.cc:99) For utterance viet_8_40, best cost 112.807 + 4728.4 = 4841.2 over 49 frames.
viet_8_40 eight 
LOG (lattice-best-path[5.5.671~1-e5a5a]:main():lattice-best-path.cc:99) For utterance viet_8_41, best cost 112.335 + 4600.98 = 4713.31 over 45 frames.
viet_8_41 eight 
LOG (lattice-best-path[5.5.671~1-e5a5a]:main():lattice-best-path.cc:99) For utterance viet_8_42, best cost 107.324 + 1953.65 = 2060.98 over 21 frames.
viet_8_42 eight 
LOG (lattice-best-path[5.5.671~1-e5a5a]:main():lattice-best-path.cc:99) For utterance viet_8_43, best cost 114.455 + 5432.93 = 5547.38 over 56 frames.
viet_8_43 eight 
LOG (lattice-best-path[5.5.671~1-e5a5a]:main():lattice-best-path.cc:99) For utterance viet_8_44, best cost 111.87 + 3772.04 = 3883.91 over 41 frames.
viet_8_44 eight 
LOG (lattice-best-path[5.5.671~1-e5a5a]:main():lattice-best-path.cc:99) For utterance viet_8_45, best cost 132.76 + 4712.65 = 4845.41 over 48 frames.
viet_8_45 eight 
LOG (lattice-best-path[5.5.671~1-e5a5a]:main():lattice-best-path.cc:99) For utterance viet_8_46, best cost 172.366 + 18985.3 = 19157.7 over 218 frames.
viet_8_46 eight 
LOG (lattice-best-path[5.5.671~1-e5a5a]:main():lattice-best-path.cc:99) For utterance viet_8_47, best cost 112.35 + 4707.6 = 4819.95 over 48 frames.
viet_8_47 eight 
LOG (lattice-best-path[5.5.671~1-e5a5a]:main():lattice-best-path.cc:99) For utterance viet_8_48, best cost 113.265 + 4518.19 = 4631.45 over 47 frames.
viet_8_48 eight 
LOG (lattice-best-path[5.5.671~1-e5a5a]:main():lattice-best-path.cc:99) For utterance viet_8_49, best cost 112.876 + 4638.12 = 4750.99 over 48 frames.
viet_8_49 eight 
LOG (lattice-best-path[5.5.671~1-e5a5a]:main():lattice-best-path.cc:99) For utterance viet_9_40, best cost 138.2 + 5786.29 = 5924.49 over 61 frames.
viet_9_40 nine 
LOG (lattice-best-path[5.5.671~1-e5a5a]:main():lattice-best-path.cc:99) For utterance viet_9_41, best cost 134.286 + 4610.56 = 4744.85 over 48 frames.
viet_9_41 nine 
LOG (lattice-best-path[5.5.671~1-e5a5a]:main():lattice-best-path.cc:99) For utterance viet_9_42, best cost 138.237 + 5679.51 = 5817.75 over 62 frames.
viet_9_42 nine 
LOG (lattice-best-path[5.5.671~1-e5a5a]:main():lattice-best-path.cc:99) For utterance viet_9_43, best cost 169.696 + 13428.6 = 13598.3 over 157 frames.
viet_9_43 nine 
LOG (lattice-best-path[5.5.671~1-e5a5a]:main():lattice-best-path.cc:99) For utterance viet_9_44, best cost 135.366 + 5100.75 = 5236.11 over 55 frames.
viet_9_44 nine 
LOG (lattice-best-path[5.5.671~1-e5a5a]:main():lattice-best-path.cc:99) For utterance viet_9_45, best cost 141.518 + 5922.05 = 6063.57 over 65 frames.
viet_9_45 nine 
LOG (lattice-best-path[5.5.671~1-e5a5a]:main():lattice-best-path.cc:99) For utterance viet_9_46, best cost 137.71 + 5712.29 = 5850 over 60 frames.
viet_9_46 nine 
LOG (lattice-best-path[5.5.671~1-e5a5a]:main():lattice-best-path.cc:99) For utterance viet_9_47, best cost 134.589 + 4357.34 = 4491.93 over 44 frames.
viet_9_47 nine 
LOG (lattice-best-path[5.5.671~1-e5a5a]:main():lattice-best-path.cc:99) For utterance viet_9_48, best cost 135.204 + 4981.15 = 5116.36 over 51 frames.
viet_9_48 nine 
LOG (lattice-best-path[5.5.671~1-e5a5a]:main():lattice-best-path.cc:99) For utterance viet_9_49, best cost 138.29 + 6006.05 = 6144.34 over 62 frames.
viet_9_49 nine 
LOG (lattice-best-path[5.5.671~1-e5a5a]:main():lattice-best-path.cc:124) Overall cost per frame is 95.4067 = 2.17074 [graph] + 93.2359 [acoustic] over 5720 frames.
LOG (lattice-best-path[5.5.671~1-e5a5a]:main():lattice-best-path.cc:128) Done 100 lattices, failed for 0
# Accounting: time=0 threads=1
# Ended (code 0) at Sat Apr 11 03:17:10 PDT 2020, elapsed time 0 seconds
