# lattice-best-path --lm-scale=15 --word-symbol-table=exp/tri1/graph/words.txt "ark:gunzip -c exp/tri1/decode/lat.*.gz|" ark,t:exp/tri1/decode/scoring/15.tra 
# Started at Sat Apr 11 03:17:10 PDT 2020
#
lattice-best-path --lm-scale=15 --word-symbol-table=exp/tri1/graph/words.txt 'ark:gunzip -c exp/tri1/decode/lat.*.gz|' ark,t:exp/tri1/decode/scoring/15.tra 
LOG (lattice-best-path[5.5.671~1-e5a5a]:main():lattice-best-path.cc:99) For utterance viet_0_40, best cost 109.007 + 4448.86 = 4557.87 over 46 frames.
viet_0_40 zero 
LOG (lattice-best-path[5.5.671~1-e5a5a]:main():lattice-best-path.cc:99) For utterance viet_0_41, best cost 126.451 + 4415.06 = 4541.51 over 48 frames.
viet_0_41 zero 
LOG (lattice-best-path[5.5.671~1-e5a5a]:main():lattice-best-path.cc:99) For utterance viet_0_42, best cost 162.146 + 11613.6 = 11775.8 over 124 frames.
viet_0_42 zero 
LOG (lattice-best-path[5.5.671~1-e5a5a]:main():lattice-best-path.cc:99) For utterance viet_0_43, best cost 108.983 + 4972.24 = 5081.22 over 53 frames.
viet_0_43 zero 
LOG (lattice-best-path[5.5.671~1-e5a5a]:main():lattice-best-path.cc:99) For utterance viet_0_44, best cost 109.2 + 4690.93 = 4800.13 over 51 frames.
viet_0_44 zero 
LOG (lattice-best-path[5.5.671~1-e5a5a]:main():lattice-best-path.cc:99) For utterance viet_0_45, best cost 109.622 + 5150.56 = 5260.18 over 57 frames.
viet_0_45 zero 
LOG (lattice-best-path[5.5.671~1-e5a5a]:main():lattice-best-path.cc:99) For utterance viet_0_46, best cost 109.483 + 5065.09 = 5174.58 over 57 frames.
viet_0_46 zero 
LOG (lattice-best-path[5.5.671~1-e5a5a]:main():lattice-best-path.cc:99) For utterance viet_0_47, best cost 114.641 + 4823.03 = 4937.67 over 52 frames.
viet_0_47 zero 
LOG (lattice-best-path[5.5.671~1-e5a5a]:main():lattice-best-path.cc:99) For utterance viet_0_48, best cost 108.477 + 4397.98 = 4506.45 over 48 frames.
viet_0_48 zero 
LOG (lattice-best-path[5.5.671~1-e5a5a]:main():lattice-best-path.cc:99) For utterance viet_0_49, best cost 111.75 + 4838.52 = 4950.27 over 52 frames.
viet_0_49 zero 
LOG (lattice-best-path[5.5.671~1-e5a5a]:main():lattice-best-path.cc:99) For utterance viet_1_40, best cost 111.554 + 3522.24 = 3633.79 over 36 frames.
viet_1_40 one 
LOG (lattice-best-path[5.5.671~1-e5a5a]:main():lattice-best-path.cc:99) For utterance viet_1_41, best cost 113.457 + 4021.45 = 4134.9 over 42 frames.
viet_1_41 one 
LOG (lattice-best-path[5.5.671~1-e5a5a]:main():lattice-best-path.cc:99) For utterance viet_1_42, best cost 116.353 + 4585.01 = 4701.36 over 48 frames.
viet_1_42 one 
LOG (lattice-best-path[5.5.671~1-e5a5a]:main():lattice-best-path.cc:99) For utterance viet_1_43, best cost 112.958 + 4107.24 = 4220.2 over 39 frames.
viet_1_43 one 
LOG (lattice-best-path[5.5.671~1-e5a5a]:main():lattice-best-path.cc:99) For utterance viet_1_44, best cost 140.742 + 11780 = 11920.8 over 141 frames.
viet_1_44 one 
LOG (lattice-best-path[5.5.671~1-e5a5a]:main():lattice-best-path.cc:99) For utterance viet_1_45, best cost 112.02 + 3595.53 = 3707.55 over 36 frames.
viet_1_45 one 
LOG (lattice-best-path[5.5.671~1-e5a5a]:main():lattice-best-path.cc:99) For utterance viet_1_46, best cost 45.0863 + 848.559 = 893.646 over 6 frames.
viet_1_46 
LOG (lattice-best-path[5.5.671~1-e5a5a]:main():lattice-best-path.cc:99) For utterance viet_1_47, best cost 118.289 + 4265.02 = 4383.31 over 45 frames.
viet_1_47 one 
LOG (lattice-best-path[5.5.671~1-e5a5a]:main():lattice-best-path.cc:99) For utterance viet_1_48, best cost 109.995 + 2951.71 = 3061.7 over 31 frames.
viet_1_48 one 
LOG (lattice-best-path[5.5.671~1-e5a5a]:main():lattice-best-path.cc:99) For utterance viet_1_49, best cost 161.605 + 15375.6 = 15537.2 over 168 frames.
viet_1_49 one 
LOG (lattice-best-path[5.5.671~1-e5a5a]:main():lattice-best-path.cc:99) For utterance viet_2_40, best cost 98.4081 + 3419.59 = 3517.99 over 40 frames.
viet_2_40 two 
LOG (lattice-best-path[5.5.671~1-e5a5a]:main():lattice-best-path.cc:99) For utterance viet_2_41, best cost 101.799 + 4069.04 = 4170.84 over 43 frames.
viet_2_41 two 
LOG (lattice-best-path[5.5.671~1-e5a5a]:main():lattice-best-path.cc:99) For utterance viet_2_42, best cost 98.4098 + 3447.13 = 3545.54 over 39 frames.
viet_2_42 two 
LOG (lattice-best-path[5.5.671~1-e5a5a]:main():lattice-best-path.cc:99) For utterance viet_2_43, best cost 99.8628 + 3539.52 = 3639.38 over 39 frames.
viet_2_43 two 
LOG (lattice-best-path[5.5.671~1-e5a5a]:main():lattice-best-path.cc:99) For utterance viet_2_44, best cost 104.737 + 3545.37 = 3650.11 over 37 frames.
viet_2_44 two 
LOG (lattice-best-path[5.5.671~1-e5a5a]:main():lattice-best-path.cc:99) For utterance viet_2_45, best cost 105.291 + 3793.39 = 3898.68 over 41 frames.
viet_2_45 two 
LOG (lattice-best-path[5.5.671~1-e5a5a]:main():lattice-best-path.cc:99) For utterance viet_2_46, best cost 106.03 + 3718.81 = 3824.84 over 43 frames.
viet_2_46 two 
LOG (lattice-best-path[5.5.671~1-e5a5a]:main():lattice-best-path.cc:99) For utterance viet_2_47, best cost 214.611 + 18509.3 = 18723.9 over 206 frames.
viet_2_47 two five 
LOG (lattice-best-path[5.5.671~1-e5a5a]:main():lattice-best-path.cc:99) For utterance viet_2_48, best cost 112.311 + 3635.06 = 3747.38 over 40 frames.
viet_2_48 two 
LOG (lattice-best-path[5.5.671~1-e5a5a]:main():lattice-best-path.cc:99) For utterance viet_2_49, best cost 105.984 + 3785.1 = 3891.08 over 42 frames.
viet_2_49 two 
LOG (lattice-best-path[5.5.671~1-e5a5a]:main():lattice-best-path.cc:99) For utterance viet_3_40, best cost 111.911 + 4796.17 = 4908.08 over 51 frames.
viet_3_40 three 
LOG (lattice-best-path[5.5.671~1-e5a5a]:main():lattice-best-path.cc:99) For utterance viet_3_41, best cost 109.53 + 4386.71 = 4496.25 over 48 frames.
viet_3_41 three 
LOG (lattice-best-path[5.5.671~1-e5a5a]:main():lattice-best-path.cc:99) For utterance viet_3_42, best cost 109.563 + 4984.94 = 5094.51 over 51 frames.
viet_3_42 three 
LOG (lattice-best-path[5.5.671~1-e5a5a]:main():lattice-best-path.cc:99) For utterance viet_3_43, best cost 109.604 + 4610.05 = 4719.66 over 49 frames.
viet_3_43 three 
LOG (lattice-best-path[5.5.671~1-e5a5a]:main():lattice-best-path.cc:99) For utterance viet_3_44, best cost 107.483 + 4231.72 = 4339.2 over 45 frames.
viet_3_44 three 
LOG (lattice-best-path[5.5.671~1-e5a5a]:main():lattice-best-path.cc:99) For utterance viet_3_45, best cost 111.286 + 4769.06 = 4880.35 over 52 frames.
viet_3_45 three 
LOG (lattice-best-path[5.5.671~1-e5a5a]:main():lattice-best-path.cc:99) For utterance viet_3_46, best cost 107.937 + 5286.52 = 5394.46 over 50 frames.
viet_3_46 three 
LOG (lattice-best-path[5.5.671~1-e5a5a]:main():lattice-best-path.cc:99) For utterance viet_3_47, best cost 111.777 + 4724.79 = 4836.57 over 51 frames.
viet_3_47 three 
LOG (lattice-best-path[5.5.671~1-e5a5a]:main():lattice-best-path.cc:99) For utterance viet_3_48, best cost 131.791 + 6639.92 = 6771.71 over 70 frames.
viet_3_48 three 
LOG (lattice-best-path[5.5.671~1-e5a5a]:main():lattice-best-path.cc:99) For utterance viet_3_49, best cost 111.479 + 4781.03 = 4892.51 over 47 frames.
viet_3_49 three 
LOG (lattice-best-path[5.5.671~1-e5a5a]:main():lattice-best-path.cc:99) For utterance viet_4_40, best cost 106.502 + 4208.74 = 4315.24 over 47 frames.
viet_4_40 four 
LOG (lattice-best-path[5.5.671~1-e5a5a]:main():lattice-best-path.cc:99) For utterance viet_4_41, best cost 103.088 + 4148.52 = 4251.6 over 47 frames.
viet_4_41 four 
LOG (lattice-best-path[5.5.671~1-e5a5a]:main():lattice-best-path.cc:99) For utterance viet_4_42, best cost 104.419 + 4237.31 = 4341.73 over 47 frames.
viet_4_42 four 
LOG (lattice-best-path[5.5.671~1-e5a5a]:main():lattice-best-path.cc:99) For utterance viet_4_43, best cost 103.36 + 3720.44 = 3823.8 over 42 frames.
viet_4_43 four 
LOG (lattice-best-path[5.5.671~1-e5a5a]:main():lattice-best-path.cc:99) For utterance viet_4_44, best cost 103.84 + 4661.63 = 4765.47 over 52 frames.
viet_4_44 four 
LOG (lattice-best-path[5.5.671~1-e5a5a]:main():lattice-best-path.cc:99) For utterance viet_4_45, best cost 102.148 + 3809.33 = 3911.48 over 42 frames.
viet_4_45 four 
LOG (lattice-best-path[5.5.671~1-e5a5a]:main():lattice-best-path.cc:99) For utterance viet_4_46, best cost 103.867 + 3863.71 = 3967.58 over 44 frames.
viet_4_46 four 
LOG (lattice-best-path[5.5.671~1-e5a5a]:main():lattice-best-path.cc:99) For utterance viet_4_47, best cost 106.472 + 4072.31 = 4178.78 over 44 frames.
viet_4_47 four 
LOG (lattice-best-path[5.5.671~1-e5a5a]:main():lattice-best-path.cc:99) For utterance viet_4_48, best cost 104.75 + 4237.07 = 4341.82 over 47 frames.
viet_4_48 four 
LOG (lattice-best-path[5.5.671~1-e5a5a]:main():lattice-best-path.cc:99) For utterance viet_4_49, best cost 103.039 + 3815.96 = 3919 over 42 frames.
viet_4_49 four 
LOG (lattice-best-path[5.5.671~1-e5a5a]:main():lattice-best-path.cc:99) For utterance viet_5_40, best cost 110.122 + 4499.2 = 4609.32 over 48 frames.
viet_5_40 five 
LOG (lattice-best-path[5.5.671~1-e5a5a]:main():lattice-best-path.cc:99) For utterance viet_5_41, best cost 113.856 + 5253.82 = 5367.68 over 55 frames.
viet_5_41 five 
LOG (lattice-best-path[5.5.671~1-e5a5a]:main():lattice-best-path.cc:99) For utterance viet_5_42, best cost 111.394 + 5198.58 = 5309.97 over 53 frames.
viet_5_42 five 
LOG (lattice-best-path[5.5.671~1-e5a5a]:main():lattice-best-path.cc:99) For utterance viet_5_43, best cost 110.253 + 4728.34 = 4838.59 over 49 frames.
viet_5_43 five 
LOG (lattice-best-path[5.5.671~1-e5a5a]:main():lattice-best-path.cc:99) For utterance viet_5_44, best cost 113.4 + 5859.78 = 5973.18 over 54 frames.
viet_5_44 five 
LOG (lattice-best-path[5.5.671~1-e5a5a]:main():lattice-best-path.cc:99) For utterance viet_5_45, best cost 110.074 + 4489.47 = 4599.54 over 45 frames.
viet_5_45 five 
LOG (lattice-best-path[5.5.671~1-e5a5a]:main():lattice-best-path.cc:99) For utterance viet_5_46, best cost 111.456 + 4590.86 = 4702.32 over 47 frames.
viet_5_46 five 
LOG (lattice-best-path[5.5.671~1-e5a5a]:main():lattice-best-path.cc:99) For utterance viet_5_47, best cost 111.057 + 4366.38 = 4477.44 over 44 frames.
viet_5_47 five 
LOG (lattice-best-path[5.5.671~1-e5a5a]:main():lattice-best-path.cc:99) For utterance viet_5_48, best cost 110.856 + 4362.97 = 4473.83 over 46 frames.
viet_5_48 five 
LOG (lattice-best-path[5.5.671~1-e5a5a]:main():lattice-best-path.cc:99) For utterance viet_5_49, best cost 110.365 + 4445.48 = 4555.84 over 46 frames.
viet_5_49 five 
LOG (lattice-best-path[5.5.671~1-e5a5a]:main():lattice-best-path.cc:99) For utterance viet_6_40, best cost 113.671 + 4722.04 = 4835.71 over 51 frames.
viet_6_40 six 
LOG (lattice-best-path[5.5.671~1-e5a5a]:main():lattice-best-path.cc:99) For utterance viet_6_41, best cost 113.596 + 4979.05 = 5092.64 over 52 frames.
viet_6_41 six 
LOG (lattice-best-path[5.5.671~1-e5a5a]:main():lattice-best-path.cc:99) For utterance viet_6_42, best cost 138.16 + 7739.47 = 7877.63 over 83 frames.
viet_6_42 six 
LOG (lattice-best-path[5.5.671~1-e5a5a]:main():lattice-best-path.cc:99) For utterance viet_6_43, best cost 124.237 + 5712.25 = 5836.48 over 60 frames.
viet_6_43 six 
LOG (lattice-best-path[5.5.671~1-e5a5a]:main():lattice-best-path.cc:99) For utterance viet_6_44, best cost 112.522 + 4966.16 = 5078.68 over 46 frames.
viet_6_44 six 
LOG (lattice-best-path[5.5.671~1-e5a5a]:main():lattice-best-path.cc:99) For utterance viet_6_45, best cost 135.591 + 8351.43 = 8487.02 over 82 frames.
viet_6_45 six 
LOG (lattice-best-path[5.5.671~1-e5a5a]:main():lattice-best-path.cc:99) For utterance viet_6_46, best cost 113.425 + 4842.14 = 4955.56 over 49 frames.
viet_6_46 six 
LOG (lattice-best-path[5.5.671~1-e5a5a]:main():lattice-best-path.cc:99) For utterance viet_6_47, best cost 121.256 + 5475.52 = 5596.77 over 60 frames.
viet_6_47 six 
LOG (lattice-best-path[5.5.671~1-e5a5a]:main():lattice-best-path.cc:99) For utterance viet_6_48, best cost 118.427 + 5686.23 = 5804.65 over 61 frames.
viet_6_48 six 
LOG (lattice-best-path[5.5.671~1-e5a5a]:main():lattice-best-path.cc:99) For utterance viet_6_49, best cost 113.317 + 4858.22 = 4971.54 over 52 frames.
viet_6_49 six 
LOG (lattice-best-path[5.5.671~1-e5a5a]:main():lattice-best-path.cc:99) For utterance viet_7_40, best cost 143.402 + 9067.51 = 9210.91 over 107 frames.
viet_7_40 seven 
LOG (lattice-best-path[5.5.671~1-e5a5a]:main():lattice-best-path.cc:99) For utterance viet_7_41, best cost 139.01 + 6123.68 = 6262.69 over 64 frames.
viet_7_41 seven 
LOG (lattice-best-path[5.5.671~1-e5a5a]:main():lattice-best-path.cc:99) For utterance viet_7_42, best cost 116.28 + 4337.02 = 4453.3 over 47 frames.
viet_7_42 seven 
LOG (lattice-best-path[5.5.671~1-e5a5a]:main():lattice-best-path.cc:99) For utterance viet_7_43, best cost 119.679 + 4727.7 = 4847.38 over 53 frames.
viet_7_43 seven 
LOG (lattice-best-path[5.5.671~1-e5a5a]:main():lattice-best-path.cc:99) For utterance viet_7_44, best cost 118.528 + 4515.16 = 4633.69 over 51 frames.
viet_7_44 seven 
LOG (lattice-best-path[5.5.671~1-e5a5a]:main():lattice-best-path.cc:99) For utterance viet_7_45, best cost 115.585 + 3923.84 = 4039.42 over 46 frames.
viet_7_45 seven 
LOG (lattice-best-path[5.5.671~1-e5a5a]:main():lattice-best-path.cc:99) For utterance viet_7_46, best cost 151.435 + 11701.2 = 11852.6 over 120 frames.
viet_7_46 seven 
LOG (lattice-best-path[5.5.671~1-e5a5a]:main():lattice-best-path.cc:99) For utterance viet_7_47, best cost 118.534 + 4245.8 = 4364.33 over 48 frames.
viet_7_47 seven 
LOG (lattice-best-path[5.5.671~1-e5a5a]:main():lattice-best-path.cc:99) For utterance viet_7_48, best cost 118.85 + 4431.75 = 4550.6 over 48 frames.
viet_7_48 seven 
LOG (lattice-best-path[5.5.671~1-e5a5a]:main():lattice-best-path.cc:99) For utterance viet_7_49, best cost 116.503 + 4557.54 = 4674.04 over 49 frames.
viet_7_49 seven 
LOG (lattice-best-path[5.5.671~1-e5a5a]:main():lattice-best-path.cc:99) For utterance viet_8_40, best cost 105.756 + 4728.4 = 4834.15 over 49 frames.
viet_8_40 eight 
LOG (lattice-best-path[5.5.671~1-e5a5a]:main():lattice-best-path.cc:99) For utterance viet_8_41, best cost 105.314 + 4600.98 = 4706.29 over 45 frames.
viet_8_41 eight 
LOG (lattice-best-path[5.5.671~1-e5a5a]:main():lattice-best-path.cc:99) For utterance viet_8_42, best cost 100.617 + 1953.65 = 2054.27 over 21 frames.
viet_8_42 eight 
LOG (lattice-best-path[5.5.671~1-e5a5a]:main():lattice-best-path.cc:99) For utterance viet_8_43, best cost 107.302 + 5432.93 = 5540.23 over 56 frames.
viet_8_43 eight 
LOG (lattice-best-path[5.5.671~1-e5a5a]:main():lattice-best-path.cc:99) For utterance viet_8_44, best cost 104.878 + 3772.04 = 3876.91 over 41 frames.
viet_8_44 eight 
LOG (lattice-best-path[5.5.671~1-e5a5a]:main():lattice-best-path.cc:99) For utterance viet_8_45, best cost 124.463 + 4712.65 = 4837.11 over 48 frames.
viet_8_45 eight 
LOG (lattice-best-path[5.5.671~1-e5a5a]:main():lattice-best-path.cc:99) For utterance viet_8_46, best cost 161.593 + 18985.3 = 19146.9 over 218 frames.
viet_8_46 eight 
LOG (lattice-best-path[5.5.671~1-e5a5a]:main():lattice-best-path.cc:99) For utterance viet_8_47, best cost 105.328 + 4707.6 = 4812.93 over 48 frames.
viet_8_47 eight 
LOG (lattice-best-path[5.5.671~1-e5a5a]:main():lattice-best-path.cc:99) For utterance viet_8_48, best cost 106.186 + 4518.19 = 4624.37 over 47 frames.
viet_8_48 eight 
LOG (lattice-best-path[5.5.671~1-e5a5a]:main():lattice-best-path.cc:99) For utterance viet_8_49, best cost 105.822 + 4638.12 = 4743.94 over 48 frames.
viet_8_49 eight 
LOG (lattice-best-path[5.5.671~1-e5a5a]:main():lattice-best-path.cc:99) For utterance viet_9_40, best cost 129.562 + 5786.29 = 5915.86 over 61 frames.
viet_9_40 nine 
LOG (lattice-best-path[5.5.671~1-e5a5a]:main():lattice-best-path.cc:99) For utterance viet_9_41, best cost 125.893 + 4610.56 = 4736.46 over 48 frames.
viet_9_41 nine 
LOG (lattice-best-path[5.5.671~1-e5a5a]:main():lattice-best-path.cc:99) For utterance viet_9_42, best cost 129.597 + 5679.51 = 5809.11 over 62 frames.
viet_9_42 nine 
LOG (lattice-best-path[5.5.671~1-e5a5a]:main():lattice-best-path.cc:99) For utterance viet_9_43, best cost 159.09 + 13428.6 = 13587.7 over 157 frames.
viet_9_43 nine 
LOG (lattice-best-path[5.5.671~1-e5a5a]:main():lattice-best-path.cc:99) For utterance viet_9_44, best cost 126.906 + 5100.75 = 5227.65 over 55 frames.
viet_9_44 nine 
LOG (lattice-best-path[5.5.671~1-e5a5a]:main():lattice-best-path.cc:99) For utterance viet_9_45, best cost 132.673 + 5922.05 = 6054.72 over 65 frames.
viet_9_45 nine 
LOG (lattice-best-path[5.5.671~1-e5a5a]:main():lattice-best-path.cc:99) For utterance viet_9_46, best cost 129.103 + 5712.29 = 5841.4 over 60 frames.
viet_9_46 nine 
LOG (lattice-best-path[5.5.671~1-e5a5a]:main():lattice-best-path.cc:99) For utterance viet_9_47, best cost 126.177 + 4357.34 = 4483.51 over 44 frames.
viet_9_47 nine 
LOG (lattice-best-path[5.5.671~1-e5a5a]:main():lattice-best-path.cc:99) For utterance viet_9_48, best cost 126.754 + 4981.15 = 5107.91 over 51 frames.
viet_9_48 nine 
LOG (lattice-best-path[5.5.671~1-e5a5a]:main():lattice-best-path.cc:99) For utterance viet_9_49, best cost 129.647 + 6006.05 = 6135.7 over 62 frames.
viet_9_49 nine 
LOG (lattice-best-path[5.5.671~1-e5a5a]:main():lattice-best-path.cc:124) Overall cost per frame is 95.271 = 2.03507 [graph] + 93.2359 [acoustic] over 5720 frames.
LOG (lattice-best-path[5.5.671~1-e5a5a]:main():lattice-best-path.cc:128) Done 100 lattices, failed for 0
# Accounting: time=0 threads=1
# Ended (code 0) at Sat Apr 11 03:17:10 PDT 2020, elapsed time 0 seconds
