# lattice-best-path --lm-scale=16 --word-symbol-table=exp/mono/graph/words.txt "ark:gunzip -c exp/mono/decode/lat.*.gz|" ark,t:exp/mono/decode/scoring/16.tra 
# Started at Mon Apr 20 02:21:32 PDT 2020
#
lattice-best-path --lm-scale=16 --word-symbol-table=exp/mono/graph/words.txt 'ark:gunzip -c exp/mono/decode/lat.*.gz|' ark,t:exp/mono/decode/scoring/16.tra 
LOG (lattice-best-path[5.5.671~1-e5a5a]:main():lattice-best-path.cc:99) For utterance viet_0_40, best cost 118.014 + 4391.59 = 4509.6 over 48 frames.
viet_0_40 khong 
LOG (lattice-best-path[5.5.671~1-e5a5a]:main():lattice-best-path.cc:99) For utterance viet_0_41, best cost 118.183 + 4808.36 = 4926.55 over 52 frames.
viet_0_41 khong 
LOG (lattice-best-path[5.5.671~1-e5a5a]:main():lattice-best-path.cc:99) For utterance viet_0_42, best cost 118.712 + 5100.16 = 5218.87 over 54 frames.
viet_0_42 khong 
LOG (lattice-best-path[5.5.671~1-e5a5a]:main():lattice-best-path.cc:99) For utterance viet_0_43, best cost 118.306 + 4929.52 = 5047.82 over 53 frames.
viet_0_43 khong 
LOG (lattice-best-path[5.5.671~1-e5a5a]:main():lattice-best-path.cc:99) For utterance viet_0_44, best cost 116.307 + 4325.83 = 4442.13 over 48 frames.
viet_0_44 khong 
LOG (lattice-best-path[5.5.671~1-e5a5a]:main():lattice-best-path.cc:99) For utterance viet_0_45, best cost 118.079 + 5150.75 = 5268.83 over 55 frames.
viet_0_45 khong 
LOG (lattice-best-path[5.5.671~1-e5a5a]:main():lattice-best-path.cc:99) For utterance viet_0_46, best cost 140.157 + 5776.83 = 5916.99 over 61 frames.
viet_0_46 khong 
LOG (lattice-best-path[5.5.671~1-e5a5a]:main():lattice-best-path.cc:99) For utterance viet_0_47, best cost 117.659 + 4354.47 = 4472.13 over 49 frames.
viet_0_47 khong 
LOG (lattice-best-path[5.5.671~1-e5a5a]:main():lattice-best-path.cc:99) For utterance viet_0_48, best cost 117.611 + 4426.18 = 4543.79 over 48 frames.
viet_0_48 khong 
LOG (lattice-best-path[5.5.671~1-e5a5a]:main():lattice-best-path.cc:99) For utterance viet_0_49, best cost 117.041 + 4092.8 = 4209.84 over 44 frames.
viet_0_49 khong 
LOG (lattice-best-path[5.5.671~1-e5a5a]:main():lattice-best-path.cc:99) For utterance viet_1_40, best cost 113.134 + 3421.46 = 3534.59 over 34 frames.
viet_1_40 mot 
LOG (lattice-best-path[5.5.671~1-e5a5a]:main():lattice-best-path.cc:99) For utterance viet_1_41, best cost 110.158 + 2844.34 = 2954.5 over 30 frames.
viet_1_41 mot 
LOG (lattice-best-path[5.5.671~1-e5a5a]:main():lattice-best-path.cc:99) For utterance viet_1_42, best cost 146.121 + 9153.19 = 9299.31 over 102 frames.
viet_1_42 mot 
LOG (lattice-best-path[5.5.671~1-e5a5a]:main():lattice-best-path.cc:99) For utterance viet_1_43, best cost 136.625 + 6316.67 = 6453.3 over 74 frames.
viet_1_43 mot 
LOG (lattice-best-path[5.5.671~1-e5a5a]:main():lattice-best-path.cc:99) For utterance viet_1_44, best cost 110.09 + 2481.76 = 2591.85 over 28 frames.
viet_1_44 mot 
LOG (lattice-best-path[5.5.671~1-e5a5a]:main():lattice-best-path.cc:99) For utterance viet_1_45, best cost 113.239 + 3327.37 = 3440.61 over 36 frames.
viet_1_45 mot 
LOG (lattice-best-path[5.5.671~1-e5a5a]:main():lattice-best-path.cc:99) For utterance viet_1_46, best cost 111.792 + 2847.09 = 2958.88 over 32 frames.
viet_1_46 mot 
LOG (lattice-best-path[5.5.671~1-e5a5a]:main():lattice-best-path.cc:99) For utterance viet_1_47, best cost 110.309 + 2956.25 = 3066.56 over 32 frames.
viet_1_47 mot 
LOG (lattice-best-path[5.5.671~1-e5a5a]:main():lattice-best-path.cc:99) For utterance viet_1_48, best cost 109.46 + 2421.83 = 2531.29 over 26 frames.
viet_1_48 mot 
LOG (lattice-best-path[5.5.671~1-e5a5a]:main():lattice-best-path.cc:99) For utterance viet_1_49, best cost 111.166 + 2564.39 = 2675.56 over 30 frames.
viet_1_49 mot 
LOG (lattice-best-path[5.5.671~1-e5a5a]:main():lattice-best-path.cc:99) For utterance viet_2_40, best cost 116.55 + 4259.46 = 4376 over 50 frames.
viet_2_40 hai 
LOG (lattice-best-path[5.5.671~1-e5a5a]:main():lattice-best-path.cc:99) For utterance viet_2_41, best cost 134.824 + 5649.51 = 5784.34 over 56 frames.
viet_2_41 hai 
LOG (lattice-best-path[5.5.671~1-e5a5a]:main():lattice-best-path.cc:99) For utterance viet_2_42, best cost 117.557 + 4692.53 = 4810.08 over 54 frames.
viet_2_42 hai 
LOG (lattice-best-path[5.5.671~1-e5a5a]:main():lattice-best-path.cc:99) For utterance viet_2_43, best cost 117.38 + 4477.84 = 4595.22 over 50 frames.
viet_2_43 hai 
LOG (lattice-best-path[5.5.671~1-e5a5a]:main():lattice-best-path.cc:99) For utterance viet_2_44, best cost 141.549 + 5757.75 = 5899.29 over 61 frames.
viet_2_44 hai 
LOG (lattice-best-path[5.5.671~1-e5a5a]:main():lattice-best-path.cc:99) For utterance viet_2_45, best cost 121.051 + 4722.21 = 4843.26 over 52 frames.
viet_2_45 hai 
LOG (lattice-best-path[5.5.671~1-e5a5a]:main():lattice-best-path.cc:99) For utterance viet_2_46, best cost 118.276 + 4841.09 = 4959.37 over 52 frames.
viet_2_46 hai 
LOG (lattice-best-path[5.5.671~1-e5a5a]:main():lattice-best-path.cc:99) For utterance viet_2_47, best cost 119.822 + 4706.14 = 4825.96 over 51 frames.
viet_2_47 hai 
LOG (lattice-best-path[5.5.671~1-e5a5a]:main():lattice-best-path.cc:99) For utterance viet_2_48, best cost 137.741 + 5656.57 = 5794.31 over 66 frames.
viet_2_48 hai 
LOG (lattice-best-path[5.5.671~1-e5a5a]:main():lattice-best-path.cc:99) For utterance viet_2_49, best cost 117.879 + 4488.89 = 4606.77 over 52 frames.
viet_2_49 hai 
LOG (lattice-best-path[5.5.671~1-e5a5a]:main():lattice-best-path.cc:99) For utterance viet_3_40, best cost 129.154 + 4397.99 = 4527.14 over 50 frames.
viet_3_40 ba 
LOG (lattice-best-path[5.5.671~1-e5a5a]:main():lattice-best-path.cc:99) For utterance viet_3_41, best cost 109.701 + 4504.63 = 4614.33 over 51 frames.
viet_3_41 ba 
LOG (lattice-best-path[5.5.671~1-e5a5a]:main():lattice-best-path.cc:99) For utterance viet_3_42, best cost 153.346 + 11408.1 = 11561.4 over 134 frames.
viet_3_42 bay 
LOG (lattice-best-path[5.5.671~1-e5a5a]:main():lattice-best-path.cc:99) For utterance viet_3_43, best cost 110.93 + 4431.63 = 4542.56 over 49 frames.
viet_3_43 ba 
LOG (lattice-best-path[5.5.671~1-e5a5a]:main():lattice-best-path.cc:99) For utterance viet_3_44, best cost 109.163 + 4194.04 = 4303.2 over 49 frames.
viet_3_44 ba 
LOG (lattice-best-path[5.5.671~1-e5a5a]:main():lattice-best-path.cc:99) For utterance viet_3_45, best cost 134.221 + 9642.16 = 9776.38 over 113 frames.
viet_3_45 ba 
LOG (lattice-best-path[5.5.671~1-e5a5a]:main():lattice-best-path.cc:99) For utterance viet_3_46, best cost 133.845 + 7144.54 = 7278.39 over 84 frames.
viet_3_46 ba 
LOG (lattice-best-path[5.5.671~1-e5a5a]:main():lattice-best-path.cc:99) For utterance viet_3_47, best cost 108.236 + 4324.75 = 4432.98 over 49 frames.
viet_3_47 ba 
LOG (lattice-best-path[5.5.671~1-e5a5a]:main():lattice-best-path.cc:99) For utterance viet_3_48, best cost 115.854 + 4728.9 = 4844.75 over 52 frames.
viet_3_48 ba 
LOG (lattice-best-path[5.5.671~1-e5a5a]:main():lattice-best-path.cc:99) For utterance viet_3_49, best cost 110.389 + 4096.07 = 4206.46 over 45 frames.
viet_3_49 ba 
LOG (lattice-best-path[5.5.671~1-e5a5a]:main():lattice-best-path.cc:99) For utterance viet_4_40, best cost 117.654 + 4433.68 = 4551.34 over 50 frames.
viet_4_40 bon 
LOG (lattice-best-path[5.5.671~1-e5a5a]:main():lattice-best-path.cc:99) For utterance viet_4_41, best cost 154.966 + 5675.03 = 5830 over 65 frames.
viet_4_41 bon 
LOG (lattice-best-path[5.5.671~1-e5a5a]:main():lattice-best-path.cc:99) For utterance viet_4_42, best cost 118.283 + 4753.02 = 4871.3 over 50 frames.
viet_4_42 bon 
LOG (lattice-best-path[5.5.671~1-e5a5a]:main():lattice-best-path.cc:99) For utterance viet_4_43, best cost 136.001 + 5284.01 = 5420.01 over 56 frames.
viet_4_43 bon 
LOG (lattice-best-path[5.5.671~1-e5a5a]:main():lattice-best-path.cc:99) For utterance viet_4_44, best cost 116.167 + 4163.52 = 4279.69 over 44 frames.
viet_4_44 bon 
LOG (lattice-best-path[5.5.671~1-e5a5a]:main():lattice-best-path.cc:99) For utterance viet_4_45, best cost 116.958 + 4463.59 = 4580.54 over 49 frames.
viet_4_45 bon 
LOG (lattice-best-path[5.5.671~1-e5a5a]:main():lattice-best-path.cc:99) For utterance viet_4_46, best cost 140.485 + 6306.49 = 6446.97 over 69 frames.
viet_4_46 bon 
LOG (lattice-best-path[5.5.671~1-e5a5a]:main():lattice-best-path.cc:99) For utterance viet_4_47, best cost 159.372 + 9407.89 = 9567.27 over 108 frames.
viet_4_47 bon 
LOG (lattice-best-path[5.5.671~1-e5a5a]:main():lattice-best-path.cc:99) For utterance viet_4_48, best cost 119.504 + 4564.64 = 4684.15 over 52 frames.
viet_4_48 bon 
LOG (lattice-best-path[5.5.671~1-e5a5a]:main():lattice-best-path.cc:99) For utterance viet_4_49, best cost 117.52 + 4572.48 = 4690 over 48 frames.
viet_4_49 bon 
LOG (lattice-best-path[5.5.671~1-e5a5a]:main():lattice-best-path.cc:99) For utterance viet_5_40, best cost 137.47 + 4965.8 = 5103.27 over 52 frames.
viet_5_40 nam 
LOG (lattice-best-path[5.5.671~1-e5a5a]:main():lattice-best-path.cc:99) For utterance viet_5_41, best cost 117.711 + 4447.73 = 4565.44 over 47 frames.
viet_5_41 nam 
LOG (lattice-best-path[5.5.671~1-e5a5a]:main():lattice-best-path.cc:99) For utterance viet_5_42, best cost 118.057 + 4413.37 = 4531.43 over 49 frames.
viet_5_42 nam 
LOG (lattice-best-path[5.5.671~1-e5a5a]:main():lattice-best-path.cc:99) For utterance viet_5_43, best cost 119.269 + 4739.57 = 4858.84 over 49 frames.
viet_5_43 nam 
LOG (lattice-best-path[5.5.671~1-e5a5a]:main():lattice-best-path.cc:99) For utterance viet_5_44, best cost 119.703 + 4400.15 = 4519.85 over 51 frames.
viet_5_44 nam 
LOG (lattice-best-path[5.5.671~1-e5a5a]:main():lattice-best-path.cc:99) For utterance viet_5_45, best cost 136.887 + 4961.09 = 5097.97 over 51 frames.
viet_5_45 nam 
LOG (lattice-best-path[5.5.671~1-e5a5a]:main():lattice-best-path.cc:99) For utterance viet_5_46, best cost 117.68 + 4019.21 = 4136.89 over 44 frames.
viet_5_46 nam 
LOG (lattice-best-path[5.5.671~1-e5a5a]:main():lattice-best-path.cc:99) For utterance viet_5_47, best cost 117.566 + 4143.65 = 4261.21 over 46 frames.
viet_5_47 nam 
LOG (lattice-best-path[5.5.671~1-e5a5a]:main():lattice-best-path.cc:99) For utterance viet_5_48, best cost 118.64 + 4186.23 = 4304.87 over 47 frames.
viet_5_48 nam 
LOG (lattice-best-path[5.5.671~1-e5a5a]:main():lattice-best-path.cc:99) For utterance viet_5_49, best cost 117.945 + 4124.51 = 4242.45 over 47 frames.
viet_5_49 nam 
LOG (lattice-best-path[5.5.671~1-e5a5a]:main():lattice-best-path.cc:99) For utterance viet_6_40, best cost 120.565 + 4496 = 4616.56 over 52 frames.
viet_6_40 sau 
LOG (lattice-best-path[5.5.671~1-e5a5a]:main():lattice-best-path.cc:99) For utterance viet_6_41, best cost 147.986 + 9403.97 = 9551.96 over 114 frames.
viet_6_41 sau 
LOG (lattice-best-path[5.5.671~1-e5a5a]:main():lattice-best-path.cc:99) For utterance viet_6_42, best cost 143.561 + 4925.99 = 5069.55 over 57 frames.
viet_6_42 sau 
LOG (lattice-best-path[5.5.671~1-e5a5a]:main():lattice-best-path.cc:99) For utterance viet_6_43, best cost 122.543 + 4516.74 = 4639.28 over 53 frames.
viet_6_43 sau 
LOG (lattice-best-path[5.5.671~1-e5a5a]:main():lattice-best-path.cc:99) For utterance viet_6_44, best cost 120.123 + 4660.21 = 4780.33 over 52 frames.
viet_6_44 sau 
LOG (lattice-best-path[5.5.671~1-e5a5a]:main():lattice-best-path.cc:99) For utterance viet_6_45, best cost 142.342 + 6692.92 = 6835.26 over 71 frames.
viet_6_45 sau 
LOG (lattice-best-path[5.5.671~1-e5a5a]:main():lattice-best-path.cc:99) For utterance viet_6_46, best cost 148.088 + 8253.47 = 8401.56 over 95 frames.
viet_6_46 sau 
LOG (lattice-best-path[5.5.671~1-e5a5a]:main():lattice-best-path.cc:99) For utterance viet_6_47, best cost 121.525 + 4751.51 = 4873.04 over 53 frames.
viet_6_47 sau 
LOG (lattice-best-path[5.5.671~1-e5a5a]:main():lattice-best-path.cc:99) For utterance viet_6_48, best cost 120.359 + 4048.47 = 4168.83 over 46 frames.
viet_6_48 sau 
LOG (lattice-best-path[5.5.671~1-e5a5a]:main():lattice-best-path.cc:99) For utterance viet_6_49, best cost 144.48 + 7055.6 = 7200.08 over 79 frames.
viet_6_49 sau 
LOG (lattice-best-path[5.5.671~1-e5a5a]:main():lattice-best-path.cc:99) For utterance viet_7_40, best cost 116.361 + 4056.28 = 4172.64 over 44 frames.
viet_7_40 bay 
LOG (lattice-best-path[5.5.671~1-e5a5a]:main():lattice-best-path.cc:99) For utterance viet_7_41, best cost 114.354 + 3667.91 = 3782.26 over 39 frames.
viet_7_41 bay 
LOG (lattice-best-path[5.5.671~1-e5a5a]:main():lattice-best-path.cc:99) For utterance viet_7_42, best cost 141.207 + 6566.9 = 6708.11 over 61 frames.
viet_7_42 ba 
LOG (lattice-best-path[5.5.671~1-e5a5a]:main():lattice-best-path.cc:99) For utterance viet_7_43, best cost 116.021 + 4210.75 = 4326.77 over 43 frames.
viet_7_43 bay 
LOG (lattice-best-path[5.5.671~1-e5a5a]:main():lattice-best-path.cc:99) For utterance viet_7_44, best cost 112.985 + 3442.64 = 3555.63 over 34 frames.
viet_7_44 bay 
LOG (lattice-best-path[5.5.671~1-e5a5a]:main():lattice-best-path.cc:99) For utterance viet_7_45, best cost 115.602 + 3967.48 = 4083.08 over 42 frames.
viet_7_45 bay 
LOG (lattice-best-path[5.5.671~1-e5a5a]:main():lattice-best-path.cc:99) For utterance viet_7_46, best cost 112.758 + 2901.17 = 3013.93 over 32 frames.
viet_7_46 bay 
LOG (lattice-best-path[5.5.671~1-e5a5a]:main():lattice-best-path.cc:99) For utterance viet_7_47, best cost 115.037 + 3517.12 = 3632.16 over 35 frames.
viet_7_47 bay 
LOG (lattice-best-path[5.5.671~1-e5a5a]:main():lattice-best-path.cc:99) For utterance viet_7_48, best cost 117.11 + 3923.49 = 4040.6 over 44 frames.
viet_7_48 bay 
LOG (lattice-best-path[5.5.671~1-e5a5a]:main():lattice-best-path.cc:99) For utterance viet_7_49, best cost 114.157 + 3342.49 = 3456.65 over 33 frames.
viet_7_49 bay 
LOG (lattice-best-path[5.5.671~1-e5a5a]:main():lattice-best-path.cc:99) For utterance viet_8_40, best cost 118.208 + 4416.2 = 4534.41 over 53 frames.
viet_8_40 tam 
LOG (lattice-best-path[5.5.671~1-e5a5a]:main():lattice-best-path.cc:99) For utterance viet_8_41, best cost 143.592 + 3952.79 = 4096.38 over 47 frames.
viet_8_41 tam 
LOG (lattice-best-path[5.5.671~1-e5a5a]:main():lattice-best-path.cc:99) For utterance viet_8_42, best cost 144.34 + 4511.48 = 4655.82 over 54 frames.
viet_8_42 tam 
LOG (lattice-best-path[5.5.671~1-e5a5a]:main():lattice-best-path.cc:99) For utterance viet_8_43, best cost 146.818 + 4666.24 = 4813.05 over 56 frames.
viet_8_43 tam 
LOG (lattice-best-path[5.5.671~1-e5a5a]:main():lattice-best-path.cc:99) For utterance viet_8_44, best cost 145.884 + 4535.71 = 4681.59 over 53 frames.
viet_8_44 tam 
LOG (lattice-best-path[5.5.671~1-e5a5a]:main():lattice-best-path.cc:99) For utterance viet_8_45, best cost 163.549 + 4685.74 = 4849.29 over 53 frames.
viet_8_45 tam 
LOG (lattice-best-path[5.5.671~1-e5a5a]:main():lattice-best-path.cc:99) For utterance viet_8_46, best cost 145.943 + 5038.95 = 5184.89 over 56 frames.
viet_8_46 tam 
LOG (lattice-best-path[5.5.671~1-e5a5a]:main():lattice-best-path.cc:99) For utterance viet_8_47, best cost 146.928 + 4973.42 = 5120.34 over 54 frames.
viet_8_47 tam 
LOG (lattice-best-path[5.5.671~1-e5a5a]:main():lattice-best-path.cc:99) For utterance viet_8_48, best cost 148.478 + 5045.97 = 5194.45 over 56 frames.
viet_8_48 tam 
LOG (lattice-best-path[5.5.671~1-e5a5a]:main():lattice-best-path.cc:99) For utterance viet_8_49, best cost 116.613 + 3914.04 = 4030.65 over 44 frames.
viet_8_49 tam 
LOG (lattice-best-path[5.5.671~1-e5a5a]:main():lattice-best-path.cc:99) For utterance viet_9_40, best cost 117.753 + 4637.91 = 4755.66 over 50 frames.
viet_9_40 chin 
LOG (lattice-best-path[5.5.671~1-e5a5a]:main():lattice-best-path.cc:99) For utterance viet_9_41, best cost 118.859 + 4368.19 = 4487.05 over 49 frames.
viet_9_41 chin 
LOG (lattice-best-path[5.5.671~1-e5a5a]:main():lattice-best-path.cc:99) For utterance viet_9_42, best cost 119.145 + 4611.48 = 4730.62 over 49 frames.
viet_9_42 chin 
LOG (lattice-best-path[5.5.671~1-e5a5a]:main():lattice-best-path.cc:99) For utterance viet_9_43, best cost 119.012 + 4693.26 = 4812.27 over 51 frames.
viet_9_43 chin 
LOG (lattice-best-path[5.5.671~1-e5a5a]:main():lattice-best-path.cc:99) For utterance viet_9_44, best cost 118.896 + 4670 = 4788.89 over 50 frames.
viet_9_44 chin 
LOG (lattice-best-path[5.5.671~1-e5a5a]:main():lattice-best-path.cc:99) For utterance viet_9_45, best cost 118.176 + 4036.63 = 4154.8 over 45 frames.
viet_9_45 chin 
LOG (lattice-best-path[5.5.671~1-e5a5a]:main():lattice-best-path.cc:99) For utterance viet_9_46, best cost 119.26 + 4147.02 = 4266.28 over 47 frames.
viet_9_46 chin 
LOG (lattice-best-path[5.5.671~1-e5a5a]:main():lattice-best-path.cc:99) For utterance viet_9_47, best cost 118.769 + 3757.79 = 3876.56 over 44 frames.
viet_9_47 chin 
LOG (lattice-best-path[5.5.671~1-e5a5a]:main():lattice-best-path.cc:99) For utterance viet_9_48, best cost 149.294 + 9731.57 = 9880.87 over 111 frames.
viet_9_48 chin 
LOG (lattice-best-path[5.5.671~1-e5a5a]:main():lattice-best-path.cc:99) For utterance viet_9_49, best cost 118.77 + 4338.21 = 4456.98 over 48 frames.
viet_9_49 chin 
LOG (lattice-best-path[5.5.671~1-e5a5a]:main():lattice-best-path.cc:124) Overall cost per frame is 92.4833 = 2.32254 [graph] + 90.1608 [acoustic] over 5379 frames.
LOG (lattice-best-path[5.5.671~1-e5a5a]:main():lattice-best-path.cc:128) Done 100 lattices, failed for 0
# Accounting: time=0 threads=1
# Ended (code 0) at Mon Apr 20 02:21:32 PDT 2020, elapsed time 0 seconds
