# lattice-best-path --lm-scale=17 --word-symbol-table=exp/mono/graph/words.txt "ark:gunzip -c exp/mono/decode/lat.*.gz|" ark,t:exp/mono/decode/scoring/17.tra 
# Started at Mon Apr 20 02:21:32 PDT 2020
#
lattice-best-path --lm-scale=17 --word-symbol-table=exp/mono/graph/words.txt 'ark:gunzip -c exp/mono/decode/lat.*.gz|' ark,t:exp/mono/decode/scoring/17.tra 
LOG (lattice-best-path[5.5.671~1-e5a5a]:main():lattice-best-path.cc:99) For utterance viet_0_40, best cost 125.39 + 4391.59 = 4516.98 over 48 frames.
viet_0_40 khong 
LOG (lattice-best-path[5.5.671~1-e5a5a]:main():lattice-best-path.cc:99) For utterance viet_0_41, best cost 125.569 + 4808.36 = 4933.93 over 52 frames.
viet_0_41 khong 
LOG (lattice-best-path[5.5.671~1-e5a5a]:main():lattice-best-path.cc:99) For utterance viet_0_42, best cost 126.132 + 5100.16 = 5226.29 over 54 frames.
viet_0_42 khong 
LOG (lattice-best-path[5.5.671~1-e5a5a]:main():lattice-best-path.cc:99) For utterance viet_0_43, best cost 125.7 + 4929.52 = 5055.22 over 53 frames.
viet_0_43 khong 
LOG (lattice-best-path[5.5.671~1-e5a5a]:main():lattice-best-path.cc:99) For utterance viet_0_44, best cost 123.576 + 4325.83 = 4449.4 over 48 frames.
viet_0_44 khong 
LOG (lattice-best-path[5.5.671~1-e5a5a]:main():lattice-best-path.cc:99) For utterance viet_0_45, best cost 125.459 + 5150.75 = 5276.21 over 55 frames.
viet_0_45 khong 
LOG (lattice-best-path[5.5.671~1-e5a5a]:main():lattice-best-path.cc:99) For utterance viet_0_46, best cost 148.917 + 5776.83 = 5925.75 over 61 frames.
viet_0_46 khong 
LOG (lattice-best-path[5.5.671~1-e5a5a]:main():lattice-best-path.cc:99) For utterance viet_0_47, best cost 125.013 + 4354.47 = 4479.49 over 49 frames.
viet_0_47 khong 
LOG (lattice-best-path[5.5.671~1-e5a5a]:main():lattice-best-path.cc:99) For utterance viet_0_48, best cost 124.962 + 4426.18 = 4551.14 over 48 frames.
viet_0_48 khong 
LOG (lattice-best-path[5.5.671~1-e5a5a]:main():lattice-best-path.cc:99) For utterance viet_0_49, best cost 124.356 + 4092.8 = 4217.16 over 44 frames.
viet_0_49 khong 
LOG (lattice-best-path[5.5.671~1-e5a5a]:main():lattice-best-path.cc:99) For utterance viet_1_40, best cost 120.204 + 3421.46 = 3541.67 over 34 frames.
viet_1_40 mot 
LOG (lattice-best-path[5.5.671~1-e5a5a]:main():lattice-best-path.cc:99) For utterance viet_1_41, best cost 117.043 + 2844.34 = 2961.38 over 30 frames.
viet_1_41 mot 
LOG (lattice-best-path[5.5.671~1-e5a5a]:main():lattice-best-path.cc:99) For utterance viet_1_42, best cost 155.254 + 9153.19 = 9308.45 over 102 frames.
viet_1_42 mot 
LOG (lattice-best-path[5.5.671~1-e5a5a]:main():lattice-best-path.cc:99) For utterance viet_1_43, best cost 145.164 + 6316.67 = 6461.84 over 74 frames.
viet_1_43 mot 
LOG (lattice-best-path[5.5.671~1-e5a5a]:main():lattice-best-path.cc:99) For utterance viet_1_44, best cost 116.97 + 2481.76 = 2598.73 over 28 frames.
viet_1_44 mot 
LOG (lattice-best-path[5.5.671~1-e5a5a]:main():lattice-best-path.cc:99) For utterance viet_1_45, best cost 120.317 + 3327.37 = 3447.69 over 36 frames.
viet_1_45 mot 
LOG (lattice-best-path[5.5.671~1-e5a5a]:main():lattice-best-path.cc:99) For utterance viet_1_46, best cost 118.779 + 2847.09 = 2965.87 over 32 frames.
viet_1_46 mot 
LOG (lattice-best-path[5.5.671~1-e5a5a]:main():lattice-best-path.cc:99) For utterance viet_1_47, best cost 117.204 + 2956.25 = 3073.45 over 32 frames.
viet_1_47 mot 
LOG (lattice-best-path[5.5.671~1-e5a5a]:main():lattice-best-path.cc:99) For utterance viet_1_48, best cost 116.301 + 2421.83 = 2538.13 over 26 frames.
viet_1_48 mot 
LOG (lattice-best-path[5.5.671~1-e5a5a]:main():lattice-best-path.cc:99) For utterance viet_1_49, best cost 118.114 + 2564.39 = 2682.51 over 30 frames.
viet_1_49 mot 
LOG (lattice-best-path[5.5.671~1-e5a5a]:main():lattice-best-path.cc:99) For utterance viet_2_40, best cost 123.834 + 4259.46 = 4383.29 over 50 frames.
viet_2_40 hai 
LOG (lattice-best-path[5.5.671~1-e5a5a]:main():lattice-best-path.cc:99) For utterance viet_2_41, best cost 143.25 + 5649.51 = 5792.76 over 56 frames.
viet_2_41 hai 
LOG (lattice-best-path[5.5.671~1-e5a5a]:main():lattice-best-path.cc:99) For utterance viet_2_42, best cost 124.904 + 4692.53 = 4817.43 over 54 frames.
viet_2_42 hai 
LOG (lattice-best-path[5.5.671~1-e5a5a]:main():lattice-best-path.cc:99) For utterance viet_2_43, best cost 124.716 + 4477.84 = 4602.55 over 50 frames.
viet_2_43 hai 
LOG (lattice-best-path[5.5.671~1-e5a5a]:main():lattice-best-path.cc:99) For utterance viet_2_44, best cost 150.395 + 5757.75 = 5908.14 over 61 frames.
viet_2_44 hai 
LOG (lattice-best-path[5.5.671~1-e5a5a]:main():lattice-best-path.cc:99) For utterance viet_2_45, best cost 128.617 + 4722.21 = 4850.83 over 52 frames.
viet_2_45 hai 
LOG (lattice-best-path[5.5.671~1-e5a5a]:main():lattice-best-path.cc:99) For utterance viet_2_46, best cost 125.668 + 4841.09 = 4966.76 over 52 frames.
viet_2_46 hai 
LOG (lattice-best-path[5.5.671~1-e5a5a]:main():lattice-best-path.cc:99) For utterance viet_2_47, best cost 127.31 + 4706.14 = 4833.45 over 51 frames.
viet_2_47 hai 
LOG (lattice-best-path[5.5.671~1-e5a5a]:main():lattice-best-path.cc:99) For utterance viet_2_48, best cost 146.35 + 5656.57 = 5802.92 over 66 frames.
viet_2_48 hai 
LOG (lattice-best-path[5.5.671~1-e5a5a]:main():lattice-best-path.cc:99) For utterance viet_2_49, best cost 125.246 + 4488.89 = 4614.13 over 52 frames.
viet_2_49 hai 
LOG (lattice-best-path[5.5.671~1-e5a5a]:main():lattice-best-path.cc:99) For utterance viet_3_40, best cost 137.226 + 4397.99 = 4535.21 over 50 frames.
viet_3_40 ba 
LOG (lattice-best-path[5.5.671~1-e5a5a]:main():lattice-best-path.cc:99) For utterance viet_3_41, best cost 116.558 + 4504.63 = 4621.19 over 51 frames.
viet_3_41 ba 
LOG (lattice-best-path[5.5.671~1-e5a5a]:main():lattice-best-path.cc:99) For utterance viet_3_42, best cost 162.93 + 11408.1 = 11571 over 134 frames.
viet_3_42 bay 
LOG (lattice-best-path[5.5.671~1-e5a5a]:main():lattice-best-path.cc:99) For utterance viet_3_43, best cost 117.863 + 4431.63 = 4549.49 over 49 frames.
viet_3_43 ba 
LOG (lattice-best-path[5.5.671~1-e5a5a]:main():lattice-best-path.cc:99) For utterance viet_3_44, best cost 115.985 + 4194.04 = 4310.02 over 49 frames.
viet_3_44 ba 
LOG (lattice-best-path[5.5.671~1-e5a5a]:main():lattice-best-path.cc:99) For utterance viet_3_45, best cost 142.61 + 9642.16 = 9784.77 over 113 frames.
viet_3_45 ba 
LOG (lattice-best-path[5.5.671~1-e5a5a]:main():lattice-best-path.cc:99) For utterance viet_3_46, best cost 142.211 + 7144.54 = 7286.75 over 84 frames.
viet_3_46 ba 
LOG (lattice-best-path[5.5.671~1-e5a5a]:main():lattice-best-path.cc:99) For utterance viet_3_47, best cost 115.001 + 4324.75 = 4439.75 over 49 frames.
viet_3_47 ba 
LOG (lattice-best-path[5.5.671~1-e5a5a]:main():lattice-best-path.cc:99) For utterance viet_3_48, best cost 123.095 + 4728.9 = 4851.99 over 52 frames.
viet_3_48 ba 
LOG (lattice-best-path[5.5.671~1-e5a5a]:main():lattice-best-path.cc:99) For utterance viet_3_49, best cost 117.289 + 4096.07 = 4213.36 over 45 frames.
viet_3_49 ba 
LOG (lattice-best-path[5.5.671~1-e5a5a]:main():lattice-best-path.cc:99) For utterance viet_4_40, best cost 125.007 + 4433.68 = 4558.69 over 50 frames.
viet_4_40 bon 
LOG (lattice-best-path[5.5.671~1-e5a5a]:main():lattice-best-path.cc:99) For utterance viet_4_41, best cost 164.651 + 5675.03 = 5839.68 over 65 frames.
viet_4_41 bon 
LOG (lattice-best-path[5.5.671~1-e5a5a]:main():lattice-best-path.cc:99) For utterance viet_4_42, best cost 125.676 + 4753.02 = 4878.69 over 50 frames.
viet_4_42 bon 
LOG (lattice-best-path[5.5.671~1-e5a5a]:main():lattice-best-path.cc:99) For utterance viet_4_43, best cost 144.501 + 5284.01 = 5428.51 over 56 frames.
viet_4_43 bon 
LOG (lattice-best-path[5.5.671~1-e5a5a]:main():lattice-best-path.cc:99) For utterance viet_4_44, best cost 123.427 + 4163.52 = 4286.95 over 44 frames.
viet_4_44 bon 
LOG (lattice-best-path[5.5.671~1-e5a5a]:main():lattice-best-path.cc:99) For utterance viet_4_45, best cost 124.268 + 4463.59 = 4587.85 over 49 frames.
viet_4_45 bon 
LOG (lattice-best-path[5.5.671~1-e5a5a]:main():lattice-best-path.cc:99) For utterance viet_4_46, best cost 149.265 + 6306.49 = 6455.75 over 69 frames.
viet_4_46 bon 
LOG (lattice-best-path[5.5.671~1-e5a5a]:main():lattice-best-path.cc:99) For utterance viet_4_47, best cost 169.332 + 9407.89 = 9577.23 over 108 frames.
viet_4_47 bon 
LOG (lattice-best-path[5.5.671~1-e5a5a]:main():lattice-best-path.cc:99) For utterance viet_4_48, best cost 126.973 + 4564.64 = 4691.62 over 52 frames.
viet_4_48 bon 
LOG (lattice-best-path[5.5.671~1-e5a5a]:main():lattice-best-path.cc:99) For utterance viet_4_49, best cost 124.865 + 4572.48 = 4697.35 over 48 frames.
viet_4_49 bon 
LOG (lattice-best-path[5.5.671~1-e5a5a]:main():lattice-best-path.cc:99) For utterance viet_5_40, best cost 146.062 + 4965.8 = 5111.86 over 52 frames.
viet_5_40 nam 
LOG (lattice-best-path[5.5.671~1-e5a5a]:main():lattice-best-path.cc:99) For utterance viet_5_41, best cost 125.068 + 4447.73 = 4572.8 over 47 frames.
viet_5_41 nam 
LOG (lattice-best-path[5.5.671~1-e5a5a]:main():lattice-best-path.cc:99) For utterance viet_5_42, best cost 125.435 + 4413.37 = 4538.81 over 49 frames.
viet_5_42 nam 
LOG (lattice-best-path[5.5.671~1-e5a5a]:main():lattice-best-path.cc:99) For utterance viet_5_43, best cost 126.723 + 4739.57 = 4866.3 over 49 frames.
viet_5_43 nam 
LOG (lattice-best-path[5.5.671~1-e5a5a]:main():lattice-best-path.cc:99) For utterance viet_5_44, best cost 127.184 + 4400.15 = 4527.33 over 51 frames.
viet_5_44 nam 
LOG (lattice-best-path[5.5.671~1-e5a5a]:main():lattice-best-path.cc:99) For utterance viet_5_45, best cost 145.443 + 4961.09 = 5106.53 over 51 frames.
viet_5_45 nam 
LOG (lattice-best-path[5.5.671~1-e5a5a]:main():lattice-best-path.cc:99) For utterance viet_5_46, best cost 125.035 + 4019.21 = 4144.24 over 44 frames.
viet_5_46 nam 
LOG (lattice-best-path[5.5.671~1-e5a5a]:main():lattice-best-path.cc:99) For utterance viet_5_47, best cost 124.913 + 4143.65 = 4268.56 over 46 frames.
viet_5_47 nam 
LOG (lattice-best-path[5.5.671~1-e5a5a]:main():lattice-best-path.cc:99) For utterance viet_5_48, best cost 126.055 + 4186.23 = 4312.28 over 47 frames.
viet_5_48 nam 
LOG (lattice-best-path[5.5.671~1-e5a5a]:main():lattice-best-path.cc:99) For utterance viet_5_49, best cost 125.317 + 4124.51 = 4249.82 over 47 frames.
viet_5_49 nam 
LOG (lattice-best-path[5.5.671~1-e5a5a]:main():lattice-best-path.cc:99) For utterance viet_6_40, best cost 128.1 + 4496 = 4624.1 over 52 frames.
viet_6_40 sau 
LOG (lattice-best-path[5.5.671~1-e5a5a]:main():lattice-best-path.cc:99) For utterance viet_6_41, best cost 157.235 + 9403.97 = 9561.21 over 114 frames.
viet_6_41 sau 
LOG (lattice-best-path[5.5.671~1-e5a5a]:main():lattice-best-path.cc:99) For utterance viet_6_42, best cost 152.534 + 4925.99 = 5078.52 over 57 frames.
viet_6_42 sau 
LOG (lattice-best-path[5.5.671~1-e5a5a]:main():lattice-best-path.cc:99) For utterance viet_6_43, best cost 130.202 + 4516.74 = 4646.94 over 53 frames.
viet_6_43 sau 
LOG (lattice-best-path[5.5.671~1-e5a5a]:main():lattice-best-path.cc:99) For utterance viet_6_44, best cost 127.631 + 4660.21 = 4787.84 over 52 frames.
viet_6_44 sau 
LOG (lattice-best-path[5.5.671~1-e5a5a]:main():lattice-best-path.cc:99) For utterance viet_6_45, best cost 151.238 + 6692.92 = 6844.16 over 71 frames.
viet_6_45 sau 
LOG (lattice-best-path[5.5.671~1-e5a5a]:main():lattice-best-path.cc:99) For utterance viet_6_46, best cost 157.343 + 8253.47 = 8410.82 over 95 frames.
viet_6_46 sau 
LOG (lattice-best-path[5.5.671~1-e5a5a]:main():lattice-best-path.cc:99) For utterance viet_6_47, best cost 129.121 + 4751.51 = 4880.63 over 53 frames.
viet_6_47 sau 
LOG (lattice-best-path[5.5.671~1-e5a5a]:main():lattice-best-path.cc:99) For utterance viet_6_48, best cost 127.882 + 4048.47 = 4176.35 over 46 frames.
viet_6_48 sau 
LOG (lattice-best-path[5.5.671~1-e5a5a]:main():lattice-best-path.cc:99) For utterance viet_6_49, best cost 153.51 + 7055.6 = 7209.11 over 79 frames.
viet_6_49 sau 
LOG (lattice-best-path[5.5.671~1-e5a5a]:main():lattice-best-path.cc:99) For utterance viet_7_40, best cost 123.633 + 4056.28 = 4179.92 over 44 frames.
viet_7_40 bay 
LOG (lattice-best-path[5.5.671~1-e5a5a]:main():lattice-best-path.cc:99) For utterance viet_7_41, best cost 121.502 + 3667.91 = 3789.41 over 39 frames.
viet_7_41 bay 
LOG (lattice-best-path[5.5.671~1-e5a5a]:main():lattice-best-path.cc:99) For utterance viet_7_42, best cost 150.033 + 6566.9 = 6716.94 over 61 frames.
viet_7_42 ba 
LOG (lattice-best-path[5.5.671~1-e5a5a]:main():lattice-best-path.cc:99) For utterance viet_7_43, best cost 123.273 + 4210.75 = 4334.02 over 43 frames.
viet_7_43 bay 
LOG (lattice-best-path[5.5.671~1-e5a5a]:main():lattice-best-path.cc:99) For utterance viet_7_44, best cost 120.046 + 3442.64 = 3562.69 over 34 frames.
viet_7_44 bay 
LOG (lattice-best-path[5.5.671~1-e5a5a]:main():lattice-best-path.cc:99) For utterance viet_7_45, best cost 122.828 + 3967.48 = 4090.31 over 42 frames.
viet_7_45 bay 
LOG (lattice-best-path[5.5.671~1-e5a5a]:main():lattice-best-path.cc:99) For utterance viet_7_46, best cost 119.806 + 2901.17 = 3020.97 over 32 frames.
viet_7_46 bay 
LOG (lattice-best-path[5.5.671~1-e5a5a]:main():lattice-best-path.cc:99) For utterance viet_7_47, best cost 122.227 + 3517.12 = 3639.35 over 35 frames.
viet_7_47 bay 
LOG (lattice-best-path[5.5.671~1-e5a5a]:main():lattice-best-path.cc:99) For utterance viet_7_48, best cost 124.43 + 3923.49 = 4047.92 over 44 frames.
viet_7_48 bay 
LOG (lattice-best-path[5.5.671~1-e5a5a]:main():lattice-best-path.cc:99) For utterance viet_7_49, best cost 121.292 + 3342.49 = 3463.78 over 33 frames.
viet_7_49 bay 
LOG (lattice-best-path[5.5.671~1-e5a5a]:main():lattice-best-path.cc:99) For utterance viet_8_40, best cost 125.596 + 4416.2 = 4541.8 over 53 frames.
viet_8_40 tam 
LOG (lattice-best-path[5.5.671~1-e5a5a]:main():lattice-best-path.cc:99) For utterance viet_8_41, best cost 152.566 + 3952.79 = 4105.35 over 47 frames.
viet_8_41 tam 
LOG (lattice-best-path[5.5.671~1-e5a5a]:main():lattice-best-path.cc:99) For utterance viet_8_42, best cost 153.361 + 4511.48 = 4664.85 over 54 frames.
viet_8_42 tam 
LOG (lattice-best-path[5.5.671~1-e5a5a]:main():lattice-best-path.cc:99) For utterance viet_8_43, best cost 155.994 + 4666.24 = 4822.23 over 56 frames.
viet_8_43 tam 
LOG (lattice-best-path[5.5.671~1-e5a5a]:main():lattice-best-path.cc:99) For utterance viet_8_44, best cost 155.001 + 4535.71 = 4690.71 over 53 frames.
viet_8_44 tam 
LOG (lattice-best-path[5.5.671~1-e5a5a]:main():lattice-best-path.cc:99) For utterance viet_8_45, best cost 173.771 + 4685.74 = 4859.52 over 53 frames.
viet_8_45 tam 
LOG (lattice-best-path[5.5.671~1-e5a5a]:main():lattice-best-path.cc:99) For utterance viet_8_46, best cost 155.065 + 5038.95 = 5194.02 over 56 frames.
viet_8_46 tam 
LOG (lattice-best-path[5.5.671~1-e5a5a]:main():lattice-best-path.cc:99) For utterance viet_8_47, best cost 156.111 + 4973.42 = 5129.53 over 54 frames.
viet_8_47 tam 
LOG (lattice-best-path[5.5.671~1-e5a5a]:main():lattice-best-path.cc:99) For utterance viet_8_48, best cost 157.758 + 5045.97 = 5203.73 over 56 frames.
viet_8_48 tam 
LOG (lattice-best-path[5.5.671~1-e5a5a]:main():lattice-best-path.cc:99) For utterance viet_8_49, best cost 123.901 + 3914.04 = 4037.94 over 44 frames.
viet_8_49 tam 
LOG (lattice-best-path[5.5.671~1-e5a5a]:main():lattice-best-path.cc:99) For utterance viet_9_40, best cost 125.113 + 4637.91 = 4763.02 over 50 frames.
viet_9_40 chin 
LOG (lattice-best-path[5.5.671~1-e5a5a]:main():lattice-best-path.cc:99) For utterance viet_9_41, best cost 126.288 + 4368.19 = 4494.47 over 49 frames.
viet_9_41 chin 
LOG (lattice-best-path[5.5.671~1-e5a5a]:main():lattice-best-path.cc:99) For utterance viet_9_42, best cost 126.592 + 4611.48 = 4738.07 over 49 frames.
viet_9_42 chin 
LOG (lattice-best-path[5.5.671~1-e5a5a]:main():lattice-best-path.cc:99) For utterance viet_9_43, best cost 126.45 + 4693.26 = 4819.71 over 51 frames.
viet_9_43 chin 
LOG (lattice-best-path[5.5.671~1-e5a5a]:main():lattice-best-path.cc:99) For utterance viet_9_44, best cost 126.327 + 4670 = 4796.32 over 50 frames.
viet_9_44 chin 
LOG (lattice-best-path[5.5.671~1-e5a5a]:main():lattice-best-path.cc:99) For utterance viet_9_45, best cost 125.562 + 4036.63 = 4162.19 over 45 frames.
viet_9_45 chin 
LOG (lattice-best-path[5.5.671~1-e5a5a]:main():lattice-best-path.cc:99) For utterance viet_9_46, best cost 126.713 + 4147.02 = 4273.73 over 47 frames.
viet_9_46 chin 
LOG (lattice-best-path[5.5.671~1-e5a5a]:main():lattice-best-path.cc:99) For utterance viet_9_47, best cost 126.192 + 3757.79 = 3883.98 over 44 frames.
viet_9_47 chin 
LOG (lattice-best-path[5.5.671~1-e5a5a]:main():lattice-best-path.cc:99) For utterance viet_9_48, best cost 158.625 + 9731.57 = 9890.2 over 111 frames.
viet_9_48 chin 
LOG (lattice-best-path[5.5.671~1-e5a5a]:main():lattice-best-path.cc:99) For utterance viet_9_49, best cost 126.193 + 4338.21 = 4464.41 over 48 frames.
viet_9_49 chin 
LOG (lattice-best-path[5.5.671~1-e5a5a]:main():lattice-best-path.cc:124) Overall cost per frame is 92.6285 = 2.46769 [graph] + 90.1608 [acoustic] over 5379 frames.
LOG (lattice-best-path[5.5.671~1-e5a5a]:main():lattice-best-path.cc:128) Done 100 lattices, failed for 0
# Accounting: time=0 threads=1
# Ended (code 0) at Mon Apr 20 02:21:32 PDT 2020, elapsed time 0 seconds
