# build-tree --verbose=1 --max-leaves=2000 --cluster-thresh=-1 exp/tri1/treeacc data/lang/phones/roots.int exp/tri1/questions.qst data/lang/topo exp/tri1/tree 
# Started at Sat Apr 11 03:16:59 PDT 2020
#
build-tree --verbose=1 --max-leaves=2000 --cluster-thresh=-1 exp/tri1/treeacc data/lang/phones/roots.int exp/tri1/questions.qst data/lang/topo exp/tri1/tree 
LOG (build-tree[5.5.671~1-e5a5a]:main():build-tree.cc:104) Number of separate statistics is 158
LOG (build-tree[5.5.671~1-e5a5a]:BuildTree():build-tree.cc:161) BuildTree: before building trees, map has 22 leaves.
LOG (build-tree[5.5.671~1-e5a5a]:SplitDecisionTree():build-tree-utils.cc:577) DoDecisionTreeSplit: split 75 times, #leaves now 97
LOG (build-tree[5.5.671~1-e5a5a]:BuildTree():build-tree.cc:187) Setting clustering threshold to smallest split 305.121
VLOG[1] (build-tree[5.5.671~1-e5a5a]:BuildTree():build-tree.cc:196) After decision tree split, num-leaves = 97, like-impr = 6.0539 per frame over 26833 frames.
VLOG[1] (build-tree[5.5.671~1-e5a5a]:BuildTree():build-tree.cc:200) Including just phones that were split, improvement is 6.0539 per frame over 26833 frames.
LOG (build-tree[5.5.671~1-e5a5a]:BuildTree():build-tree.cc:215) BuildTree: removed 4 leaves.
VLOG[1] (build-tree[5.5.671~1-e5a5a]:ClusterEventMapToNClustersRestrictedByMap():build-tree-utils.cc:914) Number of non-empty clusters in map = 21
VLOG[1] (build-tree[5.5.671~1-e5a5a]:ClusterEventMapToNClustersRestrictedByMap():build-tree-utils.cc:915) Number of non-empty clusters = 92
LOG (build-tree[5.5.671~1-e5a5a]:BuildTree():build-tree.cc:231) BuildTree: Rounded num leaves to multiple of 8 by removing 5 leaves.
VLOG[1] (build-tree[5.5.671~1-e5a5a]:BuildTree():build-tree.cc:256) Objf change due to clustering -0.101237 per frame.
VLOG[1] (build-tree[5.5.671~1-e5a5a]:BuildTree():build-tree.cc:259) Normalizing over only split phones, this is: -0.101237 per frame.
VLOG[1] (build-tree[5.5.671~1-e5a5a]:BuildTree():build-tree.cc:262) Num-leaves is now 88
VLOG[1] (build-tree[5.5.671~1-e5a5a]:main():build-tree.cc:143) For pdf-id 1, low count 0
VLOG[1] (build-tree[5.5.671~1-e5a5a]:main():build-tree.cc:143) For pdf-id 22, low count 31
VLOG[1] (build-tree[5.5.671~1-e5a5a]:main():build-tree.cc:143) For pdf-id 47, low count 86
VLOG[1] (build-tree[5.5.671~1-e5a5a]:main():build-tree.cc:143) For pdf-id 52, low count 87
VLOG[1] (build-tree[5.5.671~1-e5a5a]:main():build-tree.cc:143) For pdf-id 53, low count 69
VLOG[1] (build-tree[5.5.671~1-e5a5a]:main():build-tree.cc:143) For pdf-id 54, low count 95
VLOG[1] (build-tree[5.5.671~1-e5a5a]:main():build-tree.cc:143) For pdf-id 60, low count 65
VLOG[1] (build-tree[5.5.671~1-e5a5a]:main():build-tree.cc:143) For pdf-id 61, low count 40
VLOG[1] (build-tree[5.5.671~1-e5a5a]:main():build-tree.cc:143) For pdf-id 70, low count 73
VLOG[1] (build-tree[5.5.671~1-e5a5a]:main():build-tree.cc:143) For pdf-id 72, low count 67
VLOG[1] (build-tree[5.5.671~1-e5a5a]:main():build-tree.cc:143) For pdf-id 82, low count 64
WARNING (build-tree[5.5.671~1-e5a5a]:main():build-tree.cc:185) Saw no stats for following phones: 2 3 4 5 6 7 8 9 10 11 12 14 15 16 18 19 20 22 23 24 26 28 29 30 32 33 34 36 37 38 39 40 42 43 46 47 48 50 53 54 55 57 58 59 62 65 66 69 70 72 73 74 75 77 78 79 80 82 83 86 88 89 90 
LOG (build-tree[5.5.671~1-e5a5a]:main():build-tree.cc:189) Wrote tree
# Accounting: time=0 threads=1
# Ended (code 0) at Sat Apr 11 03:16:59 PDT 2020, elapsed time 0 seconds
