# gmm-est --mix-up=2720 --power=0.25 --write-occs=exp/tri1/4.occs exp/tri1/3.mdl "gmm-sum-accs - exp/tri1/3.*.acc |" exp/tri1/4.mdl 
# Started at Sat Apr 11 03:17:00 PDT 2020
#
gmm-est --mix-up=2720 --power=0.25 --write-occs=exp/tri1/4.occs exp/tri1/3.mdl 'gmm-sum-accs - exp/tri1/3.*.acc |' exp/tri1/4.mdl 
gmm-sum-accs - exp/tri1/3.1.acc 
LOG (gmm-sum-accs[5.5.671~1-e5a5a]:main():gmm-sum-accs.cc:63) Summed 1 stats, total count 26833, avg like/frame -90.3472
LOG (gmm-sum-accs[5.5.671~1-e5a5a]:main():gmm-sum-accs.cc:66) Total count of stats is 26833
LOG (gmm-sum-accs[5.5.671~1-e5a5a]:main():gmm-sum-accs.cc:67) Written stats to -
LOG (gmm-est[5.5.671~1-e5a5a]:MleUpdate():transition-model.cc:528) TransitionModel::Update, objf change is 0 per frame over 26833 frames. 
LOG (gmm-est[5.5.671~1-e5a5a]:MleUpdate():transition-model.cc:531) 13 probabilities floored, 327 out of 426 transition-states skipped due to insuffient data (it is normal to have some skipped.)
LOG (gmm-est[5.5.671~1-e5a5a]:main():gmm-est.cc:102) Transition model update: Overall 0 log-like improvement per frame over 26833 frames.
WARNING (gmm-est[5.5.671~1-e5a5a]:MleDiagGmmUpdate():mle-diag-gmm.cc:359) Too little data - removing Gaussian (weight 0.002419, occupation count 9.473820, vector size 39)
WARNING (gmm-est[5.5.671~1-e5a5a]:MleDiagGmmUpdate():mle-diag-gmm.cc:359) Too little data - removing Gaussian (weight 0.002377, occupation count 9.308298, vector size 39)
WARNING (gmm-est[5.5.671~1-e5a5a]:MleDiagGmmUpdate():mle-diag-gmm.cc:359) Too little data - removing Gaussian (weight 0.002528, occupation count 9.901454, vector size 39)
WARNING (gmm-est[5.5.671~1-e5a5a]:MleDiagGmmUpdate():mle-diag-gmm.cc:359) Too little data - removing Gaussian (weight 0.002468, occupation count 9.665885, vector size 39)
WARNING (gmm-est[5.5.671~1-e5a5a]:MleDiagGmmUpdate():mle-diag-gmm.cc:359) Too little data - removing Gaussian (weight 0.002542, occupation count 9.953152, vector size 39)
WARNING (gmm-est[5.5.671~1-e5a5a]:MleDiagGmmUpdate():mle-diag-gmm.cc:359) Too little data - removing Gaussian (weight 0.002426, occupation count 9.499176, vector size 39)
WARNING (gmm-est[5.5.671~1-e5a5a]:MleDiagGmmUpdate():mle-diag-gmm.cc:359) Too little data - removing Gaussian (weight 0.002528, occupation count 9.899316, vector size 39)
WARNING (gmm-est[5.5.671~1-e5a5a]:MleDiagGmmUpdate():mle-diag-gmm.cc:359) Too little data - removing Gaussian (weight 0.002345, occupation count 9.181314, vector size 39)
WARNING (gmm-est[5.5.671~1-e5a5a]:MleDiagGmmUpdate():mle-diag-gmm.cc:359) Too little data - removing Gaussian (weight 0.002010, occupation count 7.871410, vector size 39)
WARNING (gmm-est[5.5.671~1-e5a5a]:MleDiagGmmUpdate():mle-diag-gmm.cc:359) Too little data - removing Gaussian (weight 0.002524, occupation count 9.883383, vector size 39)
WARNING (gmm-est[5.5.671~1-e5a5a]:MleDiagGmmUpdate():mle-diag-gmm.cc:365) Gaussian has too little data but not removing it because it is the last Gaussian: i = 0, occ = 0, weight = 1
WARNING (gmm-est[5.5.671~1-e5a5a]:MleDiagGmmUpdate():mle-diag-gmm.cc:359) Too little data - removing Gaussian (weight 0.028946, occupation count 7.815506, vector size 39)
WARNING (gmm-est[5.5.671~1-e5a5a]:MleDiagGmmUpdate():mle-diag-gmm.cc:359) Too little data - removing Gaussian (weight 0.035136, occupation count 9.486849, vector size 39)
WARNING (gmm-est[5.5.671~1-e5a5a]:MleDiagGmmUpdate():mle-diag-gmm.cc:359) Too little data - removing Gaussian (weight 0.035979, occupation count 9.714271, vector size 39)
WARNING (gmm-est[5.5.671~1-e5a5a]:MleDiagGmmUpdate():mle-diag-gmm.cc:359) Too little data - removing Gaussian (weight 0.028795, occupation count 7.774632, vector size 39)
WARNING (gmm-est[5.5.671~1-e5a5a]:MleDiagGmmUpdate():mle-diag-gmm.cc:359) Too little data - removing Gaussian (weight 0.014303, occupation count 6.965398, vector size 39)
WARNING (gmm-est[5.5.671~1-e5a5a]:MleDiagGmmUpdate():mle-diag-gmm.cc:359) Too little data - removing Gaussian (weight 0.009978, occupation count 4.859432, vector size 39)
WARNING (gmm-est[5.5.671~1-e5a5a]:MleDiagGmmUpdate():mle-diag-gmm.cc:359) Too little data - removing Gaussian (weight 0.016837, occupation count 8.199387, vector size 39)
WARNING (gmm-est[5.5.671~1-e5a5a]:MleDiagGmmUpdate():mle-diag-gmm.cc:359) Too little data - removing Gaussian (weight 0.015788, occupation count 7.688670, vector size 39)
WARNING (gmm-est[5.5.671~1-e5a5a]:MleDiagGmmUpdate():mle-diag-gmm.cc:359) Too little data - removing Gaussian (weight 0.017968, occupation count 8.750531, vector size 39)
WARNING (gmm-est[5.5.671~1-e5a5a]:MleDiagGmmUpdate():mle-diag-gmm.cc:359) Too little data - removing Gaussian (weight 0.015246, occupation count 7.424737, vector size 39)
WARNING (gmm-est[5.5.671~1-e5a5a]:MleDiagGmmUpdate():mle-diag-gmm.cc:359) Too little data - removing Gaussian (weight 0.019636, occupation count 9.562790, vector size 39)
WARNING (gmm-est[5.5.671~1-e5a5a]:MleDiagGmmUpdate():mle-diag-gmm.cc:359) Too little data - removing Gaussian (weight 0.016338, occupation count 4.770650, vector size 39)
WARNING (gmm-est[5.5.671~1-e5a5a]:MleDiagGmmUpdate():mle-diag-gmm.cc:359) Too little data - removing Gaussian (weight 0.026090, occupation count 7.618283, vector size 39)
WARNING (gmm-est[5.5.671~1-e5a5a]:MleDiagGmmUpdate():mle-diag-gmm.cc:359) Too little data - removing Gaussian (weight 0.026833, occupation count 7.835281, vector size 39)
WARNING (gmm-est[5.5.671~1-e5a5a]:MleDiagGmmUpdate():mle-diag-gmm.cc:359) Too little data - removing Gaussian (weight 0.026246, occupation count 7.663765, vector size 39)
WARNING (gmm-est[5.5.671~1-e5a5a]:MleDiagGmmUpdate():mle-diag-gmm.cc:359) Too little data - removing Gaussian (weight 0.021309, occupation count 6.222143, vector size 39)
WARNING (gmm-est[5.5.671~1-e5a5a]:MleDiagGmmUpdate():mle-diag-gmm.cc:359) Too little data - removing Gaussian (weight 0.023773, occupation count 6.941591, vector size 39)
WARNING (gmm-est[5.5.671~1-e5a5a]:MleDiagGmmUpdate():mle-diag-gmm.cc:359) Too little data - removing Gaussian (weight 0.009276, occupation count 2.708469, vector size 39)
WARNING (gmm-est[5.5.671~1-e5a5a]:MleDiagGmmUpdate():mle-diag-gmm.cc:359) Too little data - removing Gaussian (weight 0.020066, occupation count 5.357738, vector size 39)
WARNING (gmm-est[5.5.671~1-e5a5a]:MleDiagGmmUpdate():mle-diag-gmm.cc:359) Too little data - removing Gaussian (weight 0.018949, occupation count 5.059511, vector size 39)
WARNING (gmm-est[5.5.671~1-e5a5a]:MleDiagGmmUpdate():mle-diag-gmm.cc:359) Too little data - removing Gaussian (weight 0.017061, occupation count 4.555271, vector size 39)
WARNING (gmm-est[5.5.671~1-e5a5a]:MleDiagGmmUpdate():mle-diag-gmm.cc:359) Too little data - removing Gaussian (weight 0.020059, occupation count 5.355664, vector size 39)
WARNING (gmm-est[5.5.671~1-e5a5a]:MleDiagGmmUpdate():mle-diag-gmm.cc:359) Too little data - removing Gaussian (weight 0.032248, occupation count 6.643164, vector size 39)
WARNING (gmm-est[5.5.671~1-e5a5a]:MleDiagGmmUpdate():mle-diag-gmm.cc:359) Too little data - removing Gaussian (weight 0.038604, occupation count 7.952417, vector size 39)
WARNING (gmm-est[5.5.671~1-e5a5a]:MleDiagGmmUpdate():mle-diag-gmm.cc:359) Too little data - removing Gaussian (weight 0.044896, occupation count 9.248595, vector size 39)
WARNING (gmm-est[5.5.671~1-e5a5a]:MleDiagGmmUpdate():mle-diag-gmm.cc:359) Too little data - removing Gaussian (weight 0.042653, occupation count 8.786556, vector size 39)
WARNING (gmm-est[5.5.671~1-e5a5a]:MleDiagGmmUpdate():mle-diag-gmm.cc:359) Too little data - removing Gaussian (weight 0.045318, occupation count 9.335467, vector size 39)
WARNING (gmm-est[5.5.671~1-e5a5a]:MleDiagGmmUpdate():mle-diag-gmm.cc:359) Too little data - removing Gaussian (weight 0.053706, occupation count 9.881929, vector size 39)
WARNING (gmm-est[5.5.671~1-e5a5a]:MleDiagGmmUpdate():mle-diag-gmm.cc:359) Too little data - removing Gaussian (weight 0.051795, occupation count 9.530301, vector size 39)
WARNING (gmm-est[5.5.671~1-e5a5a]:MleDiagGmmUpdate():mle-diag-gmm.cc:359) Too little data - removing Gaussian (weight 0.044925, occupation count 9.973249, vector size 39)
WARNING (gmm-est[5.5.671~1-e5a5a]:MleDiagGmmUpdate():mle-diag-gmm.cc:359) Too little data - removing Gaussian (weight 0.022243, occupation count 5.516207, vector size 39)
WARNING (gmm-est[5.5.671~1-e5a5a]:MleDiagGmmUpdate():mle-diag-gmm.cc:359) Too little data - removing Gaussian (weight 0.032058, occupation count 7.950423, vector size 39)
WARNING (gmm-est[5.5.671~1-e5a5a]:MleDiagGmmUpdate():mle-diag-gmm.cc:359) Too little data - removing Gaussian (weight 0.025541, occupation count 9.450211, vector size 39)
WARNING (gmm-est[5.5.671~1-e5a5a]:MleDiagGmmUpdate():mle-diag-gmm.cc:359) Too little data - removing Gaussian (weight 0.026038, occupation count 9.634104, vector size 39)
WARNING (gmm-est[5.5.671~1-e5a5a]:MleDiagGmmUpdate():mle-diag-gmm.cc:359) Too little data - removing Gaussian (weight 0.021140, occupation count 7.821856, vector size 39)
WARNING (gmm-est[5.5.671~1-e5a5a]:MleDiagGmmUpdate():mle-diag-gmm.cc:359) Too little data - removing Gaussian (weight 0.014365, occupation count 6.205667, vector size 39)
WARNING (gmm-est[5.5.671~1-e5a5a]:MleDiagGmmUpdate():mle-diag-gmm.cc:359) Too little data - removing Gaussian (weight 0.014474, occupation count 6.252755, vector size 39)
WARNING (gmm-est[5.5.671~1-e5a5a]:MleDiagGmmUpdate():mle-diag-gmm.cc:359) Too little data - removing Gaussian (weight 0.017160, occupation count 7.412958, vector size 39)
WARNING (gmm-est[5.5.671~1-e5a5a]:MleDiagGmmUpdate():mle-diag-gmm.cc:359) Too little data - removing Gaussian (weight 0.022516, occupation count 9.727055, vector size 39)
WARNING (gmm-est[5.5.671~1-e5a5a]:MleDiagGmmUpdate():mle-diag-gmm.cc:359) Too little data - removing Gaussian (weight 0.015452, occupation count 6.675073, vector size 39)
WARNING (gmm-est[5.5.671~1-e5a5a]:MleDiagGmmUpdate():mle-diag-gmm.cc:359) Too little data - removing Gaussian (weight 0.015383, occupation count 7.322160, vector size 39)
WARNING (gmm-est[5.5.671~1-e5a5a]:MleDiagGmmUpdate():mle-diag-gmm.cc:359) Too little data - removing Gaussian (weight 0.010631, occupation count 5.060379, vector size 39)
WARNING (gmm-est[5.5.671~1-e5a5a]:MleDiagGmmUpdate():mle-diag-gmm.cc:359) Too little data - removing Gaussian (weight 0.017942, occupation count 8.540259, vector size 39)
WARNING (gmm-est[5.5.671~1-e5a5a]:MleDiagGmmUpdate():mle-diag-gmm.cc:359) Too little data - removing Gaussian (weight 0.017535, occupation count 8.346454, vector size 39)
WARNING (gmm-est[5.5.671~1-e5a5a]:MleDiagGmmUpdate():mle-diag-gmm.cc:359) Too little data - removing Gaussian (weight 0.013621, occupation count 6.483385, vector size 39)
WARNING (gmm-est[5.5.671~1-e5a5a]:MleDiagGmmUpdate():mle-diag-gmm.cc:359) Too little data - removing Gaussian (weight 0.008399, occupation count 3.997925, vector size 39)
WARNING (gmm-est[5.5.671~1-e5a5a]:MleDiagGmmUpdate():mle-diag-gmm.cc:359) Too little data - removing Gaussian (weight 0.020858, occupation count 9.928257, vector size 39)
WARNING (gmm-est[5.5.671~1-e5a5a]:MleDiagGmmUpdate():mle-diag-gmm.cc:359) Too little data - removing Gaussian (weight 0.013862, occupation count 5.364759, vector size 39)
WARNING (gmm-est[5.5.671~1-e5a5a]:MleDiagGmmUpdate():mle-diag-gmm.cc:359) Too little data - removing Gaussian (weight 0.009620, occupation count 3.722957, vector size 39)
WARNING (gmm-est[5.5.671~1-e5a5a]:MleDiagGmmUpdate():mle-diag-gmm.cc:359) Too little data - removing Gaussian (weight 0.002868, occupation count 1.110003, vector size 39)
WARNING (gmm-est[5.5.671~1-e5a5a]:MleDiagGmmUpdate():mle-diag-gmm.cc:359) Too little data - removing Gaussian (weight 0.011044, occupation count 4.273983, vector size 39)
WARNING (gmm-est[5.5.671~1-e5a5a]:MleDiagGmmUpdate():mle-diag-gmm.cc:359) Too little data - removing Gaussian (weight 0.023474, occupation count 9.084573, vector size 39)
WARNING (gmm-est[5.5.671~1-e5a5a]:MleDiagGmmUpdate():mle-diag-gmm.cc:359) Too little data - removing Gaussian (weight 0.007035, occupation count 2.722721, vector size 39)
WARNING (gmm-est[5.5.671~1-e5a5a]:MleDiagGmmUpdate():mle-diag-gmm.cc:359) Too little data - removing Gaussian (weight 0.005614, occupation count 2.172548, vector size 39)
WARNING (gmm-est[5.5.671~1-e5a5a]:MleDiagGmmUpdate():mle-diag-gmm.cc:359) Too little data - removing Gaussian (weight 0.006276, occupation count 2.428957, vector size 39)
WARNING (gmm-est[5.5.671~1-e5a5a]:MleDiagGmmUpdate():mle-diag-gmm.cc:359) Too little data - removing Gaussian (weight 0.005343, occupation count 2.067777, vector size 39)
WARNING (gmm-est[5.5.671~1-e5a5a]:MleDiagGmmUpdate():mle-diag-gmm.cc:359) Too little data - removing Gaussian (weight 0.006589, occupation count 2.549751, vector size 39)
WARNING (gmm-est[5.5.671~1-e5a5a]:MleDiagGmmUpdate():mle-diag-gmm.cc:359) Too little data - removing Gaussian (weight 0.010444, occupation count 4.041800, vector size 39)
WARNING (gmm-est[5.5.671~1-e5a5a]:MleDiagGmmUpdate():mle-diag-gmm.cc:359) Too little data - removing Gaussian (weight 0.021779, occupation count 4.116138, vector size 39)
WARNING (gmm-est[5.5.671~1-e5a5a]:MleDiagGmmUpdate():mle-diag-gmm.cc:359) Too little data - removing Gaussian (weight 0.048463, occupation count 9.159528, vector size 39)
WARNING (gmm-est[5.5.671~1-e5a5a]:MleDiagGmmUpdate():mle-diag-gmm.cc:359) Too little data - removing Gaussian (weight 0.051572, occupation count 9.747120, vector size 39)
WARNING (gmm-est[5.5.671~1-e5a5a]:MleDiagGmmUpdate():mle-diag-gmm.cc:359) Too little data - removing Gaussian (weight 0.030015, occupation count 5.672843, vector size 39)
WARNING (gmm-est[5.5.671~1-e5a5a]:MleDiagGmmUpdate():mle-diag-gmm.cc:359) Too little data - removing Gaussian (weight 0.019876, occupation count 8.845015, vector size 39)
WARNING (gmm-est[5.5.671~1-e5a5a]:MleDiagGmmUpdate():mle-diag-gmm.cc:359) Too little data - removing Gaussian (weight 0.015332, occupation count 6.822857, vector size 39)
WARNING (gmm-est[5.5.671~1-e5a5a]:MleDiagGmmUpdate():mle-diag-gmm.cc:359) Too little data - removing Gaussian (weight 0.018903, occupation count 8.411726, vector size 39)
WARNING (gmm-est[5.5.671~1-e5a5a]:MleDiagGmmUpdate():mle-diag-gmm.cc:359) Too little data - removing Gaussian (weight 0.020142, occupation count 8.962999, vector size 39)
WARNING (gmm-est[5.5.671~1-e5a5a]:MleDiagGmmUpdate():mle-diag-gmm.cc:359) Too little data - removing Gaussian (weight 0.013781, occupation count 6.215312, vector size 39)
WARNING (gmm-est[5.5.671~1-e5a5a]:MleDiagGmmUpdate():mle-diag-gmm.cc:359) Too little data - removing Gaussian (weight 0.016523, occupation count 7.451896, vector size 39)
WARNING (gmm-est[5.5.671~1-e5a5a]:MleDiagGmmUpdate():mle-diag-gmm.cc:359) Too little data - removing Gaussian (weight 0.016468, occupation count 7.427098, vector size 39)
WARNING (gmm-est[5.5.671~1-e5a5a]:MleDiagGmmUpdate():mle-diag-gmm.cc:359) Too little data - removing Gaussian (weight 0.016271, occupation count 7.338147, vector size 39)
WARNING (gmm-est[5.5.671~1-e5a5a]:MleDiagGmmUpdate():mle-diag-gmm.cc:359) Too little data - removing Gaussian (weight 0.020768, occupation count 9.366291, vector size 39)
WARNING (gmm-est[5.5.671~1-e5a5a]:MleDiagGmmUpdate():mle-diag-gmm.cc:359) Too little data - removing Gaussian (weight 0.026488, occupation count 9.270727, vector size 39)
WARNING (gmm-est[5.5.671~1-e5a5a]:MleDiagGmmUpdate():mle-diag-gmm.cc:359) Too little data - removing Gaussian (weight 0.047806, occupation count 7.553282, vector size 39)
WARNING (gmm-est[5.5.671~1-e5a5a]:MleDiagGmmUpdate():mle-diag-gmm.cc:359) Too little data - removing Gaussian (weight 0.045155, occupation count 7.134481, vector size 39)
WARNING (gmm-est[5.5.671~1-e5a5a]:MleDiagGmmUpdate():mle-diag-gmm.cc:359) Too little data - removing Gaussian (weight 0.065898, occupation count 8.500899, vector size 39)
WARNING (gmm-est[5.5.671~1-e5a5a]:MleDiagGmmUpdate():mle-diag-gmm.cc:359) Too little data - removing Gaussian (weight 0.018360, occupation count 6.848117, vector size 39)
WARNING (gmm-est[5.5.671~1-e5a5a]:MleDiagGmmUpdate():mle-diag-gmm.cc:359) Too little data - removing Gaussian (weight 0.015964, occupation count 8.332955, vector size 39)
WARNING (gmm-est[5.5.671~1-e5a5a]:MleDiagGmmUpdate():mle-diag-gmm.cc:359) Too little data - removing Gaussian (weight 0.015230, occupation count 7.950320, vector size 39)
WARNING (gmm-est[5.5.671~1-e5a5a]:MleDiagGmmUpdate():mle-diag-gmm.cc:359) Too little data - removing Gaussian (weight 0.015297, occupation count 7.985137, vector size 39)
WARNING (gmm-est[5.5.671~1-e5a5a]:MleDiagGmmUpdate():mle-diag-gmm.cc:359) Too little data - removing Gaussian (weight 0.017227, occupation count 8.992355, vector size 39)
WARNING (gmm-est[5.5.671~1-e5a5a]:MleDiagGmmUpdate():mle-diag-gmm.cc:359) Too little data - removing Gaussian (weight 0.075501, occupation count 9.890631, vector size 39)
WARNING (gmm-est[5.5.671~1-e5a5a]:MleDiagGmmUpdate():mle-diag-gmm.cc:359) Too little data - removing Gaussian (weight 0.020873, occupation count 8.954535, vector size 39)
WARNING (gmm-est[5.5.671~1-e5a5a]:MleDiagGmmUpdate():mle-diag-gmm.cc:359) Too little data - removing Gaussian (weight 0.021202, occupation count 9.095854, vector size 39)
WARNING (gmm-est[5.5.671~1-e5a5a]:MleDiagGmmUpdate():mle-diag-gmm.cc:359) Too little data - removing Gaussian (weight 0.016079, occupation count 6.897869, vector size 39)
WARNING (gmm-est[5.5.671~1-e5a5a]:MleDiagGmmUpdate():mle-diag-gmm.cc:359) Too little data - removing Gaussian (weight 0.021636, occupation count 9.282053, vector size 39)
WARNING (gmm-est[5.5.671~1-e5a5a]:MleDiagGmmUpdate():mle-diag-gmm.cc:359) Too little data - removing Gaussian (weight 0.017013, occupation count 7.298779, vector size 39)
WARNING (gmm-est[5.5.671~1-e5a5a]:MleDiagGmmUpdate():mle-diag-gmm.cc:359) Too little data - removing Gaussian (weight 0.034609, occupation count 4.602965, vector size 39)
WARNING (gmm-est[5.5.671~1-e5a5a]:MleDiagGmmUpdate():mle-diag-gmm.cc:359) Too little data - removing Gaussian (weight 0.017033, occupation count 7.545519, vector size 39)
WARNING (gmm-est[5.5.671~1-e5a5a]:MleDiagGmmUpdate():mle-diag-gmm.cc:359) Too little data - removing Gaussian (weight 0.021227, occupation count 9.403538, vector size 39)
WARNING (gmm-est[5.5.671~1-e5a5a]:MleDiagGmmUpdate():mle-diag-gmm.cc:359) Too little data - removing Gaussian (weight 0.013037, occupation count 5.775525, vector size 39)
WARNING (gmm-est[5.5.671~1-e5a5a]:MleDiagGmmUpdate():mle-diag-gmm.cc:359) Too little data - removing Gaussian (weight 0.029608, occupation count 9.474471, vector size 39)
WARNING (gmm-est[5.5.671~1-e5a5a]:MleDiagGmmUpdate():mle-diag-gmm.cc:359) Too little data - removing Gaussian (weight 0.029441, occupation count 9.421195, vector size 39)
WARNING (gmm-est[5.5.671~1-e5a5a]:MleDiagGmmUpdate():mle-diag-gmm.cc:359) Too little data - removing Gaussian (weight 0.023186, occupation count 7.419584, vector size 39)
WARNING (gmm-est[5.5.671~1-e5a5a]:MleDiagGmmUpdate():mle-diag-gmm.cc:359) Too little data - removing Gaussian (weight 0.027929, occupation count 8.937276, vector size 39)
WARNING (gmm-est[5.5.671~1-e5a5a]:MleDiagGmmUpdate():mle-diag-gmm.cc:359) Too little data - removing Gaussian (weight 0.047698, occupation count 9.110262, vector size 39)
WARNING (gmm-est[5.5.671~1-e5a5a]:MleDiagGmmUpdate():mle-diag-gmm.cc:359) Too little data - removing Gaussian (weight 0.046191, occupation count 9.238232, vector size 39)
WARNING (gmm-est[5.5.671~1-e5a5a]:MleDiagGmmUpdate():mle-diag-gmm.cc:359) Too little data - removing Gaussian (weight 0.048331, occupation count 9.666176, vector size 39)
WARNING (gmm-est[5.5.671~1-e5a5a]:MleDiagGmmUpdate():mle-diag-gmm.cc:359) Too little data - removing Gaussian (weight 0.016758, occupation count 3.720230, vector size 39)
WARNING (gmm-est[5.5.671~1-e5a5a]:MleDiagGmmUpdate():mle-diag-gmm.cc:359) Too little data - removing Gaussian (weight 0.026392, occupation count 9.078881, vector size 39)
WARNING (gmm-est[5.5.671~1-e5a5a]:MleDiagGmmUpdate():mle-diag-gmm.cc:359) Too little data - removing Gaussian (weight 0.021569, occupation count 7.419903, vector size 39)
WARNING (gmm-est[5.5.671~1-e5a5a]:MleDiagGmmUpdate():mle-diag-gmm.cc:359) Too little data - removing Gaussian (weight 0.019681, occupation count 6.770311, vector size 39)
WARNING (gmm-est[5.5.671~1-e5a5a]:MleDiagGmmUpdate():mle-diag-gmm.cc:359) Too little data - removing Gaussian (weight 0.015222, occupation count 5.236389, vector size 39)
WARNING (gmm-est[5.5.671~1-e5a5a]:MleDiagGmmUpdate():mle-diag-gmm.cc:359) Too little data - removing Gaussian (weight 0.017000, occupation count 5.848033, vector size 39)
WARNING (gmm-est[5.5.671~1-e5a5a]:MleDiagGmmUpdate():mle-diag-gmm.cc:359) Too little data - removing Gaussian (weight 0.017631, occupation count 6.064938, vector size 39)
WARNING (gmm-est[5.5.671~1-e5a5a]:MleDiagGmmUpdate():mle-diag-gmm.cc:359) Too little data - removing Gaussian (weight 0.024580, occupation count 8.455570, vector size 39)
WARNING (gmm-est[5.5.671~1-e5a5a]:MleDiagGmmUpdate():mle-diag-gmm.cc:359) Too little data - removing Gaussian (weight 0.032259, occupation count 9.484019, vector size 39)
WARNING (gmm-est[5.5.671~1-e5a5a]:MleDiagGmmUpdate():mle-diag-gmm.cc:359) Too little data - removing Gaussian (weight 0.031991, occupation count 9.405407, vector size 39)
WARNING (gmm-est[5.5.671~1-e5a5a]:MleDiagGmmUpdate():mle-diag-gmm.cc:359) Too little data - removing Gaussian (weight 0.008054, occupation count 8.626135, vector size 39)
WARNING (gmm-est[5.5.671~1-e5a5a]:MleDiagGmmUpdate():mle-diag-gmm.cc:359) Too little data - removing Gaussian (weight 0.007601, occupation count 8.140350, vector size 39)
WARNING (gmm-est[5.5.671~1-e5a5a]:MleDiagGmmUpdate():mle-diag-gmm.cc:359) Too little data - removing Gaussian (weight 0.007009, occupation count 7.506399, vector size 39)
WARNING (gmm-est[5.5.671~1-e5a5a]:MleDiagGmmUpdate():mle-diag-gmm.cc:359) Too little data - removing Gaussian (weight 0.007208, occupation count 7.719355, vector size 39)
WARNING (gmm-est[5.5.671~1-e5a5a]:MleDiagGmmUpdate():mle-diag-gmm.cc:359) Too little data - removing Gaussian (weight 0.008566, occupation count 9.174016, vector size 39)
WARNING (gmm-est[5.5.671~1-e5a5a]:MleDiagGmmUpdate():mle-diag-gmm.cc:359) Too little data - removing Gaussian (weight 0.007797, occupation count 8.350657, vector size 39)
WARNING (gmm-est[5.5.671~1-e5a5a]:MleDiagGmmUpdate():mle-diag-gmm.cc:359) Too little data - removing Gaussian (weight 0.005368, occupation count 5.748703, vector size 39)
WARNING (gmm-est[5.5.671~1-e5a5a]:MleDiagGmmUpdate():mle-diag-gmm.cc:359) Too little data - removing Gaussian (weight 0.008126, occupation count 8.702656, vector size 39)
WARNING (gmm-est[5.5.671~1-e5a5a]:MleDiagGmmUpdate():mle-diag-gmm.cc:359) Too little data - removing Gaussian (weight 0.009129, occupation count 9.777694, vector size 39)
WARNING (gmm-est[5.5.671~1-e5a5a]:MleDiagGmmUpdate():mle-diag-gmm.cc:359) Too little data - removing Gaussian (weight 0.006794, occupation count 7.276697, vector size 39)
WARNING (gmm-est[5.5.671~1-e5a5a]:MleDiagGmmUpdate():mle-diag-gmm.cc:359) Too little data - removing Gaussian (weight 0.009194, occupation count 9.847150, vector size 39)
WARNING (gmm-est[5.5.671~1-e5a5a]:MleDiagGmmUpdate():mle-diag-gmm.cc:359) Too little data - removing Gaussian (weight 0.006879, occupation count 7.367110, vector size 39)
WARNING (gmm-est[5.5.671~1-e5a5a]:MleDiagGmmUpdate():mle-diag-gmm.cc:359) Too little data - removing Gaussian (weight 0.008455, occupation count 9.055089, vector size 39)
WARNING (gmm-est[5.5.671~1-e5a5a]:MleDiagGmmUpdate():mle-diag-gmm.cc:359) Too little data - removing Gaussian (weight 0.007238, occupation count 7.751396, vector size 39)
WARNING (gmm-est[5.5.671~1-e5a5a]:MleDiagGmmUpdate():mle-diag-gmm.cc:359) Too little data - removing Gaussian (weight 0.010115, occupation count 5.300472, vector size 39)
WARNING (gmm-est[5.5.671~1-e5a5a]:MleDiagGmmUpdate():mle-diag-gmm.cc:359) Too little data - removing Gaussian (weight 0.012658, occupation count 6.632694, vector size 39)
WARNING (gmm-est[5.5.671~1-e5a5a]:MleDiagGmmUpdate():mle-diag-gmm.cc:359) Too little data - removing Gaussian (weight 0.008526, occupation count 4.467803, vector size 39)
WARNING (gmm-est[5.5.671~1-e5a5a]:MleDiagGmmUpdate():mle-diag-gmm.cc:359) Too little data - removing Gaussian (weight 0.008198, occupation count 4.295962, vector size 39)
WARNING (gmm-est[5.5.671~1-e5a5a]:MleDiagGmmUpdate():mle-diag-gmm.cc:359) Too little data - removing Gaussian (weight 0.007545, occupation count 3.953359, vector size 39)
WARNING (gmm-est[5.5.671~1-e5a5a]:MleDiagGmmUpdate():mle-diag-gmm.cc:359) Too little data - removing Gaussian (weight 0.010598, occupation count 5.553450, vector size 39)
WARNING (gmm-est[5.5.671~1-e5a5a]:MleDiagGmmUpdate():mle-diag-gmm.cc:359) Too little data - removing Gaussian (weight 0.012928, occupation count 6.774471, vector size 39)
WARNING (gmm-est[5.5.671~1-e5a5a]:MleDiagGmmUpdate():mle-diag-gmm.cc:359) Too little data - removing Gaussian (weight 0.011376, occupation count 5.961041, vector size 39)
WARNING (gmm-est[5.5.671~1-e5a5a]:MleDiagGmmUpdate():mle-diag-gmm.cc:359) Too little data - removing Gaussian (weight 0.006652, occupation count 3.485541, vector size 39)
WARNING (gmm-est[5.5.671~1-e5a5a]:MleDiagGmmUpdate():mle-diag-gmm.cc:359) Too little data - removing Gaussian (weight 0.011842, occupation count 6.205442, vector size 39)
WARNING (gmm-est[5.5.671~1-e5a5a]:MleDiagGmmUpdate():mle-diag-gmm.cc:359) Too little data - removing Gaussian (weight 0.010850, occupation count 5.685524, vector size 39)
WARNING (gmm-est[5.5.671~1-e5a5a]:MleDiagGmmUpdate():mle-diag-gmm.cc:359) Too little data - removing Gaussian (weight 0.004821, occupation count 2.526096, vector size 39)
WARNING (gmm-est[5.5.671~1-e5a5a]:MleDiagGmmUpdate():mle-diag-gmm.cc:359) Too little data - removing Gaussian (weight 0.005412, occupation count 2.835973, vector size 39)
WARNING (gmm-est[5.5.671~1-e5a5a]:MleDiagGmmUpdate():mle-diag-gmm.cc:359) Too little data - removing Gaussian (weight 0.025567, occupation count 8.462539, vector size 39)
WARNING (gmm-est[5.5.671~1-e5a5a]:MleDiagGmmUpdate():mle-diag-gmm.cc:359) Too little data - removing Gaussian (weight 0.016217, occupation count 5.367785, vector size 39)
WARNING (gmm-est[5.5.671~1-e5a5a]:MleDiagGmmUpdate():mle-diag-gmm.cc:359) Too little data - removing Gaussian (weight 0.011644, occupation count 3.854053, vector size 39)
WARNING (gmm-est[5.5.671~1-e5a5a]:MleDiagGmmUpdate():mle-diag-gmm.cc:359) Too little data - removing Gaussian (weight 0.014359, occupation count 4.752713, vector size 39)
WARNING (gmm-est[5.5.671~1-e5a5a]:MleDiagGmmUpdate():mle-diag-gmm.cc:359) Too little data - removing Gaussian (weight 0.015759, occupation count 5.216115, vector size 39)
WARNING (gmm-est[5.5.671~1-e5a5a]:MleDiagGmmUpdate():mle-diag-gmm.cc:359) Too little data - removing Gaussian (weight 0.017291, occupation count 5.723344, vector size 39)
WARNING (gmm-est[5.5.671~1-e5a5a]:MleDiagGmmUpdate():mle-diag-gmm.cc:359) Too little data - removing Gaussian (weight 0.054752, occupation count 7.884340, vector size 39)
WARNING (gmm-est[5.5.671~1-e5a5a]:MleDiagGmmUpdate():mle-diag-gmm.cc:359) Too little data - removing Gaussian (weight 0.040874, occupation count 5.885831, vector size 39)
WARNING (gmm-est[5.5.671~1-e5a5a]:MleDiagGmmUpdate():mle-diag-gmm.cc:359) Too little data - removing Gaussian (weight 0.044936, occupation count 6.470804, vector size 39)
WARNING (gmm-est[5.5.671~1-e5a5a]:MleDiagGmmUpdate():mle-diag-gmm.cc:359) Too little data - removing Gaussian (weight 0.030724, occupation count 8.418242, vector size 39)
WARNING (gmm-est[5.5.671~1-e5a5a]:MleDiagGmmUpdate():mle-diag-gmm.cc:359) Too little data - removing Gaussian (weight 0.064730, occupation count 7.767638, vector size 39)
WARNING (gmm-est[5.5.671~1-e5a5a]:MleDiagGmmUpdate():mle-diag-gmm.cc:359) Too little data - removing Gaussian (weight 0.054679, occupation count 9.896845, vector size 39)
WARNING (gmm-est[5.5.671~1-e5a5a]:MleDiagGmmUpdate():mle-diag-gmm.cc:359) Too little data - removing Gaussian (weight 0.054998, occupation count 9.954603, vector size 39)
WARNING (gmm-est[5.5.671~1-e5a5a]:MleDiagGmmUpdate():mle-diag-gmm.cc:359) Too little data - removing Gaussian (weight 0.056513, occupation count 9.889845, vector size 39)
WARNING (gmm-est[5.5.671~1-e5a5a]:MleDiagGmmUpdate():mle-diag-gmm.cc:359) Too little data - removing Gaussian (weight 0.031424, occupation count 5.499138, vector size 39)
WARNING (gmm-est[5.5.671~1-e5a5a]:MleDiagGmmUpdate():mle-diag-gmm.cc:359) Too little data - removing Gaussian (weight 0.046558, occupation count 8.147578, vector size 39)
WARNING (gmm-est[5.5.671~1-e5a5a]:MleDiagGmmUpdate():mle-diag-gmm.cc:359) Too little data - removing Gaussian (weight 0.035651, occupation count 6.238970, vector size 39)
WARNING (gmm-est[5.5.671~1-e5a5a]:MleDiagGmmUpdate():mle-diag-gmm.cc:359) Too little data - removing Gaussian (weight 0.009709, occupation count 2.864171, vector size 39)
WARNING (gmm-est[5.5.671~1-e5a5a]:MleDiagGmmUpdate():mle-diag-gmm.cc:359) Too little data - removing Gaussian (weight 0.003909, occupation count 1.153116, vector size 39)
WARNING (gmm-est[5.5.671~1-e5a5a]:MleDiagGmmUpdate():mle-diag-gmm.cc:359) Too little data - removing Gaussian (weight 0.007816, occupation count 2.305728, vector size 39)
WARNING (gmm-est[5.5.671~1-e5a5a]:MleDiagGmmUpdate():mle-diag-gmm.cc:359) Too little data - removing Gaussian (weight 0.013187, occupation count 3.890052, vector size 39)
WARNING (gmm-est[5.5.671~1-e5a5a]:MleDiagGmmUpdate():mle-diag-gmm.cc:359) Too little data - removing Gaussian (weight 0.009610, occupation count 2.835053, vector size 39)
WARNING (gmm-est[5.5.671~1-e5a5a]:MleDiagGmmUpdate():mle-diag-gmm.cc:359) Too little data - removing Gaussian (weight 0.017020, occupation count 5.020852, vector size 39)
WARNING (gmm-est[5.5.671~1-e5a5a]:MleDiagGmmUpdate():mle-diag-gmm.cc:359) Too little data - removing Gaussian (weight 0.021810, occupation count 5.539810, vector size 39)
WARNING (gmm-est[5.5.671~1-e5a5a]:MleDiagGmmUpdate():mle-diag-gmm.cc:359) Too little data - removing Gaussian (weight 0.064175, occupation count 7.251719, vector size 39)
WARNING (gmm-est[5.5.671~1-e5a5a]:MleDiagGmmUpdate():mle-diag-gmm.cc:359) Too little data - removing Gaussian (weight 0.032649, occupation count 7.346081, vector size 39)
WARNING (gmm-est[5.5.671~1-e5a5a]:MleDiagGmmUpdate():mle-diag-gmm.cc:359) Too little data - removing Gaussian (weight 0.042335, occupation count 9.525364, vector size 39)
WARNING (gmm-est[5.5.671~1-e5a5a]:MleDiagGmmUpdate():mle-diag-gmm.cc:359) Too little data - removing Gaussian (weight 0.036475, occupation count 8.206847, vector size 39)
WARNING (gmm-est[5.5.671~1-e5a5a]:MleDiagGmmUpdate():mle-diag-gmm.cc:359) Too little data - removing Gaussian (weight 0.030616, occupation count 6.888515, vector size 39)
WARNING (gmm-est[5.5.671~1-e5a5a]:MleDiagGmmUpdate():mle-diag-gmm.cc:359) Too little data - removing Gaussian (weight 0.049510, occupation count 9.357406, vector size 39)
WARNING (gmm-est[5.5.671~1-e5a5a]:MleDiagGmmUpdate():mle-diag-gmm.cc:359) Too little data - removing Gaussian (weight 0.028499, occupation count 5.386371, vector size 39)
WARNING (gmm-est[5.5.671~1-e5a5a]:MleDiagGmmUpdate():mle-diag-gmm.cc:359) Too little data - removing Gaussian (weight 0.023628, occupation count 9.829399, vector size 39)
WARNING (gmm-est[5.5.671~1-e5a5a]:MleDiagGmmUpdate():mle-diag-gmm.cc:359) Too little data - removing Gaussian (weight 0.007393, occupation count 3.600500, vector size 39)
WARNING (gmm-est[5.5.671~1-e5a5a]:MleDiagGmmUpdate():mle-diag-gmm.cc:359) Too little data - removing Gaussian (weight 0.012073, occupation count 5.879494, vector size 39)
WARNING (gmm-est[5.5.671~1-e5a5a]:MleDiagGmmUpdate():mle-diag-gmm.cc:359) Too little data - removing Gaussian (weight 0.008650, occupation count 4.212730, vector size 39)
WARNING (gmm-est[5.5.671~1-e5a5a]:MleDiagGmmUpdate():mle-diag-gmm.cc:359) Too little data - removing Gaussian (weight 0.008829, occupation count 4.299654, vector size 39)
WARNING (gmm-est[5.5.671~1-e5a5a]:MleDiagGmmUpdate():mle-diag-gmm.cc:359) Too little data - removing Gaussian (weight 0.007154, occupation count 3.483805, vector size 39)
WARNING (gmm-est[5.5.671~1-e5a5a]:MleDiagGmmUpdate():mle-diag-gmm.cc:359) Too little data - removing Gaussian (weight 0.016250, occupation count 7.913747, vector size 39)
WARNING (gmm-est[5.5.671~1-e5a5a]:MleDiagGmmUpdate():mle-diag-gmm.cc:359) Too little data - removing Gaussian (weight 0.017624, occupation count 8.582675, vector size 39)
WARNING (gmm-est[5.5.671~1-e5a5a]:MleDiagGmmUpdate():mle-diag-gmm.cc:359) Too little data - removing Gaussian (weight 0.018374, occupation count 8.948256, vector size 39)
WARNING (gmm-est[5.5.671~1-e5a5a]:MleDiagGmmUpdate():mle-diag-gmm.cc:359) Too little data - removing Gaussian (weight 0.018834, occupation count 9.172064, vector size 39)
WARNING (gmm-est[5.5.671~1-e5a5a]:MleDiagGmmUpdate():mle-diag-gmm.cc:359) Too little data - removing Gaussian (weight 0.005672, occupation count 2.762347, vector size 39)
WARNING (gmm-est[5.5.671~1-e5a5a]:MleDiagGmmUpdate():mle-diag-gmm.cc:359) Too little data - removing Gaussian (weight 0.012811, occupation count 6.238917, vector size 39)
WARNING (gmm-est[5.5.671~1-e5a5a]:MleDiagGmmUpdate():mle-diag-gmm.cc:359) Too little data - removing Gaussian (weight 0.023002, occupation count 9.637910, vector size 39)
LOG (gmm-est[5.5.671~1-e5a5a]:MleAmDiagGmmUpdate():mle-am-diag-gmm.cc:225) 0 variance elements floored in 0 Gaussians, out of 1111
LOG (gmm-est[5.5.671~1-e5a5a]:MleAmDiagGmmUpdate():mle-am-diag-gmm.cc:229) Removed 188 Gaussians due to counts < --min-gaussian-occupancy=10 and --remove-low-count-gaussians=true
LOG (gmm-est[5.5.671~1-e5a5a]:main():gmm-est.cc:113) GMM update: Overall 1.66611 objective function improvement per frame over 26833 frames
LOG (gmm-est[5.5.671~1-e5a5a]:main():gmm-est.cc:116) GMM update: Overall avg like per frame = -90.3472 over 26833 frames.
WARNING (gmm-est[5.5.671~1-e5a5a]:GetSplitTargets():model-common.cc:134) Could not split up to 2720 due to min-count = 20 (or no counts at all)

LOG (gmm-est[5.5.671~1-e5a5a]:SplitByCount():am-diag-gmm.cc:116) Split 88 states with target = 2720, power = 0.25, perturb_factor = 0.01 and min_count = 20, split #Gauss from 1111 to 1299
LOG (gmm-est[5.5.671~1-e5a5a]:main():gmm-est.cc:146) Written model to exp/tri1/4.mdl
# Accounting: time=0 threads=1
# Ended (code 0) at Sat Apr 11 03:17:00 PDT 2020, elapsed time 0 seconds
