# lattice-best-path --lm-scale=8 --word-symbol-table=exp/tri1/graph/words.txt "ark:gunzip -c exp/tri1/decode/lat.*.gz|" ark,t:exp/tri1/decode/scoring/8.tra 
# Started at Mon Apr 20 02:21:41 PDT 2020
#
lattice-best-path --lm-scale=8 --word-symbol-table=exp/tri1/graph/words.txt 'ark:gunzip -c exp/tri1/decode/lat.*.gz|' ark,t:exp/tri1/decode/scoring/8.tra 
LOG (lattice-best-path[5.5.671~1-e5a5a]:main():lattice-best-path.cc:99) For utterance viet_0_40, best cost 59.2126 + 4371.99 = 4431.2 over 48 frames.
viet_0_40 khong 
LOG (lattice-best-path[5.5.671~1-e5a5a]:main():lattice-best-path.cc:99) For utterance viet_0_41, best cost 59.2131 + 4818.53 = 4877.74 over 52 frames.
viet_0_41 khong 
LOG (lattice-best-path[5.5.671~1-e5a5a]:main():lattice-best-path.cc:99) For utterance viet_0_42, best cost 59.7493 + 5091.44 = 5151.19 over 54 frames.
viet_0_42 khong 
LOG (lattice-best-path[5.5.671~1-e5a5a]:main():lattice-best-path.cc:99) For utterance viet_0_43, best cost 59.5599 + 4886.93 = 4946.49 over 53 frames.
viet_0_43 khong 
LOG (lattice-best-path[5.5.671~1-e5a5a]:main():lattice-best-path.cc:99) For utterance viet_0_44, best cost 58.3572 + 4323.19 = 4381.54 over 48 frames.
viet_0_44 khong 
LOG (lattice-best-path[5.5.671~1-e5a5a]:main():lattice-best-path.cc:99) For utterance viet_0_45, best cost 59.5136 + 5102.26 = 5161.77 over 55 frames.
viet_0_45 khong 
LOG (lattice-best-path[5.5.671~1-e5a5a]:main():lattice-best-path.cc:99) For utterance viet_0_46, best cost 69.447 + 5694.56 = 5764 over 61 frames.
viet_0_46 khong 
LOG (lattice-best-path[5.5.671~1-e5a5a]:main():lattice-best-path.cc:99) For utterance viet_0_47, best cost 58.4246 + 4385.32 = 4443.74 over 49 frames.
viet_0_47 khong 
LOG (lattice-best-path[5.5.671~1-e5a5a]:main():lattice-best-path.cc:99) For utterance viet_0_48, best cost 58.7468 + 4391.58 = 4450.32 over 48 frames.
viet_0_48 khong 
LOG (lattice-best-path[5.5.671~1-e5a5a]:main():lattice-best-path.cc:99) For utterance viet_0_49, best cost 58.5691 + 4106.11 = 4164.68 over 44 frames.
viet_0_49 khong 
LOG (lattice-best-path[5.5.671~1-e5a5a]:main():lattice-best-path.cc:99) For utterance viet_1_40, best cost 56.9513 + 3384.73 = 3441.68 over 34 frames.
viet_1_40 mot 
LOG (lattice-best-path[5.5.671~1-e5a5a]:main():lattice-best-path.cc:99) For utterance viet_1_41, best cost 55.3856 + 2896.19 = 2951.58 over 30 frames.
viet_1_41 mot 
LOG (lattice-best-path[5.5.671~1-e5a5a]:main():lattice-best-path.cc:99) For utterance viet_1_42, best cost 71.9047 + 9305.07 = 9376.97 over 102 frames.
viet_1_42 mot 
LOG (lattice-best-path[5.5.671~1-e5a5a]:main():lattice-best-path.cc:99) For utterance viet_1_43, best cost 68.437 + 6349.67 = 6418.1 over 74 frames.
viet_1_43 mot 
LOG (lattice-best-path[5.5.671~1-e5a5a]:main():lattice-best-path.cc:99) For utterance viet_1_44, best cost 54.6333 + 2497.58 = 2552.21 over 28 frames.
viet_1_44 mot 
LOG (lattice-best-path[5.5.671~1-e5a5a]:main():lattice-best-path.cc:99) For utterance viet_1_45, best cost 56.5127 + 3238.11 = 3294.63 over 36 frames.
viet_1_45 mot 
LOG (lattice-best-path[5.5.671~1-e5a5a]:main():lattice-best-path.cc:99) For utterance viet_1_46, best cost 55.8997 + 2801.3 = 2857.2 over 32 frames.
viet_1_46 mot 
LOG (lattice-best-path[5.5.671~1-e5a5a]:main():lattice-best-path.cc:99) For utterance viet_1_47, best cost 55.5862 + 2949.67 = 3005.26 over 32 frames.
viet_1_47 mot 
LOG (lattice-best-path[5.5.671~1-e5a5a]:main():lattice-best-path.cc:99) For utterance viet_1_48, best cost 54.5972 + 2428.97 = 2483.57 over 26 frames.
viet_1_48 mot 
LOG (lattice-best-path[5.5.671~1-e5a5a]:main():lattice-best-path.cc:99) For utterance viet_1_49, best cost 55.6755 + 2604.84 = 2660.51 over 30 frames.
viet_1_49 mot 
LOG (lattice-best-path[5.5.671~1-e5a5a]:main():lattice-best-path.cc:99) For utterance viet_2_40, best cost 57.1729 + 4306.96 = 4364.14 over 50 frames.
viet_2_40 hai 
LOG (lattice-best-path[5.5.671~1-e5a5a]:main():lattice-best-path.cc:99) For utterance viet_2_41, best cost 57.8165 + 5673.7 = 5731.52 over 56 frames.
viet_2_41 hai 
LOG (lattice-best-path[5.5.671~1-e5a5a]:main():lattice-best-path.cc:99) For utterance viet_2_42, best cost 57.1732 + 4705.87 = 4763.05 over 54 frames.
viet_2_42 hai 
LOG (lattice-best-path[5.5.671~1-e5a5a]:main():lattice-best-path.cc:99) For utterance viet_2_43, best cost 57.4174 + 4690.3 = 4747.71 over 50 frames.
viet_2_43 hai 
LOG (lattice-best-path[5.5.671~1-e5a5a]:main():lattice-best-path.cc:99) For utterance viet_2_44, best cost 68.2047 + 5809.92 = 5878.13 over 61 frames.
viet_2_44 hai 
LOG (lattice-best-path[5.5.671~1-e5a5a]:main():lattice-best-path.cc:99) For utterance viet_2_45, best cost 57.5463 + 4829 = 4886.54 over 52 frames.
viet_2_45 hai 
LOG (lattice-best-path[5.5.671~1-e5a5a]:main():lattice-best-path.cc:99) For utterance viet_2_46, best cost 58.0786 + 4943.5 = 5001.58 over 52 frames.
viet_2_46 hai 
LOG (lattice-best-path[5.5.671~1-e5a5a]:main():lattice-best-path.cc:99) For utterance viet_2_47, best cost 57.7932 + 4667.4 = 4725.19 over 51 frames.
viet_2_47 hai 
LOG (lattice-best-path[5.5.671~1-e5a5a]:main():lattice-best-path.cc:99) For utterance viet_2_48, best cost 66.7783 + 5684.18 = 5750.96 over 66 frames.
viet_2_48 hai 
LOG (lattice-best-path[5.5.671~1-e5a5a]:main():lattice-best-path.cc:99) For utterance viet_2_49, best cost 56.8102 + 4505.76 = 4562.57 over 52 frames.
viet_2_49 hai 
LOG (lattice-best-path[5.5.671~1-e5a5a]:main():lattice-best-path.cc:99) For utterance viet_3_40, best cost 63.1783 + 4409.21 = 4472.38 over 50 frames.
viet_3_40 ba 
LOG (lattice-best-path[5.5.671~1-e5a5a]:main():lattice-best-path.cc:99) For utterance viet_3_41, best cost 55.7737 + 4524.58 = 4580.35 over 51 frames.
viet_3_41 ba 
LOG (lattice-best-path[5.5.671~1-e5a5a]:main():lattice-best-path.cc:99) For utterance viet_3_42, best cost 70.7972 + 11475.4 = 11546.2 over 134 frames.
viet_3_42 ba 
LOG (lattice-best-path[5.5.671~1-e5a5a]:main():lattice-best-path.cc:99) For utterance viet_3_43, best cost 55.1768 + 4352.67 = 4407.85 over 49 frames.
viet_3_43 ba 
LOG (lattice-best-path[5.5.671~1-e5a5a]:main():lattice-best-path.cc:99) For utterance viet_3_44, best cost 55.125 + 4355.6 = 4410.73 over 49 frames.
viet_3_44 ba 
LOG (lattice-best-path[5.5.671~1-e5a5a]:main():lattice-best-path.cc:99) For utterance viet_3_45, best cost 68.2296 + 9646.21 = 9714.44 over 113 frames.
viet_3_45 ba 
LOG (lattice-best-path[5.5.671~1-e5a5a]:main():lattice-best-path.cc:99) For utterance viet_3_46, best cost 68.1371 + 7122.11 = 7190.25 over 84 frames.
viet_3_46 ba 
LOG (lattice-best-path[5.5.671~1-e5a5a]:main():lattice-best-path.cc:99) For utterance viet_3_47, best cost 54.2242 + 4302.79 = 4357.01 over 49 frames.
viet_3_47 ba 
LOG (lattice-best-path[5.5.671~1-e5a5a]:main():lattice-best-path.cc:99) For utterance viet_3_48, best cost 54.7929 + 4735.99 = 4790.79 over 52 frames.
viet_3_48 ba 
LOG (lattice-best-path[5.5.671~1-e5a5a]:main():lattice-best-path.cc:99) For utterance viet_3_49, best cost 53.9935 + 3958.83 = 4012.82 over 45 frames.
viet_3_49 ba 
LOG (lattice-best-path[5.5.671~1-e5a5a]:main():lattice-best-path.cc:99) For utterance viet_4_40, best cost 58.6608 + 4419.71 = 4478.37 over 50 frames.
viet_4_40 bon 
LOG (lattice-best-path[5.5.671~1-e5a5a]:main():lattice-best-path.cc:99) For utterance viet_4_41, best cost 76.7222 + 5770.84 = 5847.57 over 65 frames.
viet_4_41 bon 
LOG (lattice-best-path[5.5.671~1-e5a5a]:main():lattice-best-path.cc:99) For utterance viet_4_42, best cost 58.9973 + 4705.74 = 4764.74 over 50 frames.
viet_4_42 bon 
LOG (lattice-best-path[5.5.671~1-e5a5a]:main():lattice-best-path.cc:99) For utterance viet_4_43, best cost 67.9042 + 5226.83 = 5294.73 over 56 frames.
viet_4_43 bon 
LOG (lattice-best-path[5.5.671~1-e5a5a]:main():lattice-best-path.cc:99) For utterance viet_4_44, best cost 57.8748 + 4079.36 = 4137.24 over 44 frames.
viet_4_44 bon 
LOG (lattice-best-path[5.5.671~1-e5a5a]:main():lattice-best-path.cc:99) For utterance viet_4_45, best cost 59.1343 + 4461.1 = 4520.23 over 49 frames.
viet_4_45 bon 
LOG (lattice-best-path[5.5.671~1-e5a5a]:main():lattice-best-path.cc:99) For utterance viet_4_46, best cost 72.527 + 6294.45 = 6366.98 over 69 frames.
viet_4_46 bon 
LOG (lattice-best-path[5.5.671~1-e5a5a]:main():lattice-best-path.cc:99) For utterance viet_4_47, best cost 71.8568 + 9394.71 = 9466.56 over 108 frames.
viet_4_47 bon 
LOG (lattice-best-path[5.5.671~1-e5a5a]:main():lattice-best-path.cc:99) For utterance viet_4_48, best cost 67.6761 + 4497.66 = 4565.34 over 52 frames.
viet_4_48 bon 
LOG (lattice-best-path[5.5.671~1-e5a5a]:main():lattice-best-path.cc:99) For utterance viet_4_49, best cost 58.4065 + 4520.5 = 4578.91 over 48 frames.
viet_4_49 bon 
LOG (lattice-best-path[5.5.671~1-e5a5a]:main():lattice-best-path.cc:99) For utterance viet_5_40, best cost 68.5342 + 4880.32 = 4948.86 over 52 frames.
viet_5_40 nam 
LOG (lattice-best-path[5.5.671~1-e5a5a]:main():lattice-best-path.cc:99) For utterance viet_5_41, best cost 58.632 + 4492.17 = 4550.8 over 47 frames.
viet_5_41 nam 
LOG (lattice-best-path[5.5.671~1-e5a5a]:main():lattice-best-path.cc:99) For utterance viet_5_42, best cost 58.496 + 4328.46 = 4386.95 over 49 frames.
viet_5_42 nam 
LOG (lattice-best-path[5.5.671~1-e5a5a]:main():lattice-best-path.cc:99) For utterance viet_5_43, best cost 59.1056 + 4789.27 = 4848.37 over 49 frames.
viet_5_43 nam 
LOG (lattice-best-path[5.5.671~1-e5a5a]:main():lattice-best-path.cc:99) For utterance viet_5_44, best cost 59.2891 + 4329.29 = 4388.58 over 51 frames.
viet_5_44 nam 
LOG (lattice-best-path[5.5.671~1-e5a5a]:main():lattice-best-path.cc:99) For utterance viet_5_45, best cost 68.9379 + 4895.12 = 4964.06 over 51 frames.
viet_5_45 nam 
LOG (lattice-best-path[5.5.671~1-e5a5a]:main():lattice-best-path.cc:99) For utterance viet_5_46, best cost 58.9835 + 4024.21 = 4083.19 over 44 frames.
viet_5_46 nam 
LOG (lattice-best-path[5.5.671~1-e5a5a]:main():lattice-best-path.cc:99) For utterance viet_5_47, best cost 58.7443 + 4112.34 = 4171.08 over 46 frames.
viet_5_47 nam 
LOG (lattice-best-path[5.5.671~1-e5a5a]:main():lattice-best-path.cc:99) For utterance viet_5_48, best cost 58.7612 + 4247.06 = 4305.82 over 47 frames.
viet_5_48 nam 
LOG (lattice-best-path[5.5.671~1-e5a5a]:main():lattice-best-path.cc:99) For utterance viet_5_49, best cost 59.74 + 4047.01 = 4106.75 over 47 frames.
viet_5_49 nam 
LOG (lattice-best-path[5.5.671~1-e5a5a]:main():lattice-best-path.cc:99) For utterance viet_6_40, best cost 59.8641 + 4474.61 = 4534.48 over 52 frames.
viet_6_40 sau 
LOG (lattice-best-path[5.5.671~1-e5a5a]:main():lattice-best-path.cc:99) For utterance viet_6_41, best cost 73.2779 + 9370.97 = 9444.25 over 114 frames.
viet_6_41 sau 
LOG (lattice-best-path[5.5.671~1-e5a5a]:main():lattice-best-path.cc:99) For utterance viet_6_42, best cost 70.6936 + 4866.76 = 4937.46 over 57 frames.
viet_6_42 sau 
LOG (lattice-best-path[5.5.671~1-e5a5a]:main():lattice-best-path.cc:99) For utterance viet_6_43, best cost 61.0255 + 4530.28 = 4591.31 over 53 frames.
viet_6_43 sau 
LOG (lattice-best-path[5.5.671~1-e5a5a]:main():lattice-best-path.cc:99) For utterance viet_6_44, best cost 59.8465 + 4579.23 = 4639.08 over 52 frames.
viet_6_44 sau 
LOG (lattice-best-path[5.5.671~1-e5a5a]:main():lattice-best-path.cc:99) For utterance viet_6_45, best cost 70.1632 + 6685.84 = 6756 over 71 frames.
viet_6_45 sau 
LOG (lattice-best-path[5.5.671~1-e5a5a]:main():lattice-best-path.cc:99) For utterance viet_6_46, best cost 75.8741 + 8224.57 = 8300.44 over 95 frames.
viet_6_46 sau 
LOG (lattice-best-path[5.5.671~1-e5a5a]:main():lattice-best-path.cc:99) For utterance viet_6_47, best cost 60.2718 + 4670.31 = 4730.58 over 53 frames.
viet_6_47 sau 
LOG (lattice-best-path[5.5.671~1-e5a5a]:main():lattice-best-path.cc:99) For utterance viet_6_48, best cost 59.8897 + 3944.95 = 4004.84 over 46 frames.
viet_6_48 sau 
LOG (lattice-best-path[5.5.671~1-e5a5a]:main():lattice-best-path.cc:99) For utterance viet_6_49, best cost 72.381 + 7054.01 = 7126.39 over 79 frames.
viet_6_49 sau 
LOG (lattice-best-path[5.5.671~1-e5a5a]:main():lattice-best-path.cc:99) For utterance viet_7_40, best cost 58.1412 + 4079.84 = 4137.98 over 44 frames.
viet_7_40 bay 
LOG (lattice-best-path[5.5.671~1-e5a5a]:main():lattice-best-path.cc:99) For utterance viet_7_41, best cost 57.5561 + 3726.53 = 3784.08 over 39 frames.
viet_7_41 bay 
LOG (lattice-best-path[5.5.671~1-e5a5a]:main():lattice-best-path.cc:99) For utterance viet_7_42, best cost 67.9847 + 6880.53 = 6948.52 over 61 frames.
viet_7_42 ba 
LOG (lattice-best-path[5.5.671~1-e5a5a]:main():lattice-best-path.cc:99) For utterance viet_7_43, best cost 57.9768 + 4153.29 = 4211.26 over 43 frames.
viet_7_43 bay 
LOG (lattice-best-path[5.5.671~1-e5a5a]:main():lattice-best-path.cc:99) For utterance viet_7_44, best cost 56.7156 + 3421.79 = 3478.51 over 34 frames.
viet_7_44 bay 
LOG (lattice-best-path[5.5.671~1-e5a5a]:main():lattice-best-path.cc:99) For utterance viet_7_45, best cost 57.9912 + 4011.91 = 4069.9 over 42 frames.
viet_7_45 bay 
LOG (lattice-best-path[5.5.671~1-e5a5a]:main():lattice-best-path.cc:99) For utterance viet_7_46, best cost 56.5537 + 2911.75 = 2968.3 over 32 frames.
viet_7_46 bay 
LOG (lattice-best-path[5.5.671~1-e5a5a]:main():lattice-best-path.cc:99) For utterance viet_7_47, best cost 56.5736 + 3711.41 = 3767.99 over 35 frames.
viet_7_47 bay 
LOG (lattice-best-path[5.5.671~1-e5a5a]:main():lattice-best-path.cc:99) For utterance viet_7_48, best cost 58.2589 + 3908.94 = 3967.19 over 44 frames.
viet_7_48 bay 
LOG (lattice-best-path[5.5.671~1-e5a5a]:main():lattice-best-path.cc:99) For utterance viet_7_49, best cost 57.1388 + 3341.33 = 3398.47 over 33 frames.
viet_7_49 bay 
LOG (lattice-best-path[5.5.671~1-e5a5a]:main():lattice-best-path.cc:99) For utterance viet_8_40, best cost 58.13 + 4349.37 = 4407.5 over 53 frames.
viet_8_40 tam 
LOG (lattice-best-path[5.5.671~1-e5a5a]:main():lattice-best-path.cc:99) For utterance viet_8_41, best cost 69.569 + 3947.97 = 4017.54 over 47 frames.
viet_8_41 tam 
LOG (lattice-best-path[5.5.671~1-e5a5a]:main():lattice-best-path.cc:99) For utterance viet_8_42, best cost 57.975 + 4476.2 = 4534.18 over 54 frames.
viet_8_42 tam 
LOG (lattice-best-path[5.5.671~1-e5a5a]:main():lattice-best-path.cc:99) For utterance viet_8_43, best cost 71.9612 + 4626.13 = 4698.09 over 56 frames.
viet_8_43 tam 
LOG (lattice-best-path[5.5.671~1-e5a5a]:main():lattice-best-path.cc:99) For utterance viet_8_44, best cost 71.615 + 4512.89 = 4584.5 over 53 frames.
viet_8_44 tam 
LOG (lattice-best-path[5.5.671~1-e5a5a]:main():lattice-best-path.cc:99) For utterance viet_8_45, best cost 71.6981 + 4725.49 = 4797.18 over 53 frames.
viet_8_45 tam 
LOG (lattice-best-path[5.5.671~1-e5a5a]:main():lattice-best-path.cc:99) For utterance viet_8_46, best cost 71.4239 + 5004.67 = 5076.09 over 56 frames.
viet_8_46 tam 
LOG (lattice-best-path[5.5.671~1-e5a5a]:main():lattice-best-path.cc:99) For utterance viet_8_47, best cost 73.0637 + 4853.21 = 4926.27 over 54 frames.
viet_8_47 tam 
LOG (lattice-best-path[5.5.671~1-e5a5a]:main():lattice-best-path.cc:99) For utterance viet_8_48, best cost 73.9658 + 5022.33 = 5096.3 over 56 frames.
viet_8_48 tam 
LOG (lattice-best-path[5.5.671~1-e5a5a]:main():lattice-best-path.cc:99) For utterance viet_8_49, best cost 57.6955 + 3916.24 = 3973.94 over 44 frames.
viet_8_49 tam 
LOG (lattice-best-path[5.5.671~1-e5a5a]:main():lattice-best-path.cc:99) For utterance viet_9_40, best cost 58.8951 + 4668.22 = 4727.12 over 50 frames.
viet_9_40 chin 
LOG (lattice-best-path[5.5.671~1-e5a5a]:main():lattice-best-path.cc:99) For utterance viet_9_41, best cost 59.7657 + 4388.71 = 4448.47 over 49 frames.
viet_9_41 chin 
LOG (lattice-best-path[5.5.671~1-e5a5a]:main():lattice-best-path.cc:99) For utterance viet_9_42, best cost 59.7495 + 4601.97 = 4661.72 over 49 frames.
viet_9_42 chin 
LOG (lattice-best-path[5.5.671~1-e5a5a]:main():lattice-best-path.cc:99) For utterance viet_9_43, best cost 59.589 + 4629.04 = 4688.63 over 51 frames.
viet_9_43 chin 
LOG (lattice-best-path[5.5.671~1-e5a5a]:main():lattice-best-path.cc:99) For utterance viet_9_44, best cost 59.6782 + 4657.63 = 4717.3 over 50 frames.
viet_9_44 chin 
LOG (lattice-best-path[5.5.671~1-e5a5a]:main():lattice-best-path.cc:99) For utterance viet_9_45, best cost 58.9398 + 4060.9 = 4119.84 over 45 frames.
viet_9_45 chin 
LOG (lattice-best-path[5.5.671~1-e5a5a]:main():lattice-best-path.cc:99) For utterance viet_9_46, best cost 59.3309 + 4130.13 = 4189.46 over 47 frames.
viet_9_46 chin 
LOG (lattice-best-path[5.5.671~1-e5a5a]:main():lattice-best-path.cc:99) For utterance viet_9_47, best cost 59.5797 + 3788.69 = 3848.27 over 44 frames.
viet_9_47 chin 
LOG (lattice-best-path[5.5.671~1-e5a5a]:main():lattice-best-path.cc:99) For utterance viet_9_48, best cost 73.4559 + 9735.74 = 9809.19 over 111 frames.
viet_9_48 chin 
LOG (lattice-best-path[5.5.671~1-e5a5a]:main():lattice-best-path.cc:99) For utterance viet_9_49, best cost 59.5367 + 4342.04 = 4401.58 over 48 frames.
viet_9_49 chin 
LOG (lattice-best-path[5.5.671~1-e5a5a]:main():lattice-best-path.cc:124) Overall cost per frame is 91.2816 = 1.14768 [graph] + 90.134 [acoustic] over 5379 frames.
LOG (lattice-best-path[5.5.671~1-e5a5a]:main():lattice-best-path.cc:128) Done 100 lattices, failed for 0
# Accounting: time=1 threads=1
# Ended (code 0) at Mon Apr 20 02:21:42 PDT 2020, elapsed time 1 seconds
