# lattice-best-path --lm-scale=16 --word-symbol-table=exp/tri1/graph/words.txt "ark:gunzip -c exp/tri1/decode/lat.*.gz|" ark,t:exp/tri1/decode/scoring/16.tra 
# Started at Mon Apr 20 03:05:35 PDT 2020
#
lattice-best-path --lm-scale=16 --word-symbol-table=exp/tri1/graph/words.txt 'ark:gunzip -c exp/tri1/decode/lat.*.gz|' ark,t:exp/tri1/decode/scoring/16.tra 
LOG (lattice-best-path[5.5.671~1-e5a5a]:main():lattice-best-path.cc:99) For utterance dan_0_40, best cost 111.717 + 2395.67 = 2507.38 over 29 frames.
dan_0_40 khong 
LOG (lattice-best-path[5.5.671~1-e5a5a]:main():lattice-best-path.cc:99) For utterance dan_0_41, best cost 112.334 + 2358.53 = 2470.87 over 29 frames.
dan_0_41 khong 
LOG (lattice-best-path[5.5.671~1-e5a5a]:main():lattice-best-path.cc:99) For utterance dan_0_42, best cost 110.973 + 1971.48 = 2082.45 over 27 frames.
dan_0_42 khong 
LOG (lattice-best-path[5.5.671~1-e5a5a]:main():lattice-best-path.cc:99) For utterance dan_0_43, best cost 111.881 + 2333.34 = 2445.22 over 29 frames.
dan_0_43 khong 
LOG (lattice-best-path[5.5.671~1-e5a5a]:main():lattice-best-path.cc:99) For utterance dan_0_44, best cost 110.77 + 2129.25 = 2240.02 over 26 frames.
dan_0_44 khong 
LOG (lattice-best-path[5.5.671~1-e5a5a]:main():lattice-best-path.cc:99) For utterance dan_0_45, best cost 110.525 + 2143.24 = 2253.77 over 26 frames.
dan_0_45 khong 
LOG (lattice-best-path[5.5.671~1-e5a5a]:main():lattice-best-path.cc:99) For utterance dan_0_46, best cost 110.715 + 2331.12 = 2441.84 over 28 frames.
dan_0_46 khong 
LOG (lattice-best-path[5.5.671~1-e5a5a]:main():lattice-best-path.cc:99) For utterance dan_0_47, best cost 111.861 + 2406.49 = 2518.35 over 29 frames.
dan_0_47 khong 
LOG (lattice-best-path[5.5.671~1-e5a5a]:main():lattice-best-path.cc:99) For utterance dan_0_48, best cost 110.991 + 2197.98 = 2308.97 over 27 frames.
dan_0_48 khong 
LOG (lattice-best-path[5.5.671~1-e5a5a]:main():lattice-best-path.cc:99) For utterance dan_0_49, best cost 128.674 + 4657.82 = 4786.49 over 56 frames.
dan_0_49 khong 
LOG (lattice-best-path[5.5.671~1-e5a5a]:main():lattice-best-path.cc:99) For utterance dan_1_40, best cost 105.592 + 1537.86 = 1643.45 over 20 frames.
dan_1_40 mot 
LOG (lattice-best-path[5.5.671~1-e5a5a]:main():lattice-best-path.cc:99) For utterance dan_1_41, best cost 104.538 + 1670.72 = 1775.26 over 18 frames.
dan_1_41 mot 
LOG (lattice-best-path[5.5.671~1-e5a5a]:main():lattice-best-path.cc:99) For utterance dan_1_42, best cost 122.854 + 2582.36 = 2705.22 over 27 frames.
dan_1_42 mot 
LOG (lattice-best-path[5.5.671~1-e5a5a]:main():lattice-best-path.cc:99) For utterance dan_1_43, best cost 104.254 + 1594.98 = 1699.23 over 18 frames.
dan_1_43 mot 
LOG (lattice-best-path[5.5.671~1-e5a5a]:main():lattice-best-path.cc:99) For utterance dan_1_44, best cost 107.19 + 1890.39 = 1997.58 over 21 frames.
dan_1_44 mot 
LOG (lattice-best-path[5.5.671~1-e5a5a]:main():lattice-best-path.cc:99) For utterance dan_1_45, best cost 103.836 + 1412.12 = 1515.96 over 17 frames.
dan_1_45 mot 
LOG (lattice-best-path[5.5.671~1-e5a5a]:main():lattice-best-path.cc:99) For utterance dan_1_46, best cost 101.929 + 1303.63 = 1405.56 over 15 frames.
dan_1_46 mot 
LOG (lattice-best-path[5.5.671~1-e5a5a]:main():lattice-best-path.cc:99) For utterance dan_1_47, best cost 106.092 + 1761.09 = 1867.18 over 20 frames.
dan_1_47 mot 
LOG (lattice-best-path[5.5.671~1-e5a5a]:main():lattice-best-path.cc:99) For utterance dan_1_48, best cost 104.932 + 1685.62 = 1790.55 over 20 frames.
dan_1_48 mot 
LOG (lattice-best-path[5.5.671~1-e5a5a]:main():lattice-best-path.cc:99) For utterance dan_1_49, best cost 142.061 + 4912.99 = 5055.05 over 52 frames.
dan_1_49 mot 
LOG (lattice-best-path[5.5.671~1-e5a5a]:main():lattice-best-path.cc:99) For utterance dan_2_40, best cost 133.927 + 5000.96 = 5134.89 over 56 frames.
dan_2_40 hai 
LOG (lattice-best-path[5.5.671~1-e5a5a]:main():lattice-best-path.cc:99) For utterance dan_2_41, best cost 130.8 + 5780.36 = 5911.16 over 67 frames.
dan_2_41 hai 
LOG (lattice-best-path[5.5.671~1-e5a5a]:main():lattice-best-path.cc:99) For utterance dan_2_42, best cost 112.541 + 3542.3 = 3654.84 over 38 frames.
dan_2_42 hai 
LOG (lattice-best-path[5.5.671~1-e5a5a]:main():lattice-best-path.cc:99) For utterance dan_2_43, best cost 110.994 + 3248.58 = 3359.57 over 34 frames.
dan_2_43 hai 
LOG (lattice-best-path[5.5.671~1-e5a5a]:main():lattice-best-path.cc:99) For utterance dan_2_44, best cost 111.8 + 3243.23 = 3355.03 over 36 frames.
dan_2_44 hai 
LOG (lattice-best-path[5.5.671~1-e5a5a]:main():lattice-best-path.cc:99) For utterance dan_2_45, best cost 112.756 + 3167.1 = 3279.86 over 32 frames.
dan_2_45 hai 
LOG (lattice-best-path[5.5.671~1-e5a5a]:main():lattice-best-path.cc:99) For utterance dan_2_46, best cost 110.971 + 3226.94 = 3337.91 over 33 frames.
dan_2_46 hai 
LOG (lattice-best-path[5.5.671~1-e5a5a]:main():lattice-best-path.cc:99) For utterance dan_2_47, best cost 112.822 + 3404.42 = 3517.24 over 35 frames.
dan_2_47 hai 
LOG (lattice-best-path[5.5.671~1-e5a5a]:main():lattice-best-path.cc:99) For utterance dan_2_48, best cost 111.677 + 3240.78 = 3352.46 over 34 frames.
dan_2_48 hai 
LOG (lattice-best-path[5.5.671~1-e5a5a]:main():lattice-best-path.cc:99) For utterance dan_2_49, best cost 111.277 + 3369.91 = 3481.18 over 34 frames.
dan_2_49 hai 
LOG (lattice-best-path[5.5.671~1-e5a5a]:main():lattice-best-path.cc:99) For utterance dan_3_40, best cost 107.713 + 3262.53 = 3370.24 over 39 frames.
dan_3_40 ba 
LOG (lattice-best-path[5.5.671~1-e5a5a]:main():lattice-best-path.cc:99) For utterance dan_3_41, best cost 104.919 + 2646.64 = 2751.56 over 31 frames.
dan_3_41 ba 
LOG (lattice-best-path[5.5.671~1-e5a5a]:main():lattice-best-path.cc:99) For utterance dan_3_42, best cost 107.788 + 3454.26 = 3562.05 over 38 frames.
dan_3_42 ba 
LOG (lattice-best-path[5.5.671~1-e5a5a]:main():lattice-best-path.cc:99) For utterance dan_3_43, best cost 126.584 + 5297.3 = 5423.89 over 63 frames.
dan_3_43 ba 
LOG (lattice-best-path[5.5.671~1-e5a5a]:main():lattice-best-path.cc:99) For utterance dan_3_44, best cost 107.243 + 2991.19 = 3098.44 over 36 frames.
dan_3_44 ba 
LOG (lattice-best-path[5.5.671~1-e5a5a]:main():lattice-best-path.cc:99) For utterance dan_3_45, best cost 122.007 + 3150.5 = 3272.51 over 34 frames.
dan_3_45 ba 
LOG (lattice-best-path[5.5.671~1-e5a5a]:main():lattice-best-path.cc:99) For utterance dan_3_46, best cost 105.918 + 2424.57 = 2530.49 over 30 frames.
dan_3_46 ba 
LOG (lattice-best-path[5.5.671~1-e5a5a]:main():lattice-best-path.cc:99) For utterance dan_3_47, best cost 107.376 + 2715.62 = 2823 over 36 frames.
dan_3_47 ba 
LOG (lattice-best-path[5.5.671~1-e5a5a]:main():lattice-best-path.cc:99) For utterance dan_3_48, best cost 107.2 + 2688.9 = 2796.1 over 36 frames.
dan_3_48 ba 
LOG (lattice-best-path[5.5.671~1-e5a5a]:main():lattice-best-path.cc:99) For utterance dan_3_49, best cost 133.434 + 10001 = 10134.5 over 119 frames.
dan_3_49 ba 
LOG (lattice-best-path[5.5.671~1-e5a5a]:main():lattice-best-path.cc:99) For utterance dan_4_40, best cost 115.233 + 3999.64 = 4114.87 over 38 frames.
dan_4_40 bon 
LOG (lattice-best-path[5.5.671~1-e5a5a]:main():lattice-best-path.cc:99) For utterance dan_4_41, best cost 115.183 + 3297.72 = 3412.9 over 36 frames.
dan_4_41 bon 
LOG (lattice-best-path[5.5.671~1-e5a5a]:main():lattice-best-path.cc:99) For utterance dan_4_42, best cost 115.089 + 3340.75 = 3455.84 over 36 frames.
dan_4_42 bon 
LOG (lattice-best-path[5.5.671~1-e5a5a]:main():lattice-best-path.cc:99) For utterance dan_4_43, best cost 114.014 + 3080.79 = 3194.81 over 35 frames.
dan_4_43 bon 
LOG (lattice-best-path[5.5.671~1-e5a5a]:main():lattice-best-path.cc:99) For utterance dan_4_44, best cost 114.249 + 3060.39 = 3174.63 over 34 frames.
dan_4_44 bon 
LOG (lattice-best-path[5.5.671~1-e5a5a]:main():lattice-best-path.cc:99) For utterance dan_4_45, best cost 112.735 + 2837.24 = 2949.98 over 31 frames.
dan_4_45 bon 
LOG (lattice-best-path[5.5.671~1-e5a5a]:main():lattice-best-path.cc:99) For utterance dan_4_46, best cost 111.111 + 2747.41 = 2858.52 over 29 frames.
dan_4_46 bon 
LOG (lattice-best-path[5.5.671~1-e5a5a]:main():lattice-best-path.cc:99) For utterance dan_4_47, best cost 113.595 + 2702.37 = 2815.96 over 31 frames.
dan_4_47 bon 
LOG (lattice-best-path[5.5.671~1-e5a5a]:main():lattice-best-path.cc:99) For utterance dan_4_48, best cost 113.708 + 2997.82 = 3111.53 over 34 frames.
dan_4_48 bon 
LOG (lattice-best-path[5.5.671~1-e5a5a]:main():lattice-best-path.cc:99) For utterance dan_4_49, best cost 112.733 + 2625.81 = 2738.54 over 31 frames.
dan_4_49 bon 
LOG (lattice-best-path[5.5.671~1-e5a5a]:main():lattice-best-path.cc:99) For utterance dan_5_40, best cost 112.323 + 2714.14 = 2826.46 over 31 frames.
dan_5_40 nam 
LOG (lattice-best-path[5.5.671~1-e5a5a]:main():lattice-best-path.cc:99) For utterance dan_5_41, best cost 127.684 + 3175.18 = 3302.86 over 35 frames.
dan_5_41 nam 
LOG (lattice-best-path[5.5.671~1-e5a5a]:main():lattice-best-path.cc:99) For utterance dan_5_42, best cost 110.775 + 2127.34 = 2238.11 over 28 frames.
dan_5_42 nam 
LOG (lattice-best-path[5.5.671~1-e5a5a]:main():lattice-best-path.cc:99) For utterance dan_5_43, best cost 128.062 + 3237.14 = 3365.2 over 35 frames.
dan_5_43 nam 
LOG (lattice-best-path[5.5.671~1-e5a5a]:main():lattice-best-path.cc:99) For utterance dan_5_44, best cost 110.592 + 2305.31 = 2415.9 over 26 frames.
dan_5_44 nam 
LOG (lattice-best-path[5.5.671~1-e5a5a]:main():lattice-best-path.cc:99) For utterance dan_5_45, best cost 111.638 + 2816.48 = 2928.11 over 29 frames.
dan_5_45 nam 
LOG (lattice-best-path[5.5.671~1-e5a5a]:main():lattice-best-path.cc:99) For utterance dan_5_46, best cost 110.924 + 2533.82 = 2644.74 over 26 frames.
dan_5_46 nam 
LOG (lattice-best-path[5.5.671~1-e5a5a]:main():lattice-best-path.cc:99) For utterance dan_5_47, best cost 111.302 + 2357.48 = 2468.78 over 27 frames.
dan_5_47 nam 
LOG (lattice-best-path[5.5.671~1-e5a5a]:main():lattice-best-path.cc:99) For utterance dan_5_48, best cost 110.65 + 2364.68 = 2475.33 over 26 frames.
dan_5_48 nam 
LOG (lattice-best-path[5.5.671~1-e5a5a]:main():lattice-best-path.cc:99) For utterance dan_5_49, best cost 111.132 + 2435.91 = 2547.04 over 25 frames.
dan_5_49 nam 
LOG (lattice-best-path[5.5.671~1-e5a5a]:main():lattice-best-path.cc:99) For utterance dan_6_40, best cost 117.203 + 3241.62 = 3358.82 over 37 frames.
dan_6_40 sau 
LOG (lattice-best-path[5.5.671~1-e5a5a]:main():lattice-best-path.cc:99) For utterance dan_6_41, best cost 115.605 + 3469.93 = 3585.53 over 39 frames.
dan_6_41 sau 
LOG (lattice-best-path[5.5.671~1-e5a5a]:main():lattice-best-path.cc:99) For utterance dan_6_42, best cost 115.453 + 3287.28 = 3402.73 over 39 frames.
dan_6_42 sau 
LOG (lattice-best-path[5.5.671~1-e5a5a]:main():lattice-best-path.cc:99) For utterance dan_6_43, best cost 134.72 + 8275.56 = 8410.28 over 96 frames.
dan_6_43 sau 
LOG (lattice-best-path[5.5.671~1-e5a5a]:main():lattice-best-path.cc:99) For utterance dan_6_44, best cost 150.751 + 6191.71 = 6342.46 over 70 frames.
dan_6_44 sau 
LOG (lattice-best-path[5.5.671~1-e5a5a]:main():lattice-best-path.cc:99) For utterance dan_6_45, best cost 114.306 + 3179.79 = 3294.1 over 37 frames.
dan_6_45 sau 
LOG (lattice-best-path[5.5.671~1-e5a5a]:main():lattice-best-path.cc:99) For utterance dan_6_46, best cost 114.562 + 3119.77 = 3234.33 over 37 frames.
dan_6_46 sau 
LOG (lattice-best-path[5.5.671~1-e5a5a]:main():lattice-best-path.cc:99) For utterance dan_6_47, best cost 111.431 + 2022.27 = 2133.7 over 24 frames.
dan_6_47 sau 
LOG (lattice-best-path[5.5.671~1-e5a5a]:main():lattice-best-path.cc:99) For utterance dan_6_48, best cost 115.241 + 3494.46 = 3609.7 over 38 frames.
dan_6_48 sau 
LOG (lattice-best-path[5.5.671~1-e5a5a]:main():lattice-best-path.cc:99) For utterance dan_6_49, best cost 115.601 + 3231.84 = 3347.44 over 36 frames.
dan_6_49 sau 
LOG (lattice-best-path[5.5.671~1-e5a5a]:main():lattice-best-path.cc:99) For utterance dan_7_40, best cost 114.269 + 3066.01 = 3180.28 over 36 frames.
dan_7_40 bay 
LOG (lattice-best-path[5.5.671~1-e5a5a]:main():lattice-best-path.cc:99) For utterance dan_7_41, best cost 113.387 + 2939.43 = 3052.82 over 34 frames.
dan_7_41 bay 
LOG (lattice-best-path[5.5.671~1-e5a5a]:main():lattice-best-path.cc:99) For utterance dan_7_42, best cost 114.481 + 3459.55 = 3574.03 over 38 frames.
dan_7_42 bay 
LOG (lattice-best-path[5.5.671~1-e5a5a]:main():lattice-best-path.cc:99) For utterance dan_7_43, best cost 113.923 + 3173.07 = 3286.99 over 36 frames.
dan_7_43 bay 
LOG (lattice-best-path[5.5.671~1-e5a5a]:main():lattice-best-path.cc:99) For utterance dan_7_44, best cost 131.612 + 4026.06 = 4157.67 over 44 frames.
dan_7_44 bay 
LOG (lattice-best-path[5.5.671~1-e5a5a]:main():lattice-best-path.cc:99) For utterance dan_7_45, best cost 130.801 + 3936.43 = 4067.23 over 41 frames.
dan_7_45 bay 
LOG (lattice-best-path[5.5.671~1-e5a5a]:main():lattice-best-path.cc:99) For utterance dan_7_46, best cost 116.555 + 3377.6 = 3494.15 over 37 frames.
dan_7_46 bay 
LOG (lattice-best-path[5.5.671~1-e5a5a]:main():lattice-best-path.cc:99) For utterance dan_7_47, best cost 114.214 + 3542.82 = 3657.04 over 39 frames.
dan_7_47 bay 
LOG (lattice-best-path[5.5.671~1-e5a5a]:main():lattice-best-path.cc:99) For utterance dan_7_48, best cost 110.531 + 2503.36 = 2613.89 over 28 frames.
dan_7_48 bay 
LOG (lattice-best-path[5.5.671~1-e5a5a]:main():lattice-best-path.cc:99) For utterance dan_7_49, best cost 112.013 + 2803.48 = 2915.49 over 32 frames.
dan_7_49 bay 
LOG (lattice-best-path[5.5.671~1-e5a5a]:main():lattice-best-path.cc:99) For utterance dan_8_40, best cost 114.185 + 2817.68 = 2931.86 over 33 frames.
dan_8_40 tam 
LOG (lattice-best-path[5.5.671~1-e5a5a]:main():lattice-best-path.cc:99) For utterance dan_8_41, best cost 111.85 + 2915.44 = 3027.29 over 34 frames.
dan_8_41 tam 
LOG (lattice-best-path[5.5.671~1-e5a5a]:main():lattice-best-path.cc:99) For utterance dan_8_42, best cost 113.172 + 2497.09 = 2610.26 over 31 frames.
dan_8_42 tam 
LOG (lattice-best-path[5.5.671~1-e5a5a]:main():lattice-best-path.cc:99) For utterance dan_8_43, best cost 111.973 + 2641.81 = 2753.79 over 31 frames.
dan_8_43 tam 
LOG (lattice-best-path[5.5.671~1-e5a5a]:main():lattice-best-path.cc:99) For utterance dan_8_44, best cost 112.22 + 2376.36 = 2488.58 over 30 frames.
dan_8_44 tam 
LOG (lattice-best-path[5.5.671~1-e5a5a]:main():lattice-best-path.cc:99) For utterance dan_8_45, best cost 112.959 + 2867.95 = 2980.91 over 33 frames.
dan_8_45 tam 
LOG (lattice-best-path[5.5.671~1-e5a5a]:main():lattice-best-path.cc:99) For utterance dan_8_46, best cost 112.073 + 2524.26 = 2636.34 over 29 frames.
dan_8_46 tam 
LOG (lattice-best-path[5.5.671~1-e5a5a]:main():lattice-best-path.cc:99) For utterance dan_8_47, best cost 110.416 + 2557.95 = 2668.36 over 30 frames.
dan_8_47 tam 
LOG (lattice-best-path[5.5.671~1-e5a5a]:main():lattice-best-path.cc:99) For utterance dan_8_48, best cost 110.741 + 2901.67 = 3012.41 over 32 frames.
dan_8_48 tam 
LOG (lattice-best-path[5.5.671~1-e5a5a]:main():lattice-best-path.cc:99) For utterance dan_8_49, best cost 129.929 + 6195.73 = 6325.66 over 71 frames.
dan_8_49 tam 
LOG (lattice-best-path[5.5.671~1-e5a5a]:main():lattice-best-path.cc:99) For utterance dan_9_40, best cost 113.959 + 2676.36 = 2790.32 over 32 frames.
dan_9_40 chin 
LOG (lattice-best-path[5.5.671~1-e5a5a]:main():lattice-best-path.cc:99) For utterance dan_9_41, best cost 113.711 + 2602.85 = 2716.56 over 31 frames.
dan_9_41 chin 
LOG (lattice-best-path[5.5.671~1-e5a5a]:main():lattice-best-path.cc:99) For utterance dan_9_42, best cost 113.531 + 2743.03 = 2856.56 over 31 frames.
dan_9_42 chin 
LOG (lattice-best-path[5.5.671~1-e5a5a]:main():lattice-best-path.cc:99) For utterance dan_9_43, best cost 113.733 + 2605.64 = 2719.38 over 32 frames.
dan_9_43 chin 
LOG (lattice-best-path[5.5.671~1-e5a5a]:main():lattice-best-path.cc:99) For utterance dan_9_44, best cost 132.926 + 6162.69 = 6295.62 over 74 frames.
dan_9_44 chin 
LOG (lattice-best-path[5.5.671~1-e5a5a]:main():lattice-best-path.cc:99) For utterance dan_9_45, best cost 114.143 + 2656.44 = 2770.58 over 32 frames.
dan_9_45 chin 
LOG (lattice-best-path[5.5.671~1-e5a5a]:main():lattice-best-path.cc:99) For utterance dan_9_46, best cost 112.996 + 2605.78 = 2718.77 over 30 frames.
dan_9_46 chin 
LOG (lattice-best-path[5.5.671~1-e5a5a]:main():lattice-best-path.cc:99) For utterance dan_9_47, best cost 112.774 + 2672.1 = 2784.87 over 31 frames.
dan_9_47 chin 
LOG (lattice-best-path[5.5.671~1-e5a5a]:main():lattice-best-path.cc:99) For utterance dan_9_48, best cost 114.771 + 2922.98 = 3037.75 over 34 frames.
dan_9_48 chin 
LOG (lattice-best-path[5.5.671~1-e5a5a]:main():lattice-best-path.cc:99) For utterance dan_9_49, best cost 114.431 + 2690.76 = 2805.19 over 33 frames.
dan_9_49 chin 
LOG (lattice-best-path[5.5.671~1-e5a5a]:main():lattice-best-path.cc:99) For utterance viet_0_40, best cost 120.201 + 4443.85 = 4564.06 over 48 frames.
viet_0_40 khong 
LOG (lattice-best-path[5.5.671~1-e5a5a]:main():lattice-best-path.cc:99) For utterance viet_0_41, best cost 120.869 + 4883.74 = 5004.61 over 52 frames.
viet_0_41 khong 
LOG (lattice-best-path[5.5.671~1-e5a5a]:main():lattice-best-path.cc:99) For utterance viet_0_42, best cost 120.758 + 5134.01 = 5254.76 over 54 frames.
viet_0_42 khong 
LOG (lattice-best-path[5.5.671~1-e5a5a]:main():lattice-best-path.cc:99) For utterance viet_0_43, best cost 121.252 + 4897.2 = 5018.45 over 53 frames.
viet_0_43 khong 
LOG (lattice-best-path[5.5.671~1-e5a5a]:main():lattice-best-path.cc:99) For utterance viet_0_44, best cost 118.352 + 4369.48 = 4487.83 over 48 frames.
viet_0_44 khong 
LOG (lattice-best-path[5.5.671~1-e5a5a]:main():lattice-best-path.cc:99) For utterance viet_0_45, best cost 121.17 + 5178.17 = 5299.33 over 55 frames.
viet_0_45 khong 
LOG (lattice-best-path[5.5.671~1-e5a5a]:main():lattice-best-path.cc:99) For utterance viet_0_46, best cost 138.223 + 5769.62 = 5907.84 over 61 frames.
viet_0_46 khong 
LOG (lattice-best-path[5.5.671~1-e5a5a]:main():lattice-best-path.cc:99) For utterance viet_0_47, best cost 119.756 + 4355.72 = 4475.47 over 49 frames.
viet_0_47 khong 
LOG (lattice-best-path[5.5.671~1-e5a5a]:main():lattice-best-path.cc:99) For utterance viet_0_48, best cost 119.391 + 4484.38 = 4603.77 over 48 frames.
viet_0_48 khong 
LOG (lattice-best-path[5.5.671~1-e5a5a]:main():lattice-best-path.cc:99) For utterance viet_0_49, best cost 117.723 + 4152.91 = 4270.63 over 44 frames.
viet_0_49 khong 
LOG (lattice-best-path[5.5.671~1-e5a5a]:main():lattice-best-path.cc:99) For utterance viet_1_40, best cost 113.02 + 3413.16 = 3526.18 over 34 frames.
viet_1_40 mot 
LOG (lattice-best-path[5.5.671~1-e5a5a]:main():lattice-best-path.cc:99) For utterance viet_1_41, best cost 110.739 + 2858.14 = 2968.88 over 30 frames.
viet_1_41 mot 
LOG (lattice-best-path[5.5.671~1-e5a5a]:main():lattice-best-path.cc:99) For utterance viet_1_42, best cost 139.58 + 9303.21 = 9442.79 over 102 frames.
viet_1_42 mot 
LOG (lattice-best-path[5.5.671~1-e5a5a]:main():lattice-best-path.cc:99) For utterance viet_1_43, best cost 134.923 + 6366.59 = 6501.51 over 74 frames.
viet_1_43 mot 
LOG (lattice-best-path[5.5.671~1-e5a5a]:main():lattice-best-path.cc:99) For utterance viet_1_44, best cost 109.925 + 2509.75 = 2619.67 over 28 frames.
viet_1_44 mot 
LOG (lattice-best-path[5.5.671~1-e5a5a]:main():lattice-best-path.cc:99) For utterance viet_1_45, best cost 114.219 + 3241.77 = 3355.99 over 36 frames.
viet_1_45 mot 
LOG (lattice-best-path[5.5.671~1-e5a5a]:main():lattice-best-path.cc:99) For utterance viet_1_46, best cost 112.809 + 2828.74 = 2941.55 over 32 frames.
viet_1_46 mot 
LOG (lattice-best-path[5.5.671~1-e5a5a]:main():lattice-best-path.cc:99) For utterance viet_1_47, best cost 111.273 + 2977.79 = 3089.07 over 32 frames.
viet_1_47 mot 
LOG (lattice-best-path[5.5.671~1-e5a5a]:main():lattice-best-path.cc:99) For utterance viet_1_48, best cost 109.054 + 2477.25 = 2586.3 over 26 frames.
viet_1_48 mot 
LOG (lattice-best-path[5.5.671~1-e5a5a]:main():lattice-best-path.cc:99) For utterance viet_1_49, best cost 111.469 + 2627.64 = 2739.1 over 30 frames.
viet_1_49 mot 
LOG (lattice-best-path[5.5.671~1-e5a5a]:main():lattice-best-path.cc:99) For utterance viet_2_40, best cost 117.24 + 4309.26 = 4426.5 over 50 frames.
viet_2_40 hai 
LOG (lattice-best-path[5.5.671~1-e5a5a]:main():lattice-best-path.cc:99) For utterance viet_2_41, best cost 116.931 + 5679.74 = 5796.67 over 56 frames.
viet_2_41 hai 
LOG (lattice-best-path[5.5.671~1-e5a5a]:main():lattice-best-path.cc:99) For utterance viet_2_42, best cost 115.632 + 4751.94 = 4867.57 over 54 frames.
viet_2_42 hai 
LOG (lattice-best-path[5.5.671~1-e5a5a]:main():lattice-best-path.cc:99) For utterance viet_2_43, best cost 114.662 + 4564.62 = 4679.28 over 50 frames.
viet_2_43 hai 
LOG (lattice-best-path[5.5.671~1-e5a5a]:main():lattice-best-path.cc:99) For utterance viet_2_44, best cost 132.176 + 5704.99 = 5837.16 over 61 frames.
viet_2_44 hai 
LOG (lattice-best-path[5.5.671~1-e5a5a]:main():lattice-best-path.cc:99) For utterance viet_2_45, best cost 118.441 + 4832.83 = 4951.27 over 52 frames.
viet_2_45 hai 
LOG (lattice-best-path[5.5.671~1-e5a5a]:main():lattice-best-path.cc:99) For utterance viet_2_46, best cost 115.376 + 4961.75 = 5077.13 over 52 frames.
viet_2_46 hai 
LOG (lattice-best-path[5.5.671~1-e5a5a]:main():lattice-best-path.cc:99) For utterance viet_2_47, best cost 118.155 + 4688.76 = 4806.92 over 51 frames.
viet_2_47 hai 
LOG (lattice-best-path[5.5.671~1-e5a5a]:main():lattice-best-path.cc:99) For utterance viet_2_48, best cost 132.162 + 5672.02 = 5804.18 over 66 frames.
viet_2_48 hai 
LOG (lattice-best-path[5.5.671~1-e5a5a]:main():lattice-best-path.cc:99) For utterance viet_2_49, best cost 116.632 + 4480.34 = 4596.97 over 52 frames.
viet_2_49 hai 
LOG (lattice-best-path[5.5.671~1-e5a5a]:main():lattice-best-path.cc:99) For utterance viet_3_40, best cost 125.072 + 4438.71 = 4563.79 over 50 frames.
viet_3_40 ba 
LOG (lattice-best-path[5.5.671~1-e5a5a]:main():lattice-best-path.cc:99) For utterance viet_3_41, best cost 111.4 + 4532.43 = 4643.83 over 51 frames.
viet_3_41 ba 
LOG (lattice-best-path[5.5.671~1-e5a5a]:main():lattice-best-path.cc:99) For utterance viet_3_42, best cost 135.054 + 11673.7 = 11808.8 over 134 frames.
viet_3_42 ba 
LOG (lattice-best-path[5.5.671~1-e5a5a]:main():lattice-best-path.cc:99) For utterance viet_3_43, best cost 109.992 + 4388.31 = 4498.3 over 49 frames.
viet_3_43 ba 
LOG (lattice-best-path[5.5.671~1-e5a5a]:main():lattice-best-path.cc:99) For utterance viet_3_44, best cost 110.132 + 4209.02 = 4319.15 over 49 frames.
viet_3_44 ba 
LOG (lattice-best-path[5.5.671~1-e5a5a]:main():lattice-best-path.cc:99) For utterance viet_3_45, best cost 130.214 + 9668.32 = 9798.53 over 113 frames.
viet_3_45 ba 
LOG (lattice-best-path[5.5.671~1-e5a5a]:main():lattice-best-path.cc:99) For utterance viet_3_46, best cost 130.948 + 7192.69 = 7323.64 over 84 frames.
viet_3_46 ba 
LOG (lattice-best-path[5.5.671~1-e5a5a]:main():lattice-best-path.cc:99) For utterance viet_3_47, best cost 109.16 + 4298.99 = 4408.15 over 49 frames.
viet_3_47 ba 
LOG (lattice-best-path[5.5.671~1-e5a5a]:main():lattice-best-path.cc:99) For utterance viet_3_48, best cost 113.639 + 4807.49 = 4921.13 over 52 frames.
viet_3_48 ba 
LOG (lattice-best-path[5.5.671~1-e5a5a]:main():lattice-best-path.cc:99) For utterance viet_3_49, best cost 111.265 + 4014.86 = 4126.13 over 45 frames.
viet_3_49 ba 
LOG (lattice-best-path[5.5.671~1-e5a5a]:main():lattice-best-path.cc:99) For utterance viet_4_40, best cost 117.127 + 4453.66 = 4570.79 over 50 frames.
viet_4_40 bon 
LOG (lattice-best-path[5.5.671~1-e5a5a]:main():lattice-best-path.cc:99) For utterance viet_4_41, best cost 149.887 + 5711.31 = 5861.2 over 65 frames.
viet_4_41 bon 
LOG (lattice-best-path[5.5.671~1-e5a5a]:main():lattice-best-path.cc:99) For utterance viet_4_42, best cost 117.896 + 4752.52 = 4870.41 over 50 frames.
viet_4_42 bon 
LOG (lattice-best-path[5.5.671~1-e5a5a]:main():lattice-best-path.cc:99) For utterance viet_4_43, best cost 133.113 + 5221.39 = 5354.5 over 56 frames.
viet_4_43 bon 
LOG (lattice-best-path[5.5.671~1-e5a5a]:main():lattice-best-path.cc:99) For utterance viet_4_44, best cost 116.242 + 4160.34 = 4276.58 over 44 frames.
viet_4_44 bon 
LOG (lattice-best-path[5.5.671~1-e5a5a]:main():lattice-best-path.cc:99) For utterance viet_4_45, best cost 118.403 + 4461.28 = 4579.69 over 49 frames.
viet_4_45 bon 
LOG (lattice-best-path[5.5.671~1-e5a5a]:main():lattice-best-path.cc:99) For utterance viet_4_46, best cost 137.025 + 6426.07 = 6563.1 over 69 frames.
viet_4_46 bon 
LOG (lattice-best-path[5.5.671~1-e5a5a]:main():lattice-best-path.cc:99) For utterance viet_4_47, best cost 138.126 + 9447.64 = 9585.76 over 108 frames.
viet_4_47 bon 
LOG (lattice-best-path[5.5.671~1-e5a5a]:main():lattice-best-path.cc:99) For utterance viet_4_48, best cost 132.592 + 4552.44 = 4685.03 over 52 frames.
viet_4_48 bon 
LOG (lattice-best-path[5.5.671~1-e5a5a]:main():lattice-best-path.cc:99) For utterance viet_4_49, best cost 117.093 + 4544.56 = 4661.66 over 48 frames.
viet_4_49 bon 
LOG (lattice-best-path[5.5.671~1-e5a5a]:main():lattice-best-path.cc:99) For utterance viet_5_40, best cost 130.567 + 4927.59 = 5058.16 over 52 frames.
viet_5_40 nam 
LOG (lattice-best-path[5.5.671~1-e5a5a]:main():lattice-best-path.cc:99) For utterance viet_5_41, best cost 116.117 + 4607.7 = 4723.82 over 47 frames.
viet_5_41 nam 
LOG (lattice-best-path[5.5.671~1-e5a5a]:main():lattice-best-path.cc:99) For utterance viet_5_42, best cost 117.043 + 4385.5 = 4502.54 over 49 frames.
viet_5_42 nam 
LOG (lattice-best-path[5.5.671~1-e5a5a]:main():lattice-best-path.cc:99) For utterance viet_5_43, best cost 117.821 + 4792.98 = 4910.8 over 49 frames.
viet_5_43 nam 
LOG (lattice-best-path[5.5.671~1-e5a5a]:main():lattice-best-path.cc:99) For utterance viet_5_44, best cost 118.16 + 4422.68 = 4540.84 over 51 frames.
viet_5_44 nam 
LOG (lattice-best-path[5.5.671~1-e5a5a]:main():lattice-best-path.cc:99) For utterance viet_5_45, best cost 132.342 + 4947.16 = 5079.5 over 51 frames.
viet_5_45 nam 
LOG (lattice-best-path[5.5.671~1-e5a5a]:main():lattice-best-path.cc:99) For utterance viet_5_46, best cost 117.179 + 4048.92 = 4166.1 over 44 frames.
viet_5_46 nam 
LOG (lattice-best-path[5.5.671~1-e5a5a]:main():lattice-best-path.cc:99) For utterance viet_5_47, best cost 117.553 + 4151.62 = 4269.18 over 46 frames.
viet_5_47 nam 
LOG (lattice-best-path[5.5.671~1-e5a5a]:main():lattice-best-path.cc:99) For utterance viet_5_48, best cost 115.264 + 4228.93 = 4344.2 over 47 frames.
viet_5_48 nam 
LOG (lattice-best-path[5.5.671~1-e5a5a]:main():lattice-best-path.cc:99) For utterance viet_5_49, best cost 117.493 + 4169.18 = 4286.67 over 47 frames.
viet_5_49 nam 
LOG (lattice-best-path[5.5.671~1-e5a5a]:main():lattice-best-path.cc:99) For utterance viet_6_40, best cost 119.307 + 4523.65 = 4642.95 over 52 frames.
viet_6_40 sau 
LOG (lattice-best-path[5.5.671~1-e5a5a]:main():lattice-best-path.cc:99) For utterance viet_6_41, best cost 142.165 + 9513.87 = 9656.03 over 114 frames.
viet_6_41 sau 
LOG (lattice-best-path[5.5.671~1-e5a5a]:main():lattice-best-path.cc:99) For utterance viet_6_42, best cost 134.651 + 4979.08 = 5113.73 over 57 frames.
viet_6_42 sau 
LOG (lattice-best-path[5.5.671~1-e5a5a]:main():lattice-best-path.cc:99) For utterance viet_6_43, best cost 119.195 + 4537.27 = 4656.47 over 53 frames.
viet_6_43 sau 
LOG (lattice-best-path[5.5.671~1-e5a5a]:main():lattice-best-path.cc:99) For utterance viet_6_44, best cost 120.336 + 4676.26 = 4796.59 over 52 frames.
viet_6_44 sau 
LOG (lattice-best-path[5.5.671~1-e5a5a]:main():lattice-best-path.cc:99) For utterance viet_6_45, best cost 138.267 + 6565.12 = 6703.39 over 71 frames.
viet_6_45 sau 
LOG (lattice-best-path[5.5.671~1-e5a5a]:main():lattice-best-path.cc:99) For utterance viet_6_46, best cost 198.464 + 8211.47 = 8409.94 over 95 frames.
viet_6_46 sau 
LOG (lattice-best-path[5.5.671~1-e5a5a]:main():lattice-best-path.cc:99) For utterance viet_6_47, best cost 121.417 + 4675.27 = 4796.69 over 53 frames.
viet_6_47 sau 
LOG (lattice-best-path[5.5.671~1-e5a5a]:main():lattice-best-path.cc:99) For utterance viet_6_48, best cost 119.15 + 4010.49 = 4129.64 over 46 frames.
viet_6_48 sau 
LOG (lattice-best-path[5.5.671~1-e5a5a]:main():lattice-best-path.cc:99) For utterance viet_6_49, best cost 137.533 + 7084.16 = 7221.69 over 79 frames.
viet_6_49 sau 
LOG (lattice-best-path[5.5.671~1-e5a5a]:main():lattice-best-path.cc:99) For utterance viet_7_40, best cost 118.716 + 4121.95 = 4240.67 over 44 frames.
viet_7_40 bay 
LOG (lattice-best-path[5.5.671~1-e5a5a]:main():lattice-best-path.cc:99) For utterance viet_7_41, best cost 116.984 + 3777.2 = 3894.18 over 39 frames.
viet_7_41 bay 
LOG (lattice-best-path[5.5.671~1-e5a5a]:main():lattice-best-path.cc:99) For utterance viet_7_42, best cost 137.101 + 6574.72 = 6711.82 over 61 frames.
viet_7_42 bay 
LOG (lattice-best-path[5.5.671~1-e5a5a]:main():lattice-best-path.cc:99) For utterance viet_7_43, best cost 118.816 + 4096.05 = 4214.87 over 43 frames.
viet_7_43 bay 
LOG (lattice-best-path[5.5.671~1-e5a5a]:main():lattice-best-path.cc:99) For utterance viet_7_44, best cost 112.265 + 3451.96 = 3564.23 over 34 frames.
viet_7_44 bay 
LOG (lattice-best-path[5.5.671~1-e5a5a]:main():lattice-best-path.cc:99) For utterance viet_7_45, best cost 115.188 + 3943.35 = 4058.54 over 42 frames.
viet_7_45 bay 
LOG (lattice-best-path[5.5.671~1-e5a5a]:main():lattice-best-path.cc:99) For utterance viet_7_46, best cost 111.936 + 2934.18 = 3046.12 over 32 frames.
viet_7_46 bay 
LOG (lattice-best-path[5.5.671~1-e5a5a]:main():lattice-best-path.cc:99) For utterance viet_7_47, best cost 111.744 + 3702.9 = 3814.65 over 35 frames.
viet_7_47 bay 
LOG (lattice-best-path[5.5.671~1-e5a5a]:main():lattice-best-path.cc:99) For utterance viet_7_48, best cost 116.451 + 3916.12 = 4032.58 over 44 frames.
viet_7_48 bay 
LOG (lattice-best-path[5.5.671~1-e5a5a]:main():lattice-best-path.cc:99) For utterance viet_7_49, best cost 111.573 + 3342.2 = 3453.78 over 33 frames.
viet_7_49 bay 
LOG (lattice-best-path[5.5.671~1-e5a5a]:main():lattice-best-path.cc:99) For utterance viet_8_40, best cost 133.62 + 4417.99 = 4551.61 over 53 frames.
viet_8_40 tam 
LOG (lattice-best-path[5.5.671~1-e5a5a]:main():lattice-best-path.cc:99) For utterance viet_8_41, best cost 117.139 + 3925.62 = 4042.76 over 47 frames.
viet_8_41 tam 
LOG (lattice-best-path[5.5.671~1-e5a5a]:main():lattice-best-path.cc:99) For utterance viet_8_42, best cost 119.672 + 4475.37 = 4595.04 over 54 frames.
viet_8_42 tam 
LOG (lattice-best-path[5.5.671~1-e5a5a]:main():lattice-best-path.cc:99) For utterance viet_8_43, best cost 118.385 + 4692.17 = 4810.56 over 56 frames.
viet_8_43 tam 
LOG (lattice-best-path[5.5.671~1-e5a5a]:main():lattice-best-path.cc:99) For utterance viet_8_44, best cost 118.439 + 4531.02 = 4649.46 over 53 frames.
viet_8_44 tam 
LOG (lattice-best-path[5.5.671~1-e5a5a]:main():lattice-best-path.cc:99) For utterance viet_8_45, best cost 119.059 + 4770.34 = 4889.4 over 53 frames.
viet_8_45 tam 
LOG (lattice-best-path[5.5.671~1-e5a5a]:main():lattice-best-path.cc:99) For utterance viet_8_46, best cost 118.996 + 5067.46 = 5186.46 over 56 frames.
viet_8_46 tam 
LOG (lattice-best-path[5.5.671~1-e5a5a]:main():lattice-best-path.cc:99) For utterance viet_8_47, best cost 118.566 + 5006.5 = 5125.07 over 54 frames.
viet_8_47 tam 
LOG (lattice-best-path[5.5.671~1-e5a5a]:main():lattice-best-path.cc:99) For utterance viet_8_48, best cost 119.677 + 5077.7 = 5197.37 over 56 frames.
viet_8_48 tam 
LOG (lattice-best-path[5.5.671~1-e5a5a]:main():lattice-best-path.cc:99) For utterance viet_8_49, best cost 117.206 + 3932.88 = 4050.09 over 44 frames.
viet_8_49 tam 
LOG (lattice-best-path[5.5.671~1-e5a5a]:main():lattice-best-path.cc:99) For utterance viet_9_40, best cost 117.871 + 4749.81 = 4867.69 over 50 frames.
viet_9_40 chin 
LOG (lattice-best-path[5.5.671~1-e5a5a]:main():lattice-best-path.cc:99) For utterance viet_9_41, best cost 117.613 + 4327.33 = 4444.94 over 49 frames.
viet_9_41 chin 
LOG (lattice-best-path[5.5.671~1-e5a5a]:main():lattice-best-path.cc:99) For utterance viet_9_42, best cost 118.536 + 4562.18 = 4680.71 over 49 frames.
viet_9_42 chin 
LOG (lattice-best-path[5.5.671~1-e5a5a]:main():lattice-best-path.cc:99) For utterance viet_9_43, best cost 117.775 + 4676.92 = 4794.7 over 51 frames.
viet_9_43 chin 
LOG (lattice-best-path[5.5.671~1-e5a5a]:main():lattice-best-path.cc:99) For utterance viet_9_44, best cost 118.613 + 4637.95 = 4756.56 over 50 frames.
viet_9_44 chin 
LOG (lattice-best-path[5.5.671~1-e5a5a]:main():lattice-best-path.cc:99) For utterance viet_9_45, best cost 116.797 + 4159.96 = 4276.76 over 45 frames.
viet_9_45 chin 
LOG (lattice-best-path[5.5.671~1-e5a5a]:main():lattice-best-path.cc:99) For utterance viet_9_46, best cost 117.165 + 4155.74 = 4272.9 over 47 frames.
viet_9_46 chin 
LOG (lattice-best-path[5.5.671~1-e5a5a]:main():lattice-best-path.cc:99) For utterance viet_9_47, best cost 117.324 + 3787.8 = 3905.13 over 44 frames.
viet_9_47 chin 
LOG (lattice-best-path[5.5.671~1-e5a5a]:main():lattice-best-path.cc:99) For utterance viet_9_48, best cost 144.725 + 9765.78 = 9910.51 over 111 frames.
viet_9_48 chin 
LOG (lattice-best-path[5.5.671~1-e5a5a]:main():lattice-best-path.cc:99) For utterance viet_9_49, best cost 118.737 + 4390.75 = 4509.48 over 48 frames.
viet_9_49 chin 
LOG (lattice-best-path[5.5.671~1-e5a5a]:main():lattice-best-path.cc:124) Overall cost per frame is 92.0401 = 2.64896 [graph] + 89.3912 [acoustic] over 8929 frames.
LOG (lattice-best-path[5.5.671~1-e5a5a]:main():lattice-best-path.cc:128) Done 200 lattices, failed for 0
# Accounting: time=0 threads=1
# Ended (code 0) at Mon Apr 20 03:05:35 PDT 2020, elapsed time 0 seconds
