# lattice-best-path --lm-scale=14 --word-symbol-table=exp/tri1/graph/words.txt "ark:gunzip -c exp/tri1/decode/lat.*.gz|" ark,t:exp/tri1/decode/scoring/14.tra 
# Started at Mon Apr 20 03:05:35 PDT 2020
#
lattice-best-path --lm-scale=14 --word-symbol-table=exp/tri1/graph/words.txt 'ark:gunzip -c exp/tri1/decode/lat.*.gz|' ark,t:exp/tri1/decode/scoring/14.tra 
LOG (lattice-best-path[5.5.671~1-e5a5a]:main():lattice-best-path.cc:99) For utterance dan_0_40, best cost 97.7522 + 2395.67 = 2493.42 over 29 frames.
dan_0_40 khong 
LOG (lattice-best-path[5.5.671~1-e5a5a]:main():lattice-best-path.cc:99) For utterance dan_0_41, best cost 98.2924 + 2358.53 = 2456.83 over 29 frames.
dan_0_41 khong 
LOG (lattice-best-path[5.5.671~1-e5a5a]:main():lattice-best-path.cc:99) For utterance dan_0_42, best cost 97.101 + 1971.48 = 2068.58 over 27 frames.
dan_0_42 khong 
LOG (lattice-best-path[5.5.671~1-e5a5a]:main():lattice-best-path.cc:99) For utterance dan_0_43, best cost 97.8959 + 2333.34 = 2431.23 over 29 frames.
dan_0_43 khong 
LOG (lattice-best-path[5.5.671~1-e5a5a]:main():lattice-best-path.cc:99) For utterance dan_0_44, best cost 96.9241 + 2129.25 = 2226.17 over 26 frames.
dan_0_44 khong 
LOG (lattice-best-path[5.5.671~1-e5a5a]:main():lattice-best-path.cc:99) For utterance dan_0_45, best cost 96.7095 + 2143.24 = 2239.95 over 26 frames.
dan_0_45 khong 
LOG (lattice-best-path[5.5.671~1-e5a5a]:main():lattice-best-path.cc:99) For utterance dan_0_46, best cost 96.876 + 2331.12 = 2428 over 28 frames.
dan_0_46 khong 
LOG (lattice-best-path[5.5.671~1-e5a5a]:main():lattice-best-path.cc:99) For utterance dan_0_47, best cost 97.878 + 2406.49 = 2504.37 over 29 frames.
dan_0_47 khong 
LOG (lattice-best-path[5.5.671~1-e5a5a]:main():lattice-best-path.cc:99) For utterance dan_0_48, best cost 97.1167 + 2197.98 = 2295.1 over 27 frames.
dan_0_48 khong 
LOG (lattice-best-path[5.5.671~1-e5a5a]:main():lattice-best-path.cc:99) For utterance dan_0_49, best cost 112.59 + 4657.82 = 4770.41 over 56 frames.
dan_0_49 khong 
LOG (lattice-best-path[5.5.671~1-e5a5a]:main():lattice-best-path.cc:99) For utterance dan_1_40, best cost 92.3932 + 1537.86 = 1630.25 over 20 frames.
dan_1_40 mot 
LOG (lattice-best-path[5.5.671~1-e5a5a]:main():lattice-best-path.cc:99) For utterance dan_1_41, best cost 91.4709 + 1670.72 = 1762.19 over 18 frames.
dan_1_41 mot 
LOG (lattice-best-path[5.5.671~1-e5a5a]:main():lattice-best-path.cc:99) For utterance dan_1_42, best cost 107.497 + 2582.36 = 2689.86 over 27 frames.
dan_1_42 mot 
LOG (lattice-best-path[5.5.671~1-e5a5a]:main():lattice-best-path.cc:99) For utterance dan_1_43, best cost 91.222 + 1594.98 = 1686.2 over 18 frames.
dan_1_43 mot 
LOG (lattice-best-path[5.5.671~1-e5a5a]:main():lattice-best-path.cc:99) For utterance dan_1_44, best cost 93.7911 + 1890.39 = 1984.18 over 21 frames.
dan_1_44 mot 
LOG (lattice-best-path[5.5.671~1-e5a5a]:main():lattice-best-path.cc:99) For utterance dan_1_45, best cost 90.8569 + 1412.12 = 1502.98 over 17 frames.
dan_1_45 mot 
LOG (lattice-best-path[5.5.671~1-e5a5a]:main():lattice-best-path.cc:99) For utterance dan_1_46, best cost 89.1877 + 1303.63 = 1392.82 over 15 frames.
dan_1_46 mot 
LOG (lattice-best-path[5.5.671~1-e5a5a]:main():lattice-best-path.cc:99) For utterance dan_1_47, best cost 92.8301 + 1761.09 = 1853.92 over 20 frames.
dan_1_47 mot 
LOG (lattice-best-path[5.5.671~1-e5a5a]:main():lattice-best-path.cc:99) For utterance dan_1_48, best cost 91.8154 + 1685.62 = 1777.43 over 20 frames.
dan_1_48 mot 
LOG (lattice-best-path[5.5.671~1-e5a5a]:main():lattice-best-path.cc:99) For utterance dan_1_49, best cost 124.303 + 4912.99 = 5037.29 over 52 frames.
dan_1_49 mot 
LOG (lattice-best-path[5.5.671~1-e5a5a]:main():lattice-best-path.cc:99) For utterance dan_2_40, best cost 117.186 + 5000.96 = 5118.15 over 56 frames.
dan_2_40 hai 
LOG (lattice-best-path[5.5.671~1-e5a5a]:main():lattice-best-path.cc:99) For utterance dan_2_41, best cost 114.45 + 5780.36 = 5894.81 over 67 frames.
dan_2_41 hai 
LOG (lattice-best-path[5.5.671~1-e5a5a]:main():lattice-best-path.cc:99) For utterance dan_2_42, best cost 98.4734 + 3542.3 = 3640.78 over 38 frames.
dan_2_42 hai 
LOG (lattice-best-path[5.5.671~1-e5a5a]:main():lattice-best-path.cc:99) For utterance dan_2_43, best cost 97.12 + 3248.58 = 3345.7 over 34 frames.
dan_2_43 hai 
LOG (lattice-best-path[5.5.671~1-e5a5a]:main():lattice-best-path.cc:99) For utterance dan_2_44, best cost 97.8247 + 3243.23 = 3341.05 over 36 frames.
dan_2_44 hai 
LOG (lattice-best-path[5.5.671~1-e5a5a]:main():lattice-best-path.cc:99) For utterance dan_2_45, best cost 98.6615 + 3167.1 = 3265.76 over 32 frames.
dan_2_45 hai 
LOG (lattice-best-path[5.5.671~1-e5a5a]:main():lattice-best-path.cc:99) For utterance dan_2_46, best cost 97.0998 + 3226.94 = 3324.04 over 33 frames.
dan_2_46 hai 
LOG (lattice-best-path[5.5.671~1-e5a5a]:main():lattice-best-path.cc:99) For utterance dan_2_47, best cost 98.7193 + 3404.42 = 3503.14 over 35 frames.
dan_2_47 hai 
LOG (lattice-best-path[5.5.671~1-e5a5a]:main():lattice-best-path.cc:99) For utterance dan_2_48, best cost 97.7177 + 3240.78 = 3338.5 over 34 frames.
dan_2_48 hai 
LOG (lattice-best-path[5.5.671~1-e5a5a]:main():lattice-best-path.cc:99) For utterance dan_2_49, best cost 97.3672 + 3369.91 = 3467.27 over 34 frames.
dan_2_49 hai 
LOG (lattice-best-path[5.5.671~1-e5a5a]:main():lattice-best-path.cc:99) For utterance dan_3_40, best cost 94.2485 + 3262.53 = 3356.78 over 39 frames.
dan_3_40 ba 
LOG (lattice-best-path[5.5.671~1-e5a5a]:main():lattice-best-path.cc:99) For utterance dan_3_41, best cost 91.8039 + 2646.64 = 2738.45 over 31 frames.
dan_3_41 ba 
LOG (lattice-best-path[5.5.671~1-e5a5a]:main():lattice-best-path.cc:99) For utterance dan_3_42, best cost 94.3148 + 3454.26 = 3548.57 over 38 frames.
dan_3_42 ba 
LOG (lattice-best-path[5.5.671~1-e5a5a]:main():lattice-best-path.cc:99) For utterance dan_3_43, best cost 110.761 + 5297.3 = 5408.06 over 63 frames.
dan_3_43 ba 
LOG (lattice-best-path[5.5.671~1-e5a5a]:main():lattice-best-path.cc:99) For utterance dan_3_44, best cost 93.8379 + 2991.19 = 3085.03 over 36 frames.
dan_3_44 ba 
LOG (lattice-best-path[5.5.671~1-e5a5a]:main():lattice-best-path.cc:99) For utterance dan_3_45, best cost 106.756 + 3150.5 = 3257.25 over 34 frames.
dan_3_45 ba 
LOG (lattice-best-path[5.5.671~1-e5a5a]:main():lattice-best-path.cc:99) For utterance dan_3_46, best cost 92.6784 + 2424.57 = 2517.25 over 30 frames.
dan_3_46 ba 
LOG (lattice-best-path[5.5.671~1-e5a5a]:main():lattice-best-path.cc:99) For utterance dan_3_47, best cost 93.9538 + 2715.62 = 2809.57 over 36 frames.
dan_3_47 ba 
LOG (lattice-best-path[5.5.671~1-e5a5a]:main():lattice-best-path.cc:99) For utterance dan_3_48, best cost 93.8 + 2688.9 = 2782.7 over 36 frames.
dan_3_48 ba 
LOG (lattice-best-path[5.5.671~1-e5a5a]:main():lattice-best-path.cc:99) For utterance dan_3_49, best cost 116.754 + 10001 = 10117.8 over 119 frames.
dan_3_49 ba 
LOG (lattice-best-path[5.5.671~1-e5a5a]:main():lattice-best-path.cc:99) For utterance dan_4_40, best cost 100.829 + 3999.64 = 4100.47 over 38 frames.
dan_4_40 bon 
LOG (lattice-best-path[5.5.671~1-e5a5a]:main():lattice-best-path.cc:99) For utterance dan_4_41, best cost 100.785 + 3297.72 = 3398.5 over 36 frames.
dan_4_41 bon 
LOG (lattice-best-path[5.5.671~1-e5a5a]:main():lattice-best-path.cc:99) For utterance dan_4_42, best cost 100.703 + 3340.75 = 3441.46 over 36 frames.
dan_4_42 bon 
LOG (lattice-best-path[5.5.671~1-e5a5a]:main():lattice-best-path.cc:99) For utterance dan_4_43, best cost 99.7621 + 3080.79 = 3180.55 over 35 frames.
dan_4_43 bon 
LOG (lattice-best-path[5.5.671~1-e5a5a]:main():lattice-best-path.cc:99) For utterance dan_4_44, best cost 99.9675 + 3060.39 = 3160.35 over 34 frames.
dan_4_44 bon 
LOG (lattice-best-path[5.5.671~1-e5a5a]:main():lattice-best-path.cc:99) For utterance dan_4_45, best cost 98.6429 + 2837.24 = 2935.89 over 31 frames.
dan_4_45 bon 
LOG (lattice-best-path[5.5.671~1-e5a5a]:main():lattice-best-path.cc:99) For utterance dan_4_46, best cost 97.2223 + 2747.41 = 2844.63 over 29 frames.
dan_4_46 bon 
LOG (lattice-best-path[5.5.671~1-e5a5a]:main():lattice-best-path.cc:99) For utterance dan_4_47, best cost 99.396 + 2702.37 = 2801.76 over 31 frames.
dan_4_47 bon 
LOG (lattice-best-path[5.5.671~1-e5a5a]:main():lattice-best-path.cc:99) For utterance dan_4_48, best cost 99.4945 + 2997.82 = 3097.32 over 34 frames.
dan_4_48 bon 
LOG (lattice-best-path[5.5.671~1-e5a5a]:main():lattice-best-path.cc:99) For utterance dan_4_49, best cost 98.6415 + 2625.81 = 2724.45 over 31 frames.
dan_4_49 bon 
LOG (lattice-best-path[5.5.671~1-e5a5a]:main():lattice-best-path.cc:99) For utterance dan_5_40, best cost 98.2828 + 2714.14 = 2812.42 over 31 frames.
dan_5_40 nam 
LOG (lattice-best-path[5.5.671~1-e5a5a]:main():lattice-best-path.cc:99) For utterance dan_5_41, best cost 111.724 + 3175.18 = 3286.9 over 35 frames.
dan_5_41 nam 
LOG (lattice-best-path[5.5.671~1-e5a5a]:main():lattice-best-path.cc:99) For utterance dan_5_42, best cost 96.9277 + 2127.34 = 2224.27 over 28 frames.
dan_5_42 nam 
LOG (lattice-best-path[5.5.671~1-e5a5a]:main():lattice-best-path.cc:99) For utterance dan_5_43, best cost 112.054 + 3237.14 = 3349.19 over 35 frames.
dan_5_43 nam 
LOG (lattice-best-path[5.5.671~1-e5a5a]:main():lattice-best-path.cc:99) For utterance dan_5_44, best cost 96.7684 + 2305.31 = 2402.08 over 26 frames.
dan_5_44 nam 
LOG (lattice-best-path[5.5.671~1-e5a5a]:main():lattice-best-path.cc:99) For utterance dan_5_45, best cost 97.6832 + 2816.48 = 2914.16 over 29 frames.
dan_5_45 nam 
LOG (lattice-best-path[5.5.671~1-e5a5a]:main():lattice-best-path.cc:99) For utterance dan_5_46, best cost 97.0585 + 2533.82 = 2630.88 over 26 frames.
dan_5_46 nam 
LOG (lattice-best-path[5.5.671~1-e5a5a]:main():lattice-best-path.cc:99) For utterance dan_5_47, best cost 97.3891 + 2357.48 = 2454.87 over 27 frames.
dan_5_47 nam 
LOG (lattice-best-path[5.5.671~1-e5a5a]:main():lattice-best-path.cc:99) For utterance dan_5_48, best cost 96.8185 + 2364.68 = 2461.49 over 26 frames.
dan_5_48 nam 
LOG (lattice-best-path[5.5.671~1-e5a5a]:main():lattice-best-path.cc:99) For utterance dan_5_49, best cost 97.2405 + 2435.91 = 2533.15 over 25 frames.
dan_5_49 nam 
LOG (lattice-best-path[5.5.671~1-e5a5a]:main():lattice-best-path.cc:99) For utterance dan_6_40, best cost 102.552 + 3241.62 = 3344.17 over 37 frames.
dan_6_40 sau 
LOG (lattice-best-path[5.5.671~1-e5a5a]:main():lattice-best-path.cc:99) For utterance dan_6_41, best cost 101.155 + 3469.93 = 3571.08 over 39 frames.
dan_6_41 sau 
LOG (lattice-best-path[5.5.671~1-e5a5a]:main():lattice-best-path.cc:99) For utterance dan_6_42, best cost 101.021 + 3287.28 = 3388.3 over 39 frames.
dan_6_42 sau 
LOG (lattice-best-path[5.5.671~1-e5a5a]:main():lattice-best-path.cc:99) For utterance dan_6_43, best cost 117.88 + 8275.56 = 8393.44 over 96 frames.
dan_6_43 sau 
LOG (lattice-best-path[5.5.671~1-e5a5a]:main():lattice-best-path.cc:99) For utterance dan_6_44, best cost 131.907 + 6191.71 = 6323.62 over 70 frames.
dan_6_44 sau 
LOG (lattice-best-path[5.5.671~1-e5a5a]:main():lattice-best-path.cc:99) For utterance dan_6_45, best cost 100.018 + 3179.79 = 3279.81 over 37 frames.
dan_6_45 sau 
LOG (lattice-best-path[5.5.671~1-e5a5a]:main():lattice-best-path.cc:99) For utterance dan_6_46, best cost 100.241 + 3119.77 = 3220.01 over 37 frames.
dan_6_46 sau 
LOG (lattice-best-path[5.5.671~1-e5a5a]:main():lattice-best-path.cc:99) For utterance dan_6_47, best cost 97.5017 + 2022.27 = 2119.77 over 24 frames.
dan_6_47 sau 
LOG (lattice-best-path[5.5.671~1-e5a5a]:main():lattice-best-path.cc:99) For utterance dan_6_48, best cost 100.836 + 3494.46 = 3595.29 over 38 frames.
dan_6_48 sau 
LOG (lattice-best-path[5.5.671~1-e5a5a]:main():lattice-best-path.cc:99) For utterance dan_6_49, best cost 101.151 + 3231.84 = 3332.99 over 36 frames.
dan_6_49 sau 
LOG (lattice-best-path[5.5.671~1-e5a5a]:main():lattice-best-path.cc:99) For utterance dan_7_40, best cost 99.9854 + 3066.01 = 3165.99 over 36 frames.
dan_7_40 bay 
LOG (lattice-best-path[5.5.671~1-e5a5a]:main():lattice-best-path.cc:99) For utterance dan_7_41, best cost 99.2138 + 2939.43 = 3038.64 over 34 frames.
dan_7_41 bay 
LOG (lattice-best-path[5.5.671~1-e5a5a]:main():lattice-best-path.cc:99) For utterance dan_7_42, best cost 100.171 + 3459.55 = 3559.72 over 38 frames.
dan_7_42 bay 
LOG (lattice-best-path[5.5.671~1-e5a5a]:main():lattice-best-path.cc:99) For utterance dan_7_43, best cost 99.6823 + 3173.07 = 3272.75 over 36 frames.
dan_7_43 bay 
LOG (lattice-best-path[5.5.671~1-e5a5a]:main():lattice-best-path.cc:99) For utterance dan_7_44, best cost 115.16 + 4026.06 = 4141.22 over 44 frames.
dan_7_44 bay 
LOG (lattice-best-path[5.5.671~1-e5a5a]:main():lattice-best-path.cc:99) For utterance dan_7_45, best cost 114.451 + 3936.43 = 4050.88 over 41 frames.
dan_7_45 bay 
LOG (lattice-best-path[5.5.671~1-e5a5a]:main():lattice-best-path.cc:99) For utterance dan_7_46, best cost 101.986 + 3377.6 = 3479.58 over 37 frames.
dan_7_46 bay 
LOG (lattice-best-path[5.5.671~1-e5a5a]:main():lattice-best-path.cc:99) For utterance dan_7_47, best cost 99.9377 + 3542.82 = 3642.76 over 39 frames.
dan_7_47 bay 
LOG (lattice-best-path[5.5.671~1-e5a5a]:main():lattice-best-path.cc:99) For utterance dan_7_48, best cost 96.7142 + 2503.36 = 2600.07 over 28 frames.
dan_7_48 bay 
LOG (lattice-best-path[5.5.671~1-e5a5a]:main():lattice-best-path.cc:99) For utterance dan_7_49, best cost 98.0112 + 2803.48 = 2901.49 over 32 frames.
dan_7_49 bay 
LOG (lattice-best-path[5.5.671~1-e5a5a]:main():lattice-best-path.cc:99) For utterance dan_8_40, best cost 99.9118 + 2817.68 = 2917.59 over 33 frames.
dan_8_40 tam 
LOG (lattice-best-path[5.5.671~1-e5a5a]:main():lattice-best-path.cc:99) For utterance dan_8_41, best cost 97.8685 + 2915.44 = 3013.31 over 34 frames.
dan_8_41 tam 
LOG (lattice-best-path[5.5.671~1-e5a5a]:main():lattice-best-path.cc:99) For utterance dan_8_42, best cost 99.0252 + 2497.09 = 2596.12 over 31 frames.
dan_8_42 tam 
LOG (lattice-best-path[5.5.671~1-e5a5a]:main():lattice-best-path.cc:99) For utterance dan_8_43, best cost 97.9766 + 2641.81 = 2739.79 over 31 frames.
dan_8_43 tam 
LOG (lattice-best-path[5.5.671~1-e5a5a]:main():lattice-best-path.cc:99) For utterance dan_8_44, best cost 98.1925 + 2376.36 = 2474.56 over 30 frames.
dan_8_44 tam 
LOG (lattice-best-path[5.5.671~1-e5a5a]:main():lattice-best-path.cc:99) For utterance dan_8_45, best cost 98.8387 + 2867.95 = 2966.79 over 33 frames.
dan_8_45 tam 
LOG (lattice-best-path[5.5.671~1-e5a5a]:main():lattice-best-path.cc:99) For utterance dan_8_46, best cost 98.0638 + 2524.26 = 2622.33 over 29 frames.
dan_8_46 tam 
LOG (lattice-best-path[5.5.671~1-e5a5a]:main():lattice-best-path.cc:99) For utterance dan_8_47, best cost 96.614 + 2557.95 = 2654.56 over 30 frames.
dan_8_47 tam 
LOG (lattice-best-path[5.5.671~1-e5a5a]:main():lattice-best-path.cc:99) For utterance dan_8_48, best cost 96.8986 + 2901.67 = 2998.57 over 32 frames.
dan_8_48 tam 
LOG (lattice-best-path[5.5.671~1-e5a5a]:main():lattice-best-path.cc:99) For utterance dan_8_49, best cost 113.688 + 6195.73 = 6309.42 over 71 frames.
dan_8_49 tam 
LOG (lattice-best-path[5.5.671~1-e5a5a]:main():lattice-best-path.cc:99) For utterance dan_9_40, best cost 99.7139 + 2676.36 = 2776.07 over 32 frames.
dan_9_40 chin 
LOG (lattice-best-path[5.5.671~1-e5a5a]:main():lattice-best-path.cc:99) For utterance dan_9_41, best cost 99.4968 + 2602.85 = 2702.34 over 31 frames.
dan_9_41 chin 
LOG (lattice-best-path[5.5.671~1-e5a5a]:main():lattice-best-path.cc:99) For utterance dan_9_42, best cost 99.3396 + 2743.03 = 2842.37 over 31 frames.
dan_9_42 chin 
LOG (lattice-best-path[5.5.671~1-e5a5a]:main():lattice-best-path.cc:99) For utterance dan_9_43, best cost 99.5163 + 2605.64 = 2705.16 over 32 frames.
dan_9_43 chin 
LOG (lattice-best-path[5.5.671~1-e5a5a]:main():lattice-best-path.cc:99) For utterance dan_9_44, best cost 116.31 + 6162.69 = 6279 over 74 frames.
dan_9_44 chin 
LOG (lattice-best-path[5.5.671~1-e5a5a]:main():lattice-best-path.cc:99) For utterance dan_9_45, best cost 99.8752 + 2656.44 = 2756.31 over 32 frames.
dan_9_45 chin 
LOG (lattice-best-path[5.5.671~1-e5a5a]:main():lattice-best-path.cc:99) For utterance dan_9_46, best cost 98.8718 + 2605.78 = 2704.65 over 30 frames.
dan_9_46 chin 
LOG (lattice-best-path[5.5.671~1-e5a5a]:main():lattice-best-path.cc:99) For utterance dan_9_47, best cost 98.6771 + 2672.1 = 2770.78 over 31 frames.
dan_9_47 chin 
LOG (lattice-best-path[5.5.671~1-e5a5a]:main():lattice-best-path.cc:99) For utterance dan_9_48, best cost 100.424 + 2922.98 = 3023.41 over 34 frames.
dan_9_48 chin 
LOG (lattice-best-path[5.5.671~1-e5a5a]:main():lattice-best-path.cc:99) For utterance dan_9_49, best cost 100.127 + 2690.76 = 2790.89 over 33 frames.
dan_9_49 chin 
LOG (lattice-best-path[5.5.671~1-e5a5a]:main():lattice-best-path.cc:99) For utterance viet_0_40, best cost 105.176 + 4443.85 = 4549.03 over 48 frames.
viet_0_40 khong 
LOG (lattice-best-path[5.5.671~1-e5a5a]:main():lattice-best-path.cc:99) For utterance viet_0_41, best cost 105.76 + 4883.74 = 4989.5 over 52 frames.
viet_0_41 khong 
LOG (lattice-best-path[5.5.671~1-e5a5a]:main():lattice-best-path.cc:99) For utterance viet_0_42, best cost 105.663 + 5134.01 = 5239.67 over 54 frames.
viet_0_42 khong 
LOG (lattice-best-path[5.5.671~1-e5a5a]:main():lattice-best-path.cc:99) For utterance viet_0_43, best cost 106.096 + 4897.2 = 5003.29 over 53 frames.
viet_0_43 khong 
LOG (lattice-best-path[5.5.671~1-e5a5a]:main():lattice-best-path.cc:99) For utterance viet_0_44, best cost 103.558 + 4369.48 = 4473.04 over 48 frames.
viet_0_44 khong 
LOG (lattice-best-path[5.5.671~1-e5a5a]:main():lattice-best-path.cc:99) For utterance viet_0_45, best cost 106.024 + 5178.17 = 5284.19 over 55 frames.
viet_0_45 khong 
LOG (lattice-best-path[5.5.671~1-e5a5a]:main():lattice-best-path.cc:99) For utterance viet_0_46, best cost 120.945 + 5769.62 = 5890.56 over 61 frames.
viet_0_46 khong 
LOG (lattice-best-path[5.5.671~1-e5a5a]:main():lattice-best-path.cc:99) For utterance viet_0_47, best cost 104.786 + 4355.72 = 4460.5 over 49 frames.
viet_0_47 khong 
LOG (lattice-best-path[5.5.671~1-e5a5a]:main():lattice-best-path.cc:99) For utterance viet_0_48, best cost 104.467 + 4484.38 = 4588.85 over 48 frames.
viet_0_48 khong 
LOG (lattice-best-path[5.5.671~1-e5a5a]:main():lattice-best-path.cc:99) For utterance viet_0_49, best cost 103.008 + 4152.91 = 4255.92 over 44 frames.
viet_0_49 khong 
LOG (lattice-best-path[5.5.671~1-e5a5a]:main():lattice-best-path.cc:99) For utterance viet_1_40, best cost 98.8924 + 3413.16 = 3512.05 over 34 frames.
viet_1_40 mot 
LOG (lattice-best-path[5.5.671~1-e5a5a]:main():lattice-best-path.cc:99) For utterance viet_1_41, best cost 96.8964 + 2858.14 = 2955.03 over 30 frames.
viet_1_41 mot 
LOG (lattice-best-path[5.5.671~1-e5a5a]:main():lattice-best-path.cc:99) For utterance viet_1_42, best cost 122.132 + 9303.21 = 9425.34 over 102 frames.
viet_1_42 mot 
LOG (lattice-best-path[5.5.671~1-e5a5a]:main():lattice-best-path.cc:99) For utterance viet_1_43, best cost 118.058 + 6366.59 = 6484.64 over 74 frames.
viet_1_43 mot 
LOG (lattice-best-path[5.5.671~1-e5a5a]:main():lattice-best-path.cc:99) For utterance viet_1_44, best cost 96.1843 + 2509.75 = 2605.93 over 28 frames.
viet_1_44 mot 
LOG (lattice-best-path[5.5.671~1-e5a5a]:main():lattice-best-path.cc:99) For utterance viet_1_45, best cost 99.9415 + 3241.77 = 3341.71 over 36 frames.
viet_1_45 mot 
LOG (lattice-best-path[5.5.671~1-e5a5a]:main():lattice-best-path.cc:99) For utterance viet_1_46, best cost 98.7081 + 2828.74 = 2927.45 over 32 frames.
viet_1_46 mot 
LOG (lattice-best-path[5.5.671~1-e5a5a]:main():lattice-best-path.cc:99) For utterance viet_1_47, best cost 97.3641 + 2977.79 = 3075.16 over 32 frames.
viet_1_47 mot 
LOG (lattice-best-path[5.5.671~1-e5a5a]:main():lattice-best-path.cc:99) For utterance viet_1_48, best cost 95.4226 + 2477.25 = 2572.67 over 26 frames.
viet_1_48 mot 
LOG (lattice-best-path[5.5.671~1-e5a5a]:main():lattice-best-path.cc:99) For utterance viet_1_49, best cost 97.5352 + 2627.64 = 2725.17 over 30 frames.
viet_1_49 mot 
LOG (lattice-best-path[5.5.671~1-e5a5a]:main():lattice-best-path.cc:99) For utterance viet_2_40, best cost 102.585 + 4309.26 = 4411.85 over 50 frames.
viet_2_40 hai 
LOG (lattice-best-path[5.5.671~1-e5a5a]:main():lattice-best-path.cc:99) For utterance viet_2_41, best cost 102.315 + 5679.74 = 5782.05 over 56 frames.
viet_2_41 hai 
LOG (lattice-best-path[5.5.671~1-e5a5a]:main():lattice-best-path.cc:99) For utterance viet_2_42, best cost 101.178 + 4751.94 = 4853.12 over 54 frames.
viet_2_42 hai 
LOG (lattice-best-path[5.5.671~1-e5a5a]:main():lattice-best-path.cc:99) For utterance viet_2_43, best cost 100.329 + 4564.62 = 4664.95 over 50 frames.
viet_2_43 hai 
LOG (lattice-best-path[5.5.671~1-e5a5a]:main():lattice-best-path.cc:99) For utterance viet_2_44, best cost 115.654 + 5704.99 = 5820.64 over 61 frames.
viet_2_44 hai 
LOG (lattice-best-path[5.5.671~1-e5a5a]:main():lattice-best-path.cc:99) For utterance viet_2_45, best cost 103.636 + 4832.83 = 4936.46 over 52 frames.
viet_2_45 hai 
LOG (lattice-best-path[5.5.671~1-e5a5a]:main():lattice-best-path.cc:99) For utterance viet_2_46, best cost 100.954 + 4961.75 = 5062.71 over 52 frames.
viet_2_46 hai 
LOG (lattice-best-path[5.5.671~1-e5a5a]:main():lattice-best-path.cc:99) For utterance viet_2_47, best cost 103.386 + 4688.76 = 4792.15 over 51 frames.
viet_2_47 hai 
LOG (lattice-best-path[5.5.671~1-e5a5a]:main():lattice-best-path.cc:99) For utterance viet_2_48, best cost 115.642 + 5672.02 = 5787.66 over 66 frames.
viet_2_48 hai 
LOG (lattice-best-path[5.5.671~1-e5a5a]:main():lattice-best-path.cc:99) For utterance viet_2_49, best cost 102.053 + 4480.34 = 4582.4 over 52 frames.
viet_2_49 hai 
LOG (lattice-best-path[5.5.671~1-e5a5a]:main():lattice-best-path.cc:99) For utterance viet_3_40, best cost 109.438 + 4438.71 = 4548.15 over 50 frames.
viet_3_40 ba 
LOG (lattice-best-path[5.5.671~1-e5a5a]:main():lattice-best-path.cc:99) For utterance viet_3_41, best cost 97.4751 + 4532.43 = 4629.91 over 51 frames.
viet_3_41 ba 
LOG (lattice-best-path[5.5.671~1-e5a5a]:main():lattice-best-path.cc:99) For utterance viet_3_42, best cost 118.173 + 11673.7 = 11791.9 over 134 frames.
viet_3_42 ba 
LOG (lattice-best-path[5.5.671~1-e5a5a]:main():lattice-best-path.cc:99) For utterance viet_3_43, best cost 96.2426 + 4388.31 = 4484.55 over 49 frames.
viet_3_43 ba 
LOG (lattice-best-path[5.5.671~1-e5a5a]:main():lattice-best-path.cc:99) For utterance viet_3_44, best cost 96.3658 + 4209.02 = 4305.38 over 49 frames.
viet_3_44 ba 
LOG (lattice-best-path[5.5.671~1-e5a5a]:main():lattice-best-path.cc:99) For utterance viet_3_45, best cost 113.937 + 9668.32 = 9782.25 over 113 frames.
viet_3_45 ba 
LOG (lattice-best-path[5.5.671~1-e5a5a]:main():lattice-best-path.cc:99) For utterance viet_3_46, best cost 114.58 + 7192.69 = 7307.27 over 84 frames.
viet_3_46 ba 
LOG (lattice-best-path[5.5.671~1-e5a5a]:main():lattice-best-path.cc:99) For utterance viet_3_47, best cost 95.5147 + 4298.99 = 4394.51 over 49 frames.
viet_3_47 ba 
LOG (lattice-best-path[5.5.671~1-e5a5a]:main():lattice-best-path.cc:99) For utterance viet_3_48, best cost 99.4344 + 4807.49 = 4906.93 over 52 frames.
viet_3_48 ba 
LOG (lattice-best-path[5.5.671~1-e5a5a]:main():lattice-best-path.cc:99) For utterance viet_3_49, best cost 97.3569 + 4014.86 = 4112.22 over 45 frames.
viet_3_49 ba 
LOG (lattice-best-path[5.5.671~1-e5a5a]:main():lattice-best-path.cc:99) For utterance viet_4_40, best cost 102.486 + 4453.66 = 4556.15 over 50 frames.
viet_4_40 bon 
LOG (lattice-best-path[5.5.671~1-e5a5a]:main():lattice-best-path.cc:99) For utterance viet_4_41, best cost 131.152 + 5711.31 = 5842.46 over 65 frames.
viet_4_41 bon 
LOG (lattice-best-path[5.5.671~1-e5a5a]:main():lattice-best-path.cc:99) For utterance viet_4_42, best cost 103.159 + 4752.52 = 4855.68 over 50 frames.
viet_4_42 bon 
LOG (lattice-best-path[5.5.671~1-e5a5a]:main():lattice-best-path.cc:99) For utterance viet_4_43, best cost 116.474 + 5221.39 = 5337.86 over 56 frames.
viet_4_43 bon 
LOG (lattice-best-path[5.5.671~1-e5a5a]:main():lattice-best-path.cc:99) For utterance viet_4_44, best cost 101.712 + 4160.34 = 4262.05 over 44 frames.
viet_4_44 bon 
LOG (lattice-best-path[5.5.671~1-e5a5a]:main():lattice-best-path.cc:99) For utterance viet_4_45, best cost 103.602 + 4461.28 = 4564.88 over 49 frames.
viet_4_45 bon 
LOG (lattice-best-path[5.5.671~1-e5a5a]:main():lattice-best-path.cc:99) For utterance viet_4_46, best cost 119.897 + 6426.07 = 6545.97 over 69 frames.
viet_4_46 bon 
LOG (lattice-best-path[5.5.671~1-e5a5a]:main():lattice-best-path.cc:99) For utterance viet_4_47, best cost 120.86 + 9447.64 = 9568.5 over 108 frames.
viet_4_47 bon 
LOG (lattice-best-path[5.5.671~1-e5a5a]:main():lattice-best-path.cc:99) For utterance viet_4_48, best cost 116.018 + 4552.44 = 4668.46 over 52 frames.
viet_4_48 bon 
LOG (lattice-best-path[5.5.671~1-e5a5a]:main():lattice-best-path.cc:99) For utterance viet_4_49, best cost 102.456 + 4544.56 = 4647.02 over 48 frames.
viet_4_49 bon 
LOG (lattice-best-path[5.5.671~1-e5a5a]:main():lattice-best-path.cc:99) For utterance viet_5_40, best cost 114.246 + 4927.59 = 5041.84 over 52 frames.
viet_5_40 nam 
LOG (lattice-best-path[5.5.671~1-e5a5a]:main():lattice-best-path.cc:99) For utterance viet_5_41, best cost 101.603 + 4607.7 = 4709.31 over 47 frames.
viet_5_41 nam 
LOG (lattice-best-path[5.5.671~1-e5a5a]:main():lattice-best-path.cc:99) For utterance viet_5_42, best cost 102.412 + 4385.5 = 4487.91 over 49 frames.
viet_5_42 nam 
LOG (lattice-best-path[5.5.671~1-e5a5a]:main():lattice-best-path.cc:99) For utterance viet_5_43, best cost 103.094 + 4792.98 = 4896.08 over 49 frames.
viet_5_43 nam 
LOG (lattice-best-path[5.5.671~1-e5a5a]:main():lattice-best-path.cc:99) For utterance viet_5_44, best cost 103.39 + 4422.68 = 4526.07 over 51 frames.
viet_5_44 nam 
LOG (lattice-best-path[5.5.671~1-e5a5a]:main():lattice-best-path.cc:99) For utterance viet_5_45, best cost 115.8 + 4947.16 = 5062.96 over 51 frames.
viet_5_45 nam 
LOG (lattice-best-path[5.5.671~1-e5a5a]:main():lattice-best-path.cc:99) For utterance viet_5_46, best cost 102.532 + 4048.92 = 4151.45 over 44 frames.
viet_5_46 nam 
LOG (lattice-best-path[5.5.671~1-e5a5a]:main():lattice-best-path.cc:99) For utterance viet_5_47, best cost 102.859 + 4151.62 = 4254.48 over 46 frames.
viet_5_47 nam 
LOG (lattice-best-path[5.5.671~1-e5a5a]:main():lattice-best-path.cc:99) For utterance viet_5_48, best cost 100.856 + 4228.93 = 4329.79 over 47 frames.
viet_5_48 nam 
LOG (lattice-best-path[5.5.671~1-e5a5a]:main():lattice-best-path.cc:99) For utterance viet_5_49, best cost 102.806 + 4169.18 = 4271.98 over 47 frames.
viet_5_49 nam 
LOG (lattice-best-path[5.5.671~1-e5a5a]:main():lattice-best-path.cc:99) For utterance viet_6_40, best cost 104.394 + 4523.65 = 4628.04 over 52 frames.
viet_6_40 sau 
LOG (lattice-best-path[5.5.671~1-e5a5a]:main():lattice-best-path.cc:99) For utterance viet_6_41, best cost 124.395 + 9513.87 = 9638.26 over 114 frames.
viet_6_41 sau 
LOG (lattice-best-path[5.5.671~1-e5a5a]:main():lattice-best-path.cc:99) For utterance viet_6_42, best cost 117.819 + 4979.08 = 5096.9 over 57 frames.
viet_6_42 sau 
LOG (lattice-best-path[5.5.671~1-e5a5a]:main():lattice-best-path.cc:99) For utterance viet_6_43, best cost 104.296 + 4537.27 = 4641.57 over 53 frames.
viet_6_43 sau 
LOG (lattice-best-path[5.5.671~1-e5a5a]:main():lattice-best-path.cc:99) For utterance viet_6_44, best cost 105.294 + 4676.26 = 4781.55 over 52 frames.
viet_6_44 sau 
LOG (lattice-best-path[5.5.671~1-e5a5a]:main():lattice-best-path.cc:99) For utterance viet_6_45, best cost 120.983 + 6565.12 = 6686.11 over 71 frames.
viet_6_45 sau 
LOG (lattice-best-path[5.5.671~1-e5a5a]:main():lattice-best-path.cc:99) For utterance viet_6_46, best cost 173.656 + 8211.47 = 8385.13 over 95 frames.
viet_6_46 sau 
LOG (lattice-best-path[5.5.671~1-e5a5a]:main():lattice-best-path.cc:99) For utterance viet_6_47, best cost 106.24 + 4675.27 = 4781.51 over 53 frames.
viet_6_47 sau 
LOG (lattice-best-path[5.5.671~1-e5a5a]:main():lattice-best-path.cc:99) For utterance viet_6_48, best cost 104.256 + 4010.49 = 4114.75 over 46 frames.
viet_6_48 sau 
LOG (lattice-best-path[5.5.671~1-e5a5a]:main():lattice-best-path.cc:99) For utterance viet_6_49, best cost 120.341 + 7084.16 = 7204.5 over 79 frames.
viet_6_49 sau 
LOG (lattice-best-path[5.5.671~1-e5a5a]:main():lattice-best-path.cc:99) For utterance viet_7_40, best cost 103.876 + 4121.95 = 4225.83 over 44 frames.
viet_7_40 bay 
LOG (lattice-best-path[5.5.671~1-e5a5a]:main():lattice-best-path.cc:99) For utterance viet_7_41, best cost 102.361 + 3777.2 = 3879.56 over 39 frames.
viet_7_41 bay 
LOG (lattice-best-path[5.5.671~1-e5a5a]:main():lattice-best-path.cc:99) For utterance viet_7_42, best cost 119.963 + 6574.72 = 6694.68 over 61 frames.
viet_7_42 bay 
LOG (lattice-best-path[5.5.671~1-e5a5a]:main():lattice-best-path.cc:99) For utterance viet_7_43, best cost 103.964 + 4096.05 = 4200.02 over 43 frames.
viet_7_43 bay 
LOG (lattice-best-path[5.5.671~1-e5a5a]:main():lattice-best-path.cc:99) For utterance viet_7_44, best cost 98.2317 + 3451.96 = 3550.19 over 34 frames.
viet_7_44 bay 
LOG (lattice-best-path[5.5.671~1-e5a5a]:main():lattice-best-path.cc:99) For utterance viet_7_45, best cost 100.79 + 3943.35 = 4044.14 over 42 frames.
viet_7_45 bay 
LOG (lattice-best-path[5.5.671~1-e5a5a]:main():lattice-best-path.cc:99) For utterance viet_7_46, best cost 97.9437 + 2934.18 = 3032.13 over 32 frames.
viet_7_46 bay 
LOG (lattice-best-path[5.5.671~1-e5a5a]:main():lattice-best-path.cc:99) For utterance viet_7_47, best cost 97.7763 + 3702.9 = 3800.68 over 35 frames.
viet_7_47 bay 
LOG (lattice-best-path[5.5.671~1-e5a5a]:main():lattice-best-path.cc:99) For utterance viet_7_48, best cost 101.895 + 3916.12 = 4018.02 over 44 frames.
viet_7_48 bay 
LOG (lattice-best-path[5.5.671~1-e5a5a]:main():lattice-best-path.cc:99) For utterance viet_7_49, best cost 97.6263 + 3342.2 = 3439.83 over 33 frames.
viet_7_49 bay 
LOG (lattice-best-path[5.5.671~1-e5a5a]:main():lattice-best-path.cc:99) For utterance viet_8_40, best cost 116.917 + 4417.99 = 4534.91 over 53 frames.
viet_8_40 tam 
LOG (lattice-best-path[5.5.671~1-e5a5a]:main():lattice-best-path.cc:99) For utterance viet_8_41, best cost 102.497 + 3925.62 = 4028.12 over 47 frames.
viet_8_41 tam 
LOG (lattice-best-path[5.5.671~1-e5a5a]:main():lattice-best-path.cc:99) For utterance viet_8_42, best cost 104.713 + 4475.37 = 4580.09 over 54 frames.
viet_8_42 tam 
LOG (lattice-best-path[5.5.671~1-e5a5a]:main():lattice-best-path.cc:99) For utterance viet_8_43, best cost 103.587 + 4692.17 = 4795.76 over 56 frames.
viet_8_43 tam 
LOG (lattice-best-path[5.5.671~1-e5a5a]:main():lattice-best-path.cc:99) For utterance viet_8_44, best cost 103.634 + 4531.02 = 4634.65 over 53 frames.
viet_8_44 tam 
LOG (lattice-best-path[5.5.671~1-e5a5a]:main():lattice-best-path.cc:99) For utterance viet_8_45, best cost 104.176 + 4770.34 = 4874.52 over 53 frames.
viet_8_45 tam 
LOG (lattice-best-path[5.5.671~1-e5a5a]:main():lattice-best-path.cc:99) For utterance viet_8_46, best cost 104.121 + 5067.46 = 5171.58 over 56 frames.
viet_8_46 tam 
LOG (lattice-best-path[5.5.671~1-e5a5a]:main():lattice-best-path.cc:99) For utterance viet_8_47, best cost 103.746 + 5006.5 = 5110.25 over 54 frames.
viet_8_47 tam 
LOG (lattice-best-path[5.5.671~1-e5a5a]:main():lattice-best-path.cc:99) For utterance viet_8_48, best cost 104.718 + 5077.7 = 5182.41 over 56 frames.
viet_8_48 tam 
LOG (lattice-best-path[5.5.671~1-e5a5a]:main():lattice-best-path.cc:99) For utterance viet_8_49, best cost 102.555 + 3932.88 = 4035.44 over 44 frames.
viet_8_49 tam 
LOG (lattice-best-path[5.5.671~1-e5a5a]:main():lattice-best-path.cc:99) For utterance viet_9_40, best cost 103.137 + 4749.81 = 4852.95 over 50 frames.
viet_9_40 chin 
LOG (lattice-best-path[5.5.671~1-e5a5a]:main():lattice-best-path.cc:99) For utterance viet_9_41, best cost 102.911 + 4327.33 = 4430.24 over 49 frames.
viet_9_41 chin 
LOG (lattice-best-path[5.5.671~1-e5a5a]:main():lattice-best-path.cc:99) For utterance viet_9_42, best cost 103.719 + 4562.18 = 4665.89 over 49 frames.
viet_9_42 chin 
LOG (lattice-best-path[5.5.671~1-e5a5a]:main():lattice-best-path.cc:99) For utterance viet_9_43, best cost 103.053 + 4676.92 = 4779.97 over 51 frames.
viet_9_43 chin 
LOG (lattice-best-path[5.5.671~1-e5a5a]:main():lattice-best-path.cc:99) For utterance viet_9_44, best cost 103.786 + 4637.95 = 4741.73 over 50 frames.
viet_9_44 chin 
LOG (lattice-best-path[5.5.671~1-e5a5a]:main():lattice-best-path.cc:99) For utterance viet_9_45, best cost 102.197 + 4159.96 = 4262.16 over 45 frames.
viet_9_45 chin 
LOG (lattice-best-path[5.5.671~1-e5a5a]:main():lattice-best-path.cc:99) For utterance viet_9_46, best cost 102.519 + 4155.74 = 4258.26 over 47 frames.
viet_9_46 chin 
LOG (lattice-best-path[5.5.671~1-e5a5a]:main():lattice-best-path.cc:99) For utterance viet_9_47, best cost 102.659 + 3787.8 = 3890.46 over 44 frames.
viet_9_47 chin 
LOG (lattice-best-path[5.5.671~1-e5a5a]:main():lattice-best-path.cc:99) For utterance viet_9_48, best cost 126.634 + 9765.78 = 9892.42 over 111 frames.
viet_9_48 chin 
LOG (lattice-best-path[5.5.671~1-e5a5a]:main():lattice-best-path.cc:99) For utterance viet_9_49, best cost 103.895 + 4390.75 = 4494.64 over 48 frames.
viet_9_49 chin 
LOG (lattice-best-path[5.5.671~1-e5a5a]:main():lattice-best-path.cc:124) Overall cost per frame is 91.709 = 2.31784 [graph] + 89.3912 [acoustic] over 8929 frames.
LOG (lattice-best-path[5.5.671~1-e5a5a]:main():lattice-best-path.cc:128) Done 200 lattices, failed for 0
# Accounting: time=0 threads=1
# Ended (code 0) at Mon Apr 20 03:05:35 PDT 2020, elapsed time 0 seconds
