# lattice-best-path --lm-scale=10 --word-symbol-table=exp/tri1/graph/words.txt "ark:gunzip -c exp/tri1/decode/lat.*.gz|" ark,t:exp/tri1/decode/scoring/10.tra 
# Started at Mon Apr 20 03:05:34 PDT 2020
#
lattice-best-path --lm-scale=10 --word-symbol-table=exp/tri1/graph/words.txt 'ark:gunzip -c exp/tri1/decode/lat.*.gz|' ark,t:exp/tri1/decode/scoring/10.tra 
LOG (lattice-best-path[5.5.671~1-e5a5a]:main():lattice-best-path.cc:99) For utterance dan_0_40, best cost 69.823 + 2395.67 = 2465.49 over 29 frames.
dan_0_40 khong 
LOG (lattice-best-path[5.5.671~1-e5a5a]:main():lattice-best-path.cc:99) For utterance dan_0_41, best cost 70.2089 + 2358.53 = 2428.74 over 29 frames.
dan_0_41 khong 
LOG (lattice-best-path[5.5.671~1-e5a5a]:main():lattice-best-path.cc:99) For utterance dan_0_42, best cost 69.3578 + 1971.48 = 2040.84 over 27 frames.
dan_0_42 khong 
LOG (lattice-best-path[5.5.671~1-e5a5a]:main():lattice-best-path.cc:99) For utterance dan_0_43, best cost 69.9256 + 2333.34 = 2403.26 over 29 frames.
dan_0_43 khong 
LOG (lattice-best-path[5.5.671~1-e5a5a]:main():lattice-best-path.cc:99) For utterance dan_0_44, best cost 69.2315 + 2129.25 = 2198.48 over 26 frames.
dan_0_44 khong 
LOG (lattice-best-path[5.5.671~1-e5a5a]:main():lattice-best-path.cc:99) For utterance dan_0_45, best cost 69.0782 + 2143.24 = 2212.32 over 26 frames.
dan_0_45 khong 
LOG (lattice-best-path[5.5.671~1-e5a5a]:main():lattice-best-path.cc:99) For utterance dan_0_46, best cost 69.1971 + 2331.12 = 2400.32 over 28 frames.
dan_0_46 khong 
LOG (lattice-best-path[5.5.671~1-e5a5a]:main():lattice-best-path.cc:99) For utterance dan_0_47, best cost 69.9128 + 2406.49 = 2476.4 over 29 frames.
dan_0_47 khong 
LOG (lattice-best-path[5.5.671~1-e5a5a]:main():lattice-best-path.cc:99) For utterance dan_0_48, best cost 69.3691 + 2197.98 = 2267.35 over 27 frames.
dan_0_48 khong 
LOG (lattice-best-path[5.5.671~1-e5a5a]:main():lattice-best-path.cc:99) For utterance dan_0_49, best cost 80.4212 + 4657.82 = 4738.24 over 56 frames.
dan_0_49 khong 
LOG (lattice-best-path[5.5.671~1-e5a5a]:main():lattice-best-path.cc:99) For utterance dan_1_40, best cost 65.9951 + 1537.86 = 1603.85 over 20 frames.
dan_1_40 mot 
LOG (lattice-best-path[5.5.671~1-e5a5a]:main():lattice-best-path.cc:99) For utterance dan_1_41, best cost 65.3363 + 1670.72 = 1736.06 over 18 frames.
dan_1_41 mot 
LOG (lattice-best-path[5.5.671~1-e5a5a]:main():lattice-best-path.cc:99) For utterance dan_1_42, best cost 76.7836 + 2582.36 = 2659.15 over 27 frames.
dan_1_42 mot 
LOG (lattice-best-path[5.5.671~1-e5a5a]:main():lattice-best-path.cc:99) For utterance dan_1_43, best cost 65.1586 + 1594.98 = 1660.14 over 18 frames.
dan_1_43 mot 
LOG (lattice-best-path[5.5.671~1-e5a5a]:main():lattice-best-path.cc:99) For utterance dan_1_44, best cost 66.9936 + 1890.39 = 1957.38 over 21 frames.
dan_1_44 mot 
LOG (lattice-best-path[5.5.671~1-e5a5a]:main():lattice-best-path.cc:99) For utterance dan_1_45, best cost 64.8978 + 1412.12 = 1477.02 over 17 frames.
dan_1_45 mot 
LOG (lattice-best-path[5.5.671~1-e5a5a]:main():lattice-best-path.cc:99) For utterance dan_1_46, best cost 63.7055 + 1303.63 = 1367.33 over 15 frames.
dan_1_46 mot 
LOG (lattice-best-path[5.5.671~1-e5a5a]:main():lattice-best-path.cc:99) For utterance dan_1_47, best cost 66.3072 + 1761.09 = 1827.4 over 20 frames.
dan_1_47 mot 
LOG (lattice-best-path[5.5.671~1-e5a5a]:main():lattice-best-path.cc:99) For utterance dan_1_48, best cost 65.5824 + 1685.62 = 1751.2 over 20 frames.
dan_1_48 mot 
LOG (lattice-best-path[5.5.671~1-e5a5a]:main():lattice-best-path.cc:99) For utterance dan_1_49, best cost 88.7881 + 4912.99 = 5001.78 over 52 frames.
dan_1_49 mot 
LOG (lattice-best-path[5.5.671~1-e5a5a]:main():lattice-best-path.cc:99) For utterance dan_2_40, best cost 83.7041 + 5000.96 = 5084.67 over 56 frames.
dan_2_40 hai 
LOG (lattice-best-path[5.5.671~1-e5a5a]:main():lattice-best-path.cc:99) For utterance dan_2_41, best cost 81.7502 + 5780.36 = 5862.11 over 67 frames.
dan_2_41 hai 
LOG (lattice-best-path[5.5.671~1-e5a5a]:main():lattice-best-path.cc:99) For utterance dan_2_42, best cost 70.3381 + 3542.3 = 3612.64 over 38 frames.
dan_2_42 hai 
LOG (lattice-best-path[5.5.671~1-e5a5a]:main():lattice-best-path.cc:99) For utterance dan_2_43, best cost 69.3715 + 3248.58 = 3317.95 over 34 frames.
dan_2_43 hai 
LOG (lattice-best-path[5.5.671~1-e5a5a]:main():lattice-best-path.cc:99) For utterance dan_2_44, best cost 69.8748 + 3243.23 = 3313.1 over 36 frames.
dan_2_44 hai 
LOG (lattice-best-path[5.5.671~1-e5a5a]:main():lattice-best-path.cc:99) For utterance dan_2_45, best cost 70.4725 + 3167.1 = 3237.57 over 32 frames.
dan_2_45 hai 
LOG (lattice-best-path[5.5.671~1-e5a5a]:main():lattice-best-path.cc:99) For utterance dan_2_46, best cost 69.357 + 3226.94 = 3296.29 over 33 frames.
dan_2_46 hai 
LOG (lattice-best-path[5.5.671~1-e5a5a]:main():lattice-best-path.cc:99) For utterance dan_2_47, best cost 70.5138 + 3404.42 = 3474.93 over 35 frames.
dan_2_47 hai 
LOG (lattice-best-path[5.5.671~1-e5a5a]:main():lattice-best-path.cc:99) For utterance dan_2_48, best cost 69.7983 + 3240.78 = 3310.58 over 34 frames.
dan_2_48 hai 
LOG (lattice-best-path[5.5.671~1-e5a5a]:main():lattice-best-path.cc:99) For utterance dan_2_49, best cost 69.548 + 3369.91 = 3439.45 over 34 frames.
dan_2_49 hai 
LOG (lattice-best-path[5.5.671~1-e5a5a]:main():lattice-best-path.cc:99) For utterance dan_3_40, best cost 67.3203 + 3262.53 = 3329.85 over 39 frames.
dan_3_40 ba 
LOG (lattice-best-path[5.5.671~1-e5a5a]:main():lattice-best-path.cc:99) For utterance dan_3_41, best cost 65.5742 + 2646.64 = 2712.22 over 31 frames.
dan_3_41 ba 
LOG (lattice-best-path[5.5.671~1-e5a5a]:main():lattice-best-path.cc:99) For utterance dan_3_42, best cost 67.3677 + 3454.26 = 3521.63 over 38 frames.
dan_3_42 ba 
LOG (lattice-best-path[5.5.671~1-e5a5a]:main():lattice-best-path.cc:99) For utterance dan_3_43, best cost 79.115 + 5297.3 = 5376.42 over 63 frames.
dan_3_43 ba 
LOG (lattice-best-path[5.5.671~1-e5a5a]:main():lattice-best-path.cc:99) For utterance dan_3_44, best cost 67.0271 + 2991.19 = 3058.22 over 36 frames.
dan_3_44 ba 
LOG (lattice-best-path[5.5.671~1-e5a5a]:main():lattice-best-path.cc:99) For utterance dan_3_45, best cost 76.2545 + 3150.5 = 3226.75 over 34 frames.
dan_3_45 ba 
LOG (lattice-best-path[5.5.671~1-e5a5a]:main():lattice-best-path.cc:99) For utterance dan_3_46, best cost 66.1988 + 2424.57 = 2490.77 over 30 frames.
dan_3_46 ba 
LOG (lattice-best-path[5.5.671~1-e5a5a]:main():lattice-best-path.cc:99) For utterance dan_3_47, best cost 67.1098 + 2715.62 = 2782.73 over 36 frames.
dan_3_47 ba 
LOG (lattice-best-path[5.5.671~1-e5a5a]:main():lattice-best-path.cc:99) For utterance dan_3_48, best cost 67 + 2688.9 = 2755.9 over 36 frames.
dan_3_48 ba 
LOG (lattice-best-path[5.5.671~1-e5a5a]:main():lattice-best-path.cc:99) For utterance dan_3_49, best cost 83.396 + 10001 = 10084.4 over 119 frames.
dan_3_49 ba 
LOG (lattice-best-path[5.5.671~1-e5a5a]:main():lattice-best-path.cc:99) For utterance dan_4_40, best cost 72.0204 + 3999.64 = 4071.66 over 38 frames.
dan_4_40 bon 
LOG (lattice-best-path[5.5.671~1-e5a5a]:main():lattice-best-path.cc:99) For utterance dan_4_41, best cost 71.9894 + 3297.72 = 3369.71 over 36 frames.
dan_4_41 bon 
LOG (lattice-best-path[5.5.671~1-e5a5a]:main():lattice-best-path.cc:99) For utterance dan_4_42, best cost 71.9309 + 3340.75 = 3412.69 over 36 frames.
dan_4_42 bon 
LOG (lattice-best-path[5.5.671~1-e5a5a]:main():lattice-best-path.cc:99) For utterance dan_4_43, best cost 71.2587 + 3080.79 = 3152.05 over 35 frames.
dan_4_43 bon 
LOG (lattice-best-path[5.5.671~1-e5a5a]:main():lattice-best-path.cc:99) For utterance dan_4_44, best cost 71.4054 + 3060.39 = 3131.79 over 34 frames.
dan_4_44 bon 
LOG (lattice-best-path[5.5.671~1-e5a5a]:main():lattice-best-path.cc:99) For utterance dan_4_45, best cost 70.4592 + 2837.24 = 2907.7 over 31 frames.
dan_4_45 bon 
LOG (lattice-best-path[5.5.671~1-e5a5a]:main():lattice-best-path.cc:99) For utterance dan_4_46, best cost 69.4445 + 2747.41 = 2816.86 over 29 frames.
dan_4_46 bon 
LOG (lattice-best-path[5.5.671~1-e5a5a]:main():lattice-best-path.cc:99) For utterance dan_4_47, best cost 70.9972 + 2702.37 = 2773.36 over 31 frames.
dan_4_47 bon 
LOG (lattice-best-path[5.5.671~1-e5a5a]:main():lattice-best-path.cc:99) For utterance dan_4_48, best cost 71.0675 + 2997.82 = 3068.89 over 34 frames.
dan_4_48 bon 
LOG (lattice-best-path[5.5.671~1-e5a5a]:main():lattice-best-path.cc:99) For utterance dan_4_49, best cost 70.4582 + 2625.81 = 2696.27 over 31 frames.
dan_4_49 bon 
LOG (lattice-best-path[5.5.671~1-e5a5a]:main():lattice-best-path.cc:99) For utterance dan_5_40, best cost 70.202 + 2714.14 = 2784.34 over 31 frames.
dan_5_40 nam 
LOG (lattice-best-path[5.5.671~1-e5a5a]:main():lattice-best-path.cc:99) For utterance dan_5_41, best cost 79.8026 + 3175.18 = 3254.98 over 35 frames.
dan_5_41 nam 
LOG (lattice-best-path[5.5.671~1-e5a5a]:main():lattice-best-path.cc:99) For utterance dan_5_42, best cost 69.2341 + 2127.34 = 2196.57 over 28 frames.
dan_5_42 nam 
LOG (lattice-best-path[5.5.671~1-e5a5a]:main():lattice-best-path.cc:99) For utterance dan_5_43, best cost 80.0389 + 3237.14 = 3317.17 over 35 frames.
dan_5_43 nam 
LOG (lattice-best-path[5.5.671~1-e5a5a]:main():lattice-best-path.cc:99) For utterance dan_5_44, best cost 69.1203 + 2305.31 = 2374.43 over 26 frames.
dan_5_44 nam 
LOG (lattice-best-path[5.5.671~1-e5a5a]:main():lattice-best-path.cc:99) For utterance dan_5_45, best cost 69.7737 + 2816.48 = 2886.25 over 29 frames.
dan_5_45 nam 
LOG (lattice-best-path[5.5.671~1-e5a5a]:main():lattice-best-path.cc:99) For utterance dan_5_46, best cost 69.3275 + 2533.82 = 2603.14 over 26 frames.
dan_5_46 nam 
LOG (lattice-best-path[5.5.671~1-e5a5a]:main():lattice-best-path.cc:99) For utterance dan_5_47, best cost 69.5637 + 2357.48 = 2427.04 over 27 frames.
dan_5_47 nam 
LOG (lattice-best-path[5.5.671~1-e5a5a]:main():lattice-best-path.cc:99) For utterance dan_5_48, best cost 69.156 + 2364.68 = 2433.83 over 26 frames.
dan_5_48 nam 
LOG (lattice-best-path[5.5.671~1-e5a5a]:main():lattice-best-path.cc:99) For utterance dan_5_49, best cost 69.4575 + 2435.91 = 2505.36 over 25 frames.
dan_5_49 nam 
LOG (lattice-best-path[5.5.671~1-e5a5a]:main():lattice-best-path.cc:99) For utterance dan_6_40, best cost 73.2516 + 3241.62 = 3314.87 over 37 frames.
dan_6_40 sau 
LOG (lattice-best-path[5.5.671~1-e5a5a]:main():lattice-best-path.cc:99) For utterance dan_6_41, best cost 72.2532 + 3469.93 = 3542.18 over 39 frames.
dan_6_41 sau 
LOG (lattice-best-path[5.5.671~1-e5a5a]:main():lattice-best-path.cc:99) For utterance dan_6_42, best cost 72.158 + 3287.28 = 3359.44 over 39 frames.
dan_6_42 sau 
LOG (lattice-best-path[5.5.671~1-e5a5a]:main():lattice-best-path.cc:99) For utterance dan_6_43, best cost 84.2003 + 8275.56 = 8359.76 over 96 frames.
dan_6_43 sau 
LOG (lattice-best-path[5.5.671~1-e5a5a]:main():lattice-best-path.cc:99) For utterance dan_6_44, best cost 94.2192 + 6191.71 = 6285.93 over 70 frames.
dan_6_44 sau 
LOG (lattice-best-path[5.5.671~1-e5a5a]:main():lattice-best-path.cc:99) For utterance dan_6_45, best cost 71.4413 + 3179.79 = 3251.23 over 37 frames.
dan_6_45 sau 
LOG (lattice-best-path[5.5.671~1-e5a5a]:main():lattice-best-path.cc:99) For utterance dan_6_46, best cost 71.601 + 3119.77 = 3191.37 over 37 frames.
dan_6_46 sau 
LOG (lattice-best-path[5.5.671~1-e5a5a]:main():lattice-best-path.cc:99) For utterance dan_6_47, best cost 69.6441 + 2022.27 = 2091.92 over 24 frames.
dan_6_47 sau 
LOG (lattice-best-path[5.5.671~1-e5a5a]:main():lattice-best-path.cc:99) For utterance dan_6_48, best cost 72.0257 + 3494.46 = 3566.48 over 38 frames.
dan_6_48 sau 
LOG (lattice-best-path[5.5.671~1-e5a5a]:main():lattice-best-path.cc:99) For utterance dan_6_49, best cost 72.2507 + 3231.84 = 3304.09 over 36 frames.
dan_6_49 sau 
LOG (lattice-best-path[5.5.671~1-e5a5a]:main():lattice-best-path.cc:99) For utterance dan_7_40, best cost 71.4181 + 3066.01 = 3137.42 over 36 frames.
dan_7_40 bay 
LOG (lattice-best-path[5.5.671~1-e5a5a]:main():lattice-best-path.cc:99) For utterance dan_7_41, best cost 70.867 + 2939.43 = 3010.3 over 34 frames.
dan_7_41 bay 
LOG (lattice-best-path[5.5.671~1-e5a5a]:main():lattice-best-path.cc:99) For utterance dan_7_42, best cost 71.5509 + 3459.55 = 3531.1 over 38 frames.
dan_7_42 bay 
LOG (lattice-best-path[5.5.671~1-e5a5a]:main():lattice-best-path.cc:99) For utterance dan_7_43, best cost 71.2016 + 3173.07 = 3244.27 over 36 frames.
dan_7_43 bay 
LOG (lattice-best-path[5.5.671~1-e5a5a]:main():lattice-best-path.cc:99) For utterance dan_7_44, best cost 82.2572 + 4026.06 = 4108.32 over 44 frames.
dan_7_44 bay 
LOG (lattice-best-path[5.5.671~1-e5a5a]:main():lattice-best-path.cc:99) For utterance dan_7_45, best cost 81.7509 + 3936.43 = 4018.18 over 41 frames.
dan_7_45 bay 
LOG (lattice-best-path[5.5.671~1-e5a5a]:main():lattice-best-path.cc:99) For utterance dan_7_46, best cost 72.8472 + 3377.6 = 3450.44 over 37 frames.
dan_7_46 bay 
LOG (lattice-best-path[5.5.671~1-e5a5a]:main():lattice-best-path.cc:99) For utterance dan_7_47, best cost 71.384 + 3542.82 = 3614.21 over 39 frames.
dan_7_47 bay 
LOG (lattice-best-path[5.5.671~1-e5a5a]:main():lattice-best-path.cc:99) For utterance dan_7_48, best cost 69.0816 + 2503.36 = 2572.44 over 28 frames.
dan_7_48 bay 
LOG (lattice-best-path[5.5.671~1-e5a5a]:main():lattice-best-path.cc:99) For utterance dan_7_49, best cost 70.008 + 2803.48 = 2873.48 over 32 frames.
dan_7_49 bay 
LOG (lattice-best-path[5.5.671~1-e5a5a]:main():lattice-best-path.cc:99) For utterance dan_8_40, best cost 71.3656 + 2817.68 = 2889.04 over 33 frames.
dan_8_40 tam 
LOG (lattice-best-path[5.5.671~1-e5a5a]:main():lattice-best-path.cc:99) For utterance dan_8_41, best cost 69.9061 + 2915.44 = 2985.35 over 34 frames.
dan_8_41 tam 
LOG (lattice-best-path[5.5.671~1-e5a5a]:main():lattice-best-path.cc:99) For utterance dan_8_42, best cost 70.7323 + 2497.09 = 2567.82 over 31 frames.
dan_8_42 tam 
LOG (lattice-best-path[5.5.671~1-e5a5a]:main():lattice-best-path.cc:99) For utterance dan_8_43, best cost 69.9833 + 2641.81 = 2711.8 over 31 frames.
dan_8_43 tam 
LOG (lattice-best-path[5.5.671~1-e5a5a]:main():lattice-best-path.cc:99) For utterance dan_8_44, best cost 70.1375 + 2376.36 = 2446.5 over 30 frames.
dan_8_44 tam 
LOG (lattice-best-path[5.5.671~1-e5a5a]:main():lattice-best-path.cc:99) For utterance dan_8_45, best cost 70.5991 + 2867.95 = 2938.55 over 33 frames.
dan_8_45 tam 
LOG (lattice-best-path[5.5.671~1-e5a5a]:main():lattice-best-path.cc:99) For utterance dan_8_46, best cost 70.0456 + 2524.26 = 2594.31 over 29 frames.
dan_8_46 tam 
LOG (lattice-best-path[5.5.671~1-e5a5a]:main():lattice-best-path.cc:99) For utterance dan_8_47, best cost 69.01 + 2557.95 = 2626.96 over 30 frames.
dan_8_47 tam 
LOG (lattice-best-path[5.5.671~1-e5a5a]:main():lattice-best-path.cc:99) For utterance dan_8_48, best cost 69.2133 + 2901.67 = 2970.88 over 32 frames.
dan_8_48 tam 
LOG (lattice-best-path[5.5.671~1-e5a5a]:main():lattice-best-path.cc:99) For utterance dan_8_49, best cost 81.2054 + 6195.73 = 6276.94 over 71 frames.
dan_8_49 tam 
LOG (lattice-best-path[5.5.671~1-e5a5a]:main():lattice-best-path.cc:99) For utterance dan_9_40, best cost 71.2242 + 2676.36 = 2747.58 over 32 frames.
dan_9_40 chin 
LOG (lattice-best-path[5.5.671~1-e5a5a]:main():lattice-best-path.cc:99) For utterance dan_9_41, best cost 71.0691 + 2602.85 = 2673.92 over 31 frames.
dan_9_41 chin 
LOG (lattice-best-path[5.5.671~1-e5a5a]:main():lattice-best-path.cc:99) For utterance dan_9_42, best cost 70.9569 + 2743.03 = 2813.99 over 31 frames.
dan_9_42 chin 
LOG (lattice-best-path[5.5.671~1-e5a5a]:main():lattice-best-path.cc:99) For utterance dan_9_43, best cost 71.0831 + 2605.64 = 2676.73 over 32 frames.
dan_9_43 chin 
LOG (lattice-best-path[5.5.671~1-e5a5a]:main():lattice-best-path.cc:99) For utterance dan_9_44, best cost 83.0788 + 6162.69 = 6245.77 over 74 frames.
dan_9_44 chin 
LOG (lattice-best-path[5.5.671~1-e5a5a]:main():lattice-best-path.cc:99) For utterance dan_9_45, best cost 71.3394 + 2656.44 = 2727.78 over 32 frames.
dan_9_45 chin 
LOG (lattice-best-path[5.5.671~1-e5a5a]:main():lattice-best-path.cc:99) For utterance dan_9_46, best cost 70.6227 + 2605.78 = 2676.4 over 30 frames.
dan_9_46 chin 
LOG (lattice-best-path[5.5.671~1-e5a5a]:main():lattice-best-path.cc:99) For utterance dan_9_47, best cost 70.4837 + 2672.1 = 2742.58 over 31 frames.
dan_9_47 chin 
LOG (lattice-best-path[5.5.671~1-e5a5a]:main():lattice-best-path.cc:99) For utterance dan_9_48, best cost 71.7316 + 2922.98 = 2994.72 over 34 frames.
dan_9_48 chin 
LOG (lattice-best-path[5.5.671~1-e5a5a]:main():lattice-best-path.cc:99) For utterance dan_9_49, best cost 71.5192 + 2690.76 = 2762.28 over 33 frames.
dan_9_49 chin 
LOG (lattice-best-path[5.5.671~1-e5a5a]:main():lattice-best-path.cc:99) For utterance viet_0_40, best cost 75.1257 + 4443.85 = 4518.98 over 48 frames.
viet_0_40 khong 
LOG (lattice-best-path[5.5.671~1-e5a5a]:main():lattice-best-path.cc:99) For utterance viet_0_41, best cost 75.543 + 4883.74 = 4959.28 over 52 frames.
viet_0_41 khong 
LOG (lattice-best-path[5.5.671~1-e5a5a]:main():lattice-best-path.cc:99) For utterance viet_0_42, best cost 75.4739 + 5134.01 = 5209.48 over 54 frames.
viet_0_42 khong 
LOG (lattice-best-path[5.5.671~1-e5a5a]:main():lattice-best-path.cc:99) For utterance viet_0_43, best cost 75.7826 + 4897.2 = 4972.98 over 53 frames.
viet_0_43 khong 
LOG (lattice-best-path[5.5.671~1-e5a5a]:main():lattice-best-path.cc:99) For utterance viet_0_44, best cost 73.9698 + 4369.48 = 4443.45 over 48 frames.
viet_0_44 khong 
LOG (lattice-best-path[5.5.671~1-e5a5a]:main():lattice-best-path.cc:99) For utterance viet_0_45, best cost 75.7311 + 5178.17 = 5253.9 over 55 frames.
viet_0_45 khong 
LOG (lattice-best-path[5.5.671~1-e5a5a]:main():lattice-best-path.cc:99) For utterance viet_0_46, best cost 86.3893 + 5769.62 = 5856.01 over 61 frames.
viet_0_46 khong 
LOG (lattice-best-path[5.5.671~1-e5a5a]:main():lattice-best-path.cc:99) For utterance viet_0_47, best cost 74.8474 + 4355.72 = 4430.56 over 49 frames.
viet_0_47 khong 
LOG (lattice-best-path[5.5.671~1-e5a5a]:main():lattice-best-path.cc:99) For utterance viet_0_48, best cost 74.6191 + 4484.38 = 4559 over 48 frames.
viet_0_48 khong 
LOG (lattice-best-path[5.5.671~1-e5a5a]:main():lattice-best-path.cc:99) For utterance viet_0_49, best cost 73.5771 + 4152.91 = 4226.49 over 44 frames.
viet_0_49 khong 
LOG (lattice-best-path[5.5.671~1-e5a5a]:main():lattice-best-path.cc:99) For utterance viet_1_40, best cost 70.6374 + 3413.16 = 3483.8 over 34 frames.
viet_1_40 mot 
LOG (lattice-best-path[5.5.671~1-e5a5a]:main():lattice-best-path.cc:99) For utterance viet_1_41, best cost 69.2117 + 2858.14 = 2927.35 over 30 frames.
viet_1_41 mot 
LOG (lattice-best-path[5.5.671~1-e5a5a]:main():lattice-best-path.cc:99) For utterance viet_1_42, best cost 87.2374 + 9303.21 = 9390.44 over 102 frames.
viet_1_42 mot 
LOG (lattice-best-path[5.5.671~1-e5a5a]:main():lattice-best-path.cc:99) For utterance viet_1_43, best cost 84.327 + 6366.59 = 6450.91 over 74 frames.
viet_1_43 mot 
LOG (lattice-best-path[5.5.671~1-e5a5a]:main():lattice-best-path.cc:99) For utterance viet_1_44, best cost 68.7031 + 2509.75 = 2578.45 over 28 frames.
viet_1_44 mot 
LOG (lattice-best-path[5.5.671~1-e5a5a]:main():lattice-best-path.cc:99) For utterance viet_1_45, best cost 71.3868 + 3241.77 = 3313.15 over 36 frames.
viet_1_45 mot 
LOG (lattice-best-path[5.5.671~1-e5a5a]:main():lattice-best-path.cc:99) For utterance viet_1_46, best cost 70.5058 + 2828.74 = 2899.24 over 32 frames.
viet_1_46 mot 
LOG (lattice-best-path[5.5.671~1-e5a5a]:main():lattice-best-path.cc:99) For utterance viet_1_47, best cost 69.5457 + 2977.79 = 3047.34 over 32 frames.
viet_1_47 mot 
LOG (lattice-best-path[5.5.671~1-e5a5a]:main():lattice-best-path.cc:99) For utterance viet_1_48, best cost 68.159 + 2477.25 = 2545.4 over 26 frames.
viet_1_48 mot 
LOG (lattice-best-path[5.5.671~1-e5a5a]:main():lattice-best-path.cc:99) For utterance viet_1_49, best cost 69.668 + 2627.64 = 2697.3 over 30 frames.
viet_1_49 mot 
LOG (lattice-best-path[5.5.671~1-e5a5a]:main():lattice-best-path.cc:99) For utterance viet_2_40, best cost 73.2753 + 4309.26 = 4382.54 over 50 frames.
viet_2_40 hai 
LOG (lattice-best-path[5.5.671~1-e5a5a]:main():lattice-best-path.cc:99) For utterance viet_2_41, best cost 73.0822 + 5679.74 = 5752.82 over 56 frames.
viet_2_41 hai 
LOG (lattice-best-path[5.5.671~1-e5a5a]:main():lattice-best-path.cc:99) For utterance viet_2_42, best cost 72.2699 + 4751.94 = 4824.21 over 54 frames.
viet_2_42 hai 
LOG (lattice-best-path[5.5.671~1-e5a5a]:main():lattice-best-path.cc:99) For utterance viet_2_43, best cost 71.6636 + 4564.62 = 4636.28 over 50 frames.
viet_2_43 hai 
LOG (lattice-best-path[5.5.671~1-e5a5a]:main():lattice-best-path.cc:99) For utterance viet_2_44, best cost 82.6097 + 5704.99 = 5787.6 over 61 frames.
viet_2_44 hai 
LOG (lattice-best-path[5.5.671~1-e5a5a]:main():lattice-best-path.cc:99) For utterance viet_2_45, best cost 74.0255 + 4832.83 = 4906.85 over 52 frames.
viet_2_45 hai 
LOG (lattice-best-path[5.5.671~1-e5a5a]:main():lattice-best-path.cc:99) For utterance viet_2_46, best cost 72.11 + 4961.75 = 5033.86 over 52 frames.
viet_2_46 hai 
LOG (lattice-best-path[5.5.671~1-e5a5a]:main():lattice-best-path.cc:99) For utterance viet_2_47, best cost 73.8469 + 4688.76 = 4762.61 over 51 frames.
viet_2_47 hai 
LOG (lattice-best-path[5.5.671~1-e5a5a]:main():lattice-best-path.cc:99) For utterance viet_2_48, best cost 82.6015 + 5672.02 = 5754.62 over 66 frames.
viet_2_48 hai 
LOG (lattice-best-path[5.5.671~1-e5a5a]:main():lattice-best-path.cc:99) For utterance viet_2_49, best cost 72.8953 + 4480.34 = 4553.24 over 52 frames.
viet_2_49 hai 
LOG (lattice-best-path[5.5.671~1-e5a5a]:main():lattice-best-path.cc:99) For utterance viet_3_40, best cost 78.17 + 4438.71 = 4516.88 over 50 frames.
viet_3_40 ba 
LOG (lattice-best-path[5.5.671~1-e5a5a]:main():lattice-best-path.cc:99) For utterance viet_3_41, best cost 69.6251 + 4532.43 = 4602.06 over 51 frames.
viet_3_41 ba 
LOG (lattice-best-path[5.5.671~1-e5a5a]:main():lattice-best-path.cc:99) For utterance viet_3_42, best cost 84.409 + 11673.7 = 11758.1 over 134 frames.
viet_3_42 ba 
LOG (lattice-best-path[5.5.671~1-e5a5a]:main():lattice-best-path.cc:99) For utterance viet_3_43, best cost 68.7447 + 4388.31 = 4457.05 over 49 frames.
viet_3_43 ba 
LOG (lattice-best-path[5.5.671~1-e5a5a]:main():lattice-best-path.cc:99) For utterance viet_3_44, best cost 68.8327 + 4209.02 = 4277.85 over 49 frames.
viet_3_44 ba 
LOG (lattice-best-path[5.5.671~1-e5a5a]:main():lattice-best-path.cc:99) For utterance viet_3_45, best cost 81.3838 + 9668.32 = 9749.7 over 113 frames.
viet_3_45 ba 
LOG (lattice-best-path[5.5.671~1-e5a5a]:main():lattice-best-path.cc:99) For utterance viet_3_46, best cost 81.8425 + 7192.69 = 7274.53 over 84 frames.
viet_3_46 ba 
LOG (lattice-best-path[5.5.671~1-e5a5a]:main():lattice-best-path.cc:99) For utterance viet_3_47, best cost 68.2248 + 4298.99 = 4367.22 over 49 frames.
viet_3_47 ba 
LOG (lattice-best-path[5.5.671~1-e5a5a]:main():lattice-best-path.cc:99) For utterance viet_3_48, best cost 71.0246 + 4807.49 = 4878.52 over 52 frames.
viet_3_48 ba 
LOG (lattice-best-path[5.5.671~1-e5a5a]:main():lattice-best-path.cc:99) For utterance viet_3_49, best cost 69.5406 + 4014.86 = 4084.4 over 45 frames.
viet_3_49 ba 
LOG (lattice-best-path[5.5.671~1-e5a5a]:main():lattice-best-path.cc:99) For utterance viet_4_40, best cost 73.2042 + 4453.66 = 4526.87 over 50 frames.
viet_4_40 bon 
LOG (lattice-best-path[5.5.671~1-e5a5a]:main():lattice-best-path.cc:99) For utterance viet_4_41, best cost 93.6797 + 5711.31 = 5804.99 over 65 frames.
viet_4_41 bon 
LOG (lattice-best-path[5.5.671~1-e5a5a]:main():lattice-best-path.cc:99) For utterance viet_4_42, best cost 73.6848 + 4752.52 = 4826.2 over 50 frames.
viet_4_42 bon 
LOG (lattice-best-path[5.5.671~1-e5a5a]:main():lattice-best-path.cc:99) For utterance viet_4_43, best cost 83.1957 + 5221.39 = 5304.59 over 56 frames.
viet_4_43 bon 
LOG (lattice-best-path[5.5.671~1-e5a5a]:main():lattice-best-path.cc:99) For utterance viet_4_44, best cost 72.6513 + 4160.34 = 4232.99 over 44 frames.
viet_4_44 bon 
LOG (lattice-best-path[5.5.671~1-e5a5a]:main():lattice-best-path.cc:99) For utterance viet_4_45, best cost 74.0016 + 4461.28 = 4535.28 over 49 frames.
viet_4_45 bon 
LOG (lattice-best-path[5.5.671~1-e5a5a]:main():lattice-best-path.cc:99) For utterance viet_4_46, best cost 85.6406 + 6426.07 = 6511.71 over 69 frames.
viet_4_46 bon 
LOG (lattice-best-path[5.5.671~1-e5a5a]:main():lattice-best-path.cc:99) For utterance viet_4_47, best cost 86.3289 + 9447.64 = 9533.97 over 108 frames.
viet_4_47 bon 
LOG (lattice-best-path[5.5.671~1-e5a5a]:main():lattice-best-path.cc:99) For utterance viet_4_48, best cost 82.8701 + 4552.44 = 4635.31 over 52 frames.
viet_4_48 bon 
LOG (lattice-best-path[5.5.671~1-e5a5a]:main():lattice-best-path.cc:99) For utterance viet_4_49, best cost 73.1831 + 4544.56 = 4617.75 over 48 frames.
viet_4_49 bon 
LOG (lattice-best-path[5.5.671~1-e5a5a]:main():lattice-best-path.cc:99) For utterance viet_5_40, best cost 81.6044 + 4927.59 = 5009.2 over 52 frames.
viet_5_40 nam 
LOG (lattice-best-path[5.5.671~1-e5a5a]:main():lattice-best-path.cc:99) For utterance viet_5_41, best cost 72.5732 + 4607.7 = 4680.28 over 47 frames.
viet_5_41 nam 
LOG (lattice-best-path[5.5.671~1-e5a5a]:main():lattice-best-path.cc:99) For utterance viet_5_42, best cost 73.1517 + 4385.5 = 4458.65 over 49 frames.
viet_5_42 nam 
LOG (lattice-best-path[5.5.671~1-e5a5a]:main():lattice-best-path.cc:99) For utterance viet_5_43, best cost 73.6384 + 4792.98 = 4866.62 over 49 frames.
viet_5_43 nam 
LOG (lattice-best-path[5.5.671~1-e5a5a]:main():lattice-best-path.cc:99) For utterance viet_5_44, best cost 73.8499 + 4422.68 = 4496.53 over 51 frames.
viet_5_44 nam 
LOG (lattice-best-path[5.5.671~1-e5a5a]:main():lattice-best-path.cc:99) For utterance viet_5_45, best cost 82.714 + 4947.16 = 5029.87 over 51 frames.
viet_5_45 nam 
LOG (lattice-best-path[5.5.671~1-e5a5a]:main():lattice-best-path.cc:99) For utterance viet_5_46, best cost 73.2369 + 4048.92 = 4122.16 over 44 frames.
viet_5_46 nam 
LOG (lattice-best-path[5.5.671~1-e5a5a]:main():lattice-best-path.cc:99) For utterance viet_5_47, best cost 73.4709 + 4151.62 = 4225.1 over 46 frames.
viet_5_47 nam 
LOG (lattice-best-path[5.5.671~1-e5a5a]:main():lattice-best-path.cc:99) For utterance viet_5_48, best cost 72.0403 + 4228.93 = 4300.97 over 47 frames.
viet_5_48 nam 
LOG (lattice-best-path[5.5.671~1-e5a5a]:main():lattice-best-path.cc:99) For utterance viet_5_49, best cost 73.4332 + 4169.18 = 4242.61 over 47 frames.
viet_5_49 nam 
LOG (lattice-best-path[5.5.671~1-e5a5a]:main():lattice-best-path.cc:99) For utterance viet_6_40, best cost 74.5668 + 4523.65 = 4598.21 over 52 frames.
viet_6_40 sau 
LOG (lattice-best-path[5.5.671~1-e5a5a]:main():lattice-best-path.cc:99) For utterance viet_6_41, best cost 88.8534 + 9513.87 = 9602.72 over 114 frames.
viet_6_41 sau 
LOG (lattice-best-path[5.5.671~1-e5a5a]:main():lattice-best-path.cc:99) For utterance viet_6_42, best cost 84.1566 + 4979.08 = 5063.24 over 57 frames.
viet_6_42 sau 
LOG (lattice-best-path[5.5.671~1-e5a5a]:main():lattice-best-path.cc:99) For utterance viet_6_43, best cost 74.4971 + 4537.27 = 4611.77 over 53 frames.
viet_6_43 sau 
LOG (lattice-best-path[5.5.671~1-e5a5a]:main():lattice-best-path.cc:99) For utterance viet_6_44, best cost 75.21 + 4676.26 = 4751.47 over 52 frames.
viet_6_44 sau 
LOG (lattice-best-path[5.5.671~1-e5a5a]:main():lattice-best-path.cc:99) For utterance viet_6_45, best cost 86.4166 + 6565.12 = 6651.54 over 71 frames.
viet_6_45 sau 
LOG (lattice-best-path[5.5.671~1-e5a5a]:main():lattice-best-path.cc:99) For utterance viet_6_46, best cost 124.04 + 8211.47 = 8335.51 over 95 frames.
viet_6_46 sau 
LOG (lattice-best-path[5.5.671~1-e5a5a]:main():lattice-best-path.cc:99) For utterance viet_6_47, best cost 75.8856 + 4675.27 = 4751.16 over 53 frames.
viet_6_47 sau 
LOG (lattice-best-path[5.5.671~1-e5a5a]:main():lattice-best-path.cc:99) For utterance viet_6_48, best cost 74.4689 + 4010.49 = 4084.96 over 46 frames.
viet_6_48 sau 
LOG (lattice-best-path[5.5.671~1-e5a5a]:main():lattice-best-path.cc:99) For utterance viet_6_49, best cost 85.9579 + 7084.16 = 7170.12 over 79 frames.
viet_6_49 sau 
LOG (lattice-best-path[5.5.671~1-e5a5a]:main():lattice-best-path.cc:99) For utterance viet_7_40, best cost 74.1974 + 4121.95 = 4196.15 over 44 frames.
viet_7_40 bay 
LOG (lattice-best-path[5.5.671~1-e5a5a]:main():lattice-best-path.cc:99) For utterance viet_7_41, best cost 73.1147 + 3777.2 = 3850.31 over 39 frames.
viet_7_41 bay 
LOG (lattice-best-path[5.5.671~1-e5a5a]:main():lattice-best-path.cc:99) For utterance viet_7_42, best cost 85.6879 + 6574.72 = 6660.41 over 61 frames.
viet_7_42 bay 
LOG (lattice-best-path[5.5.671~1-e5a5a]:main():lattice-best-path.cc:99) For utterance viet_7_43, best cost 74.2603 + 4096.05 = 4170.31 over 43 frames.
viet_7_43 bay 
LOG (lattice-best-path[5.5.671~1-e5a5a]:main():lattice-best-path.cc:99) For utterance viet_7_44, best cost 70.1655 + 3451.96 = 3522.13 over 34 frames.
viet_7_44 bay 
LOG (lattice-best-path[5.5.671~1-e5a5a]:main():lattice-best-path.cc:99) For utterance viet_7_45, best cost 71.9926 + 3943.35 = 4015.34 over 42 frames.
viet_7_45 bay 
LOG (lattice-best-path[5.5.671~1-e5a5a]:main():lattice-best-path.cc:99) For utterance viet_7_46, best cost 69.9598 + 2934.18 = 3004.14 over 32 frames.
viet_7_46 bay 
LOG (lattice-best-path[5.5.671~1-e5a5a]:main():lattice-best-path.cc:99) For utterance viet_7_47, best cost 69.8402 + 3702.9 = 3772.74 over 35 frames.
viet_7_47 bay 
LOG (lattice-best-path[5.5.671~1-e5a5a]:main():lattice-best-path.cc:99) For utterance viet_7_48, best cost 72.782 + 3916.12 = 3988.91 over 44 frames.
viet_7_48 bay 
LOG (lattice-best-path[5.5.671~1-e5a5a]:main():lattice-best-path.cc:99) For utterance viet_7_49, best cost 69.7331 + 3342.2 = 3411.94 over 33 frames.
viet_7_49 bay 
LOG (lattice-best-path[5.5.671~1-e5a5a]:main():lattice-best-path.cc:99) For utterance viet_8_40, best cost 83.5123 + 4417.99 = 4501.51 over 53 frames.
viet_8_40 tam 
LOG (lattice-best-path[5.5.671~1-e5a5a]:main():lattice-best-path.cc:99) For utterance viet_8_41, best cost 73.212 + 3925.62 = 3998.83 over 47 frames.
viet_8_41 tam 
LOG (lattice-best-path[5.5.671~1-e5a5a]:main():lattice-best-path.cc:99) For utterance viet_8_42, best cost 74.7951 + 4475.37 = 4550.17 over 54 frames.
viet_8_42 tam 
LOG (lattice-best-path[5.5.671~1-e5a5a]:main():lattice-best-path.cc:99) For utterance viet_8_43, best cost 73.9904 + 4692.17 = 4766.16 over 56 frames.
viet_8_43 tam 
LOG (lattice-best-path[5.5.671~1-e5a5a]:main():lattice-best-path.cc:99) For utterance viet_8_44, best cost 74.0244 + 4531.02 = 4605.04 over 53 frames.
viet_8_44 tam 
LOG (lattice-best-path[5.5.671~1-e5a5a]:main():lattice-best-path.cc:99) For utterance viet_8_45, best cost 74.4116 + 4770.34 = 4844.75 over 53 frames.
viet_8_45 tam 
LOG (lattice-best-path[5.5.671~1-e5a5a]:main():lattice-best-path.cc:99) For utterance viet_8_46, best cost 74.3722 + 5067.46 = 5141.83 over 56 frames.
viet_8_46 tam 
LOG (lattice-best-path[5.5.671~1-e5a5a]:main():lattice-best-path.cc:99) For utterance viet_8_47, best cost 74.104 + 5006.5 = 5080.61 over 54 frames.
viet_8_47 tam 
LOG (lattice-best-path[5.5.671~1-e5a5a]:main():lattice-best-path.cc:99) For utterance viet_8_48, best cost 74.7983 + 5077.7 = 5152.5 over 56 frames.
viet_8_48 tam 
LOG (lattice-best-path[5.5.671~1-e5a5a]:main():lattice-best-path.cc:99) For utterance viet_8_49, best cost 73.2535 + 3932.88 = 4006.13 over 44 frames.
viet_8_49 tam 
LOG (lattice-best-path[5.5.671~1-e5a5a]:main():lattice-best-path.cc:99) For utterance viet_9_40, best cost 73.6696 + 4749.81 = 4823.48 over 50 frames.
viet_9_40 chin 
LOG (lattice-best-path[5.5.671~1-e5a5a]:main():lattice-best-path.cc:99) For utterance viet_9_41, best cost 73.5082 + 4327.33 = 4400.84 over 49 frames.
viet_9_41 chin 
LOG (lattice-best-path[5.5.671~1-e5a5a]:main():lattice-best-path.cc:99) For utterance viet_9_42, best cost 74.0849 + 4562.18 = 4636.26 over 49 frames.
viet_9_42 chin 
LOG (lattice-best-path[5.5.671~1-e5a5a]:main():lattice-best-path.cc:99) For utterance viet_9_43, best cost 73.6091 + 4676.92 = 4750.53 over 51 frames.
viet_9_43 chin 
LOG (lattice-best-path[5.5.671~1-e5a5a]:main():lattice-best-path.cc:99) For utterance viet_9_44, best cost 74.1329 + 4637.95 = 4712.08 over 50 frames.
viet_9_44 chin 
LOG (lattice-best-path[5.5.671~1-e5a5a]:main():lattice-best-path.cc:99) For utterance viet_9_45, best cost 72.9981 + 4159.96 = 4232.96 over 45 frames.
viet_9_45 chin 
LOG (lattice-best-path[5.5.671~1-e5a5a]:main():lattice-best-path.cc:99) For utterance viet_9_46, best cost 73.2282 + 4155.74 = 4228.96 over 47 frames.
viet_9_46 chin 
LOG (lattice-best-path[5.5.671~1-e5a5a]:main():lattice-best-path.cc:99) For utterance viet_9_47, best cost 73.3278 + 3787.8 = 3861.13 over 44 frames.
viet_9_47 chin 
LOG (lattice-best-path[5.5.671~1-e5a5a]:main():lattice-best-path.cc:99) For utterance viet_9_48, best cost 90.4532 + 9765.78 = 9856.24 over 111 frames.
viet_9_48 chin 
LOG (lattice-best-path[5.5.671~1-e5a5a]:main():lattice-best-path.cc:99) For utterance viet_9_49, best cost 74.2104 + 4390.75 = 4464.96 over 48 frames.
viet_9_49 chin 
LOG (lattice-best-path[5.5.671~1-e5a5a]:main():lattice-best-path.cc:124) Overall cost per frame is 91.0468 = 1.6556 [graph] + 89.3912 [acoustic] over 8929 frames.
LOG (lattice-best-path[5.5.671~1-e5a5a]:main():lattice-best-path.cc:128) Done 200 lattices, failed for 0
# Accounting: time=1 threads=1
# Ended (code 0) at Mon Apr 20 03:05:35 PDT 2020, elapsed time 1 seconds
