# lattice-best-path --lm-scale=15 --word-symbol-table=exp/tri1/graph/words.txt "ark:gunzip -c exp/tri1/decode/lat.*.gz|" ark,t:exp/tri1/decode/scoring/15.tra 
# Started at Mon Apr 20 03:05:35 PDT 2020
#
lattice-best-path --lm-scale=15 --word-symbol-table=exp/tri1/graph/words.txt 'ark:gunzip -c exp/tri1/decode/lat.*.gz|' ark,t:exp/tri1/decode/scoring/15.tra 
LOG (lattice-best-path[5.5.671~1-e5a5a]:main():lattice-best-path.cc:99) For utterance dan_0_40, best cost 104.735 + 2395.67 = 2500.4 over 29 frames.
dan_0_40 khong 
LOG (lattice-best-path[5.5.671~1-e5a5a]:main():lattice-best-path.cc:99) For utterance dan_0_41, best cost 105.313 + 2358.53 = 2463.85 over 29 frames.
dan_0_41 khong 
LOG (lattice-best-path[5.5.671~1-e5a5a]:main():lattice-best-path.cc:99) For utterance dan_0_42, best cost 104.037 + 1971.48 = 2075.52 over 27 frames.
dan_0_42 khong 
LOG (lattice-best-path[5.5.671~1-e5a5a]:main():lattice-best-path.cc:99) For utterance dan_0_43, best cost 104.888 + 2333.34 = 2438.23 over 29 frames.
dan_0_43 khong 
LOG (lattice-best-path[5.5.671~1-e5a5a]:main():lattice-best-path.cc:99) For utterance dan_0_44, best cost 103.847 + 2129.25 = 2233.09 over 26 frames.
dan_0_44 khong 
LOG (lattice-best-path[5.5.671~1-e5a5a]:main():lattice-best-path.cc:99) For utterance dan_0_45, best cost 103.617 + 2143.24 = 2246.86 over 26 frames.
dan_0_45 khong 
LOG (lattice-best-path[5.5.671~1-e5a5a]:main():lattice-best-path.cc:99) For utterance dan_0_46, best cost 103.796 + 2331.12 = 2434.92 over 28 frames.
dan_0_46 khong 
LOG (lattice-best-path[5.5.671~1-e5a5a]:main():lattice-best-path.cc:99) For utterance dan_0_47, best cost 104.869 + 2406.49 = 2511.36 over 29 frames.
dan_0_47 khong 
LOG (lattice-best-path[5.5.671~1-e5a5a]:main():lattice-best-path.cc:99) For utterance dan_0_48, best cost 104.054 + 2197.98 = 2302.03 over 27 frames.
dan_0_48 khong 
LOG (lattice-best-path[5.5.671~1-e5a5a]:main():lattice-best-path.cc:99) For utterance dan_0_49, best cost 120.632 + 4657.82 = 4778.45 over 56 frames.
dan_0_49 khong 
LOG (lattice-best-path[5.5.671~1-e5a5a]:main():lattice-best-path.cc:99) For utterance dan_1_40, best cost 98.9927 + 1537.86 = 1636.85 over 20 frames.
dan_1_40 mot 
LOG (lattice-best-path[5.5.671~1-e5a5a]:main():lattice-best-path.cc:99) For utterance dan_1_41, best cost 98.0045 + 1670.72 = 1768.73 over 18 frames.
dan_1_41 mot 
LOG (lattice-best-path[5.5.671~1-e5a5a]:main():lattice-best-path.cc:99) For utterance dan_1_42, best cost 115.175 + 2582.36 = 2697.54 over 27 frames.
dan_1_42 mot 
LOG (lattice-best-path[5.5.671~1-e5a5a]:main():lattice-best-path.cc:99) For utterance dan_1_43, best cost 97.7379 + 1594.98 = 1692.72 over 18 frames.
dan_1_43 mot 
LOG (lattice-best-path[5.5.671~1-e5a5a]:main():lattice-best-path.cc:99) For utterance dan_1_44, best cost 100.49 + 1890.39 = 1990.88 over 21 frames.
dan_1_44 mot 
LOG (lattice-best-path[5.5.671~1-e5a5a]:main():lattice-best-path.cc:99) For utterance dan_1_45, best cost 97.3467 + 1412.12 = 1509.47 over 17 frames.
dan_1_45 mot 
LOG (lattice-best-path[5.5.671~1-e5a5a]:main():lattice-best-path.cc:99) For utterance dan_1_46, best cost 95.5583 + 1303.63 = 1399.19 over 15 frames.
dan_1_46 mot 
LOG (lattice-best-path[5.5.671~1-e5a5a]:main():lattice-best-path.cc:99) For utterance dan_1_47, best cost 99.4608 + 1761.09 = 1860.55 over 20 frames.
dan_1_47 mot 
LOG (lattice-best-path[5.5.671~1-e5a5a]:main():lattice-best-path.cc:99) For utterance dan_1_48, best cost 98.3736 + 1685.62 = 1783.99 over 20 frames.
dan_1_48 mot 
LOG (lattice-best-path[5.5.671~1-e5a5a]:main():lattice-best-path.cc:99) For utterance dan_1_49, best cost 133.182 + 4912.99 = 5046.17 over 52 frames.
dan_1_49 mot 
LOG (lattice-best-path[5.5.671~1-e5a5a]:main():lattice-best-path.cc:99) For utterance dan_2_40, best cost 125.556 + 5000.96 = 5126.52 over 56 frames.
dan_2_40 hai 
LOG (lattice-best-path[5.5.671~1-e5a5a]:main():lattice-best-path.cc:99) For utterance dan_2_41, best cost 122.625 + 5780.36 = 5902.98 over 67 frames.
dan_2_41 hai 
LOG (lattice-best-path[5.5.671~1-e5a5a]:main():lattice-best-path.cc:99) For utterance dan_2_42, best cost 105.507 + 3542.3 = 3647.81 over 38 frames.
dan_2_42 hai 
LOG (lattice-best-path[5.5.671~1-e5a5a]:main():lattice-best-path.cc:99) For utterance dan_2_43, best cost 104.057 + 3248.58 = 3352.63 over 34 frames.
dan_2_43 hai 
LOG (lattice-best-path[5.5.671~1-e5a5a]:main():lattice-best-path.cc:99) For utterance dan_2_44, best cost 104.812 + 3243.23 = 3348.04 over 36 frames.
dan_2_44 hai 
LOG (lattice-best-path[5.5.671~1-e5a5a]:main():lattice-best-path.cc:99) For utterance dan_2_45, best cost 105.709 + 3167.1 = 3272.81 over 32 frames.
dan_2_45 hai 
LOG (lattice-best-path[5.5.671~1-e5a5a]:main():lattice-best-path.cc:99) For utterance dan_2_46, best cost 104.036 + 3226.94 = 3330.97 over 33 frames.
dan_2_46 hai 
LOG (lattice-best-path[5.5.671~1-e5a5a]:main():lattice-best-path.cc:99) For utterance dan_2_47, best cost 105.771 + 3404.42 = 3510.19 over 35 frames.
dan_2_47 hai 
LOG (lattice-best-path[5.5.671~1-e5a5a]:main():lattice-best-path.cc:99) For utterance dan_2_48, best cost 104.698 + 3240.78 = 3345.48 over 34 frames.
dan_2_48 hai 
LOG (lattice-best-path[5.5.671~1-e5a5a]:main():lattice-best-path.cc:99) For utterance dan_2_49, best cost 104.322 + 3369.91 = 3474.23 over 34 frames.
dan_2_49 hai 
LOG (lattice-best-path[5.5.671~1-e5a5a]:main():lattice-best-path.cc:99) For utterance dan_3_40, best cost 100.981 + 3262.53 = 3363.51 over 39 frames.
dan_3_40 ba 
LOG (lattice-best-path[5.5.671~1-e5a5a]:main():lattice-best-path.cc:99) For utterance dan_3_41, best cost 98.3614 + 2646.64 = 2745 over 31 frames.
dan_3_41 ba 
LOG (lattice-best-path[5.5.671~1-e5a5a]:main():lattice-best-path.cc:99) For utterance dan_3_42, best cost 101.052 + 3454.26 = 3555.31 over 38 frames.
dan_3_42 ba 
LOG (lattice-best-path[5.5.671~1-e5a5a]:main():lattice-best-path.cc:99) For utterance dan_3_43, best cost 118.672 + 5297.3 = 5415.97 over 63 frames.
dan_3_43 ba 
LOG (lattice-best-path[5.5.671~1-e5a5a]:main():lattice-best-path.cc:99) For utterance dan_3_44, best cost 100.541 + 2991.19 = 3091.74 over 36 frames.
dan_3_44 ba 
LOG (lattice-best-path[5.5.671~1-e5a5a]:main():lattice-best-path.cc:99) For utterance dan_3_45, best cost 114.382 + 3150.5 = 3264.88 over 34 frames.
dan_3_45 ba 
LOG (lattice-best-path[5.5.671~1-e5a5a]:main():lattice-best-path.cc:99) For utterance dan_3_46, best cost 99.2983 + 2424.57 = 2523.87 over 30 frames.
dan_3_46 ba 
LOG (lattice-best-path[5.5.671~1-e5a5a]:main():lattice-best-path.cc:99) For utterance dan_3_47, best cost 100.665 + 2715.62 = 2816.29 over 36 frames.
dan_3_47 ba 
LOG (lattice-best-path[5.5.671~1-e5a5a]:main():lattice-best-path.cc:99) For utterance dan_3_48, best cost 100.5 + 2688.9 = 2789.4 over 36 frames.
dan_3_48 ba 
LOG (lattice-best-path[5.5.671~1-e5a5a]:main():lattice-best-path.cc:99) For utterance dan_3_49, best cost 125.094 + 10001 = 10126.1 over 119 frames.
dan_3_49 ba 
LOG (lattice-best-path[5.5.671~1-e5a5a]:main():lattice-best-path.cc:99) For utterance dan_4_40, best cost 108.031 + 3999.64 = 4107.67 over 38 frames.
dan_4_40 bon 
LOG (lattice-best-path[5.5.671~1-e5a5a]:main():lattice-best-path.cc:99) For utterance dan_4_41, best cost 107.984 + 3297.72 = 3405.7 over 36 frames.
dan_4_41 bon 
LOG (lattice-best-path[5.5.671~1-e5a5a]:main():lattice-best-path.cc:99) For utterance dan_4_42, best cost 107.896 + 3340.75 = 3448.65 over 36 frames.
dan_4_42 bon 
LOG (lattice-best-path[5.5.671~1-e5a5a]:main():lattice-best-path.cc:99) For utterance dan_4_43, best cost 106.888 + 3080.79 = 3187.68 over 35 frames.
dan_4_43 bon 
LOG (lattice-best-path[5.5.671~1-e5a5a]:main():lattice-best-path.cc:99) For utterance dan_4_44, best cost 107.108 + 3060.39 = 3167.49 over 34 frames.
dan_4_44 bon 
LOG (lattice-best-path[5.5.671~1-e5a5a]:main():lattice-best-path.cc:99) For utterance dan_4_45, best cost 105.689 + 2837.24 = 2942.93 over 31 frames.
dan_4_45 bon 
LOG (lattice-best-path[5.5.671~1-e5a5a]:main():lattice-best-path.cc:99) For utterance dan_4_46, best cost 104.167 + 2747.41 = 2851.58 over 29 frames.
dan_4_46 bon 
LOG (lattice-best-path[5.5.671~1-e5a5a]:main():lattice-best-path.cc:99) For utterance dan_4_47, best cost 106.496 + 2702.37 = 2808.86 over 31 frames.
dan_4_47 bon 
LOG (lattice-best-path[5.5.671~1-e5a5a]:main():lattice-best-path.cc:99) For utterance dan_4_48, best cost 106.601 + 2997.82 = 3104.42 over 34 frames.
dan_4_48 bon 
LOG (lattice-best-path[5.5.671~1-e5a5a]:main():lattice-best-path.cc:99) For utterance dan_4_49, best cost 105.687 + 2625.81 = 2731.5 over 31 frames.
dan_4_49 bon 
LOG (lattice-best-path[5.5.671~1-e5a5a]:main():lattice-best-path.cc:99) For utterance dan_5_40, best cost 105.303 + 2714.14 = 2819.44 over 31 frames.
dan_5_40 nam 
LOG (lattice-best-path[5.5.671~1-e5a5a]:main():lattice-best-path.cc:99) For utterance dan_5_41, best cost 119.704 + 3175.18 = 3294.88 over 35 frames.
dan_5_41 nam 
LOG (lattice-best-path[5.5.671~1-e5a5a]:main():lattice-best-path.cc:99) For utterance dan_5_42, best cost 103.851 + 2127.34 = 2231.19 over 28 frames.
dan_5_42 nam 
LOG (lattice-best-path[5.5.671~1-e5a5a]:main():lattice-best-path.cc:99) For utterance dan_5_43, best cost 120.058 + 3237.14 = 3357.19 over 35 frames.
dan_5_43 nam 
LOG (lattice-best-path[5.5.671~1-e5a5a]:main():lattice-best-path.cc:99) For utterance dan_5_44, best cost 103.68 + 2305.31 = 2408.99 over 26 frames.
dan_5_44 nam 
LOG (lattice-best-path[5.5.671~1-e5a5a]:main():lattice-best-path.cc:99) For utterance dan_5_45, best cost 104.661 + 2816.48 = 2921.14 over 29 frames.
dan_5_45 nam 
LOG (lattice-best-path[5.5.671~1-e5a5a]:main():lattice-best-path.cc:99) For utterance dan_5_46, best cost 103.991 + 2533.82 = 2637.81 over 26 frames.
dan_5_46 nam 
LOG (lattice-best-path[5.5.671~1-e5a5a]:main():lattice-best-path.cc:99) For utterance dan_5_47, best cost 104.345 + 2357.48 = 2461.82 over 27 frames.
dan_5_47 nam 
LOG (lattice-best-path[5.5.671~1-e5a5a]:main():lattice-best-path.cc:99) For utterance dan_5_48, best cost 103.734 + 2364.68 = 2468.41 over 26 frames.
dan_5_48 nam 
LOG (lattice-best-path[5.5.671~1-e5a5a]:main():lattice-best-path.cc:99) For utterance dan_5_49, best cost 104.186 + 2435.91 = 2540.09 over 25 frames.
dan_5_49 nam 
LOG (lattice-best-path[5.5.671~1-e5a5a]:main():lattice-best-path.cc:99) For utterance dan_6_40, best cost 109.877 + 3241.62 = 3351.49 over 37 frames.
dan_6_40 sau 
LOG (lattice-best-path[5.5.671~1-e5a5a]:main():lattice-best-path.cc:99) For utterance dan_6_41, best cost 108.38 + 3469.93 = 3578.31 over 39 frames.
dan_6_41 sau 
LOG (lattice-best-path[5.5.671~1-e5a5a]:main():lattice-best-path.cc:99) For utterance dan_6_42, best cost 108.237 + 3287.28 = 3395.52 over 39 frames.
dan_6_42 sau 
LOG (lattice-best-path[5.5.671~1-e5a5a]:main():lattice-best-path.cc:99) For utterance dan_6_43, best cost 126.3 + 8275.56 = 8401.86 over 96 frames.
dan_6_43 sau 
LOG (lattice-best-path[5.5.671~1-e5a5a]:main():lattice-best-path.cc:99) For utterance dan_6_44, best cost 141.329 + 6191.71 = 6333.04 over 70 frames.
dan_6_44 sau 
LOG (lattice-best-path[5.5.671~1-e5a5a]:main():lattice-best-path.cc:99) For utterance dan_6_45, best cost 107.162 + 3179.79 = 3286.95 over 37 frames.
dan_6_45 sau 
LOG (lattice-best-path[5.5.671~1-e5a5a]:main():lattice-best-path.cc:99) For utterance dan_6_46, best cost 107.402 + 3119.77 = 3227.17 over 37 frames.
dan_6_46 sau 
LOG (lattice-best-path[5.5.671~1-e5a5a]:main():lattice-best-path.cc:99) For utterance dan_6_47, best cost 104.466 + 2022.27 = 2126.74 over 24 frames.
dan_6_47 sau 
LOG (lattice-best-path[5.5.671~1-e5a5a]:main():lattice-best-path.cc:99) For utterance dan_6_48, best cost 108.039 + 3494.46 = 3602.5 over 38 frames.
dan_6_48 sau 
LOG (lattice-best-path[5.5.671~1-e5a5a]:main():lattice-best-path.cc:99) For utterance dan_6_49, best cost 108.376 + 3231.84 = 3340.22 over 36 frames.
dan_6_49 sau 
LOG (lattice-best-path[5.5.671~1-e5a5a]:main():lattice-best-path.cc:99) For utterance dan_7_40, best cost 107.127 + 3066.01 = 3173.13 over 36 frames.
dan_7_40 bay 
LOG (lattice-best-path[5.5.671~1-e5a5a]:main():lattice-best-path.cc:99) For utterance dan_7_41, best cost 106.3 + 2939.43 = 3045.73 over 34 frames.
dan_7_41 bay 
LOG (lattice-best-path[5.5.671~1-e5a5a]:main():lattice-best-path.cc:99) For utterance dan_7_42, best cost 107.326 + 3459.55 = 3566.88 over 38 frames.
dan_7_42 bay 
LOG (lattice-best-path[5.5.671~1-e5a5a]:main():lattice-best-path.cc:99) For utterance dan_7_43, best cost 106.802 + 3173.07 = 3279.87 over 36 frames.
dan_7_43 bay 
LOG (lattice-best-path[5.5.671~1-e5a5a]:main():lattice-best-path.cc:99) For utterance dan_7_44, best cost 123.386 + 4026.06 = 4149.45 over 44 frames.
dan_7_44 bay 
LOG (lattice-best-path[5.5.671~1-e5a5a]:main():lattice-best-path.cc:99) For utterance dan_7_45, best cost 122.626 + 3936.43 = 4059.06 over 41 frames.
dan_7_45 bay 
LOG (lattice-best-path[5.5.671~1-e5a5a]:main():lattice-best-path.cc:99) For utterance dan_7_46, best cost 109.271 + 3377.6 = 3486.87 over 37 frames.
dan_7_46 bay 
LOG (lattice-best-path[5.5.671~1-e5a5a]:main():lattice-best-path.cc:99) For utterance dan_7_47, best cost 107.076 + 3542.82 = 3649.9 over 39 frames.
dan_7_47 bay 
LOG (lattice-best-path[5.5.671~1-e5a5a]:main():lattice-best-path.cc:99) For utterance dan_7_48, best cost 103.622 + 2503.36 = 2606.98 over 28 frames.
dan_7_48 bay 
LOG (lattice-best-path[5.5.671~1-e5a5a]:main():lattice-best-path.cc:99) For utterance dan_7_49, best cost 105.012 + 2803.48 = 2908.49 over 32 frames.
dan_7_49 bay 
LOG (lattice-best-path[5.5.671~1-e5a5a]:main():lattice-best-path.cc:99) For utterance dan_8_40, best cost 107.048 + 2817.68 = 2924.73 over 33 frames.
dan_8_40 tam 
LOG (lattice-best-path[5.5.671~1-e5a5a]:main():lattice-best-path.cc:99) For utterance dan_8_41, best cost 104.859 + 2915.44 = 3020.3 over 34 frames.
dan_8_41 tam 
LOG (lattice-best-path[5.5.671~1-e5a5a]:main():lattice-best-path.cc:99) For utterance dan_8_42, best cost 106.098 + 2497.09 = 2603.19 over 31 frames.
dan_8_42 tam 
LOG (lattice-best-path[5.5.671~1-e5a5a]:main():lattice-best-path.cc:99) For utterance dan_8_43, best cost 104.975 + 2641.81 = 2746.79 over 31 frames.
dan_8_43 tam 
LOG (lattice-best-path[5.5.671~1-e5a5a]:main():lattice-best-path.cc:99) For utterance dan_8_44, best cost 105.206 + 2376.36 = 2481.57 over 30 frames.
dan_8_44 tam 
LOG (lattice-best-path[5.5.671~1-e5a5a]:main():lattice-best-path.cc:99) For utterance dan_8_45, best cost 105.899 + 2867.95 = 2973.85 over 33 frames.
dan_8_45 tam 
LOG (lattice-best-path[5.5.671~1-e5a5a]:main():lattice-best-path.cc:99) For utterance dan_8_46, best cost 105.068 + 2524.26 = 2629.33 over 29 frames.
dan_8_46 tam 
LOG (lattice-best-path[5.5.671~1-e5a5a]:main():lattice-best-path.cc:99) For utterance dan_8_47, best cost 103.515 + 2557.95 = 2661.46 over 30 frames.
dan_8_47 tam 
LOG (lattice-best-path[5.5.671~1-e5a5a]:main():lattice-best-path.cc:99) For utterance dan_8_48, best cost 103.82 + 2901.67 = 3005.49 over 32 frames.
dan_8_48 tam 
LOG (lattice-best-path[5.5.671~1-e5a5a]:main():lattice-best-path.cc:99) For utterance dan_8_49, best cost 121.808 + 6195.73 = 6317.54 over 71 frames.
dan_8_49 tam 
LOG (lattice-best-path[5.5.671~1-e5a5a]:main():lattice-best-path.cc:99) For utterance dan_9_40, best cost 106.836 + 2676.36 = 2783.19 over 32 frames.
dan_9_40 chin 
LOG (lattice-best-path[5.5.671~1-e5a5a]:main():lattice-best-path.cc:99) For utterance dan_9_41, best cost 106.604 + 2602.85 = 2709.45 over 31 frames.
dan_9_41 chin 
LOG (lattice-best-path[5.5.671~1-e5a5a]:main():lattice-best-path.cc:99) For utterance dan_9_42, best cost 106.435 + 2743.03 = 2849.47 over 31 frames.
dan_9_42 chin 
LOG (lattice-best-path[5.5.671~1-e5a5a]:main():lattice-best-path.cc:99) For utterance dan_9_43, best cost 106.625 + 2605.64 = 2712.27 over 32 frames.
dan_9_43 chin 
LOG (lattice-best-path[5.5.671~1-e5a5a]:main():lattice-best-path.cc:99) For utterance dan_9_44, best cost 124.618 + 6162.69 = 6287.31 over 74 frames.
dan_9_44 chin 
LOG (lattice-best-path[5.5.671~1-e5a5a]:main():lattice-best-path.cc:99) For utterance dan_9_45, best cost 107.009 + 2656.44 = 2763.45 over 32 frames.
dan_9_45 chin 
LOG (lattice-best-path[5.5.671~1-e5a5a]:main():lattice-best-path.cc:99) For utterance dan_9_46, best cost 105.934 + 2605.78 = 2711.71 over 30 frames.
dan_9_46 chin 
LOG (lattice-best-path[5.5.671~1-e5a5a]:main():lattice-best-path.cc:99) For utterance dan_9_47, best cost 105.726 + 2672.1 = 2777.82 over 31 frames.
dan_9_47 chin 
LOG (lattice-best-path[5.5.671~1-e5a5a]:main():lattice-best-path.cc:99) For utterance dan_9_48, best cost 107.597 + 2922.98 = 3030.58 over 34 frames.
dan_9_48 chin 
LOG (lattice-best-path[5.5.671~1-e5a5a]:main():lattice-best-path.cc:99) For utterance dan_9_49, best cost 107.279 + 2690.76 = 2798.04 over 33 frames.
dan_9_49 chin 
LOG (lattice-best-path[5.5.671~1-e5a5a]:main():lattice-best-path.cc:99) For utterance viet_0_40, best cost 112.689 + 4443.85 = 4556.54 over 48 frames.
viet_0_40 khong 
LOG (lattice-best-path[5.5.671~1-e5a5a]:main():lattice-best-path.cc:99) For utterance viet_0_41, best cost 113.315 + 4883.74 = 4997.05 over 52 frames.
viet_0_41 khong 
LOG (lattice-best-path[5.5.671~1-e5a5a]:main():lattice-best-path.cc:99) For utterance viet_0_42, best cost 113.211 + 5134.01 = 5247.22 over 54 frames.
viet_0_42 khong 
LOG (lattice-best-path[5.5.671~1-e5a5a]:main():lattice-best-path.cc:99) For utterance viet_0_43, best cost 113.674 + 4897.2 = 5010.87 over 53 frames.
viet_0_43 khong 
LOG (lattice-best-path[5.5.671~1-e5a5a]:main():lattice-best-path.cc:99) For utterance viet_0_44, best cost 110.955 + 4369.48 = 4480.43 over 48 frames.
viet_0_44 khong 
LOG (lattice-best-path[5.5.671~1-e5a5a]:main():lattice-best-path.cc:99) For utterance viet_0_45, best cost 113.597 + 5178.17 = 5291.76 over 55 frames.
viet_0_45 khong 
LOG (lattice-best-path[5.5.671~1-e5a5a]:main():lattice-best-path.cc:99) For utterance viet_0_46, best cost 129.584 + 5769.62 = 5899.2 over 61 frames.
viet_0_46 khong 
LOG (lattice-best-path[5.5.671~1-e5a5a]:main():lattice-best-path.cc:99) For utterance viet_0_47, best cost 112.271 + 4355.72 = 4467.99 over 49 frames.
viet_0_47 khong 
LOG (lattice-best-path[5.5.671~1-e5a5a]:main():lattice-best-path.cc:99) For utterance viet_0_48, best cost 111.929 + 4484.38 = 4596.31 over 48 frames.
viet_0_48 khong 
LOG (lattice-best-path[5.5.671~1-e5a5a]:main():lattice-best-path.cc:99) For utterance viet_0_49, best cost 110.366 + 4152.91 = 4263.27 over 44 frames.
viet_0_49 khong 
LOG (lattice-best-path[5.5.671~1-e5a5a]:main():lattice-best-path.cc:99) For utterance viet_1_40, best cost 105.956 + 3413.16 = 3519.12 over 34 frames.
viet_1_40 mot 
LOG (lattice-best-path[5.5.671~1-e5a5a]:main():lattice-best-path.cc:99) For utterance viet_1_41, best cost 103.818 + 2858.14 = 2961.96 over 30 frames.
viet_1_41 mot 
LOG (lattice-best-path[5.5.671~1-e5a5a]:main():lattice-best-path.cc:99) For utterance viet_1_42, best cost 130.856 + 9303.21 = 9434.06 over 102 frames.
viet_1_42 mot 
LOG (lattice-best-path[5.5.671~1-e5a5a]:main():lattice-best-path.cc:99) For utterance viet_1_43, best cost 126.491 + 6366.59 = 6493.08 over 74 frames.
viet_1_43 mot 
LOG (lattice-best-path[5.5.671~1-e5a5a]:main():lattice-best-path.cc:99) For utterance viet_1_44, best cost 103.055 + 2509.75 = 2612.8 over 28 frames.
viet_1_44 mot 
LOG (lattice-best-path[5.5.671~1-e5a5a]:main():lattice-best-path.cc:99) For utterance viet_1_45, best cost 107.08 + 3241.77 = 3348.85 over 36 frames.
viet_1_45 mot 
LOG (lattice-best-path[5.5.671~1-e5a5a]:main():lattice-best-path.cc:99) For utterance viet_1_46, best cost 105.759 + 2828.74 = 2934.5 over 32 frames.
viet_1_46 mot 
LOG (lattice-best-path[5.5.671~1-e5a5a]:main():lattice-best-path.cc:99) For utterance viet_1_47, best cost 104.319 + 2977.79 = 3082.11 over 32 frames.
viet_1_47 mot 
LOG (lattice-best-path[5.5.671~1-e5a5a]:main():lattice-best-path.cc:99) For utterance viet_1_48, best cost 102.239 + 2477.25 = 2579.48 over 26 frames.
viet_1_48 mot 
LOG (lattice-best-path[5.5.671~1-e5a5a]:main():lattice-best-path.cc:99) For utterance viet_1_49, best cost 104.502 + 2627.64 = 2732.14 over 30 frames.
viet_1_49 mot 
LOG (lattice-best-path[5.5.671~1-e5a5a]:main():lattice-best-path.cc:99) For utterance viet_2_40, best cost 109.913 + 4309.26 = 4419.17 over 50 frames.
viet_2_40 hai 
LOG (lattice-best-path[5.5.671~1-e5a5a]:main():lattice-best-path.cc:99) For utterance viet_2_41, best cost 109.623 + 5679.74 = 5789.36 over 56 frames.
viet_2_41 hai 
LOG (lattice-best-path[5.5.671~1-e5a5a]:main():lattice-best-path.cc:99) For utterance viet_2_42, best cost 108.405 + 4751.94 = 4860.34 over 54 frames.
viet_2_42 hai 
LOG (lattice-best-path[5.5.671~1-e5a5a]:main():lattice-best-path.cc:99) For utterance viet_2_43, best cost 107.495 + 4564.62 = 4672.12 over 50 frames.
viet_2_43 hai 
LOG (lattice-best-path[5.5.671~1-e5a5a]:main():lattice-best-path.cc:99) For utterance viet_2_44, best cost 123.915 + 5704.99 = 5828.9 over 61 frames.
viet_2_44 hai 
LOG (lattice-best-path[5.5.671~1-e5a5a]:main():lattice-best-path.cc:99) For utterance viet_2_45, best cost 111.038 + 4832.83 = 4943.86 over 52 frames.
viet_2_45 hai 
LOG (lattice-best-path[5.5.671~1-e5a5a]:main():lattice-best-path.cc:99) For utterance viet_2_46, best cost 108.165 + 4961.75 = 5069.92 over 52 frames.
viet_2_46 hai 
LOG (lattice-best-path[5.5.671~1-e5a5a]:main():lattice-best-path.cc:99) For utterance viet_2_47, best cost 110.77 + 4688.76 = 4799.53 over 51 frames.
viet_2_47 hai 
LOG (lattice-best-path[5.5.671~1-e5a5a]:main():lattice-best-path.cc:99) For utterance viet_2_48, best cost 123.902 + 5672.02 = 5795.92 over 66 frames.
viet_2_48 hai 
LOG (lattice-best-path[5.5.671~1-e5a5a]:main():lattice-best-path.cc:99) For utterance viet_2_49, best cost 109.343 + 4480.34 = 4589.69 over 52 frames.
viet_2_49 hai 
LOG (lattice-best-path[5.5.671~1-e5a5a]:main():lattice-best-path.cc:99) For utterance viet_3_40, best cost 117.255 + 4438.71 = 4555.97 over 50 frames.
viet_3_40 ba 
LOG (lattice-best-path[5.5.671~1-e5a5a]:main():lattice-best-path.cc:99) For utterance viet_3_41, best cost 104.438 + 4532.43 = 4636.87 over 51 frames.
viet_3_41 ba 
LOG (lattice-best-path[5.5.671~1-e5a5a]:main():lattice-best-path.cc:99) For utterance viet_3_42, best cost 126.613 + 11673.7 = 11800.3 over 134 frames.
viet_3_42 ba 
LOG (lattice-best-path[5.5.671~1-e5a5a]:main():lattice-best-path.cc:99) For utterance viet_3_43, best cost 103.117 + 4388.31 = 4491.43 over 49 frames.
viet_3_43 ba 
LOG (lattice-best-path[5.5.671~1-e5a5a]:main():lattice-best-path.cc:99) For utterance viet_3_44, best cost 103.249 + 4209.02 = 4312.26 over 49 frames.
viet_3_44 ba 
LOG (lattice-best-path[5.5.671~1-e5a5a]:main():lattice-best-path.cc:99) For utterance viet_3_45, best cost 122.076 + 9668.32 = 9790.39 over 113 frames.
viet_3_45 ba 
LOG (lattice-best-path[5.5.671~1-e5a5a]:main():lattice-best-path.cc:99) For utterance viet_3_46, best cost 122.764 + 7192.69 = 7315.45 over 84 frames.
viet_3_46 ba 
LOG (lattice-best-path[5.5.671~1-e5a5a]:main():lattice-best-path.cc:99) For utterance viet_3_47, best cost 102.337 + 4298.99 = 4401.33 over 49 frames.
viet_3_47 ba 
LOG (lattice-best-path[5.5.671~1-e5a5a]:main():lattice-best-path.cc:99) For utterance viet_3_48, best cost 106.537 + 4807.49 = 4914.03 over 52 frames.
viet_3_48 ba 
LOG (lattice-best-path[5.5.671~1-e5a5a]:main():lattice-best-path.cc:99) For utterance viet_3_49, best cost 104.311 + 4014.86 = 4119.17 over 45 frames.
viet_3_49 ba 
LOG (lattice-best-path[5.5.671~1-e5a5a]:main():lattice-best-path.cc:99) For utterance viet_4_40, best cost 109.806 + 4453.66 = 4563.47 over 50 frames.
viet_4_40 bon 
LOG (lattice-best-path[5.5.671~1-e5a5a]:main():lattice-best-path.cc:99) For utterance viet_4_41, best cost 140.52 + 5711.31 = 5851.83 over 65 frames.
viet_4_41 bon 
LOG (lattice-best-path[5.5.671~1-e5a5a]:main():lattice-best-path.cc:99) For utterance viet_4_42, best cost 110.527 + 4752.52 = 4863.05 over 50 frames.
viet_4_42 bon 
LOG (lattice-best-path[5.5.671~1-e5a5a]:main():lattice-best-path.cc:99) For utterance viet_4_43, best cost 124.794 + 5221.39 = 5346.18 over 56 frames.
viet_4_43 bon 
LOG (lattice-best-path[5.5.671~1-e5a5a]:main():lattice-best-path.cc:99) For utterance viet_4_44, best cost 108.977 + 4160.34 = 4269.31 over 44 frames.
viet_4_44 bon 
LOG (lattice-best-path[5.5.671~1-e5a5a]:main():lattice-best-path.cc:99) For utterance viet_4_45, best cost 111.002 + 4461.28 = 4572.29 over 49 frames.
viet_4_45 bon 
LOG (lattice-best-path[5.5.671~1-e5a5a]:main():lattice-best-path.cc:99) For utterance viet_4_46, best cost 128.461 + 6426.07 = 6554.53 over 69 frames.
viet_4_46 bon 
LOG (lattice-best-path[5.5.671~1-e5a5a]:main():lattice-best-path.cc:99) For utterance viet_4_47, best cost 129.493 + 9447.64 = 9577.13 over 108 frames.
viet_4_47 bon 
LOG (lattice-best-path[5.5.671~1-e5a5a]:main():lattice-best-path.cc:99) For utterance viet_4_48, best cost 124.305 + 4552.44 = 4676.75 over 52 frames.
viet_4_48 bon 
LOG (lattice-best-path[5.5.671~1-e5a5a]:main():lattice-best-path.cc:99) For utterance viet_4_49, best cost 109.775 + 4544.56 = 4654.34 over 48 frames.
viet_4_49 bon 
LOG (lattice-best-path[5.5.671~1-e5a5a]:main():lattice-best-path.cc:99) For utterance viet_5_40, best cost 122.407 + 4927.59 = 5050 over 52 frames.
viet_5_40 nam 
LOG (lattice-best-path[5.5.671~1-e5a5a]:main():lattice-best-path.cc:99) For utterance viet_5_41, best cost 108.86 + 4607.7 = 4716.56 over 47 frames.
viet_5_41 nam 
LOG (lattice-best-path[5.5.671~1-e5a5a]:main():lattice-best-path.cc:99) For utterance viet_5_42, best cost 109.728 + 4385.5 = 4495.23 over 49 frames.
viet_5_42 nam 
LOG (lattice-best-path[5.5.671~1-e5a5a]:main():lattice-best-path.cc:99) For utterance viet_5_43, best cost 110.458 + 4792.98 = 4903.44 over 49 frames.
viet_5_43 nam 
LOG (lattice-best-path[5.5.671~1-e5a5a]:main():lattice-best-path.cc:99) For utterance viet_5_44, best cost 110.775 + 4422.68 = 4533.46 over 51 frames.
viet_5_44 nam 
LOG (lattice-best-path[5.5.671~1-e5a5a]:main():lattice-best-path.cc:99) For utterance viet_5_45, best cost 124.071 + 4947.16 = 5071.23 over 51 frames.
viet_5_45 nam 
LOG (lattice-best-path[5.5.671~1-e5a5a]:main():lattice-best-path.cc:99) For utterance viet_5_46, best cost 109.855 + 4048.92 = 4158.78 over 44 frames.
viet_5_46 nam 
LOG (lattice-best-path[5.5.671~1-e5a5a]:main():lattice-best-path.cc:99) For utterance viet_5_47, best cost 110.206 + 4151.62 = 4261.83 over 46 frames.
viet_5_47 nam 
LOG (lattice-best-path[5.5.671~1-e5a5a]:main():lattice-best-path.cc:99) For utterance viet_5_48, best cost 108.06 + 4228.93 = 4336.99 over 47 frames.
viet_5_48 nam 
LOG (lattice-best-path[5.5.671~1-e5a5a]:main():lattice-best-path.cc:99) For utterance viet_5_49, best cost 110.15 + 4169.18 = 4279.33 over 47 frames.
viet_5_49 nam 
LOG (lattice-best-path[5.5.671~1-e5a5a]:main():lattice-best-path.cc:99) For utterance viet_6_40, best cost 111.85 + 4523.65 = 4635.5 over 52 frames.
viet_6_40 sau 
LOG (lattice-best-path[5.5.671~1-e5a5a]:main():lattice-best-path.cc:99) For utterance viet_6_41, best cost 133.28 + 9513.87 = 9647.15 over 114 frames.
viet_6_41 sau 
LOG (lattice-best-path[5.5.671~1-e5a5a]:main():lattice-best-path.cc:99) For utterance viet_6_42, best cost 126.235 + 4979.08 = 5105.32 over 57 frames.
viet_6_42 sau 
LOG (lattice-best-path[5.5.671~1-e5a5a]:main():lattice-best-path.cc:99) For utterance viet_6_43, best cost 111.746 + 4537.27 = 4649.02 over 53 frames.
viet_6_43 sau 
LOG (lattice-best-path[5.5.671~1-e5a5a]:main():lattice-best-path.cc:99) For utterance viet_6_44, best cost 112.815 + 4676.26 = 4789.07 over 52 frames.
viet_6_44 sau 
LOG (lattice-best-path[5.5.671~1-e5a5a]:main():lattice-best-path.cc:99) For utterance viet_6_45, best cost 129.625 + 6565.12 = 6694.75 over 71 frames.
viet_6_45 sau 
LOG (lattice-best-path[5.5.671~1-e5a5a]:main():lattice-best-path.cc:99) For utterance viet_6_46, best cost 186.06 + 8211.47 = 8397.53 over 95 frames.
viet_6_46 sau 
LOG (lattice-best-path[5.5.671~1-e5a5a]:main():lattice-best-path.cc:99) For utterance viet_6_47, best cost 113.828 + 4675.27 = 4789.1 over 53 frames.
viet_6_47 sau 
LOG (lattice-best-path[5.5.671~1-e5a5a]:main():lattice-best-path.cc:99) For utterance viet_6_48, best cost 111.703 + 4010.49 = 4122.19 over 46 frames.
viet_6_48 sau 
LOG (lattice-best-path[5.5.671~1-e5a5a]:main():lattice-best-path.cc:99) For utterance viet_6_49, best cost 128.937 + 7084.16 = 7213.09 over 79 frames.
viet_6_49 sau 
LOG (lattice-best-path[5.5.671~1-e5a5a]:main():lattice-best-path.cc:99) For utterance viet_7_40, best cost 111.296 + 4121.95 = 4233.25 over 44 frames.
viet_7_40 bay 
LOG (lattice-best-path[5.5.671~1-e5a5a]:main():lattice-best-path.cc:99) For utterance viet_7_41, best cost 109.672 + 3777.2 = 3886.87 over 39 frames.
viet_7_41 bay 
LOG (lattice-best-path[5.5.671~1-e5a5a]:main():lattice-best-path.cc:99) For utterance viet_7_42, best cost 128.532 + 6574.72 = 6703.25 over 61 frames.
viet_7_42 bay 
LOG (lattice-best-path[5.5.671~1-e5a5a]:main():lattice-best-path.cc:99) For utterance viet_7_43, best cost 111.39 + 4096.05 = 4207.44 over 43 frames.
viet_7_43 bay 
LOG (lattice-best-path[5.5.671~1-e5a5a]:main():lattice-best-path.cc:99) For utterance viet_7_44, best cost 105.248 + 3451.96 = 3557.21 over 34 frames.
viet_7_44 bay 
LOG (lattice-best-path[5.5.671~1-e5a5a]:main():lattice-best-path.cc:99) For utterance viet_7_45, best cost 107.989 + 3943.35 = 4051.34 over 42 frames.
viet_7_45 bay 
LOG (lattice-best-path[5.5.671~1-e5a5a]:main():lattice-best-path.cc:99) For utterance viet_7_46, best cost 104.94 + 2934.18 = 3039.12 over 32 frames.
viet_7_46 bay 
LOG (lattice-best-path[5.5.671~1-e5a5a]:main():lattice-best-path.cc:99) For utterance viet_7_47, best cost 104.76 + 3702.9 = 3807.66 over 35 frames.
viet_7_47 bay 
LOG (lattice-best-path[5.5.671~1-e5a5a]:main():lattice-best-path.cc:99) For utterance viet_7_48, best cost 109.173 + 3916.12 = 4025.3 over 44 frames.
viet_7_48 bay 
LOG (lattice-best-path[5.5.671~1-e5a5a]:main():lattice-best-path.cc:99) For utterance viet_7_49, best cost 104.6 + 3342.2 = 3446.8 over 33 frames.
viet_7_49 bay 
LOG (lattice-best-path[5.5.671~1-e5a5a]:main():lattice-best-path.cc:99) For utterance viet_8_40, best cost 125.268 + 4417.99 = 4543.26 over 53 frames.
viet_8_40 tam 
LOG (lattice-best-path[5.5.671~1-e5a5a]:main():lattice-best-path.cc:99) For utterance viet_8_41, best cost 109.818 + 3925.62 = 4035.44 over 47 frames.
viet_8_41 tam 
LOG (lattice-best-path[5.5.671~1-e5a5a]:main():lattice-best-path.cc:99) For utterance viet_8_42, best cost 112.193 + 4475.37 = 4587.57 over 54 frames.
viet_8_42 tam 
LOG (lattice-best-path[5.5.671~1-e5a5a]:main():lattice-best-path.cc:99) For utterance viet_8_43, best cost 110.986 + 4692.17 = 4803.16 over 56 frames.
viet_8_43 tam 
LOG (lattice-best-path[5.5.671~1-e5a5a]:main():lattice-best-path.cc:99) For utterance viet_8_44, best cost 111.037 + 4531.02 = 4642.05 over 53 frames.
viet_8_44 tam 
LOG (lattice-best-path[5.5.671~1-e5a5a]:main():lattice-best-path.cc:99) For utterance viet_8_45, best cost 111.617 + 4770.34 = 4881.96 over 53 frames.
viet_8_45 tam 
LOG (lattice-best-path[5.5.671~1-e5a5a]:main():lattice-best-path.cc:99) For utterance viet_8_46, best cost 111.558 + 5067.46 = 5179.02 over 56 frames.
viet_8_46 tam 
LOG (lattice-best-path[5.5.671~1-e5a5a]:main():lattice-best-path.cc:99) For utterance viet_8_47, best cost 111.156 + 5006.5 = 5117.66 over 54 frames.
viet_8_47 tam 
LOG (lattice-best-path[5.5.671~1-e5a5a]:main():lattice-best-path.cc:99) For utterance viet_8_48, best cost 112.197 + 5077.7 = 5189.89 over 56 frames.
viet_8_48 tam 
LOG (lattice-best-path[5.5.671~1-e5a5a]:main():lattice-best-path.cc:99) For utterance viet_8_49, best cost 109.88 + 3932.88 = 4042.76 over 44 frames.
viet_8_49 tam 
LOG (lattice-best-path[5.5.671~1-e5a5a]:main():lattice-best-path.cc:99) For utterance viet_9_40, best cost 110.504 + 4749.81 = 4860.32 over 50 frames.
viet_9_40 chin 
LOG (lattice-best-path[5.5.671~1-e5a5a]:main():lattice-best-path.cc:99) For utterance viet_9_41, best cost 110.262 + 4327.33 = 4437.59 over 49 frames.
viet_9_41 chin 
LOG (lattice-best-path[5.5.671~1-e5a5a]:main():lattice-best-path.cc:99) For utterance viet_9_42, best cost 111.127 + 4562.18 = 4673.3 over 49 frames.
viet_9_42 chin 
LOG (lattice-best-path[5.5.671~1-e5a5a]:main():lattice-best-path.cc:99) For utterance viet_9_43, best cost 110.414 + 4676.92 = 4787.33 over 51 frames.
viet_9_43 chin 
LOG (lattice-best-path[5.5.671~1-e5a5a]:main():lattice-best-path.cc:99) For utterance viet_9_44, best cost 111.199 + 4637.95 = 4749.15 over 50 frames.
viet_9_44 chin 
LOG (lattice-best-path[5.5.671~1-e5a5a]:main():lattice-best-path.cc:99) For utterance viet_9_45, best cost 109.497 + 4159.96 = 4269.46 over 45 frames.
viet_9_45 chin 
LOG (lattice-best-path[5.5.671~1-e5a5a]:main():lattice-best-path.cc:99) For utterance viet_9_46, best cost 109.842 + 4155.74 = 4265.58 over 47 frames.
viet_9_46 chin 
LOG (lattice-best-path[5.5.671~1-e5a5a]:main():lattice-best-path.cc:99) For utterance viet_9_47, best cost 109.992 + 3787.8 = 3897.8 over 44 frames.
viet_9_47 chin 
LOG (lattice-best-path[5.5.671~1-e5a5a]:main():lattice-best-path.cc:99) For utterance viet_9_48, best cost 135.68 + 9765.78 = 9901.46 over 111 frames.
viet_9_48 chin 
LOG (lattice-best-path[5.5.671~1-e5a5a]:main():lattice-best-path.cc:99) For utterance viet_9_49, best cost 111.316 + 4390.75 = 4502.06 over 48 frames.
viet_9_49 chin 
LOG (lattice-best-path[5.5.671~1-e5a5a]:main():lattice-best-path.cc:124) Overall cost per frame is 91.8745 = 2.4834 [graph] + 89.3912 [acoustic] over 8929 frames.
LOG (lattice-best-path[5.5.671~1-e5a5a]:main():lattice-best-path.cc:128) Done 200 lattices, failed for 0
# Accounting: time=0 threads=1
# Ended (code 0) at Mon Apr 20 03:05:35 PDT 2020, elapsed time 0 seconds
