# lattice-best-path --lm-scale=11 --word-symbol-table=exp/mono/graph/words.txt "ark:gunzip -c exp/mono/decode/lat.*.gz|" ark,t:exp/mono/decode/scoring/11.tra 
# Started at Sat Apr 11 03:16:57 PDT 2020
#
lattice-best-path --lm-scale=11 --word-symbol-table=exp/mono/graph/words.txt 'ark:gunzip -c exp/mono/decode/lat.*.gz|' ark,t:exp/mono/decode/scoring/11.tra 
LOG (lattice-best-path[5.5.671~1-e5a5a]:main():lattice-best-path.cc:99) For utterance viet_0_40, best cost 80.5569 + 4427.78 = 4508.33 over 46 frames.
viet_0_40 zero 
LOG (lattice-best-path[5.5.671~1-e5a5a]:main():lattice-best-path.cc:99) For utterance viet_0_41, best cost 80.8436 + 4417.84 = 4498.68 over 48 frames.
viet_0_41 zero 
LOG (lattice-best-path[5.5.671~1-e5a5a]:main():lattice-best-path.cc:99) For utterance viet_0_42, best cost 119.938 + 11479.3 = 11599.2 over 124 frames.
viet_0_42 zero 
LOG (lattice-best-path[5.5.671~1-e5a5a]:main():lattice-best-path.cc:99) For utterance viet_0_43, best cost 80.6412 + 4992.81 = 5073.45 over 53 frames.
viet_0_43 zero 
LOG (lattice-best-path[5.5.671~1-e5a5a]:main():lattice-best-path.cc:99) For utterance viet_0_44, best cost 83.0255 + 4735.48 = 4818.51 over 51 frames.
viet_0_44 zero 
LOG (lattice-best-path[5.5.671~1-e5a5a]:main():lattice-best-path.cc:99) For utterance viet_0_45, best cost 83.3622 + 5123.58 = 5206.94 over 57 frames.
viet_0_45 zero 
LOG (lattice-best-path[5.5.671~1-e5a5a]:main():lattice-best-path.cc:99) For utterance viet_0_46, best cost 81.6382 + 5040.78 = 5122.42 over 57 frames.
viet_0_46 zero 
LOG (lattice-best-path[5.5.671~1-e5a5a]:main():lattice-best-path.cc:99) For utterance viet_0_47, best cost 85.1197 + 4850.25 = 4935.37 over 52 frames.
viet_0_47 zero 
LOG (lattice-best-path[5.5.671~1-e5a5a]:main():lattice-best-path.cc:99) For utterance viet_0_48, best cost 81.5131 + 4370.74 = 4452.26 over 48 frames.
viet_0_48 zero 
LOG (lattice-best-path[5.5.671~1-e5a5a]:main():lattice-best-path.cc:99) For utterance viet_0_49, best cost 81.3764 + 4851.03 = 4932.41 over 52 frames.
viet_0_49 zero 
LOG (lattice-best-path[5.5.671~1-e5a5a]:main():lattice-best-path.cc:99) For utterance viet_1_40, best cost 82.1649 + 3529.65 = 3611.82 over 36 frames.
viet_1_40 one 
LOG (lattice-best-path[5.5.671~1-e5a5a]:main():lattice-best-path.cc:99) For utterance viet_1_41, best cost 84.2972 + 4055.56 = 4139.85 over 42 frames.
viet_1_41 one 
LOG (lattice-best-path[5.5.671~1-e5a5a]:main():lattice-best-path.cc:99) For utterance viet_1_42, best cost 85.8669 + 4536.67 = 4622.53 over 48 frames.
viet_1_42 one 
LOG (lattice-best-path[5.5.671~1-e5a5a]:main():lattice-best-path.cc:99) For utterance viet_1_43, best cost 83.5432 + 4123.13 = 4206.67 over 39 frames.
viet_1_43 one 
LOG (lattice-best-path[5.5.671~1-e5a5a]:main():lattice-best-path.cc:99) For utterance viet_1_44, best cost 104.4 + 11732 = 11836.4 over 141 frames.
viet_1_44 one 
LOG (lattice-best-path[5.5.671~1-e5a5a]:main():lattice-best-path.cc:99) For utterance viet_1_45, best cost 82.638 + 3601.41 = 3684.05 over 36 frames.
viet_1_45 one 
LOG (lattice-best-path[5.5.671~1-e5a5a]:main():lattice-best-path.cc:99) For utterance viet_1_46, best cost 33.2461 + 761.761 = 795.007 over 6 frames.
viet_1_46 
LOG (lattice-best-path[5.5.671~1-e5a5a]:main():lattice-best-path.cc:99) For utterance viet_1_47, best cost 85.1421 + 4276.13 = 4361.27 over 45 frames.
viet_1_47 one 
LOG (lattice-best-path[5.5.671~1-e5a5a]:main():lattice-best-path.cc:99) For utterance viet_1_48, best cost 81.1103 + 2969.46 = 3050.57 over 31 frames.
viet_1_48 one 
LOG (lattice-best-path[5.5.671~1-e5a5a]:main():lattice-best-path.cc:99) For utterance viet_1_49, best cost 105.86 + 15076.1 = 15181.9 over 168 frames.
viet_1_49 one 
LOG (lattice-best-path[5.5.671~1-e5a5a]:main():lattice-best-path.cc:99) For utterance viet_2_40, best cost 72.2389 + 3459.92 = 3532.16 over 40 frames.
viet_2_40 two 
LOG (lattice-best-path[5.5.671~1-e5a5a]:main():lattice-best-path.cc:99) For utterance viet_2_41, best cost 74.611 + 4036.26 = 4110.87 over 43 frames.
viet_2_41 two 
LOG (lattice-best-path[5.5.671~1-e5a5a]:main():lattice-best-path.cc:99) For utterance viet_2_42, best cost 72.1896 + 3460.62 = 3532.81 over 39 frames.
viet_2_42 two 
LOG (lattice-best-path[5.5.671~1-e5a5a]:main():lattice-best-path.cc:99) For utterance viet_2_43, best cost 73.2209 + 3593.04 = 3666.26 over 39 frames.
viet_2_43 two 
LOG (lattice-best-path[5.5.671~1-e5a5a]:main():lattice-best-path.cc:99) For utterance viet_2_44, best cost 71.8643 + 3597.23 = 3669.1 over 37 frames.
viet_2_44 two 
LOG (lattice-best-path[5.5.671~1-e5a5a]:main():lattice-best-path.cc:99) For utterance viet_2_45, best cost 72.2717 + 3807.48 = 3879.76 over 41 frames.
viet_2_45 two 
LOG (lattice-best-path[5.5.671~1-e5a5a]:main():lattice-best-path.cc:99) For utterance viet_2_46, best cost 72.8183 + 3706.86 = 3779.68 over 43 frames.
viet_2_46 two 
LOG (lattice-best-path[5.5.671~1-e5a5a]:main():lattice-best-path.cc:99) For utterance viet_2_47, best cost 152.404 + 18246.7 = 18399.1 over 206 frames.
viet_2_47 two nine 
LOG (lattice-best-path[5.5.671~1-e5a5a]:main():lattice-best-path.cc:99) For utterance viet_2_48, best cost 77.5399 + 3653.79 = 3731.33 over 40 frames.
viet_2_48 two 
LOG (lattice-best-path[5.5.671~1-e5a5a]:main():lattice-best-path.cc:99) For utterance viet_2_49, best cost 72.7843 + 3795.83 = 3868.61 over 42 frames.
viet_2_49 two 
LOG (lattice-best-path[5.5.671~1-e5a5a]:main():lattice-best-path.cc:99) For utterance viet_3_40, best cost 82.563 + 4735.7 = 4818.27 over 51 frames.
viet_3_40 three 
LOG (lattice-best-path[5.5.671~1-e5a5a]:main():lattice-best-path.cc:99) For utterance viet_3_41, best cost 80.5689 + 4373.5 = 4454.07 over 48 frames.
viet_3_41 three 
LOG (lattice-best-path[5.5.671~1-e5a5a]:main():lattice-best-path.cc:99) For utterance viet_3_42, best cost 80.1985 + 4993.19 = 5073.39 over 51 frames.
viet_3_42 three 
LOG (lattice-best-path[5.5.671~1-e5a5a]:main():lattice-best-path.cc:99) For utterance viet_3_43, best cost 81.1067 + 4643.47 = 4724.58 over 49 frames.
viet_3_43 three 
LOG (lattice-best-path[5.5.671~1-e5a5a]:main():lattice-best-path.cc:99) For utterance viet_3_44, best cost 78.5155 + 4217.4 = 4295.92 over 45 frames.
viet_3_44 three 
LOG (lattice-best-path[5.5.671~1-e5a5a]:main():lattice-best-path.cc:99) For utterance viet_3_45, best cost 81.9689 + 4738.69 = 4820.66 over 52 frames.
viet_3_45 three 
LOG (lattice-best-path[5.5.671~1-e5a5a]:main():lattice-best-path.cc:99) For utterance viet_3_46, best cost 79.204 + 5269.6 = 5348.8 over 50 frames.
viet_3_46 three 
LOG (lattice-best-path[5.5.671~1-e5a5a]:main():lattice-best-path.cc:99) For utterance viet_3_47, best cost 82.7143 + 4716.36 = 4799.07 over 51 frames.
viet_3_47 three 
LOG (lattice-best-path[5.5.671~1-e5a5a]:main():lattice-best-path.cc:99) For utterance viet_3_48, best cost 96.7776 + 6583.6 = 6680.38 over 70 frames.
viet_3_48 three 
LOG (lattice-best-path[5.5.671~1-e5a5a]:main():lattice-best-path.cc:99) For utterance viet_3_49, best cost 83.5806 + 4804.21 = 4887.79 over 47 frames.
viet_3_49 three 
LOG (lattice-best-path[5.5.671~1-e5a5a]:main():lattice-best-path.cc:99) For utterance viet_4_40, best cost 78.9629 + 4227.06 = 4306.02 over 47 frames.
viet_4_40 four 
LOG (lattice-best-path[5.5.671~1-e5a5a]:main():lattice-best-path.cc:99) For utterance viet_4_41, best cost 75.712 + 4182.62 = 4258.34 over 47 frames.
viet_4_41 four 
LOG (lattice-best-path[5.5.671~1-e5a5a]:main():lattice-best-path.cc:99) For utterance viet_4_42, best cost 76.369 + 4232.18 = 4308.55 over 47 frames.
viet_4_42 four 
LOG (lattice-best-path[5.5.671~1-e5a5a]:main():lattice-best-path.cc:99) For utterance viet_4_43, best cost 75.6832 + 3760.48 = 3836.17 over 42 frames.
viet_4_43 four 
LOG (lattice-best-path[5.5.671~1-e5a5a]:main():lattice-best-path.cc:99) For utterance viet_4_44, best cost 76.5537 + 4579.23 = 4655.79 over 52 frames.
viet_4_44 four 
LOG (lattice-best-path[5.5.671~1-e5a5a]:main():lattice-best-path.cc:99) For utterance viet_4_45, best cost 75.9209 + 3825.7 = 3901.62 over 42 frames.
viet_4_45 four 
LOG (lattice-best-path[5.5.671~1-e5a5a]:main():lattice-best-path.cc:99) For utterance viet_4_46, best cost 78.3979 + 3832.19 = 3910.59 over 44 frames.
viet_4_46 four 
LOG (lattice-best-path[5.5.671~1-e5a5a]:main():lattice-best-path.cc:99) For utterance viet_4_47, best cost 82.1455 + 4055.59 = 4137.74 over 44 frames.
viet_4_47 four 
LOG (lattice-best-path[5.5.671~1-e5a5a]:main():lattice-best-path.cc:99) For utterance viet_4_48, best cost 77.3873 + 4195.92 = 4273.31 over 47 frames.
viet_4_48 four 
LOG (lattice-best-path[5.5.671~1-e5a5a]:main():lattice-best-path.cc:99) For utterance viet_4_49, best cost 76.8458 + 3770.3 = 3847.14 over 42 frames.
viet_4_49 four 
LOG (lattice-best-path[5.5.671~1-e5a5a]:main():lattice-best-path.cc:99) For utterance viet_5_40, best cost 81.2666 + 4527.68 = 4608.95 over 48 frames.
viet_5_40 five 
LOG (lattice-best-path[5.5.671~1-e5a5a]:main():lattice-best-path.cc:99) For utterance viet_5_41, best cost 83.2657 + 5228.82 = 5312.09 over 55 frames.
viet_5_41 five 
LOG (lattice-best-path[5.5.671~1-e5a5a]:main():lattice-best-path.cc:99) For utterance viet_5_42, best cost 81.1138 + 5221.27 = 5302.38 over 53 frames.
viet_5_42 five 
LOG (lattice-best-path[5.5.671~1-e5a5a]:main():lattice-best-path.cc:99) For utterance viet_5_43, best cost 80.9765 + 4710.39 = 4791.37 over 49 frames.
viet_5_43 five 
LOG (lattice-best-path[5.5.671~1-e5a5a]:main():lattice-best-path.cc:99) For utterance viet_5_44, best cost 82.1435 + 5703.65 = 5785.79 over 54 frames.
viet_5_44 five 
LOG (lattice-best-path[5.5.671~1-e5a5a]:main():lattice-best-path.cc:99) For utterance viet_5_45, best cost 80.054 + 4432.82 = 4512.88 over 45 frames.
viet_5_45 five 
LOG (lattice-best-path[5.5.671~1-e5a5a]:main():lattice-best-path.cc:99) For utterance viet_5_46, best cost 80.6889 + 4557.23 = 4637.92 over 47 frames.
viet_5_46 five 
LOG (lattice-best-path[5.5.671~1-e5a5a]:main():lattice-best-path.cc:99) For utterance viet_5_47, best cost 80.425 + 4383.28 = 4463.7 over 44 frames.
viet_5_47 five 
LOG (lattice-best-path[5.5.671~1-e5a5a]:main():lattice-best-path.cc:99) For utterance viet_5_48, best cost 81.0394 + 4383.41 = 4464.45 over 46 frames.
viet_5_48 five 
LOG (lattice-best-path[5.5.671~1-e5a5a]:main():lattice-best-path.cc:99) For utterance viet_5_49, best cost 80.8858 + 4410.68 = 4491.56 over 46 frames.
viet_5_49 five 
LOG (lattice-best-path[5.5.671~1-e5a5a]:main():lattice-best-path.cc:99) For utterance viet_6_40, best cost 83.0487 + 4733.64 = 4816.69 over 51 frames.
viet_6_40 six 
LOG (lattice-best-path[5.5.671~1-e5a5a]:main():lattice-best-path.cc:99) For utterance viet_6_41, best cost 84.9385 + 4919.43 = 5004.37 over 52 frames.
viet_6_41 six 
LOG (lattice-best-path[5.5.671~1-e5a5a]:main():lattice-best-path.cc:99) For utterance viet_6_42, best cost 101.725 + 7734.84 = 7836.57 over 83 frames.
viet_6_42 six 
LOG (lattice-best-path[5.5.671~1-e5a5a]:main():lattice-best-path.cc:99) For utterance viet_6_43, best cost 84.6479 + 5721.39 = 5806.04 over 60 frames.
viet_6_43 six 
LOG (lattice-best-path[5.5.671~1-e5a5a]:main():lattice-best-path.cc:99) For utterance viet_6_44, best cost 82.6824 + 4953.63 = 5036.31 over 46 frames.
viet_6_44 six 
LOG (lattice-best-path[5.5.671~1-e5a5a]:main():lattice-best-path.cc:99) For utterance viet_6_45, best cost 100.121 + 8177.6 = 8277.72 over 82 frames.
viet_6_45 six 
LOG (lattice-best-path[5.5.671~1-e5a5a]:main():lattice-best-path.cc:99) For utterance viet_6_46, best cost 83.2798 + 4792.33 = 4875.61 over 49 frames.
viet_6_46 six 
LOG (lattice-best-path[5.5.671~1-e5a5a]:main():lattice-best-path.cc:99) For utterance viet_6_47, best cost 84.3686 + 5499.65 = 5584.02 over 60 frames.
viet_6_47 six 
LOG (lattice-best-path[5.5.671~1-e5a5a]:main():lattice-best-path.cc:99) For utterance viet_6_48, best cost 89.1704 + 5682.7 = 5771.87 over 61 frames.
viet_6_48 six 
LOG (lattice-best-path[5.5.671~1-e5a5a]:main():lattice-best-path.cc:99) For utterance viet_6_49, best cost 82.8952 + 4856.9 = 4939.79 over 52 frames.
viet_6_49 six 
LOG (lattice-best-path[5.5.671~1-e5a5a]:main():lattice-best-path.cc:99) For utterance viet_7_40, best cost 109.708 + 8986.97 = 9096.68 over 107 frames.
viet_7_40 seven 
LOG (lattice-best-path[5.5.671~1-e5a5a]:main():lattice-best-path.cc:99) For utterance viet_7_41, best cost 90.7624 + 6086.35 = 6177.11 over 64 frames.
viet_7_41 seven 
LOG (lattice-best-path[5.5.671~1-e5a5a]:main():lattice-best-path.cc:99) For utterance viet_7_42, best cost 86.0932 + 4323.67 = 4409.76 over 47 frames.
viet_7_42 seven 
LOG (lattice-best-path[5.5.671~1-e5a5a]:main():lattice-best-path.cc:99) For utterance viet_7_43, best cost 89.6471 + 4770.56 = 4860.2 over 53 frames.
viet_7_43 seven 
LOG (lattice-best-path[5.5.671~1-e5a5a]:main():lattice-best-path.cc:99) For utterance viet_7_44, best cost 88.5939 + 4554.83 = 4643.42 over 51 frames.
viet_7_44 seven 
LOG (lattice-best-path[5.5.671~1-e5a5a]:main():lattice-best-path.cc:99) For utterance viet_7_45, best cost 87.2991 + 3953.76 = 4041.06 over 46 frames.
viet_7_45 seven 
LOG (lattice-best-path[5.5.671~1-e5a5a]:main():lattice-best-path.cc:99) For utterance viet_7_46, best cost 111.724 + 11459.3 = 11571 over 120 frames.
viet_7_46 seven 
LOG (lattice-best-path[5.5.671~1-e5a5a]:main():lattice-best-path.cc:99) For utterance viet_7_47, best cost 87.29 + 4251.35 = 4338.64 over 48 frames.
viet_7_47 seven 
LOG (lattice-best-path[5.5.671~1-e5a5a]:main():lattice-best-path.cc:99) For utterance viet_7_48, best cost 86.9789 + 4439.19 = 4526.17 over 48 frames.
viet_7_48 seven 
LOG (lattice-best-path[5.5.671~1-e5a5a]:main():lattice-best-path.cc:99) For utterance viet_7_49, best cost 87.0413 + 4562.22 = 4649.26 over 49 frames.
viet_7_49 seven 
LOG (lattice-best-path[5.5.671~1-e5a5a]:main():lattice-best-path.cc:99) For utterance viet_8_40, best cost 77.9401 + 4687.79 = 4765.73 over 49 frames.
viet_8_40 eight 
LOG (lattice-best-path[5.5.671~1-e5a5a]:main():lattice-best-path.cc:99) For utterance viet_8_41, best cost 77.3856 + 4583.8 = 4661.19 over 45 frames.
viet_8_41 eight 
LOG (lattice-best-path[5.5.671~1-e5a5a]:main():lattice-best-path.cc:99) For utterance viet_8_42, best cost 74.067 + 1951.07 = 2025.14 over 21 frames.
viet_8_42 eight 
LOG (lattice-best-path[5.5.671~1-e5a5a]:main():lattice-best-path.cc:99) For utterance viet_8_43, best cost 78.7576 + 5413.83 = 5492.58 over 56 frames.
viet_8_43 eight 
LOG (lattice-best-path[5.5.671~1-e5a5a]:main():lattice-best-path.cc:99) For utterance viet_8_44, best cost 77.1014 + 3791.73 = 3868.83 over 41 frames.
viet_8_44 eight 
LOG (lattice-best-path[5.5.671~1-e5a5a]:main():lattice-best-path.cc:99) For utterance viet_8_45, best cost 91.5119 + 4729.36 = 4820.87 over 48 frames.
viet_8_45 eight 
LOG (lattice-best-path[5.5.671~1-e5a5a]:main():lattice-best-path.cc:99) For utterance viet_8_46, best cost 117.994 + 18705.9 = 18823.9 over 218 frames.
viet_8_46 eight 
LOG (lattice-best-path[5.5.671~1-e5a5a]:main():lattice-best-path.cc:99) For utterance viet_8_47, best cost 77.5099 + 4661.23 = 4738.74 over 48 frames.
viet_8_47 eight 
LOG (lattice-best-path[5.5.671~1-e5a5a]:main():lattice-best-path.cc:99) For utterance viet_8_48, best cost 78.0626 + 4468.12 = 4546.18 over 47 frames.
viet_8_48 eight 
LOG (lattice-best-path[5.5.671~1-e5a5a]:main():lattice-best-path.cc:99) For utterance viet_8_49, best cost 77.474 + 4622.45 = 4699.92 over 48 frames.
viet_8_49 eight 
LOG (lattice-best-path[5.5.671~1-e5a5a]:main():lattice-best-path.cc:99) For utterance viet_9_40, best cost 96.4524 + 5669.72 = 5766.17 over 61 frames.
viet_9_40 nine 
LOG (lattice-best-path[5.5.671~1-e5a5a]:main():lattice-best-path.cc:99) For utterance viet_9_41, best cost 92.516 + 4579.31 = 4671.82 over 48 frames.
viet_9_41 nine 
LOG (lattice-best-path[5.5.671~1-e5a5a]:main():lattice-best-path.cc:99) For utterance viet_9_42, best cost 96.7617 + 5620.18 = 5716.94 over 62 frames.
viet_9_42 nine 
LOG (lattice-best-path[5.5.671~1-e5a5a]:main():lattice-best-path.cc:99) For utterance viet_9_43, best cost 114.531 + 13229.3 = 13343.8 over 157 frames.
viet_9_43 nine 
LOG (lattice-best-path[5.5.671~1-e5a5a]:main():lattice-best-path.cc:99) For utterance viet_9_44, best cost 95.5965 + 5145.4 = 5241 over 55 frames.
viet_9_44 nine 
LOG (lattice-best-path[5.5.671~1-e5a5a]:main():lattice-best-path.cc:99) For utterance viet_9_45, best cost 100.247 + 5880.87 = 5981.11 over 65 frames.
viet_9_45 nine 
LOG (lattice-best-path[5.5.671~1-e5a5a]:main():lattice-best-path.cc:99) For utterance viet_9_46, best cost 102.424 + 5665.32 = 5767.74 over 60 frames.
viet_9_46 nine 
LOG (lattice-best-path[5.5.671~1-e5a5a]:main():lattice-best-path.cc:99) For utterance viet_9_47, best cost 91.1354 + 4328.06 = 4419.2 over 44 frames.
viet_9_47 nine 
LOG (lattice-best-path[5.5.671~1-e5a5a]:main():lattice-best-path.cc:99) For utterance viet_9_48, best cost 95.0714 + 4935.27 = 5030.34 over 51 frames.
viet_9_48 nine 
LOG (lattice-best-path[5.5.671~1-e5a5a]:main():lattice-best-path.cc:99) For utterance viet_9_49, best cost 96.9606 + 5922.39 = 6019.35 over 62 frames.
viet_9_49 nine 
LOG (lattice-best-path[5.5.671~1-e5a5a]:main():lattice-best-path.cc:124) Overall cost per frame is 94.2621 = 1.49 [graph] + 92.7721 [acoustic] over 5720 frames.
LOG (lattice-best-path[5.5.671~1-e5a5a]:main():lattice-best-path.cc:128) Done 100 lattices, failed for 0
# Accounting: time=0 threads=1
# Ended (code 0) at Sat Apr 11 03:16:57 PDT 2020, elapsed time 0 seconds
