# lattice-best-path --lm-scale=7 --word-symbol-table=exp/mono/graph/words.txt "ark:gunzip -c exp/mono/decode/lat.*.gz|" ark,t:exp/mono/decode/scoring/7.tra 
# Started at Sat Apr 11 03:16:57 PDT 2020
#
lattice-best-path --lm-scale=7 --word-symbol-table=exp/mono/graph/words.txt 'ark:gunzip -c exp/mono/decode/lat.*.gz|' ark,t:exp/mono/decode/scoring/7.tra 
LOG (lattice-best-path[5.5.671~1-e5a5a]:main():lattice-best-path.cc:99) For utterance viet_0_40, best cost 51.2635 + 4427.78 = 4479.04 over 46 frames.
viet_0_40 zero 
LOG (lattice-best-path[5.5.671~1-e5a5a]:main():lattice-best-path.cc:99) For utterance viet_0_41, best cost 51.4459 + 4417.84 = 4469.29 over 48 frames.
viet_0_41 zero 
LOG (lattice-best-path[5.5.671~1-e5a5a]:main():lattice-best-path.cc:99) For utterance viet_0_42, best cost 76.3244 + 11479.3 = 11555.6 over 124 frames.
viet_0_42 zero 
LOG (lattice-best-path[5.5.671~1-e5a5a]:main():lattice-best-path.cc:99) For utterance viet_0_43, best cost 51.3171 + 4992.81 = 5044.12 over 53 frames.
viet_0_43 zero 
LOG (lattice-best-path[5.5.671~1-e5a5a]:main():lattice-best-path.cc:99) For utterance viet_0_44, best cost 52.8344 + 4735.48 = 4788.32 over 51 frames.
viet_0_44 zero 
LOG (lattice-best-path[5.5.671~1-e5a5a]:main():lattice-best-path.cc:99) For utterance viet_0_45, best cost 53.0487 + 5123.58 = 5176.63 over 57 frames.
viet_0_45 zero 
LOG (lattice-best-path[5.5.671~1-e5a5a]:main():lattice-best-path.cc:99) For utterance viet_0_46, best cost 51.9516 + 5040.78 = 5092.73 over 57 frames.
viet_0_46 zero 
LOG (lattice-best-path[5.5.671~1-e5a5a]:main():lattice-best-path.cc:99) For utterance viet_0_47, best cost 54.1671 + 4850.25 = 4904.42 over 52 frames.
viet_0_47 zero 
LOG (lattice-best-path[5.5.671~1-e5a5a]:main():lattice-best-path.cc:99) For utterance viet_0_48, best cost 51.872 + 4370.74 = 4422.61 over 48 frames.
viet_0_48 zero 
LOG (lattice-best-path[5.5.671~1-e5a5a]:main():lattice-best-path.cc:99) For utterance viet_0_49, best cost 51.785 + 4851.03 = 4902.82 over 52 frames.
viet_0_49 zero 
LOG (lattice-best-path[5.5.671~1-e5a5a]:main():lattice-best-path.cc:99) For utterance viet_1_40, best cost 52.2868 + 3529.65 = 3581.94 over 36 frames.
viet_1_40 one 
LOG (lattice-best-path[5.5.671~1-e5a5a]:main():lattice-best-path.cc:99) For utterance viet_1_41, best cost 53.6437 + 4055.56 = 4109.2 over 42 frames.
viet_1_41 one 
LOG (lattice-best-path[5.5.671~1-e5a5a]:main():lattice-best-path.cc:99) For utterance viet_1_42, best cost 54.6426 + 4536.67 = 4591.31 over 48 frames.
viet_1_42 one 
LOG (lattice-best-path[5.5.671~1-e5a5a]:main():lattice-best-path.cc:99) For utterance viet_1_43, best cost 53.1638 + 4123.13 = 4176.29 over 39 frames.
viet_1_43 one 
LOG (lattice-best-path[5.5.671~1-e5a5a]:main():lattice-best-path.cc:99) For utterance viet_1_44, best cost 66.4367 + 11732 = 11798.4 over 141 frames.
viet_1_44 one 
LOG (lattice-best-path[5.5.671~1-e5a5a]:main():lattice-best-path.cc:99) For utterance viet_1_45, best cost 52.5878 + 3601.41 = 3654 over 36 frames.
viet_1_45 one 
LOG (lattice-best-path[5.5.671~1-e5a5a]:main():lattice-best-path.cc:99) For utterance viet_1_46, best cost 21.1566 + 761.761 = 782.918 over 6 frames.
viet_1_46 
LOG (lattice-best-path[5.5.671~1-e5a5a]:main():lattice-best-path.cc:99) For utterance viet_1_47, best cost 54.1814 + 4276.13 = 4330.31 over 45 frames.
viet_1_47 one 
LOG (lattice-best-path[5.5.671~1-e5a5a]:main():lattice-best-path.cc:99) For utterance viet_1_48, best cost 51.6157 + 2969.46 = 3021.08 over 31 frames.
viet_1_48 one 
LOG (lattice-best-path[5.5.671~1-e5a5a]:main():lattice-best-path.cc:99) For utterance viet_1_49, best cost 67.3652 + 15076.1 = 15143.4 over 168 frames.
viet_1_49 one 
LOG (lattice-best-path[5.5.671~1-e5a5a]:main():lattice-best-path.cc:99) For utterance viet_2_40, best cost 45.9702 + 3459.92 = 3505.89 over 40 frames.
viet_2_40 two 
LOG (lattice-best-path[5.5.671~1-e5a5a]:main():lattice-best-path.cc:99) For utterance viet_2_41, best cost 47.4797 + 4036.26 = 4083.74 over 43 frames.
viet_2_41 two 
LOG (lattice-best-path[5.5.671~1-e5a5a]:main():lattice-best-path.cc:99) For utterance viet_2_42, best cost 45.9388 + 3460.62 = 3506.56 over 39 frames.
viet_2_42 two 
LOG (lattice-best-path[5.5.671~1-e5a5a]:main():lattice-best-path.cc:99) For utterance viet_2_43, best cost 46.5951 + 3593.04 = 3639.64 over 39 frames.
viet_2_43 two 
LOG (lattice-best-path[5.5.671~1-e5a5a]:main():lattice-best-path.cc:99) For utterance viet_2_44, best cost 45.7318 + 3597.23 = 3642.97 over 37 frames.
viet_2_44 two 
LOG (lattice-best-path[5.5.671~1-e5a5a]:main():lattice-best-path.cc:99) For utterance viet_2_45, best cost 45.9911 + 3807.48 = 3853.48 over 41 frames.
viet_2_45 two 
LOG (lattice-best-path[5.5.671~1-e5a5a]:main():lattice-best-path.cc:99) For utterance viet_2_46, best cost 46.3389 + 3706.86 = 3753.2 over 43 frames.
viet_2_46 two 
LOG (lattice-best-path[5.5.671~1-e5a5a]:main():lattice-best-path.cc:99) For utterance viet_2_47, best cost 96.9841 + 18246.7 = 18343.6 over 206 frames.
viet_2_47 two nine 
LOG (lattice-best-path[5.5.671~1-e5a5a]:main():lattice-best-path.cc:99) For utterance viet_2_48, best cost 49.3436 + 3653.79 = 3703.13 over 40 frames.
viet_2_48 two 
LOG (lattice-best-path[5.5.671~1-e5a5a]:main():lattice-best-path.cc:99) For utterance viet_2_49, best cost 46.3173 + 3795.83 = 3842.15 over 42 frames.
viet_2_49 two 
LOG (lattice-best-path[5.5.671~1-e5a5a]:main():lattice-best-path.cc:99) For utterance viet_3_40, best cost 52.5401 + 4735.7 = 4788.24 over 51 frames.
viet_3_40 three 
LOG (lattice-best-path[5.5.671~1-e5a5a]:main():lattice-best-path.cc:99) For utterance viet_3_41, best cost 51.2711 + 4373.5 = 4424.77 over 48 frames.
viet_3_41 three 
LOG (lattice-best-path[5.5.671~1-e5a5a]:main():lattice-best-path.cc:99) For utterance viet_3_42, best cost 51.0354 + 4993.19 = 5044.22 over 51 frames.
viet_3_42 three 
LOG (lattice-best-path[5.5.671~1-e5a5a]:main():lattice-best-path.cc:99) For utterance viet_3_43, best cost 51.6134 + 4643.47 = 4695.09 over 49 frames.
viet_3_43 three 
LOG (lattice-best-path[5.5.671~1-e5a5a]:main():lattice-best-path.cc:99) For utterance viet_3_44, best cost 49.9644 + 4217.4 = 4267.37 over 45 frames.
viet_3_44 three 
LOG (lattice-best-path[5.5.671~1-e5a5a]:main():lattice-best-path.cc:99) For utterance viet_3_45, best cost 52.162 + 4738.69 = 4790.86 over 52 frames.
viet_3_45 three 
LOG (lattice-best-path[5.5.671~1-e5a5a]:main():lattice-best-path.cc:99) For utterance viet_3_46, best cost 50.4026 + 5269.6 = 5320 over 50 frames.
viet_3_46 three 
LOG (lattice-best-path[5.5.671~1-e5a5a]:main():lattice-best-path.cc:99) For utterance viet_3_47, best cost 52.6364 + 4716.36 = 4769 over 51 frames.
viet_3_47 three 
LOG (lattice-best-path[5.5.671~1-e5a5a]:main():lattice-best-path.cc:99) For utterance viet_3_48, best cost 61.5857 + 6583.6 = 6645.19 over 70 frames.
viet_3_48 three 
LOG (lattice-best-path[5.5.671~1-e5a5a]:main():lattice-best-path.cc:99) For utterance viet_3_49, best cost 53.1877 + 4804.21 = 4857.4 over 47 frames.
viet_3_49 three 
LOG (lattice-best-path[5.5.671~1-e5a5a]:main():lattice-best-path.cc:99) For utterance viet_4_40, best cost 50.2491 + 4227.06 = 4277.31 over 47 frames.
viet_4_40 four 
LOG (lattice-best-path[5.5.671~1-e5a5a]:main():lattice-best-path.cc:99) For utterance viet_4_41, best cost 48.1803 + 4182.62 = 4230.8 over 47 frames.
viet_4_41 four 
LOG (lattice-best-path[5.5.671~1-e5a5a]:main():lattice-best-path.cc:99) For utterance viet_4_42, best cost 48.5984 + 4232.18 = 4280.78 over 47 frames.
viet_4_42 four 
LOG (lattice-best-path[5.5.671~1-e5a5a]:main():lattice-best-path.cc:99) For utterance viet_4_43, best cost 48.162 + 3760.48 = 3808.64 over 42 frames.
viet_4_43 four 
LOG (lattice-best-path[5.5.671~1-e5a5a]:main():lattice-best-path.cc:99) For utterance viet_4_44, best cost 48.716 + 4579.23 = 4627.95 over 52 frames.
viet_4_44 four 
LOG (lattice-best-path[5.5.671~1-e5a5a]:main():lattice-best-path.cc:99) For utterance viet_4_45, best cost 48.3133 + 3825.7 = 3874.01 over 42 frames.
viet_4_45 four 
LOG (lattice-best-path[5.5.671~1-e5a5a]:main():lattice-best-path.cc:99) For utterance viet_4_46, best cost 49.8896 + 3832.19 = 3882.08 over 44 frames.
viet_4_46 four 
LOG (lattice-best-path[5.5.671~1-e5a5a]:main():lattice-best-path.cc:99) For utterance viet_4_47, best cost 52.2744 + 4055.59 = 4107.86 over 44 frames.
viet_4_47 four 
LOG (lattice-best-path[5.5.671~1-e5a5a]:main():lattice-best-path.cc:99) For utterance viet_4_48, best cost 49.2465 + 4195.92 = 4245.17 over 47 frames.
viet_4_48 four 
LOG (lattice-best-path[5.5.671~1-e5a5a]:main():lattice-best-path.cc:99) For utterance viet_4_49, best cost 48.9018 + 3770.3 = 3819.2 over 42 frames.
viet_4_49 four 
LOG (lattice-best-path[5.5.671~1-e5a5a]:main():lattice-best-path.cc:99) For utterance viet_5_40, best cost 51.7151 + 4527.68 = 4579.4 over 48 frames.
viet_5_40 five 
LOG (lattice-best-path[5.5.671~1-e5a5a]:main():lattice-best-path.cc:99) For utterance viet_5_41, best cost 52.9873 + 5228.82 = 5281.81 over 55 frames.
viet_5_41 five 
LOG (lattice-best-path[5.5.671~1-e5a5a]:main():lattice-best-path.cc:99) For utterance viet_5_42, best cost 51.6179 + 5221.27 = 5272.89 over 53 frames.
viet_5_42 five 
LOG (lattice-best-path[5.5.671~1-e5a5a]:main():lattice-best-path.cc:99) For utterance viet_5_43, best cost 51.5305 + 4710.39 = 4761.92 over 49 frames.
viet_5_43 five 
LOG (lattice-best-path[5.5.671~1-e5a5a]:main():lattice-best-path.cc:99) For utterance viet_5_44, best cost 52.2731 + 5703.65 = 5755.92 over 54 frames.
viet_5_44 five 
LOG (lattice-best-path[5.5.671~1-e5a5a]:main():lattice-best-path.cc:99) For utterance viet_5_45, best cost 50.9435 + 4432.82 = 4483.77 over 45 frames.
viet_5_45 five 
LOG (lattice-best-path[5.5.671~1-e5a5a]:main():lattice-best-path.cc:99) For utterance viet_5_46, best cost 51.3475 + 4557.23 = 4608.57 over 47 frames.
viet_5_46 five 
LOG (lattice-best-path[5.5.671~1-e5a5a]:main():lattice-best-path.cc:99) For utterance viet_5_47, best cost 51.1796 + 4383.28 = 4434.46 over 44 frames.
viet_5_47 five 
LOG (lattice-best-path[5.5.671~1-e5a5a]:main():lattice-best-path.cc:99) For utterance viet_5_48, best cost 51.5705 + 4383.41 = 4434.98 over 46 frames.
viet_5_48 five 
LOG (lattice-best-path[5.5.671~1-e5a5a]:main():lattice-best-path.cc:99) For utterance viet_5_49, best cost 51.4728 + 4410.68 = 4462.15 over 46 frames.
viet_5_49 five 
LOG (lattice-best-path[5.5.671~1-e5a5a]:main():lattice-best-path.cc:99) For utterance viet_6_40, best cost 52.8492 + 4733.64 = 4786.49 over 51 frames.
viet_6_40 six 
LOG (lattice-best-path[5.5.671~1-e5a5a]:main():lattice-best-path.cc:99) For utterance viet_6_41, best cost 54.0518 + 4919.43 = 4973.48 over 52 frames.
viet_6_41 six 
LOG (lattice-best-path[5.5.671~1-e5a5a]:main():lattice-best-path.cc:99) For utterance viet_6_42, best cost 64.7338 + 7734.84 = 7799.58 over 83 frames.
viet_6_42 six 
LOG (lattice-best-path[5.5.671~1-e5a5a]:main():lattice-best-path.cc:99) For utterance viet_6_43, best cost 53.8669 + 5721.39 = 5775.26 over 60 frames.
viet_6_43 six 
LOG (lattice-best-path[5.5.671~1-e5a5a]:main():lattice-best-path.cc:99) For utterance viet_6_44, best cost 52.6161 + 4953.63 = 5006.25 over 46 frames.
viet_6_44 six 
LOG (lattice-best-path[5.5.671~1-e5a5a]:main():lattice-best-path.cc:99) For utterance viet_6_45, best cost 63.7132 + 8177.6 = 8241.31 over 82 frames.
viet_6_45 six 
LOG (lattice-best-path[5.5.671~1-e5a5a]:main():lattice-best-path.cc:99) For utterance viet_6_46, best cost 52.9963 + 4792.33 = 4845.32 over 49 frames.
viet_6_46 six 
LOG (lattice-best-path[5.5.671~1-e5a5a]:main():lattice-best-path.cc:99) For utterance viet_6_47, best cost 53.6891 + 5499.65 = 5553.34 over 60 frames.
viet_6_47 six 
LOG (lattice-best-path[5.5.671~1-e5a5a]:main():lattice-best-path.cc:99) For utterance viet_6_48, best cost 56.7448 + 5682.7 = 5739.45 over 61 frames.
viet_6_48 six 
LOG (lattice-best-path[5.5.671~1-e5a5a]:main():lattice-best-path.cc:99) For utterance viet_6_49, best cost 52.7515 + 4856.9 = 4909.65 over 52 frames.
viet_6_49 six 
LOG (lattice-best-path[5.5.671~1-e5a5a]:main():lattice-best-path.cc:99) For utterance viet_7_40, best cost 69.8141 + 8986.97 = 9056.79 over 107 frames.
viet_7_40 seven 
LOG (lattice-best-path[5.5.671~1-e5a5a]:main():lattice-best-path.cc:99) For utterance viet_7_41, best cost 57.7579 + 6086.35 = 6144.1 over 64 frames.
viet_7_41 seven 
LOG (lattice-best-path[5.5.671~1-e5a5a]:main():lattice-best-path.cc:99) For utterance viet_7_42, best cost 54.7866 + 4323.67 = 4378.46 over 47 frames.
viet_7_42 seven 
LOG (lattice-best-path[5.5.671~1-e5a5a]:main():lattice-best-path.cc:99) For utterance viet_7_43, best cost 57.0481 + 4770.56 = 4827.6 over 53 frames.
viet_7_43 seven 
LOG (lattice-best-path[5.5.671~1-e5a5a]:main():lattice-best-path.cc:99) For utterance viet_7_44, best cost 56.3779 + 4554.83 = 4611.2 over 51 frames.
viet_7_44 seven 
LOG (lattice-best-path[5.5.671~1-e5a5a]:main():lattice-best-path.cc:99) For utterance viet_7_45, best cost 55.554 + 3953.76 = 4009.32 over 46 frames.
viet_7_45 seven 
LOG (lattice-best-path[5.5.671~1-e5a5a]:main():lattice-best-path.cc:99) For utterance viet_7_46, best cost 71.0971 + 11459.3 = 11530.4 over 120 frames.
viet_7_46 seven 
LOG (lattice-best-path[5.5.671~1-e5a5a]:main():lattice-best-path.cc:99) For utterance viet_7_47, best cost 55.5482 + 4251.35 = 4306.89 over 48 frames.
viet_7_47 seven 
LOG (lattice-best-path[5.5.671~1-e5a5a]:main():lattice-best-path.cc:99) For utterance viet_7_48, best cost 55.3502 + 4439.19 = 4494.54 over 48 frames.
viet_7_48 seven 
LOG (lattice-best-path[5.5.671~1-e5a5a]:main():lattice-best-path.cc:99) For utterance viet_7_49, best cost 55.3899 + 4562.22 = 4617.61 over 49 frames.
viet_7_49 seven 
LOG (lattice-best-path[5.5.671~1-e5a5a]:main():lattice-best-path.cc:99) For utterance viet_8_40, best cost 49.5982 + 4687.79 = 4737.39 over 49 frames.
viet_8_40 eight 
LOG (lattice-best-path[5.5.671~1-e5a5a]:main():lattice-best-path.cc:99) For utterance viet_8_41, best cost 49.2454 + 4583.8 = 4633.05 over 45 frames.
viet_8_41 eight 
LOG (lattice-best-path[5.5.671~1-e5a5a]:main():lattice-best-path.cc:99) For utterance viet_8_42, best cost 47.1336 + 1951.07 = 1998.2 over 21 frames.
viet_8_42 eight 
LOG (lattice-best-path[5.5.671~1-e5a5a]:main():lattice-best-path.cc:99) For utterance viet_8_43, best cost 50.1185 + 5413.83 = 5463.94 over 56 frames.
viet_8_43 eight 
LOG (lattice-best-path[5.5.671~1-e5a5a]:main():lattice-best-path.cc:99) For utterance viet_8_44, best cost 49.0645 + 3791.73 = 3840.79 over 41 frames.
viet_8_44 eight 
LOG (lattice-best-path[5.5.671~1-e5a5a]:main():lattice-best-path.cc:99) For utterance viet_8_45, best cost 58.2348 + 4729.36 = 4787.59 over 48 frames.
viet_8_45 eight 
LOG (lattice-best-path[5.5.671~1-e5a5a]:main():lattice-best-path.cc:99) For utterance viet_8_46, best cost 75.0871 + 18705.9 = 18781 over 218 frames.
viet_8_46 eight 
LOG (lattice-best-path[5.5.671~1-e5a5a]:main():lattice-best-path.cc:99) For utterance viet_8_47, best cost 49.3245 + 4661.23 = 4710.56 over 48 frames.
viet_8_47 eight 
LOG (lattice-best-path[5.5.671~1-e5a5a]:main():lattice-best-path.cc:99) For utterance viet_8_48, best cost 49.6762 + 4468.12 = 4517.79 over 47 frames.
viet_8_48 eight 
LOG (lattice-best-path[5.5.671~1-e5a5a]:main():lattice-best-path.cc:99) For utterance viet_8_49, best cost 49.3016 + 4622.45 = 4671.75 over 48 frames.
viet_8_49 eight 
LOG (lattice-best-path[5.5.671~1-e5a5a]:main():lattice-best-path.cc:99) For utterance viet_9_40, best cost 61.3788 + 5669.72 = 5731.1 over 61 frames.
viet_9_40 nine 
LOG (lattice-best-path[5.5.671~1-e5a5a]:main():lattice-best-path.cc:99) For utterance viet_9_41, best cost 58.8738 + 4579.31 = 4638.18 over 48 frames.
viet_9_41 nine 
LOG (lattice-best-path[5.5.671~1-e5a5a]:main():lattice-best-path.cc:99) For utterance viet_9_42, best cost 61.5756 + 5620.18 = 5681.75 over 62 frames.
viet_9_42 nine 
LOG (lattice-best-path[5.5.671~1-e5a5a]:main():lattice-best-path.cc:99) For utterance viet_9_43, best cost 72.8834 + 13229.3 = 13302.2 over 157 frames.
viet_9_43 nine 
LOG (lattice-best-path[5.5.671~1-e5a5a]:main():lattice-best-path.cc:99) For utterance viet_9_44, best cost 60.8341 + 5145.4 = 5206.23 over 55 frames.
viet_9_44 nine 
LOG (lattice-best-path[5.5.671~1-e5a5a]:main():lattice-best-path.cc:99) For utterance viet_9_45, best cost 63.7933 + 5880.87 = 5944.66 over 65 frames.
viet_9_45 nine 
LOG (lattice-best-path[5.5.671~1-e5a5a]:main():lattice-best-path.cc:99) For utterance viet_9_46, best cost 65.1788 + 5665.32 = 5730.49 over 60 frames.
viet_9_46 nine 
LOG (lattice-best-path[5.5.671~1-e5a5a]:main():lattice-best-path.cc:99) For utterance viet_9_47, best cost 57.9953 + 4328.06 = 4386.06 over 44 frames.
viet_9_47 nine 
LOG (lattice-best-path[5.5.671~1-e5a5a]:main():lattice-best-path.cc:99) For utterance viet_9_48, best cost 60.5 + 4935.27 = 4995.77 over 51 frames.
viet_9_48 nine 
LOG (lattice-best-path[5.5.671~1-e5a5a]:main():lattice-best-path.cc:99) For utterance viet_9_49, best cost 61.7022 + 5922.39 = 5984.09 over 62 frames.
viet_9_49 nine 
LOG (lattice-best-path[5.5.671~1-e5a5a]:main():lattice-best-path.cc:124) Overall cost per frame is 93.7203 = 0.948179 [graph] + 92.7721 [acoustic] over 5720 frames.
LOG (lattice-best-path[5.5.671~1-e5a5a]:main():lattice-best-path.cc:128) Done 100 lattices, failed for 0
# Accounting: time=0 threads=1
# Ended (code 0) at Sat Apr 11 03:16:57 PDT 2020, elapsed time 0 seconds
