# gmm-latgen-faster --max-active=7000 --beam=13.0 --lattice-beam=6.0 --acoustic-scale=0.083333 --allow-partial=true --word-symbol-table=exp/tri1/graph/words.txt exp/tri1/final.mdl exp/tri1/graph/HCLG.fst "ark,s,cs:apply-cmvn  --utt2spk=ark:data/test/split1/1/utt2spk scp:data/test/split1/1/cmvn.scp scp:data/test/split1/1/feats.scp ark:- | add-deltas  ark:- ark:- |" "ark:|gzip -c > exp/tri1/decode/lat.1.gz" 
# Started at Mon Apr 20 03:05:33 PDT 2020
#
gmm-latgen-faster --max-active=7000 --beam=13.0 --lattice-beam=6.0 --acoustic-scale=0.083333 --allow-partial=true --word-symbol-table=exp/tri1/graph/words.txt exp/tri1/final.mdl exp/tri1/graph/HCLG.fst 'ark,s,cs:apply-cmvn  --utt2spk=ark:data/test/split1/1/utt2spk scp:data/test/split1/1/cmvn.scp scp:data/test/split1/1/feats.scp ark:- | add-deltas  ark:- ark:- |' 'ark:|gzip -c > exp/tri1/decode/lat.1.gz' 
add-deltas ark:- ark:- 
apply-cmvn --utt2spk=ark:data/test/split1/1/utt2spk scp:data/test/split1/1/cmvn.scp scp:data/test/split1/1/feats.scp ark:- 
dan_0_40 khong 
LOG (gmm-latgen-faster[5.5.671~1-e5a5a]:DecodeUtteranceLatticeFaster():decoder-wrappers.cc:375) Log-like per frame for utterance dan_0_40 is -7.12484 over 29 frames.
dan_0_41 khong 
LOG (gmm-latgen-faster[5.5.671~1-e5a5a]:DecodeUtteranceLatticeFaster():decoder-wrappers.cc:375) Log-like per frame for utterance dan_0_41 is -7.01947 over 29 frames.
dan_0_42 khong 
LOG (gmm-latgen-faster[5.5.671~1-e5a5a]:DecodeUtteranceLatticeFaster():decoder-wrappers.cc:375) Log-like per frame for utterance dan_0_42 is -6.34167 over 27 frames.
dan_0_43 khong 
LOG (gmm-latgen-faster[5.5.671~1-e5a5a]:DecodeUtteranceLatticeFaster():decoder-wrappers.cc:375) Log-like per frame for utterance dan_0_43 is -6.94609 over 29 frames.
dan_0_44 khong 
LOG (gmm-latgen-faster[5.5.671~1-e5a5a]:DecodeUtteranceLatticeFaster():decoder-wrappers.cc:375) Log-like per frame for utterance dan_0_44 is -7.09075 over 26 frames.
dan_0_45 khong 
LOG (gmm-latgen-faster[5.5.671~1-e5a5a]:DecodeUtteranceLatticeFaster():decoder-wrappers.cc:375) Log-like per frame for utterance dan_0_45 is -7.13502 over 26 frames.
dan_0_46 khong 
LOG (gmm-latgen-faster[5.5.671~1-e5a5a]:DecodeUtteranceLatticeFaster():decoder-wrappers.cc:375) Log-like per frame for utterance dan_0_46 is -7.18497 over 28 frames.
dan_0_47 khong 
LOG (gmm-latgen-faster[5.5.671~1-e5a5a]:DecodeUtteranceLatticeFaster():decoder-wrappers.cc:375) Log-like per frame for utterance dan_0_47 is -7.15626 over 29 frames.
dan_0_48 khong 
LOG (gmm-latgen-faster[5.5.671~1-e5a5a]:DecodeUtteranceLatticeFaster():decoder-wrappers.cc:375) Log-like per frame for utterance dan_0_48 is -7.04078 over 27 frames.
dan_0_49 khong 
LOG (gmm-latgen-faster[5.5.671~1-e5a5a]:DecodeUtteranceLatticeFaster():decoder-wrappers.cc:375) Log-like per frame for utterance dan_0_49 is -7.07486 over 56 frames.
dan_1_40 mot 
LOG (gmm-latgen-faster[5.5.671~1-e5a5a]:DecodeUtteranceLatticeFaster():decoder-wrappers.cc:375) Log-like per frame for utterance dan_1_40 is -6.73769 over 20 frames.
dan_1_41 mot 
LOG (gmm-latgen-faster[5.5.671~1-e5a5a]:DecodeUtteranceLatticeFaster():decoder-wrappers.cc:375) Log-like per frame for utterance dan_1_41 is -8.09777 over 18 frames.
dan_1_42 mot 
LOG (gmm-latgen-faster[5.5.671~1-e5a5a]:DecodeUtteranceLatticeFaster():decoder-wrappers.cc:375) Log-like per frame for utterance dan_1_42 is -8.2546 over 27 frames.
dan_1_43 mot 
LOG (gmm-latgen-faster[5.5.671~1-e5a5a]:DecodeUtteranceLatticeFaster():decoder-wrappers.cc:375) Log-like per frame for utterance dan_1_43 is -7.74613 over 18 frames.
dan_1_44 mot 
LOG (gmm-latgen-faster[5.5.671~1-e5a5a]:DecodeUtteranceLatticeFaster():decoder-wrappers.cc:375) Log-like per frame for utterance dan_1_44 is -7.82053 over 21 frames.
dan_1_45 mot 
LOG (gmm-latgen-faster[5.5.671~1-e5a5a]:DecodeUtteranceLatticeFaster():decoder-wrappers.cc:375) Log-like per frame for utterance dan_1_45 is -7.30389 over 17 frames.
dan_1_46 mot 
LOG (gmm-latgen-faster[5.5.671~1-e5a5a]:DecodeUtteranceLatticeFaster():decoder-wrappers.cc:375) Log-like per frame for utterance dan_1_46 is -7.66705 over 15 frames.
dan_1_47 mot 
LOG (gmm-latgen-faster[5.5.671~1-e5a5a]:DecodeUtteranceLatticeFaster():decoder-wrappers.cc:375) Log-like per frame for utterance dan_1_47 is -7.66939 over 20 frames.
dan_1_48 mot 
LOG (gmm-latgen-faster[5.5.671~1-e5a5a]:DecodeUtteranceLatticeFaster():decoder-wrappers.cc:375) Log-like per frame for utterance dan_1_48 is -7.35129 over 20 frames.
dan_1_49 mot 
LOG (gmm-latgen-faster[5.5.671~1-e5a5a]:DecodeUtteranceLatticeFaster():decoder-wrappers.cc:375) Log-like per frame for utterance dan_1_49 is -8.0441 over 52 frames.
dan_2_40 hai 
LOG (gmm-latgen-faster[5.5.671~1-e5a5a]:DecodeUtteranceLatticeFaster():decoder-wrappers.cc:375) Log-like per frame for utterance dan_2_40 is -7.59135 over 56 frames.
dan_2_41 hai 
LOG (gmm-latgen-faster[5.5.671~1-e5a5a]:DecodeUtteranceLatticeFaster():decoder-wrappers.cc:375) Log-like per frame for utterance dan_2_41 is -7.31149 over 67 frames.
dan_2_42 hai 
LOG (gmm-latgen-faster[5.5.671~1-e5a5a]:DecodeUtteranceLatticeFaster():decoder-wrappers.cc:375) Log-like per frame for utterance dan_2_42 is -7.95328 over 38 frames.
dan_2_43 hai 
LOG (gmm-latgen-faster[5.5.671~1-e5a5a]:DecodeUtteranceLatticeFaster():decoder-wrappers.cc:375) Log-like per frame for utterance dan_2_43 is -8.1662 over 34 frames.
dan_2_44 hai 
LOG (gmm-latgen-faster[5.5.671~1-e5a5a]:DecodeUtteranceLatticeFaster():decoder-wrappers.cc:375) Log-like per frame for utterance dan_2_44 is -7.70154 over 36 frames.
dan_2_45 hai 
LOG (gmm-latgen-faster[5.5.671~1-e5a5a]:DecodeUtteranceLatticeFaster():decoder-wrappers.cc:375) Log-like per frame for utterance dan_2_45 is -8.46785 over 32 frames.
dan_2_46 hai 
LOG (gmm-latgen-faster[5.5.671~1-e5a5a]:DecodeUtteranceLatticeFaster():decoder-wrappers.cc:375) Log-like per frame for utterance dan_2_46 is -8.35897 over 33 frames.
dan_2_47 hai 
LOG (gmm-latgen-faster[5.5.671~1-e5a5a]:DecodeUtteranceLatticeFaster():decoder-wrappers.cc:375) Log-like per frame for utterance dan_2_47 is -8.3072 over 35 frames.
dan_2_48 hai 
LOG (gmm-latgen-faster[5.5.671~1-e5a5a]:DecodeUtteranceLatticeFaster():decoder-wrappers.cc:375) Log-like per frame for utterance dan_2_48 is -8.14836 over 34 frames.
dan_2_49 hai 
LOG (gmm-latgen-faster[5.5.671~1-e5a5a]:DecodeUtteranceLatticeFaster():decoder-wrappers.cc:375) Log-like per frame for utterance dan_2_49 is -8.46409 over 34 frames.
dan_3_40 ba 
LOG (gmm-latgen-faster[5.5.671~1-e5a5a]:DecodeUtteranceLatticeFaster():decoder-wrappers.cc:375) Log-like per frame for utterance dan_3_40 is -7.14381 over 39 frames.
dan_3_41 ba 
LOG (gmm-latgen-faster[5.5.671~1-e5a5a]:DecodeUtteranceLatticeFaster():decoder-wrappers.cc:375) Log-like per frame for utterance dan_3_41 is -7.32613 over 31 frames.
dan_3_42 ba 
LOG (gmm-latgen-faster[5.5.671~1-e5a5a]:DecodeUtteranceLatticeFaster():decoder-wrappers.cc:375) Log-like per frame for utterance dan_3_42 is -7.75238 over 38 frames.
dan_3_43 ba 
LOG (gmm-latgen-faster[5.5.671~1-e5a5a]:DecodeUtteranceLatticeFaster():decoder-wrappers.cc:375) Log-like per frame for utterance dan_3_43 is -7.13256 over 63 frames.
dan_3_44 ba 
LOG (gmm-latgen-faster[5.5.671~1-e5a5a]:DecodeUtteranceLatticeFaster():decoder-wrappers.cc:375) Log-like per frame for utterance dan_3_44 is -7.11022 over 36 frames.
dan_3_45 ba 
LOG (gmm-latgen-faster[5.5.671~1-e5a5a]:DecodeUtteranceLatticeFaster():decoder-wrappers.cc:375) Log-like per frame for utterance dan_3_45 is -7.94605 over 34 frames.
dan_3_46 ba 
LOG (gmm-latgen-faster[5.5.671~1-e5a5a]:DecodeUtteranceLatticeFaster():decoder-wrappers.cc:375) Log-like per frame for utterance dan_3_46 is -6.95556 over 30 frames.
dan_3_47 ba 
LOG (gmm-latgen-faster[5.5.671~1-e5a5a]:DecodeUtteranceLatticeFaster():decoder-wrappers.cc:375) Log-like per frame for utterance dan_3_47 is -6.47255 over 36 frames.
dan_3_48 ba 
LOG (gmm-latgen-faster[5.5.671~1-e5a5a]:DecodeUtteranceLatticeFaster():decoder-wrappers.cc:375) Log-like per frame for utterance dan_3_48 is -6.4104 over 36 frames.
dan_3_49 ba 
LOG (gmm-latgen-faster[5.5.671~1-e5a5a]:DecodeUtteranceLatticeFaster():decoder-wrappers.cc:375) Log-like per frame for utterance dan_3_49 is -7.07359 over 119 frames.
dan_4_40 bon 
LOG (gmm-latgen-faster[5.5.671~1-e5a5a]:DecodeUtteranceLatticeFaster():decoder-wrappers.cc:375) Log-like per frame for utterance dan_4_40 is -8.96063 over 38 frames.
dan_4_41 bon 
LOG (gmm-latgen-faster[5.5.671~1-e5a5a]:DecodeUtteranceLatticeFaster():decoder-wrappers.cc:375) Log-like per frame for utterance dan_4_41 is -7.83355 over 36 frames.
dan_4_42 bon 
LOG (gmm-latgen-faster[5.5.671~1-e5a5a]:DecodeUtteranceLatticeFaster():decoder-wrappers.cc:375) Log-like per frame for utterance dan_4_42 is -7.933 over 36 frames.
dan_4_43 bon 
LOG (gmm-latgen-faster[5.5.671~1-e5a5a]:DecodeUtteranceLatticeFaster():decoder-wrappers.cc:375) Log-like per frame for utterance dan_4_43 is -7.53879 over 35 frames.
dan_4_44 bon 
LOG (gmm-latgen-faster[5.5.671~1-e5a5a]:DecodeUtteranceLatticeFaster():decoder-wrappers.cc:375) Log-like per frame for utterance dan_4_44 is -7.71093 over 34 frames.
dan_4_45 bon 
LOG (gmm-latgen-faster[5.5.671~1-e5a5a]:DecodeUtteranceLatticeFaster():decoder-wrappers.cc:375) Log-like per frame for utterance dan_4_45 is -7.85425 over 31 frames.
dan_4_46 bon 
LOG (gmm-latgen-faster[5.5.671~1-e5a5a]:DecodeUtteranceLatticeFaster():decoder-wrappers.cc:375) Log-like per frame for utterance dan_4_46 is -8.13429 over 29 frames.
dan_4_47 bon 
LOG (gmm-latgen-faster[5.5.671~1-e5a5a]:DecodeUtteranceLatticeFaster():decoder-wrappers.cc:375) Log-like per frame for utterance dan_4_47 is -7.49342 over 31 frames.
dan_4_48 bon 
LOG (gmm-latgen-faster[5.5.671~1-e5a5a]:DecodeUtteranceLatticeFaster():decoder-wrappers.cc:375) Log-like per frame for utterance dan_4_48 is -7.55659 over 34 frames.
dan_4_49 bon 
LOG (gmm-latgen-faster[5.5.671~1-e5a5a]:DecodeUtteranceLatticeFaster():decoder-wrappers.cc:375) Log-like per frame for utterance dan_4_49 is -7.28588 over 31 frames.
dan_5_40 nam 
LOG (gmm-latgen-faster[5.5.671~1-e5a5a]:DecodeUtteranceLatticeFaster():decoder-wrappers.cc:375) Log-like per frame for utterance dan_5_40 is -7.52251 over 31 frames.
dan_5_41 nam 
LOG (gmm-latgen-faster[5.5.671~1-e5a5a]:DecodeUtteranceLatticeFaster():decoder-wrappers.cc:375) Log-like per frame for utterance dan_5_41 is -7.78793 over 35 frames.
dan_5_42 nam 
LOG (gmm-latgen-faster[5.5.671~1-e5a5a]:DecodeUtteranceLatticeFaster():decoder-wrappers.cc:375) Log-like per frame for utterance dan_5_42 is -6.57861 over 28 frames.
dan_5_43 nam 
LOG (gmm-latgen-faster[5.5.671~1-e5a5a]:DecodeUtteranceLatticeFaster():decoder-wrappers.cc:375) Log-like per frame for utterance dan_5_43 is -7.93612 over 35 frames.
dan_5_44 nam 
LOG (gmm-latgen-faster[5.5.671~1-e5a5a]:DecodeUtteranceLatticeFaster():decoder-wrappers.cc:375) Log-like per frame for utterance dan_5_44 is -7.65464 over 26 frames.
dan_5_45 nam 
LOG (gmm-latgen-faster[5.5.671~1-e5a5a]:DecodeUtteranceLatticeFaster():decoder-wrappers.cc:375) Log-like per frame for utterance dan_5_45 is -8.33389 over 29 frames.
dan_5_46 nam 
LOG (gmm-latgen-faster[5.5.671~1-e5a5a]:DecodeUtteranceLatticeFaster():decoder-wrappers.cc:375) Log-like per frame for utterance dan_5_46 is -8.38782 over 26 frames.
dan_5_47 nam 
LOG (gmm-latgen-faster[5.5.671~1-e5a5a]:DecodeUtteranceLatticeFaster():decoder-wrappers.cc:375) Log-like per frame for utterance dan_5_47 is -7.53378 over 27 frames.
dan_5_48 nam 
LOG (gmm-latgen-faster[5.5.671~1-e5a5a]:DecodeUtteranceLatticeFaster():decoder-wrappers.cc:375) Log-like per frame for utterance dan_5_48 is -7.84504 over 26 frames.
dan_5_49 nam 
LOG (gmm-latgen-faster[5.5.671~1-e5a5a]:DecodeUtteranceLatticeFaster():decoder-wrappers.cc:375) Log-like per frame for utterance dan_5_49 is -8.39749 over 25 frames.
dan_6_40 sau 
LOG (gmm-latgen-faster[5.5.671~1-e5a5a]:DecodeUtteranceLatticeFaster():decoder-wrappers.cc:375) Log-like per frame for utterance dan_6_40 is -7.49889 over 37 frames.
dan_6_41 sau 
LOG (gmm-latgen-faster[5.5.671~1-e5a5a]:DecodeUtteranceLatticeFaster():decoder-wrappers.cc:375) Log-like per frame for utterance dan_6_41 is -7.59961 over 39 frames.
dan_6_42 sau 
LOG (gmm-latgen-faster[5.5.671~1-e5a5a]:DecodeUtteranceLatticeFaster():decoder-wrappers.cc:375) Log-like per frame for utterance dan_6_42 is -7.20909 over 39 frames.
dan_6_43 sau 
LOG (gmm-latgen-faster[5.5.671~1-e5a5a]:DecodeUtteranceLatticeFaster():decoder-wrappers.cc:375) Log-like per frame for utterance dan_6_43 is -7.27133 over 96 frames.
dan_6_44 sau 
LOG (gmm-latgen-faster[5.5.671~1-e5a5a]:DecodeUtteranceLatticeFaster():decoder-wrappers.cc:375) Log-like per frame for utterance dan_6_44 is -7.50566 over 70 frames.
dan_6_45 sau 
LOG (gmm-latgen-faster[5.5.671~1-e5a5a]:DecodeUtteranceLatticeFaster():decoder-wrappers.cc:375) Log-like per frame for utterance dan_6_45 is -7.35474 over 37 frames.
dan_6_46 sau 
LOG (gmm-latgen-faster[5.5.671~1-e5a5a]:DecodeUtteranceLatticeFaster():decoder-wrappers.cc:375) Log-like per frame for utterance dan_6_46 is -7.22 over 37 frames.
dan_6_47 sau 
LOG (gmm-latgen-faster[5.5.671~1-e5a5a]:DecodeUtteranceLatticeFaster():decoder-wrappers.cc:375) Log-like per frame for utterance dan_6_47 is -7.31193 over 24 frames.
dan_6_48 sau 
LOG (gmm-latgen-faster[5.5.671~1-e5a5a]:DecodeUtteranceLatticeFaster():decoder-wrappers.cc:375) Log-like per frame for utterance dan_6_48 is -7.85279 over 38 frames.
dan_6_49 sau 
LOG (gmm-latgen-faster[5.5.671~1-e5a5a]:DecodeUtteranceLatticeFaster():decoder-wrappers.cc:375) Log-like per frame for utterance dan_6_49 is -7.68178 over 36 frames.
dan_7_40 bay 
LOG (gmm-latgen-faster[5.5.671~1-e5a5a]:DecodeUtteranceLatticeFaster():decoder-wrappers.cc:375) Log-like per frame for utterance dan_7_40 is -7.29559 over 36 frames.
dan_7_41 bay 
LOG (gmm-latgen-faster[5.5.671~1-e5a5a]:DecodeUtteranceLatticeFaster():decoder-wrappers.cc:375) Log-like per frame for utterance dan_7_41 is -7.41289 over 34 frames.
dan_7_42 bay 
LOG (gmm-latgen-faster[5.5.671~1-e5a5a]:DecodeUtteranceLatticeFaster():decoder-wrappers.cc:375) Log-like per frame for utterance dan_7_42 is -7.775 over 38 frames.
dan_7_43 bay 
LOG (gmm-latgen-faster[5.5.671~1-e5a5a]:DecodeUtteranceLatticeFaster():decoder-wrappers.cc:375) Log-like per frame for utterance dan_7_43 is -7.54282 over 36 frames.
dan_7_44 bay 
LOG (gmm-latgen-faster[5.5.671~1-e5a5a]:DecodeUtteranceLatticeFaster():decoder-wrappers.cc:375) Log-like per frame for utterance dan_7_44 is -7.81203 over 44 frames.
dan_7_45 bay 
LOG (gmm-latgen-faster[5.5.671~1-e5a5a]:DecodeUtteranceLatticeFaster():decoder-wrappers.cc:375) Log-like per frame for utterance dan_7_45 is -8.20023 over 41 frames.
dan_7_46 bay 
LOG (gmm-latgen-faster[5.5.671~1-e5a5a]:DecodeUtteranceLatticeFaster():decoder-wrappers.cc:375) Log-like per frame for utterance dan_7_46 is -7.80405 over 37 frames.
dan_7_47 bay 
LOG (gmm-latgen-faster[5.5.671~1-e5a5a]:DecodeUtteranceLatticeFaster():decoder-wrappers.cc:375) Log-like per frame for utterance dan_7_47 is -7.75314 over 39 frames.
dan_7_48 bay 
LOG (gmm-latgen-faster[5.5.671~1-e5a5a]:DecodeUtteranceLatticeFaster():decoder-wrappers.cc:375) Log-like per frame for utterance dan_7_48 is -7.69716 over 28 frames.
dan_7_49 bay 
LOG (gmm-latgen-faster[5.5.671~1-e5a5a]:DecodeUtteranceLatticeFaster():decoder-wrappers.cc:375) Log-like per frame for utterance dan_7_49 is -7.51946 over 32 frames.
dan_8_40 tam 
LOG (gmm-latgen-faster[5.5.671~1-e5a5a]:DecodeUtteranceLatticeFaster():decoder-wrappers.cc:375) Log-like per frame for utterance dan_8_40 is -7.33158 over 33 frames.
dan_8_41 tam 
LOG (gmm-latgen-faster[5.5.671~1-e5a5a]:DecodeUtteranceLatticeFaster():decoder-wrappers.cc:375) Log-like per frame for utterance dan_8_41 is -7.35127 over 34 frames.
dan_8_42 tam 
LOG (gmm-latgen-faster[5.5.671~1-e5a5a]:DecodeUtteranceLatticeFaster():decoder-wrappers.cc:375) Log-like per frame for utterance dan_8_42 is -6.94075 over 31 frames.
dan_8_43 tam 
LOG (gmm-latgen-faster[5.5.671~1-e5a5a]:DecodeUtteranceLatticeFaster():decoder-wrappers.cc:375) Log-like per frame for utterance dan_8_43 is -7.32737 over 31 frames.
dan_8_44 tam 
LOG (gmm-latgen-faster[5.5.671~1-e5a5a]:DecodeUtteranceLatticeFaster():decoder-wrappers.cc:375) Log-like per frame for utterance dan_8_44 is -6.83478 over 30 frames.
dan_8_45 tam 
LOG (gmm-latgen-faster[5.5.671~1-e5a5a]:DecodeUtteranceLatticeFaster():decoder-wrappers.cc:375) Log-like per frame for utterance dan_8_45 is -7.45621 over 33 frames.
dan_8_46 tam 
LOG (gmm-latgen-faster[5.5.671~1-e5a5a]:DecodeUtteranceLatticeFaster():decoder-wrappers.cc:375) Log-like per frame for utterance dan_8_46 is -7.49514 over 29 frames.
dan_8_47 tam 
LOG (gmm-latgen-faster[5.5.671~1-e5a5a]:DecodeUtteranceLatticeFaster():decoder-wrappers.cc:375) Log-like per frame for utterance dan_8_47 is -7.33541 over 30 frames.
dan_8_48 tam 
LOG (gmm-latgen-faster[5.5.671~1-e5a5a]:DecodeUtteranceLatticeFaster():decoder-wrappers.cc:375) Log-like per frame for utterance dan_8_48 is -7.77268 over 32 frames.
dan_8_49 tam 
LOG (gmm-latgen-faster[5.5.671~1-e5a5a]:DecodeUtteranceLatticeFaster():decoder-wrappers.cc:375) Log-like per frame for utterance dan_8_49 is -7.38633 over 71 frames.
dan_9_40 chin 
LOG (gmm-latgen-faster[5.5.671~1-e5a5a]:DecodeUtteranceLatticeFaster():decoder-wrappers.cc:375) Log-like per frame for utterance dan_9_40 is -7.19223 over 32 frames.
dan_9_41 chin 
LOG (gmm-latgen-faster[5.5.671~1-e5a5a]:DecodeUtteranceLatticeFaster():decoder-wrappers.cc:375) Log-like per frame for utterance dan_9_41 is -7.22613 over 31 frames.
dan_9_42 chin 
LOG (gmm-latgen-faster[5.5.671~1-e5a5a]:DecodeUtteranceLatticeFaster():decoder-wrappers.cc:375) Log-like per frame for utterance dan_9_42 is -7.6026 over 31 frames.
dan_9_43 chin 
LOG (gmm-latgen-faster[5.5.671~1-e5a5a]:DecodeUtteranceLatticeFaster():decoder-wrappers.cc:375) Log-like per frame for utterance dan_9_43 is -7.00764 over 32 frames.
dan_9_44 chin 
LOG (gmm-latgen-faster[5.5.671~1-e5a5a]:DecodeUtteranceLatticeFaster():decoder-wrappers.cc:375) Log-like per frame for utterance dan_9_44 is -7.05221 over 74 frames.
dan_9_45 chin 
LOG (gmm-latgen-faster[5.5.671~1-e5a5a]:DecodeUtteranceLatticeFaster():decoder-wrappers.cc:375) Log-like per frame for utterance dan_9_45 is -7.14071 over 32 frames.
dan_9_46 chin 
LOG (gmm-latgen-faster[5.5.671~1-e5a5a]:DecodeUtteranceLatticeFaster():decoder-wrappers.cc:375) Log-like per frame for utterance dan_9_46 is -7.47365 over 30 frames.
dan_9_47 chin 
LOG (gmm-latgen-faster[5.5.671~1-e5a5a]:DecodeUtteranceLatticeFaster():decoder-wrappers.cc:375) Log-like per frame for utterance dan_9_47 is -7.4104 over 31 frames.
dan_9_48 chin 
LOG (gmm-latgen-faster[5.5.671~1-e5a5a]:DecodeUtteranceLatticeFaster():decoder-wrappers.cc:375) Log-like per frame for utterance dan_9_48 is -7.37512 over 34 frames.
dan_9_49 chin 
LOG (gmm-latgen-faster[5.5.671~1-e5a5a]:DecodeUtteranceLatticeFaster():decoder-wrappers.cc:375) Log-like per frame for utterance dan_9_49 is -7.01154 over 33 frames.
viet_0_40 khong 
LOG (gmm-latgen-faster[5.5.671~1-e5a5a]:DecodeUtteranceLatticeFaster():decoder-wrappers.cc:375) Log-like per frame for utterance viet_0_40 is -7.87151 over 48 frames.
viet_0_41 khong 
LOG (gmm-latgen-faster[5.5.671~1-e5a5a]:DecodeUtteranceLatticeFaster():decoder-wrappers.cc:375) Log-like per frame for utterance viet_0_41 is -7.97175 over 52 frames.
viet_0_42 khong 
LOG (gmm-latgen-faster[5.5.671~1-e5a5a]:DecodeUtteranceLatticeFaster():decoder-wrappers.cc:375) Log-like per frame for utterance viet_0_42 is -8.06258 over 54 frames.
viet_0_43 khong 
LOG (gmm-latgen-faster[5.5.671~1-e5a5a]:DecodeUtteranceLatticeFaster():decoder-wrappers.cc:375) Log-like per frame for utterance viet_0_43 is -7.84295 over 53 frames.
viet_0_44 khong 
LOG (gmm-latgen-faster[5.5.671~1-e5a5a]:DecodeUtteranceLatticeFaster():decoder-wrappers.cc:375) Log-like per frame for utterance viet_0_44 is -7.73997 over 48 frames.
viet_0_45 khong 
LOG (gmm-latgen-faster[5.5.671~1-e5a5a]:DecodeUtteranceLatticeFaster():decoder-wrappers.cc:375) Log-like per frame for utterance viet_0_45 is -7.98337 over 55 frames.
viet_0_46 khong 
LOG (gmm-latgen-faster[5.5.671~1-e5a5a]:DecodeUtteranceLatticeFaster():decoder-wrappers.cc:375) Log-like per frame for utterance viet_0_46 is -8.02358 over 61 frames.
viet_0_47 khong 
LOG (gmm-latgen-faster[5.5.671~1-e5a5a]:DecodeUtteranceLatticeFaster():decoder-wrappers.cc:375) Log-like per frame for utterance viet_0_47 is -7.5604 over 49 frames.
viet_0_48 khong 
LOG (gmm-latgen-faster[5.5.671~1-e5a5a]:DecodeUtteranceLatticeFaster():decoder-wrappers.cc:375) Log-like per frame for utterance viet_0_48 is -7.94081 over 48 frames.
viet_0_49 khong 
LOG (gmm-latgen-faster[5.5.671~1-e5a5a]:DecodeUtteranceLatticeFaster():decoder-wrappers.cc:375) Log-like per frame for utterance viet_0_49 is -8.03255 over 44 frames.
viet_1_40 mot 
LOG (gmm-latgen-faster[5.5.671~1-e5a5a]:DecodeUtteranceLatticeFaster():decoder-wrappers.cc:375) Log-like per frame for utterance viet_1_40 is -8.57332 over 34 frames.
viet_1_41 mot 
LOG (gmm-latgen-faster[5.5.671~1-e5a5a]:DecodeUtteranceLatticeFaster():decoder-wrappers.cc:375) Log-like per frame for utterance viet_1_41 is -8.16995 over 30 frames.
viet_1_42 mot 
LOG (gmm-latgen-faster[5.5.671~1-e5a5a]:DecodeUtteranceLatticeFaster():decoder-wrappers.cc:375) Log-like per frame for utterance viet_1_42 is -7.68616 over 102 frames.
viet_1_43 mot 
LOG (gmm-latgen-faster[5.5.671~1-e5a5a]:DecodeUtteranceLatticeFaster():decoder-wrappers.cc:375) Log-like per frame for utterance viet_1_43 is -7.28351 over 74 frames.
viet_1_44 mot 
LOG (gmm-latgen-faster[5.5.671~1-e5a5a]:DecodeUtteranceLatticeFaster():decoder-wrappers.cc:375) Log-like per frame for utterance viet_1_44 is -7.71483 over 28 frames.
viet_1_45 mot 
LOG (gmm-latgen-faster[5.5.671~1-e5a5a]:DecodeUtteranceLatticeFaster():decoder-wrappers.cc:375) Log-like per frame for utterance viet_1_45 is -7.70236 over 36 frames.
viet_1_46 mot 
LOG (gmm-latgen-faster[5.5.671~1-e5a5a]:DecodeUtteranceLatticeFaster():decoder-wrappers.cc:375) Log-like per frame for utterance viet_1_46 is -7.58681 over 32 frames.
viet_1_47 mot 
LOG (gmm-latgen-faster[5.5.671~1-e5a5a]:DecodeUtteranceLatticeFaster():decoder-wrappers.cc:375) Log-like per frame for utterance viet_1_47 is -7.97197 over 32 frames.
viet_1_48 mot 
LOG (gmm-latgen-faster[5.5.671~1-e5a5a]:DecodeUtteranceLatticeFaster():decoder-wrappers.cc:375) Log-like per frame for utterance viet_1_48 is -8.20201 over 26 frames.
viet_1_49 mot 
LOG (gmm-latgen-faster[5.5.671~1-e5a5a]:DecodeUtteranceLatticeFaster():decoder-wrappers.cc:375) Log-like per frame for utterance viet_1_49 is -7.53118 over 30 frames.
viet_2_40 hai 
LOG (gmm-latgen-faster[5.5.671~1-e5a5a]:DecodeUtteranceLatticeFaster():decoder-wrappers.cc:375) Log-like per frame for utterance viet_2_40 is -7.32862 over 50 frames.
viet_2_41 hai 
LOG (gmm-latgen-faster[5.5.671~1-e5a5a]:DecodeUtteranceLatticeFaster():decoder-wrappers.cc:375) Log-like per frame for utterance viet_2_41 is -8.58246 over 56 frames.
viet_2_42 hai 
LOG (gmm-latgen-faster[5.5.671~1-e5a5a]:DecodeUtteranceLatticeFaster():decoder-wrappers.cc:375) Log-like per frame for utterance viet_2_42 is -7.46704 over 54 frames.
viet_2_43 hai 
LOG (gmm-latgen-faster[5.5.671~1-e5a5a]:DecodeUtteranceLatticeFaster():decoder-wrappers.cc:375) Log-like per frame for utterance viet_2_43 is -7.751 over 50 frames.
viet_2_44 hai 
LOG (gmm-latgen-faster[5.5.671~1-e5a5a]:DecodeUtteranceLatticeFaster():decoder-wrappers.cc:375) Log-like per frame for utterance viet_2_44 is -7.92909 over 61 frames.
viet_2_45 hai 
LOG (gmm-latgen-faster[5.5.671~1-e5a5a]:DecodeUtteranceLatticeFaster():decoder-wrappers.cc:375) Log-like per frame for utterance viet_2_45 is -7.88724 over 52 frames.
viet_2_46 hai 
LOG (gmm-latgen-faster[5.5.671~1-e5a5a]:DecodeUtteranceLatticeFaster():decoder-wrappers.cc:375) Log-like per frame for utterance viet_2_46 is -8.09017 over 52 frames.
viet_2_47 hai 
LOG (gmm-latgen-faster[5.5.671~1-e5a5a]:DecodeUtteranceLatticeFaster():decoder-wrappers.cc:375) Log-like per frame for utterance viet_2_47 is -7.80614 over 51 frames.
viet_2_48 hai 
LOG (gmm-latgen-faster[5.5.671~1-e5a5a]:DecodeUtteranceLatticeFaster():decoder-wrappers.cc:375) Log-like per frame for utterance viet_2_48 is -7.28677 over 66 frames.
viet_2_49 hai 
LOG (gmm-latgen-faster[5.5.671~1-e5a5a]:DecodeUtteranceLatticeFaster():decoder-wrappers.cc:375) Log-like per frame for utterance viet_2_49 is -7.32019 over 52 frames.
viet_3_40 ba 
LOG (gmm-latgen-faster[5.5.671~1-e5a5a]:DecodeUtteranceLatticeFaster():decoder-wrappers.cc:375) Log-like per frame for utterance viet_3_40 is -7.55417 over 50 frames.
viet_3_41 ba 
LOG (gmm-latgen-faster[5.5.671~1-e5a5a]:DecodeUtteranceLatticeFaster():decoder-wrappers.cc:375) Log-like per frame for utterance viet_3_41 is -7.54242 over 51 frames.
viet_3_42 ba 
LOG (gmm-latgen-faster[5.5.671~1-e5a5a]:DecodeUtteranceLatticeFaster():decoder-wrappers.cc:375) Log-like per frame for utterance viet_3_42 is -7.32273 over 134 frames.
viet_3_43 ba 
LOG (gmm-latgen-faster[5.5.671~1-e5a5a]:DecodeUtteranceLatticeFaster():decoder-wrappers.cc:375) Log-like per frame for utterance viet_3_43 is -7.60338 over 49 frames.
viet_3_44 ba 
LOG (gmm-latgen-faster[5.5.671~1-e5a5a]:DecodeUtteranceLatticeFaster():decoder-wrappers.cc:375) Log-like per frame for utterance viet_3_44 is -7.29864 over 49 frames.
viet_3_45 ba 
LOG (gmm-latgen-faster[5.5.671~1-e5a5a]:DecodeUtteranceLatticeFaster():decoder-wrappers.cc:375) Log-like per frame for utterance viet_3_45 is -7.20202 over 113 frames.
viet_3_46 ba 
LOG (gmm-latgen-faster[5.5.671~1-e5a5a]:DecodeUtteranceLatticeFaster():decoder-wrappers.cc:375) Log-like per frame for utterance viet_3_46 is -7.23301 over 84 frames.
viet_3_47 ba 
LOG (gmm-latgen-faster[5.5.671~1-e5a5a]:DecodeUtteranceLatticeFaster():decoder-wrappers.cc:375) Log-like per frame for utterance viet_3_47 is -7.45042 over 49 frames.
viet_3_48 ba 
LOG (gmm-latgen-faster[5.5.671~1-e5a5a]:DecodeUtteranceLatticeFaster():decoder-wrappers.cc:375) Log-like per frame for utterance viet_3_48 is -7.84087 over 52 frames.
viet_3_49 ba 
LOG (gmm-latgen-faster[5.5.671~1-e5a5a]:DecodeUtteranceLatticeFaster():decoder-wrappers.cc:375) Log-like per frame for utterance viet_3_49 is -7.58944 over 45 frames.
viet_4_40 bon 
LOG (gmm-latgen-faster[5.5.671~1-e5a5a]:DecodeUtteranceLatticeFaster():decoder-wrappers.cc:375) Log-like per frame for utterance viet_4_40 is -7.56915 over 50 frames.
viet_4_41 bon 
LOG (gmm-latgen-faster[5.5.671~1-e5a5a]:DecodeUtteranceLatticeFaster():decoder-wrappers.cc:375) Log-like per frame for utterance viet_4_41 is -7.46628 over 65 frames.
viet_4_42 bon 
LOG (gmm-latgen-faster[5.5.671~1-e5a5a]:DecodeUtteranceLatticeFaster():decoder-wrappers.cc:375) Log-like per frame for utterance viet_4_42 is -8.0682 over 50 frames.
viet_4_43 bon 
LOG (gmm-latgen-faster[5.5.671~1-e5a5a]:DecodeUtteranceLatticeFaster():decoder-wrappers.cc:375) Log-like per frame for utterance viet_4_43 is -7.91846 over 56 frames.
viet_4_44 bon 
LOG (gmm-latgen-faster[5.5.671~1-e5a5a]:DecodeUtteranceLatticeFaster():decoder-wrappers.cc:375) Log-like per frame for utterance viet_4_44 is -8.04451 over 44 frames.
viet_4_45 bon 
LOG (gmm-latgen-faster[5.5.671~1-e5a5a]:DecodeUtteranceLatticeFaster():decoder-wrappers.cc:375) Log-like per frame for utterance viet_4_45 is -7.73821 over 49 frames.
viet_4_46 bon 
LOG (gmm-latgen-faster[5.5.671~1-e5a5a]:DecodeUtteranceLatticeFaster():decoder-wrappers.cc:375) Log-like per frame for utterance viet_4_46 is -7.88504 over 69 frames.
viet_4_47 bon 
LOG (gmm-latgen-faster[5.5.671~1-e5a5a]:DecodeUtteranceLatticeFaster():decoder-wrappers.cc:375) Log-like per frame for utterance viet_4_47 is -7.36975 over 108 frames.
viet_4_48 bon 
LOG (gmm-latgen-faster[5.5.671~1-e5a5a]:DecodeUtteranceLatticeFaster():decoder-wrappers.cc:375) Log-like per frame for utterance viet_4_48 is -7.45491 over 52 frames.
viet_4_49 bon 
LOG (gmm-latgen-faster[5.5.671~1-e5a5a]:DecodeUtteranceLatticeFaster():decoder-wrappers.cc:375) Log-like per frame for utterance viet_4_49 is -8.0423 over 48 frames.
viet_5_40 nam 
LOG (gmm-latgen-faster[5.5.671~1-e5a5a]:DecodeUtteranceLatticeFaster():decoder-wrappers.cc:375) Log-like per frame for utterance viet_5_40 is -8.05368 over 52 frames.
viet_5_41 nam 
LOG (gmm-latgen-faster[5.5.671~1-e5a5a]:DecodeUtteranceLatticeFaster():decoder-wrappers.cc:375) Log-like per frame for utterance viet_5_41 is -8.32407 over 47 frames.
viet_5_42 nam 
LOG (gmm-latgen-faster[5.5.671~1-e5a5a]:DecodeUtteranceLatticeFaster():decoder-wrappers.cc:375) Log-like per frame for utterance viet_5_42 is -7.60759 over 49 frames.
viet_5_43 nam 
LOG (gmm-latgen-faster[5.5.671~1-e5a5a]:DecodeUtteranceLatticeFaster():decoder-wrappers.cc:375) Log-like per frame for utterance viet_5_43 is -8.30158 over 49 frames.
viet_5_44 nam 
LOG (gmm-latgen-faster[5.5.671~1-e5a5a]:DecodeUtteranceLatticeFaster():decoder-wrappers.cc:375) Log-like per frame for utterance viet_5_44 is -7.37138 over 51 frames.
viet_5_45 nam 
LOG (gmm-latgen-faster[5.5.671~1-e5a5a]:DecodeUtteranceLatticeFaster():decoder-wrappers.cc:375) Log-like per frame for utterance viet_5_45 is -8.24574 over 51 frames.
viet_5_46 nam 
LOG (gmm-latgen-faster[5.5.671~1-e5a5a]:DecodeUtteranceLatticeFaster():decoder-wrappers.cc:375) Log-like per frame for utterance viet_5_46 is -7.83483 over 44 frames.
viet_5_47 nam 
LOG (gmm-latgen-faster[5.5.671~1-e5a5a]:DecodeUtteranceLatticeFaster():decoder-wrappers.cc:375) Log-like per frame for utterance viet_5_47 is -7.68075 over 46 frames.
viet_5_48 nam 
LOG (gmm-latgen-faster[5.5.671~1-e5a5a]:DecodeUtteranceLatticeFaster():decoder-wrappers.cc:375) Log-like per frame for utterance viet_5_48 is -7.65135 over 47 frames.
viet_5_49 nam 
LOG (gmm-latgen-faster[5.5.671~1-e5a5a]:DecodeUtteranceLatticeFaster():decoder-wrappers.cc:375) Log-like per frame for utterance viet_5_49 is -7.54837 over 47 frames.
viet_6_40 sau 
LOG (gmm-latgen-faster[5.5.671~1-e5a5a]:DecodeUtteranceLatticeFaster():decoder-wrappers.cc:375) Log-like per frame for utterance viet_6_40 is -7.3928 over 52 frames.
viet_6_41 sau 
LOG (gmm-latgen-faster[5.5.671~1-e5a5a]:DecodeUtteranceLatticeFaster():decoder-wrappers.cc:375) Log-like per frame for utterance viet_6_41 is -7.0325 over 114 frames.
viet_6_42 sau 
LOG (gmm-latgen-faster[5.5.671~1-e5a5a]:DecodeUtteranceLatticeFaster():decoder-wrappers.cc:375) Log-like per frame for utterance viet_6_42 is -7.42698 over 57 frames.
viet_6_43 sau 
LOG (gmm-latgen-faster[5.5.671~1-e5a5a]:DecodeUtteranceLatticeFaster():decoder-wrappers.cc:375) Log-like per frame for utterance viet_6_43 is -7.27461 over 53 frames.
viet_6_44 sau 
LOG (gmm-latgen-faster[5.5.671~1-e5a5a]:DecodeUtteranceLatticeFaster():decoder-wrappers.cc:375) Log-like per frame for utterance viet_6_44 is -7.63861 over 52 frames.
viet_6_45 sau 
LOG (gmm-latgen-faster[5.5.671~1-e5a5a]:DecodeUtteranceLatticeFaster():decoder-wrappers.cc:375) Log-like per frame for utterance viet_6_45 is -7.82723 over 71 frames.
LOG (apply-cmvn[5.5.671~1-e5a5a]:main():apply-cmvn.cc:162) Applied cepstral mean normalization to 200 utterances, errors on 0
viet_6_46 sau 
LOG (gmm-latgen-faster[5.5.671~1-e5a5a]:DecodeUtteranceLatticeFaster():decoder-wrappers.cc:375) Log-like per frame for utterance viet_6_46 is -7.33359 over 95 frames.
viet_6_47 sau 
LOG (gmm-latgen-faster[5.5.671~1-e5a5a]:DecodeUtteranceLatticeFaster():decoder-wrappers.cc:375) Log-like per frame for utterance viet_6_47 is -7.49421 over 53 frames.
viet_6_48 sau 
LOG (gmm-latgen-faster[5.5.671~1-e5a5a]:DecodeUtteranceLatticeFaster():decoder-wrappers.cc:375) Log-like per frame for utterance viet_6_48 is -7.42724 over 46 frames.
viet_6_49 sau 
LOG (gmm-latgen-faster[5.5.671~1-e5a5a]:DecodeUtteranceLatticeFaster():decoder-wrappers.cc:375) Log-like per frame for utterance viet_6_49 is -7.58152 over 79 frames.
viet_7_40 bay 
LOG (gmm-latgen-faster[5.5.671~1-e5a5a]:DecodeUtteranceLatticeFaster():decoder-wrappers.cc:375) Log-like per frame for utterance viet_7_40 is -7.97532 over 44 frames.
viet_7_41 bay 
LOG (gmm-latgen-faster[5.5.671~1-e5a5a]:DecodeUtteranceLatticeFaster():decoder-wrappers.cc:375) Log-like per frame for utterance viet_7_41 is -8.25838 over 39 frames.
viet_7_42 bay 
LOG (gmm-latgen-faster[5.5.671~1-e5a5a]:DecodeUtteranceLatticeFaster():decoder-wrappers.cc:375) Log-like per frame for utterance viet_7_42 is -9.1223 over 61 frames.
viet_7_43 bay 
LOG (gmm-latgen-faster[5.5.671~1-e5a5a]:DecodeUtteranceLatticeFaster():decoder-wrappers.cc:375) Log-like per frame for utterance viet_7_43 is -8.11075 over 43 frames.
viet_7_44 bay 
LOG (gmm-latgen-faster[5.5.671~1-e5a5a]:DecodeUtteranceLatticeFaster():decoder-wrappers.cc:375) Log-like per frame for utterance viet_7_44 is -8.66703 over 34 frames.
viet_7_45 bay 
LOG (gmm-latgen-faster[5.5.671~1-e5a5a]:DecodeUtteranceLatticeFaster():decoder-wrappers.cc:375) Log-like per frame for utterance viet_7_45 is -7.99549 over 42 frames.
viet_7_46 bay 
LOG (gmm-latgen-faster[5.5.671~1-e5a5a]:DecodeUtteranceLatticeFaster():decoder-wrappers.cc:375) Log-like per frame for utterance viet_7_46 is -7.85969 over 32 frames.
viet_7_47 bay 
LOG (gmm-latgen-faster[5.5.671~1-e5a5a]:DecodeUtteranceLatticeFaster():decoder-wrappers.cc:375) Log-like per frame for utterance viet_7_47 is -9.01594 over 35 frames.
viet_7_48 bay 
LOG (gmm-latgen-faster[5.5.671~1-e5a5a]:DecodeUtteranceLatticeFaster():decoder-wrappers.cc:375) Log-like per frame for utterance viet_7_48 is -7.58229 over 44 frames.
viet_7_49 bay 
LOG (gmm-latgen-faster[5.5.671~1-e5a5a]:DecodeUtteranceLatticeFaster():decoder-wrappers.cc:375) Log-like per frame for utterance viet_7_49 is -8.65119 over 33 frames.
viet_8_40 tam 
LOG (gmm-latgen-faster[5.5.671~1-e5a5a]:DecodeUtteranceLatticeFaster():decoder-wrappers.cc:375) Log-like per frame for utterance viet_8_40 is -7.10408 over 53 frames.
viet_8_41 tam 
LOG (gmm-latgen-faster[5.5.671~1-e5a5a]:DecodeUtteranceLatticeFaster():decoder-wrappers.cc:375) Log-like per frame for utterance viet_8_41 is -7.11606 over 47 frames.
viet_8_42 tam 
LOG (gmm-latgen-faster[5.5.671~1-e5a5a]:DecodeUtteranceLatticeFaster():decoder-wrappers.cc:375) Log-like per frame for utterance viet_8_42 is -7.04492 over 54 frames.
viet_8_43 tam 
LOG (gmm-latgen-faster[5.5.671~1-e5a5a]:DecodeUtteranceLatticeFaster():decoder-wrappers.cc:375) Log-like per frame for utterance viet_8_43 is -7.1145 over 56 frames.
viet_8_44 tam 
LOG (gmm-latgen-faster[5.5.671~1-e5a5a]:DecodeUtteranceLatticeFaster():decoder-wrappers.cc:375) Log-like per frame for utterance viet_8_44 is -7.26388 over 53 frames.
viet_8_45 tam 
LOG (gmm-latgen-faster[5.5.671~1-e5a5a]:DecodeUtteranceLatticeFaster():decoder-wrappers.cc:375) Log-like per frame for utterance viet_8_45 is -7.64091 over 53 frames.
viet_8_46 tam 
LOG (gmm-latgen-faster[5.5.671~1-e5a5a]:DecodeUtteranceLatticeFaster():decoder-wrappers.cc:375) Log-like per frame for utterance viet_8_46 is -7.67364 over 56 frames.
viet_8_47 tam 
LOG (gmm-latgen-faster[5.5.671~1-e5a5a]:DecodeUtteranceLatticeFaster():decoder-wrappers.cc:375) Log-like per frame for utterance viet_8_47 is -7.86328 over 54 frames.
viet_8_48 tam 
LOG (gmm-latgen-faster[5.5.671~1-e5a5a]:DecodeUtteranceLatticeFaster():decoder-wrappers.cc:375) Log-like per frame for utterance viet_8_48 is -7.68963 over 56 frames.
viet_8_49 tam 
LOG (gmm-latgen-faster[5.5.671~1-e5a5a]:DecodeUtteranceLatticeFaster():decoder-wrappers.cc:375) Log-like per frame for utterance viet_8_49 is -7.61509 over 44 frames.
viet_9_40 chin 
LOG (gmm-latgen-faster[5.5.671~1-e5a5a]:DecodeUtteranceLatticeFaster():decoder-wrappers.cc:375) Log-like per frame for utterance viet_9_40 is -8.06367 over 50 frames.
viet_9_41 chin 
LOG (gmm-latgen-faster[5.5.671~1-e5a5a]:DecodeUtteranceLatticeFaster():decoder-wrappers.cc:375) Log-like per frame for utterance viet_9_41 is -7.50939 over 49 frames.
viet_9_42 chin 
LOG (gmm-latgen-faster[5.5.671~1-e5a5a]:DecodeUtteranceLatticeFaster():decoder-wrappers.cc:375) Log-like per frame for utterance viet_9_42 is -7.90997 over 49 frames.
viet_9_43 chin 
LOG (gmm-latgen-faster[5.5.671~1-e5a5a]:DecodeUtteranceLatticeFaster():decoder-wrappers.cc:375) Log-like per frame for utterance viet_9_43 is -7.78633 over 51 frames.
viet_9_44 chin 
LOG (gmm-latgen-faster[5.5.671~1-e5a5a]:DecodeUtteranceLatticeFaster():decoder-wrappers.cc:375) Log-like per frame for utterance viet_9_44 is -7.87814 over 50 frames.
viet_9_45 chin 
LOG (gmm-latgen-faster[5.5.671~1-e5a5a]:DecodeUtteranceLatticeFaster():decoder-wrappers.cc:375) Log-like per frame for utterance viet_9_45 is -7.86582 over 45 frames.
viet_9_46 chin 
LOG (gmm-latgen-faster[5.5.671~1-e5a5a]:DecodeUtteranceLatticeFaster():decoder-wrappers.cc:375) Log-like per frame for utterance viet_9_46 is -7.5241 over 47 frames.
viet_9_47 chin 
LOG (gmm-latgen-faster[5.5.671~1-e5a5a]:DecodeUtteranceLatticeFaster():decoder-wrappers.cc:375) Log-like per frame for utterance viet_9_47 is -7.3405 over 44 frames.
viet_9_48 chin 
LOG (gmm-latgen-faster[5.5.671~1-e5a5a]:DecodeUtteranceLatticeFaster():decoder-wrappers.cc:375) Log-like per frame for utterance viet_9_48 is -7.41313 over 111 frames.
viet_9_49 chin 
LOG (gmm-latgen-faster[5.5.671~1-e5a5a]:DecodeUtteranceLatticeFaster():decoder-wrappers.cc:375) Log-like per frame for utterance viet_9_49 is -7.7774 over 48 frames.
LOG (gmm-latgen-faster[5.5.671~1-e5a5a]:main():gmm-latgen-faster.cc:176) Time taken 0.86966s: real-time factor assuming 100 frames/sec is 0.00973972
LOG (gmm-latgen-faster[5.5.671~1-e5a5a]:main():gmm-latgen-faster.cc:179) Done 200 utterances, failed for 0
LOG (gmm-latgen-faster[5.5.671~1-e5a5a]:main():gmm-latgen-faster.cc:181) Overall log-likelihood per frame is -7.61479 over 8929 frames.
# Accounting: time=1 threads=1
# Ended (code 0) at Mon Apr 20 03:05:34 PDT 2020, elapsed time 1 seconds
