# gmm-acc-stats-ali exp/mono/4.mdl "ark,s,cs:apply-cmvn  --utt2spk=ark:data/train/split1/1/utt2spk scp:data/train/split1/1/cmvn.scp scp:data/train/split1/1/feats.scp ark:- | add-deltas  ark:- ark:- |" "ark:gunzip -c exp/mono/ali.1.gz|" exp/mono/4.1.acc 
# Started at Mon Apr 13 01:51:40 PDT 2020
#
gmm-acc-stats-ali exp/mono/4.mdl 'ark,s,cs:apply-cmvn  --utt2spk=ark:data/train/split1/1/utt2spk scp:data/train/split1/1/cmvn.scp scp:data/train/split1/1/feats.scp ark:- | add-deltas  ark:- ark:- |' 'ark:gunzip -c exp/mono/ali.1.gz|' exp/mono/4.1.acc 
add-deltas ark:- ark:- 
apply-cmvn --utt2spk=ark:data/train/split1/1/utt2spk scp:data/train/split1/1/cmvn.scp scp:data/train/split1/1/feats.scp ark:- 
LOG (gmm-acc-stats-ali[5.5.671~1-e5a5a]:main():gmm-acc-stats-ali.cc:105) Processed 50 utterances; for utterance nicolas_0_9 avg. like is -81.6216 over 46 frames.
LOG (gmm-acc-stats-ali[5.5.671~1-e5a5a]:main():gmm-acc-stats-ali.cc:105) Processed 100 utterances; for utterance nicolas_1_9 avg. like is -79.3984 over 29 frames.
LOG (gmm-acc-stats-ali[5.5.671~1-e5a5a]:main():gmm-acc-stats-ali.cc:105) Processed 150 utterances; for utterance nicolas_2_9 avg. like is -89.9324 over 33 frames.
LOG (gmm-acc-stats-ali[5.5.671~1-e5a5a]:main():gmm-acc-stats-ali.cc:105) Processed 200 utterances; for utterance nicolas_3_9 avg. like is -77.9603 over 22 frames.
LOG (gmm-acc-stats-ali[5.5.671~1-e5a5a]:main():gmm-acc-stats-ali.cc:105) Processed 250 utterances; for utterance nicolas_4_9 avg. like is -80.1994 over 31 frames.
LOG (gmm-acc-stats-ali[5.5.671~1-e5a5a]:main():gmm-acc-stats-ali.cc:105) Processed 300 utterances; for utterance nicolas_5_9 avg. like is -80.7057 over 32 frames.
LOG (gmm-acc-stats-ali[5.5.671~1-e5a5a]:main():gmm-acc-stats-ali.cc:105) Processed 350 utterances; for utterance nicolas_6_9 avg. like is -99.9674 over 14 frames.
LOG (gmm-acc-stats-ali[5.5.671~1-e5a5a]:main():gmm-acc-stats-ali.cc:105) Processed 400 utterances; for utterance nicolas_7_9 avg. like is -82.816 over 35 frames.
LOG (gmm-acc-stats-ali[5.5.671~1-e5a5a]:main():gmm-acc-stats-ali.cc:105) Processed 450 utterances; for utterance nicolas_8_9 avg. like is -86.4074 over 25 frames.
LOG (gmm-acc-stats-ali[5.5.671~1-e5a5a]:main():gmm-acc-stats-ali.cc:105) Processed 500 utterances; for utterance nicolas_9_9 avg. like is -80.9817 over 42 frames.
LOG (gmm-acc-stats-ali[5.5.671~1-e5a5a]:main():gmm-acc-stats-ali.cc:105) Processed 550 utterances; for utterance theo_0_9 avg. like is -86.3135 over 37 frames.
LOG (gmm-acc-stats-ali[5.5.671~1-e5a5a]:main():gmm-acc-stats-ali.cc:105) Processed 600 utterances; for utterance theo_1_9 avg. like is -86.8906 over 22 frames.
LOG (gmm-acc-stats-ali[5.5.671~1-e5a5a]:main():gmm-acc-stats-ali.cc:105) Processed 650 utterances; for utterance theo_2_9 avg. like is -103.736 over 22 frames.
LOG (gmm-acc-stats-ali[5.5.671~1-e5a5a]:main():gmm-acc-stats-ali.cc:105) Processed 700 utterances; for utterance theo_3_9 avg. like is -95.5748 over 23 frames.
LOG (gmm-acc-stats-ali[5.5.671~1-e5a5a]:main():gmm-acc-stats-ali.cc:105) Processed 750 utterances; for utterance theo_4_9 avg. like is -85.5502 over 24 frames.
LOG (gmm-acc-stats-ali[5.5.671~1-e5a5a]:main():gmm-acc-stats-ali.cc:105) Processed 800 utterances; for utterance theo_5_9 avg. like is -84.856 over 30 frames.
LOG (gmm-acc-stats-ali[5.5.671~1-e5a5a]:main():gmm-acc-stats-ali.cc:105) Processed 850 utterances; for utterance theo_6_9 avg. like is -89.3832 over 48 frames.
LOG (gmm-acc-stats-ali[5.5.671~1-e5a5a]:main():gmm-acc-stats-ali.cc:105) Processed 900 utterances; for utterance theo_7_9 avg. like is -88.4885 over 38 frames.
LOG (gmm-acc-stats-ali[5.5.671~1-e5a5a]:main():gmm-acc-stats-ali.cc:105) Processed 950 utterances; for utterance theo_8_9 avg. like is -90.5788 over 33 frames.
LOG (apply-cmvn[5.5.671~1-e5a5a]:main():apply-cmvn.cc:162) Applied cepstral mean normalization to 1000 utterances, errors on 0
LOG (gmm-acc-stats-ali[5.5.671~1-e5a5a]:main():gmm-acc-stats-ali.cc:105) Processed 1000 utterances; for utterance theo_9_9 avg. like is -84.8615 over 40 frames.
LOG (gmm-acc-stats-ali[5.5.671~1-e5a5a]:main():gmm-acc-stats-ali.cc:112) Done 1000 files, 0 with errors.
LOG (gmm-acc-stats-ali[5.5.671~1-e5a5a]:main():gmm-acc-stats-ali.cc:115) Overall avg like per frame (Gaussian only) = -87.3768 over 34902 frames.
LOG (gmm-acc-stats-ali[5.5.671~1-e5a5a]:main():gmm-acc-stats-ali.cc:123) Written accs.
# Accounting: time=0 threads=1
# Ended (code 0) at Mon Apr 13 01:51:40 PDT 2020, elapsed time 0 seconds
