# compute-mfcc-feats --write-utt2dur=ark,t:exp/make_mfcc/trai/utt2dur.1 --verbose=2 --config=conf/mfcc.conf scp,p:exp/make_mfcc/trai/wav_train.1.scp ark:- | copy-feats --write-num-frames=ark,t:exp/make_mfcc/trai/utt2num_frames.1 --compress=true ark:- ark,scp:/home/viet/kaldi/eng_digits_viet/mfcc/raw_mfcc_train.1.ark,/home/viet/kaldi/eng_digits_viet/mfcc/raw_mfcc_train.1.scp 
# Started at Sat Apr 11 03:16:39 PDT 2020
#
copy-feats --write-num-frames=ark,t:exp/make_mfcc/trai/utt2num_frames.1 --compress=true ark:- ark,scp:/home/viet/kaldi/eng_digits_viet/mfcc/raw_mfcc_train.1.ark,/home/viet/kaldi/eng_digits_viet/mfcc/raw_mfcc_train.1.scp 
compute-mfcc-feats --write-utt2dur=ark,t:exp/make_mfcc/trai/utt2dur.1 --verbose=2 --config=conf/mfcc.conf scp,p:exp/make_mfcc/trai/wav_train.1.scp ark:- 
VLOG[2] (compute-mfcc-feats[5.5.671~1-e5a5a]:main():compute-mfcc-feats.cc:182) Processed features for key viet_0_0
VLOG[2] (compute-mfcc-feats[5.5.671~1-e5a5a]:main():compute-mfcc-feats.cc:182) Processed features for key viet_0_1
VLOG[2] (compute-mfcc-feats[5.5.671~1-e5a5a]:main():compute-mfcc-feats.cc:182) Processed features for key viet_0_10
VLOG[2] (compute-mfcc-feats[5.5.671~1-e5a5a]:main():compute-mfcc-feats.cc:182) Processed features for key viet_0_11
VLOG[2] (compute-mfcc-feats[5.5.671~1-e5a5a]:main():compute-mfcc-feats.cc:182) Processed features for key viet_0_12
VLOG[2] (compute-mfcc-feats[5.5.671~1-e5a5a]:main():compute-mfcc-feats.cc:182) Processed features for key viet_0_13
VLOG[2] (compute-mfcc-feats[5.5.671~1-e5a5a]:main():compute-mfcc-feats.cc:182) Processed features for key viet_0_14
VLOG[2] (compute-mfcc-feats[5.5.671~1-e5a5a]:main():compute-mfcc-feats.cc:182) Processed features for key viet_0_15
VLOG[2] (compute-mfcc-feats[5.5.671~1-e5a5a]:main():compute-mfcc-feats.cc:182) Processed features for key viet_0_16
LOG (compute-mfcc-feats[5.5.671~1-e5a5a]:main():compute-mfcc-feats.cc:181) Processed 10 utterances
VLOG[2] (compute-mfcc-feats[5.5.671~1-e5a5a]:main():compute-mfcc-feats.cc:182) Processed features for key viet_0_17
VLOG[2] (compute-mfcc-feats[5.5.671~1-e5a5a]:main():compute-mfcc-feats.cc:182) Processed features for key viet_0_18
VLOG[2] (compute-mfcc-feats[5.5.671~1-e5a5a]:main():compute-mfcc-feats.cc:182) Processed features for key viet_0_19
VLOG[2] (compute-mfcc-feats[5.5.671~1-e5a5a]:main():compute-mfcc-feats.cc:182) Processed features for key viet_0_2
VLOG[2] (compute-mfcc-feats[5.5.671~1-e5a5a]:main():compute-mfcc-feats.cc:182) Processed features for key viet_0_20
VLOG[2] (compute-mfcc-feats[5.5.671~1-e5a5a]:main():compute-mfcc-feats.cc:182) Processed features for key viet_0_21
VLOG[2] (compute-mfcc-feats[5.5.671~1-e5a5a]:main():compute-mfcc-feats.cc:182) Processed features for key viet_0_22
VLOG[2] (compute-mfcc-feats[5.5.671~1-e5a5a]:main():compute-mfcc-feats.cc:182) Processed features for key viet_0_23
VLOG[2] (compute-mfcc-feats[5.5.671~1-e5a5a]:main():compute-mfcc-feats.cc:182) Processed features for key viet_0_24
VLOG[2] (compute-mfcc-feats[5.5.671~1-e5a5a]:main():compute-mfcc-feats.cc:182) Processed features for key viet_0_25
LOG (compute-mfcc-feats[5.5.671~1-e5a5a]:main():compute-mfcc-feats.cc:181) Processed 20 utterances
VLOG[2] (compute-mfcc-feats[5.5.671~1-e5a5a]:main():compute-mfcc-feats.cc:182) Processed features for key viet_0_26
VLOG[2] (compute-mfcc-feats[5.5.671~1-e5a5a]:main():compute-mfcc-feats.cc:182) Processed features for key viet_0_27
VLOG[2] (compute-mfcc-feats[5.5.671~1-e5a5a]:main():compute-mfcc-feats.cc:182) Processed features for key viet_0_28
VLOG[2] (compute-mfcc-feats[5.5.671~1-e5a5a]:main():compute-mfcc-feats.cc:182) Processed features for key viet_0_29
VLOG[2] (compute-mfcc-feats[5.5.671~1-e5a5a]:main():compute-mfcc-feats.cc:182) Processed features for key viet_0_3
VLOG[2] (compute-mfcc-feats[5.5.671~1-e5a5a]:main():compute-mfcc-feats.cc:182) Processed features for key viet_0_30
VLOG[2] (compute-mfcc-feats[5.5.671~1-e5a5a]:main():compute-mfcc-feats.cc:182) Processed features for key viet_0_31
VLOG[2] (compute-mfcc-feats[5.5.671~1-e5a5a]:main():compute-mfcc-feats.cc:182) Processed features for key viet_0_32
VLOG[2] (compute-mfcc-feats[5.5.671~1-e5a5a]:main():compute-mfcc-feats.cc:182) Processed features for key viet_0_33
VLOG[2] (compute-mfcc-feats[5.5.671~1-e5a5a]:main():compute-mfcc-feats.cc:182) Processed features for key viet_0_34
LOG (compute-mfcc-feats[5.5.671~1-e5a5a]:main():compute-mfcc-feats.cc:181) Processed 30 utterances
VLOG[2] (compute-mfcc-feats[5.5.671~1-e5a5a]:main():compute-mfcc-feats.cc:182) Processed features for key viet_0_35
VLOG[2] (compute-mfcc-feats[5.5.671~1-e5a5a]:main():compute-mfcc-feats.cc:182) Processed features for key viet_0_36
VLOG[2] (compute-mfcc-feats[5.5.671~1-e5a5a]:main():compute-mfcc-feats.cc:182) Processed features for key viet_0_37
VLOG[2] (compute-mfcc-feats[5.5.671~1-e5a5a]:main():compute-mfcc-feats.cc:182) Processed features for key viet_0_38
VLOG[2] (compute-mfcc-feats[5.5.671~1-e5a5a]:main():compute-mfcc-feats.cc:182) Processed features for key viet_0_39
VLOG[2] (compute-mfcc-feats[5.5.671~1-e5a5a]:main():compute-mfcc-feats.cc:182) Processed features for key viet_0_4
VLOG[2] (compute-mfcc-feats[5.5.671~1-e5a5a]:main():compute-mfcc-feats.cc:182) Processed features for key viet_0_5
VLOG[2] (compute-mfcc-feats[5.5.671~1-e5a5a]:main():compute-mfcc-feats.cc:182) Processed features for key viet_0_6
VLOG[2] (compute-mfcc-feats[5.5.671~1-e5a5a]:main():compute-mfcc-feats.cc:182) Processed features for key viet_0_7
VLOG[2] (compute-mfcc-feats[5.5.671~1-e5a5a]:main():compute-mfcc-feats.cc:182) Processed features for key viet_0_8
LOG (compute-mfcc-feats[5.5.671~1-e5a5a]:main():compute-mfcc-feats.cc:181) Processed 40 utterances
VLOG[2] (compute-mfcc-feats[5.5.671~1-e5a5a]:main():compute-mfcc-feats.cc:182) Processed features for key viet_0_9
VLOG[2] (compute-mfcc-feats[5.5.671~1-e5a5a]:main():compute-mfcc-feats.cc:182) Processed features for key viet_1_0
VLOG[2] (compute-mfcc-feats[5.5.671~1-e5a5a]:main():compute-mfcc-feats.cc:182) Processed features for key viet_1_1
VLOG[2] (compute-mfcc-feats[5.5.671~1-e5a5a]:main():compute-mfcc-feats.cc:182) Processed features for key viet_1_10
VLOG[2] (compute-mfcc-feats[5.5.671~1-e5a5a]:main():compute-mfcc-feats.cc:182) Processed features for key viet_1_11
VLOG[2] (compute-mfcc-feats[5.5.671~1-e5a5a]:main():compute-mfcc-feats.cc:182) Processed features for key viet_1_12
VLOG[2] (compute-mfcc-feats[5.5.671~1-e5a5a]:main():compute-mfcc-feats.cc:182) Processed features for key viet_1_13
VLOG[2] (compute-mfcc-feats[5.5.671~1-e5a5a]:main():compute-mfcc-feats.cc:182) Processed features for key viet_1_14
VLOG[2] (compute-mfcc-feats[5.5.671~1-e5a5a]:main():compute-mfcc-feats.cc:182) Processed features for key viet_1_15
VLOG[2] (compute-mfcc-feats[5.5.671~1-e5a5a]:main():compute-mfcc-feats.cc:182) Processed features for key viet_1_16
LOG (compute-mfcc-feats[5.5.671~1-e5a5a]:main():compute-mfcc-feats.cc:181) Processed 50 utterances
VLOG[2] (compute-mfcc-feats[5.5.671~1-e5a5a]:main():compute-mfcc-feats.cc:182) Processed features for key viet_1_17
VLOG[2] (compute-mfcc-feats[5.5.671~1-e5a5a]:main():compute-mfcc-feats.cc:182) Processed features for key viet_1_18
VLOG[2] (compute-mfcc-feats[5.5.671~1-e5a5a]:main():compute-mfcc-feats.cc:182) Processed features for key viet_1_19
VLOG[2] (compute-mfcc-feats[5.5.671~1-e5a5a]:main():compute-mfcc-feats.cc:182) Processed features for key viet_1_2
VLOG[2] (compute-mfcc-feats[5.5.671~1-e5a5a]:main():compute-mfcc-feats.cc:182) Processed features for key viet_1_20
VLOG[2] (compute-mfcc-feats[5.5.671~1-e5a5a]:main():compute-mfcc-feats.cc:182) Processed features for key viet_1_21
VLOG[2] (compute-mfcc-feats[5.5.671~1-e5a5a]:main():compute-mfcc-feats.cc:182) Processed features for key viet_1_22
VLOG[2] (compute-mfcc-feats[5.5.671~1-e5a5a]:main():compute-mfcc-feats.cc:182) Processed features for key viet_1_23
VLOG[2] (compute-mfcc-feats[5.5.671~1-e5a5a]:main():compute-mfcc-feats.cc:182) Processed features for key viet_1_24
VLOG[2] (compute-mfcc-feats[5.5.671~1-e5a5a]:main():compute-mfcc-feats.cc:182) Processed features for key viet_1_25
LOG (compute-mfcc-feats[5.5.671~1-e5a5a]:main():compute-mfcc-feats.cc:181) Processed 60 utterances
VLOG[2] (compute-mfcc-feats[5.5.671~1-e5a5a]:main():compute-mfcc-feats.cc:182) Processed features for key viet_1_26
VLOG[2] (compute-mfcc-feats[5.5.671~1-e5a5a]:main():compute-mfcc-feats.cc:182) Processed features for key viet_1_27
VLOG[2] (compute-mfcc-feats[5.5.671~1-e5a5a]:main():compute-mfcc-feats.cc:182) Processed features for key viet_1_28
VLOG[2] (compute-mfcc-feats[5.5.671~1-e5a5a]:main():compute-mfcc-feats.cc:182) Processed features for key viet_1_29
VLOG[2] (compute-mfcc-feats[5.5.671~1-e5a5a]:main():compute-mfcc-feats.cc:182) Processed features for key viet_1_3
VLOG[2] (compute-mfcc-feats[5.5.671~1-e5a5a]:main():compute-mfcc-feats.cc:182) Processed features for key viet_1_30
VLOG[2] (compute-mfcc-feats[5.5.671~1-e5a5a]:main():compute-mfcc-feats.cc:182) Processed features for key viet_1_31
VLOG[2] (compute-mfcc-feats[5.5.671~1-e5a5a]:main():compute-mfcc-feats.cc:182) Processed features for key viet_1_32
VLOG[2] (compute-mfcc-feats[5.5.671~1-e5a5a]:main():compute-mfcc-feats.cc:182) Processed features for key viet_1_33
VLOG[2] (compute-mfcc-feats[5.5.671~1-e5a5a]:main():compute-mfcc-feats.cc:182) Processed features for key viet_1_34
LOG (compute-mfcc-feats[5.5.671~1-e5a5a]:main():compute-mfcc-feats.cc:181) Processed 70 utterances
VLOG[2] (compute-mfcc-feats[5.5.671~1-e5a5a]:main():compute-mfcc-feats.cc:182) Processed features for key viet_1_35
VLOG[2] (compute-mfcc-feats[5.5.671~1-e5a5a]:main():compute-mfcc-feats.cc:182) Processed features for key viet_1_36
VLOG[2] (compute-mfcc-feats[5.5.671~1-e5a5a]:main():compute-mfcc-feats.cc:182) Processed features for key viet_1_37
VLOG[2] (compute-mfcc-feats[5.5.671~1-e5a5a]:main():compute-mfcc-feats.cc:182) Processed features for key viet_1_38
VLOG[2] (compute-mfcc-feats[5.5.671~1-e5a5a]:main():compute-mfcc-feats.cc:182) Processed features for key viet_1_39
VLOG[2] (compute-mfcc-feats[5.5.671~1-e5a5a]:main():compute-mfcc-feats.cc:182) Processed features for key viet_1_4
VLOG[2] (compute-mfcc-feats[5.5.671~1-e5a5a]:main():compute-mfcc-feats.cc:182) Processed features for key viet_1_5
VLOG[2] (compute-mfcc-feats[5.5.671~1-e5a5a]:main():compute-mfcc-feats.cc:182) Processed features for key viet_1_6
VLOG[2] (compute-mfcc-feats[5.5.671~1-e5a5a]:main():compute-mfcc-feats.cc:182) Processed features for key viet_1_7
VLOG[2] (compute-mfcc-feats[5.5.671~1-e5a5a]:main():compute-mfcc-feats.cc:182) Processed features for key viet_1_8
LOG (compute-mfcc-feats[5.5.671~1-e5a5a]:main():compute-mfcc-feats.cc:181) Processed 80 utterances
VLOG[2] (compute-mfcc-feats[5.5.671~1-e5a5a]:main():compute-mfcc-feats.cc:182) Processed features for key viet_1_9
VLOG[2] (compute-mfcc-feats[5.5.671~1-e5a5a]:main():compute-mfcc-feats.cc:182) Processed features for key viet_2_0
VLOG[2] (compute-mfcc-feats[5.5.671~1-e5a5a]:main():compute-mfcc-feats.cc:182) Processed features for key viet_2_1
VLOG[2] (compute-mfcc-feats[5.5.671~1-e5a5a]:main():compute-mfcc-feats.cc:182) Processed features for key viet_2_10
VLOG[2] (compute-mfcc-feats[5.5.671~1-e5a5a]:main():compute-mfcc-feats.cc:182) Processed features for key viet_2_11
VLOG[2] (compute-mfcc-feats[5.5.671~1-e5a5a]:main():compute-mfcc-feats.cc:182) Processed features for key viet_2_12
VLOG[2] (compute-mfcc-feats[5.5.671~1-e5a5a]:main():compute-mfcc-feats.cc:182) Processed features for key viet_2_13
VLOG[2] (compute-mfcc-feats[5.5.671~1-e5a5a]:main():compute-mfcc-feats.cc:182) Processed features for key viet_2_14
VLOG[2] (compute-mfcc-feats[5.5.671~1-e5a5a]:main():compute-mfcc-feats.cc:182) Processed features for key viet_2_15
VLOG[2] (compute-mfcc-feats[5.5.671~1-e5a5a]:main():compute-mfcc-feats.cc:182) Processed features for key viet_2_16
LOG (compute-mfcc-feats[5.5.671~1-e5a5a]:main():compute-mfcc-feats.cc:181) Processed 90 utterances
VLOG[2] (compute-mfcc-feats[5.5.671~1-e5a5a]:main():compute-mfcc-feats.cc:182) Processed features for key viet_2_17
VLOG[2] (compute-mfcc-feats[5.5.671~1-e5a5a]:main():compute-mfcc-feats.cc:182) Processed features for key viet_2_18
VLOG[2] (compute-mfcc-feats[5.5.671~1-e5a5a]:main():compute-mfcc-feats.cc:182) Processed features for key viet_2_19
VLOG[2] (compute-mfcc-feats[5.5.671~1-e5a5a]:main():compute-mfcc-feats.cc:182) Processed features for key viet_2_2
VLOG[2] (compute-mfcc-feats[5.5.671~1-e5a5a]:main():compute-mfcc-feats.cc:182) Processed features for key viet_2_20
VLOG[2] (compute-mfcc-feats[5.5.671~1-e5a5a]:main():compute-mfcc-feats.cc:182) Processed features for key viet_2_21
VLOG[2] (compute-mfcc-feats[5.5.671~1-e5a5a]:main():compute-mfcc-feats.cc:182) Processed features for key viet_2_22
VLOG[2] (compute-mfcc-feats[5.5.671~1-e5a5a]:main():compute-mfcc-feats.cc:182) Processed features for key viet_2_23
VLOG[2] (compute-mfcc-feats[5.5.671~1-e5a5a]:main():compute-mfcc-feats.cc:182) Processed features for key viet_2_24
VLOG[2] (compute-mfcc-feats[5.5.671~1-e5a5a]:main():compute-mfcc-feats.cc:182) Processed features for key viet_2_25
LOG (compute-mfcc-feats[5.5.671~1-e5a5a]:main():compute-mfcc-feats.cc:181) Processed 100 utterances
VLOG[2] (compute-mfcc-feats[5.5.671~1-e5a5a]:main():compute-mfcc-feats.cc:182) Processed features for key viet_2_26
VLOG[2] (compute-mfcc-feats[5.5.671~1-e5a5a]:main():compute-mfcc-feats.cc:182) Processed features for key viet_2_27
VLOG[2] (compute-mfcc-feats[5.5.671~1-e5a5a]:main():compute-mfcc-feats.cc:182) Processed features for key viet_2_28
VLOG[2] (compute-mfcc-feats[5.5.671~1-e5a5a]:main():compute-mfcc-feats.cc:182) Processed features for key viet_2_29
VLOG[2] (compute-mfcc-feats[5.5.671~1-e5a5a]:main():compute-mfcc-feats.cc:182) Processed features for key viet_2_3
VLOG[2] (compute-mfcc-feats[5.5.671~1-e5a5a]:main():compute-mfcc-feats.cc:182) Processed features for key viet_2_30
VLOG[2] (compute-mfcc-feats[5.5.671~1-e5a5a]:main():compute-mfcc-feats.cc:182) Processed features for key viet_2_31
VLOG[2] (compute-mfcc-feats[5.5.671~1-e5a5a]:main():compute-mfcc-feats.cc:182) Processed features for key viet_2_32
VLOG[2] (compute-mfcc-feats[5.5.671~1-e5a5a]:main():compute-mfcc-feats.cc:182) Processed features for key viet_2_33
VLOG[2] (compute-mfcc-feats[5.5.671~1-e5a5a]:main():compute-mfcc-feats.cc:182) Processed features for key viet_2_34
LOG (compute-mfcc-feats[5.5.671~1-e5a5a]:main():compute-mfcc-feats.cc:181) Processed 110 utterances
VLOG[2] (compute-mfcc-feats[5.5.671~1-e5a5a]:main():compute-mfcc-feats.cc:182) Processed features for key viet_2_35
VLOG[2] (compute-mfcc-feats[5.5.671~1-e5a5a]:main():compute-mfcc-feats.cc:182) Processed features for key viet_2_36
VLOG[2] (compute-mfcc-feats[5.5.671~1-e5a5a]:main():compute-mfcc-feats.cc:182) Processed features for key viet_2_37
VLOG[2] (compute-mfcc-feats[5.5.671~1-e5a5a]:main():compute-mfcc-feats.cc:182) Processed features for key viet_2_38
VLOG[2] (compute-mfcc-feats[5.5.671~1-e5a5a]:main():compute-mfcc-feats.cc:182) Processed features for key viet_2_39
VLOG[2] (compute-mfcc-feats[5.5.671~1-e5a5a]:main():compute-mfcc-feats.cc:182) Processed features for key viet_2_4
VLOG[2] (compute-mfcc-feats[5.5.671~1-e5a5a]:main():compute-mfcc-feats.cc:182) Processed features for key viet_2_5
VLOG[2] (compute-mfcc-feats[5.5.671~1-e5a5a]:main():compute-mfcc-feats.cc:182) Processed features for key viet_2_6
VLOG[2] (compute-mfcc-feats[5.5.671~1-e5a5a]:main():compute-mfcc-feats.cc:182) Processed features for key viet_2_7
VLOG[2] (compute-mfcc-feats[5.5.671~1-e5a5a]:main():compute-mfcc-feats.cc:182) Processed features for key viet_2_8
LOG (compute-mfcc-feats[5.5.671~1-e5a5a]:main():compute-mfcc-feats.cc:181) Processed 120 utterances
VLOG[2] (compute-mfcc-feats[5.5.671~1-e5a5a]:main():compute-mfcc-feats.cc:182) Processed features for key viet_2_9
VLOG[2] (compute-mfcc-feats[5.5.671~1-e5a5a]:main():compute-mfcc-feats.cc:182) Processed features for key viet_3_0
VLOG[2] (compute-mfcc-feats[5.5.671~1-e5a5a]:main():compute-mfcc-feats.cc:182) Processed features for key viet_3_1
VLOG[2] (compute-mfcc-feats[5.5.671~1-e5a5a]:main():compute-mfcc-feats.cc:182) Processed features for key viet_3_10
VLOG[2] (compute-mfcc-feats[5.5.671~1-e5a5a]:main():compute-mfcc-feats.cc:182) Processed features for key viet_3_11
VLOG[2] (compute-mfcc-feats[5.5.671~1-e5a5a]:main():compute-mfcc-feats.cc:182) Processed features for key viet_3_12
VLOG[2] (compute-mfcc-feats[5.5.671~1-e5a5a]:main():compute-mfcc-feats.cc:182) Processed features for key viet_3_13
VLOG[2] (compute-mfcc-feats[5.5.671~1-e5a5a]:main():compute-mfcc-feats.cc:182) Processed features for key viet_3_14
VLOG[2] (compute-mfcc-feats[5.5.671~1-e5a5a]:main():compute-mfcc-feats.cc:182) Processed features for key viet_3_15
VLOG[2] (compute-mfcc-feats[5.5.671~1-e5a5a]:main():compute-mfcc-feats.cc:182) Processed features for key viet_3_16
LOG (compute-mfcc-feats[5.5.671~1-e5a5a]:main():compute-mfcc-feats.cc:181) Processed 130 utterances
VLOG[2] (compute-mfcc-feats[5.5.671~1-e5a5a]:main():compute-mfcc-feats.cc:182) Processed features for key viet_3_17
VLOG[2] (compute-mfcc-feats[5.5.671~1-e5a5a]:main():compute-mfcc-feats.cc:182) Processed features for key viet_3_18
VLOG[2] (compute-mfcc-feats[5.5.671~1-e5a5a]:main():compute-mfcc-feats.cc:182) Processed features for key viet_3_19
VLOG[2] (compute-mfcc-feats[5.5.671~1-e5a5a]:main():compute-mfcc-feats.cc:182) Processed features for key viet_3_2
VLOG[2] (compute-mfcc-feats[5.5.671~1-e5a5a]:main():compute-mfcc-feats.cc:182) Processed features for key viet_3_20
VLOG[2] (compute-mfcc-feats[5.5.671~1-e5a5a]:main():compute-mfcc-feats.cc:182) Processed features for key viet_3_21
VLOG[2] (compute-mfcc-feats[5.5.671~1-e5a5a]:main():compute-mfcc-feats.cc:182) Processed features for key viet_3_22
VLOG[2] (compute-mfcc-feats[5.5.671~1-e5a5a]:main():compute-mfcc-feats.cc:182) Processed features for key viet_3_23
VLOG[2] (compute-mfcc-feats[5.5.671~1-e5a5a]:main():compute-mfcc-feats.cc:182) Processed features for key viet_3_24
VLOG[2] (compute-mfcc-feats[5.5.671~1-e5a5a]:main():compute-mfcc-feats.cc:182) Processed features for key viet_3_25
LOG (compute-mfcc-feats[5.5.671~1-e5a5a]:main():compute-mfcc-feats.cc:181) Processed 140 utterances
VLOG[2] (compute-mfcc-feats[5.5.671~1-e5a5a]:main():compute-mfcc-feats.cc:182) Processed features for key viet_3_26
VLOG[2] (compute-mfcc-feats[5.5.671~1-e5a5a]:main():compute-mfcc-feats.cc:182) Processed features for key viet_3_27
VLOG[2] (compute-mfcc-feats[5.5.671~1-e5a5a]:main():compute-mfcc-feats.cc:182) Processed features for key viet_3_28
VLOG[2] (compute-mfcc-feats[5.5.671~1-e5a5a]:main():compute-mfcc-feats.cc:182) Processed features for key viet_3_29
VLOG[2] (compute-mfcc-feats[5.5.671~1-e5a5a]:main():compute-mfcc-feats.cc:182) Processed features for key viet_3_3
VLOG[2] (compute-mfcc-feats[5.5.671~1-e5a5a]:main():compute-mfcc-feats.cc:182) Processed features for key viet_3_30
VLOG[2] (compute-mfcc-feats[5.5.671~1-e5a5a]:main():compute-mfcc-feats.cc:182) Processed features for key viet_3_31
VLOG[2] (compute-mfcc-feats[5.5.671~1-e5a5a]:main():compute-mfcc-feats.cc:182) Processed features for key viet_3_32
VLOG[2] (compute-mfcc-feats[5.5.671~1-e5a5a]:main():compute-mfcc-feats.cc:182) Processed features for key viet_3_33
VLOG[2] (compute-mfcc-feats[5.5.671~1-e5a5a]:main():compute-mfcc-feats.cc:182) Processed features for key viet_3_34
LOG (compute-mfcc-feats[5.5.671~1-e5a5a]:main():compute-mfcc-feats.cc:181) Processed 150 utterances
VLOG[2] (compute-mfcc-feats[5.5.671~1-e5a5a]:main():compute-mfcc-feats.cc:182) Processed features for key viet_3_35
VLOG[2] (compute-mfcc-feats[5.5.671~1-e5a5a]:main():compute-mfcc-feats.cc:182) Processed features for key viet_3_36
VLOG[2] (compute-mfcc-feats[5.5.671~1-e5a5a]:main():compute-mfcc-feats.cc:182) Processed features for key viet_3_37
VLOG[2] (compute-mfcc-feats[5.5.671~1-e5a5a]:main():compute-mfcc-feats.cc:182) Processed features for key viet_3_38
VLOG[2] (compute-mfcc-feats[5.5.671~1-e5a5a]:main():compute-mfcc-feats.cc:182) Processed features for key viet_3_39
VLOG[2] (compute-mfcc-feats[5.5.671~1-e5a5a]:main():compute-mfcc-feats.cc:182) Processed features for key viet_3_4
VLOG[2] (compute-mfcc-feats[5.5.671~1-e5a5a]:main():compute-mfcc-feats.cc:182) Processed features for key viet_3_5
VLOG[2] (compute-mfcc-feats[5.5.671~1-e5a5a]:main():compute-mfcc-feats.cc:182) Processed features for key viet_3_6
VLOG[2] (compute-mfcc-feats[5.5.671~1-e5a5a]:main():compute-mfcc-feats.cc:182) Processed features for key viet_3_7
VLOG[2] (compute-mfcc-feats[5.5.671~1-e5a5a]:main():compute-mfcc-feats.cc:182) Processed features for key viet_3_8
LOG (compute-mfcc-feats[5.5.671~1-e5a5a]:main():compute-mfcc-feats.cc:181) Processed 160 utterances
VLOG[2] (compute-mfcc-feats[5.5.671~1-e5a5a]:main():compute-mfcc-feats.cc:182) Processed features for key viet_3_9
VLOG[2] (compute-mfcc-feats[5.5.671~1-e5a5a]:main():compute-mfcc-feats.cc:182) Processed features for key viet_4_0
VLOG[2] (compute-mfcc-feats[5.5.671~1-e5a5a]:main():compute-mfcc-feats.cc:182) Processed features for key viet_4_1
VLOG[2] (compute-mfcc-feats[5.5.671~1-e5a5a]:main():compute-mfcc-feats.cc:182) Processed features for key viet_4_10
VLOG[2] (compute-mfcc-feats[5.5.671~1-e5a5a]:main():compute-mfcc-feats.cc:182) Processed features for key viet_4_11
VLOG[2] (compute-mfcc-feats[5.5.671~1-e5a5a]:main():compute-mfcc-feats.cc:182) Processed features for key viet_4_12
VLOG[2] (compute-mfcc-feats[5.5.671~1-e5a5a]:main():compute-mfcc-feats.cc:182) Processed features for key viet_4_13
VLOG[2] (compute-mfcc-feats[5.5.671~1-e5a5a]:main():compute-mfcc-feats.cc:182) Processed features for key viet_4_14
VLOG[2] (compute-mfcc-feats[5.5.671~1-e5a5a]:main():compute-mfcc-feats.cc:182) Processed features for key viet_4_15
VLOG[2] (compute-mfcc-feats[5.5.671~1-e5a5a]:main():compute-mfcc-feats.cc:182) Processed features for key viet_4_16
LOG (compute-mfcc-feats[5.5.671~1-e5a5a]:main():compute-mfcc-feats.cc:181) Processed 170 utterances
VLOG[2] (compute-mfcc-feats[5.5.671~1-e5a5a]:main():compute-mfcc-feats.cc:182) Processed features for key viet_4_17
VLOG[2] (compute-mfcc-feats[5.5.671~1-e5a5a]:main():compute-mfcc-feats.cc:182) Processed features for key viet_4_18
VLOG[2] (compute-mfcc-feats[5.5.671~1-e5a5a]:main():compute-mfcc-feats.cc:182) Processed features for key viet_4_19
VLOG[2] (compute-mfcc-feats[5.5.671~1-e5a5a]:main():compute-mfcc-feats.cc:182) Processed features for key viet_4_2
VLOG[2] (compute-mfcc-feats[5.5.671~1-e5a5a]:main():compute-mfcc-feats.cc:182) Processed features for key viet_4_20
VLOG[2] (compute-mfcc-feats[5.5.671~1-e5a5a]:main():compute-mfcc-feats.cc:182) Processed features for key viet_4_21
VLOG[2] (compute-mfcc-feats[5.5.671~1-e5a5a]:main():compute-mfcc-feats.cc:182) Processed features for key viet_4_22
VLOG[2] (compute-mfcc-feats[5.5.671~1-e5a5a]:main():compute-mfcc-feats.cc:182) Processed features for key viet_4_23
VLOG[2] (compute-mfcc-feats[5.5.671~1-e5a5a]:main():compute-mfcc-feats.cc:182) Processed features for key viet_4_24
VLOG[2] (compute-mfcc-feats[5.5.671~1-e5a5a]:main():compute-mfcc-feats.cc:182) Processed features for key viet_4_25
LOG (compute-mfcc-feats[5.5.671~1-e5a5a]:main():compute-mfcc-feats.cc:181) Processed 180 utterances
VLOG[2] (compute-mfcc-feats[5.5.671~1-e5a5a]:main():compute-mfcc-feats.cc:182) Processed features for key viet_4_26
VLOG[2] (compute-mfcc-feats[5.5.671~1-e5a5a]:main():compute-mfcc-feats.cc:182) Processed features for key viet_4_27
VLOG[2] (compute-mfcc-feats[5.5.671~1-e5a5a]:main():compute-mfcc-feats.cc:182) Processed features for key viet_4_28
VLOG[2] (compute-mfcc-feats[5.5.671~1-e5a5a]:main():compute-mfcc-feats.cc:182) Processed features for key viet_4_29
VLOG[2] (compute-mfcc-feats[5.5.671~1-e5a5a]:main():compute-mfcc-feats.cc:182) Processed features for key viet_4_3
VLOG[2] (compute-mfcc-feats[5.5.671~1-e5a5a]:main():compute-mfcc-feats.cc:182) Processed features for key viet_4_30
VLOG[2] (compute-mfcc-feats[5.5.671~1-e5a5a]:main():compute-mfcc-feats.cc:182) Processed features for key viet_4_31
VLOG[2] (compute-mfcc-feats[5.5.671~1-e5a5a]:main():compute-mfcc-feats.cc:182) Processed features for key viet_4_32
VLOG[2] (compute-mfcc-feats[5.5.671~1-e5a5a]:main():compute-mfcc-feats.cc:182) Processed features for key viet_4_33
VLOG[2] (compute-mfcc-feats[5.5.671~1-e5a5a]:main():compute-mfcc-feats.cc:182) Processed features for key viet_4_34
LOG (compute-mfcc-feats[5.5.671~1-e5a5a]:main():compute-mfcc-feats.cc:181) Processed 190 utterances
VLOG[2] (compute-mfcc-feats[5.5.671~1-e5a5a]:main():compute-mfcc-feats.cc:182) Processed features for key viet_4_35
VLOG[2] (compute-mfcc-feats[5.5.671~1-e5a5a]:main():compute-mfcc-feats.cc:182) Processed features for key viet_4_36
VLOG[2] (compute-mfcc-feats[5.5.671~1-e5a5a]:main():compute-mfcc-feats.cc:182) Processed features for key viet_4_37
VLOG[2] (compute-mfcc-feats[5.5.671~1-e5a5a]:main():compute-mfcc-feats.cc:182) Processed features for key viet_4_38
VLOG[2] (compute-mfcc-feats[5.5.671~1-e5a5a]:main():compute-mfcc-feats.cc:182) Processed features for key viet_4_39
VLOG[2] (compute-mfcc-feats[5.5.671~1-e5a5a]:main():compute-mfcc-feats.cc:182) Processed features for key viet_4_4
VLOG[2] (compute-mfcc-feats[5.5.671~1-e5a5a]:main():compute-mfcc-feats.cc:182) Processed features for key viet_4_5
VLOG[2] (compute-mfcc-feats[5.5.671~1-e5a5a]:main():compute-mfcc-feats.cc:182) Processed features for key viet_4_6
VLOG[2] (compute-mfcc-feats[5.5.671~1-e5a5a]:main():compute-mfcc-feats.cc:182) Processed features for key viet_4_7
VLOG[2] (compute-mfcc-feats[5.5.671~1-e5a5a]:main():compute-mfcc-feats.cc:182) Processed features for key viet_4_8
LOG (compute-mfcc-feats[5.5.671~1-e5a5a]:main():compute-mfcc-feats.cc:181) Processed 200 utterances
VLOG[2] (compute-mfcc-feats[5.5.671~1-e5a5a]:main():compute-mfcc-feats.cc:182) Processed features for key viet_4_9
VLOG[2] (compute-mfcc-feats[5.5.671~1-e5a5a]:main():compute-mfcc-feats.cc:182) Processed features for key viet_5_0
VLOG[2] (compute-mfcc-feats[5.5.671~1-e5a5a]:main():compute-mfcc-feats.cc:182) Processed features for key viet_5_1
VLOG[2] (compute-mfcc-feats[5.5.671~1-e5a5a]:main():compute-mfcc-feats.cc:182) Processed features for key viet_5_10
VLOG[2] (compute-mfcc-feats[5.5.671~1-e5a5a]:main():compute-mfcc-feats.cc:182) Processed features for key viet_5_11
VLOG[2] (compute-mfcc-feats[5.5.671~1-e5a5a]:main():compute-mfcc-feats.cc:182) Processed features for key viet_5_12
VLOG[2] (compute-mfcc-feats[5.5.671~1-e5a5a]:main():compute-mfcc-feats.cc:182) Processed features for key viet_5_13
VLOG[2] (compute-mfcc-feats[5.5.671~1-e5a5a]:main():compute-mfcc-feats.cc:182) Processed features for key viet_5_14
VLOG[2] (compute-mfcc-feats[5.5.671~1-e5a5a]:main():compute-mfcc-feats.cc:182) Processed features for key viet_5_15
VLOG[2] (compute-mfcc-feats[5.5.671~1-e5a5a]:main():compute-mfcc-feats.cc:182) Processed features for key viet_5_16
LOG (compute-mfcc-feats[5.5.671~1-e5a5a]:main():compute-mfcc-feats.cc:181) Processed 210 utterances
VLOG[2] (compute-mfcc-feats[5.5.671~1-e5a5a]:main():compute-mfcc-feats.cc:182) Processed features for key viet_5_17
VLOG[2] (compute-mfcc-feats[5.5.671~1-e5a5a]:main():compute-mfcc-feats.cc:182) Processed features for key viet_5_18
VLOG[2] (compute-mfcc-feats[5.5.671~1-e5a5a]:main():compute-mfcc-feats.cc:182) Processed features for key viet_5_19
VLOG[2] (compute-mfcc-feats[5.5.671~1-e5a5a]:main():compute-mfcc-feats.cc:182) Processed features for key viet_5_2
VLOG[2] (compute-mfcc-feats[5.5.671~1-e5a5a]:main():compute-mfcc-feats.cc:182) Processed features for key viet_5_20
VLOG[2] (compute-mfcc-feats[5.5.671~1-e5a5a]:main():compute-mfcc-feats.cc:182) Processed features for key viet_5_21
VLOG[2] (compute-mfcc-feats[5.5.671~1-e5a5a]:main():compute-mfcc-feats.cc:182) Processed features for key viet_5_22
VLOG[2] (compute-mfcc-feats[5.5.671~1-e5a5a]:main():compute-mfcc-feats.cc:182) Processed features for key viet_5_23
VLOG[2] (compute-mfcc-feats[5.5.671~1-e5a5a]:main():compute-mfcc-feats.cc:182) Processed features for key viet_5_24
VLOG[2] (compute-mfcc-feats[5.5.671~1-e5a5a]:main():compute-mfcc-feats.cc:182) Processed features for key viet_5_25
LOG (compute-mfcc-feats[5.5.671~1-e5a5a]:main():compute-mfcc-feats.cc:181) Processed 220 utterances
VLOG[2] (compute-mfcc-feats[5.5.671~1-e5a5a]:main():compute-mfcc-feats.cc:182) Processed features for key viet_5_26
VLOG[2] (compute-mfcc-feats[5.5.671~1-e5a5a]:main():compute-mfcc-feats.cc:182) Processed features for key viet_5_27
VLOG[2] (compute-mfcc-feats[5.5.671~1-e5a5a]:main():compute-mfcc-feats.cc:182) Processed features for key viet_5_28
VLOG[2] (compute-mfcc-feats[5.5.671~1-e5a5a]:main():compute-mfcc-feats.cc:182) Processed features for key viet_5_29
VLOG[2] (compute-mfcc-feats[5.5.671~1-e5a5a]:main():compute-mfcc-feats.cc:182) Processed features for key viet_5_3
VLOG[2] (compute-mfcc-feats[5.5.671~1-e5a5a]:main():compute-mfcc-feats.cc:182) Processed features for key viet_5_30
VLOG[2] (compute-mfcc-feats[5.5.671~1-e5a5a]:main():compute-mfcc-feats.cc:182) Processed features for key viet_5_31
VLOG[2] (compute-mfcc-feats[5.5.671~1-e5a5a]:main():compute-mfcc-feats.cc:182) Processed features for key viet_5_32
VLOG[2] (compute-mfcc-feats[5.5.671~1-e5a5a]:main():compute-mfcc-feats.cc:182) Processed features for key viet_5_33
VLOG[2] (compute-mfcc-feats[5.5.671~1-e5a5a]:main():compute-mfcc-feats.cc:182) Processed features for key viet_5_34
LOG (compute-mfcc-feats[5.5.671~1-e5a5a]:main():compute-mfcc-feats.cc:181) Processed 230 utterances
VLOG[2] (compute-mfcc-feats[5.5.671~1-e5a5a]:main():compute-mfcc-feats.cc:182) Processed features for key viet_5_35
VLOG[2] (compute-mfcc-feats[5.5.671~1-e5a5a]:main():compute-mfcc-feats.cc:182) Processed features for key viet_5_36
VLOG[2] (compute-mfcc-feats[5.5.671~1-e5a5a]:main():compute-mfcc-feats.cc:182) Processed features for key viet_5_37
VLOG[2] (compute-mfcc-feats[5.5.671~1-e5a5a]:main():compute-mfcc-feats.cc:182) Processed features for key viet_5_38
VLOG[2] (compute-mfcc-feats[5.5.671~1-e5a5a]:main():compute-mfcc-feats.cc:182) Processed features for key viet_5_39
VLOG[2] (compute-mfcc-feats[5.5.671~1-e5a5a]:main():compute-mfcc-feats.cc:182) Processed features for key viet_5_4
VLOG[2] (compute-mfcc-feats[5.5.671~1-e5a5a]:main():compute-mfcc-feats.cc:182) Processed features for key viet_5_5
VLOG[2] (compute-mfcc-feats[5.5.671~1-e5a5a]:main():compute-mfcc-feats.cc:182) Processed features for key viet_5_6
VLOG[2] (compute-mfcc-feats[5.5.671~1-e5a5a]:main():compute-mfcc-feats.cc:182) Processed features for key viet_5_7
VLOG[2] (compute-mfcc-feats[5.5.671~1-e5a5a]:main():compute-mfcc-feats.cc:182) Processed features for key viet_5_8
LOG (compute-mfcc-feats[5.5.671~1-e5a5a]:main():compute-mfcc-feats.cc:181) Processed 240 utterances
VLOG[2] (compute-mfcc-feats[5.5.671~1-e5a5a]:main():compute-mfcc-feats.cc:182) Processed features for key viet_5_9
VLOG[2] (compute-mfcc-feats[5.5.671~1-e5a5a]:main():compute-mfcc-feats.cc:182) Processed features for key viet_6_0
VLOG[2] (compute-mfcc-feats[5.5.671~1-e5a5a]:main():compute-mfcc-feats.cc:182) Processed features for key viet_6_1
VLOG[2] (compute-mfcc-feats[5.5.671~1-e5a5a]:main():compute-mfcc-feats.cc:182) Processed features for key viet_6_10
VLOG[2] (compute-mfcc-feats[5.5.671~1-e5a5a]:main():compute-mfcc-feats.cc:182) Processed features for key viet_6_11
VLOG[2] (compute-mfcc-feats[5.5.671~1-e5a5a]:main():compute-mfcc-feats.cc:182) Processed features for key viet_6_12
VLOG[2] (compute-mfcc-feats[5.5.671~1-e5a5a]:main():compute-mfcc-feats.cc:182) Processed features for key viet_6_13
VLOG[2] (compute-mfcc-feats[5.5.671~1-e5a5a]:main():compute-mfcc-feats.cc:182) Processed features for key viet_6_14
VLOG[2] (compute-mfcc-feats[5.5.671~1-e5a5a]:main():compute-mfcc-feats.cc:182) Processed features for key viet_6_15
VLOG[2] (compute-mfcc-feats[5.5.671~1-e5a5a]:main():compute-mfcc-feats.cc:182) Processed features for key viet_6_16
LOG (compute-mfcc-feats[5.5.671~1-e5a5a]:main():compute-mfcc-feats.cc:181) Processed 250 utterances
VLOG[2] (compute-mfcc-feats[5.5.671~1-e5a5a]:main():compute-mfcc-feats.cc:182) Processed features for key viet_6_17
VLOG[2] (compute-mfcc-feats[5.5.671~1-e5a5a]:main():compute-mfcc-feats.cc:182) Processed features for key viet_6_18
VLOG[2] (compute-mfcc-feats[5.5.671~1-e5a5a]:main():compute-mfcc-feats.cc:182) Processed features for key viet_6_19
VLOG[2] (compute-mfcc-feats[5.5.671~1-e5a5a]:main():compute-mfcc-feats.cc:182) Processed features for key viet_6_2
VLOG[2] (compute-mfcc-feats[5.5.671~1-e5a5a]:main():compute-mfcc-feats.cc:182) Processed features for key viet_6_20
VLOG[2] (compute-mfcc-feats[5.5.671~1-e5a5a]:main():compute-mfcc-feats.cc:182) Processed features for key viet_6_21
VLOG[2] (compute-mfcc-feats[5.5.671~1-e5a5a]:main():compute-mfcc-feats.cc:182) Processed features for key viet_6_22
VLOG[2] (compute-mfcc-feats[5.5.671~1-e5a5a]:main():compute-mfcc-feats.cc:182) Processed features for key viet_6_23
VLOG[2] (compute-mfcc-feats[5.5.671~1-e5a5a]:main():compute-mfcc-feats.cc:182) Processed features for key viet_6_24
VLOG[2] (compute-mfcc-feats[5.5.671~1-e5a5a]:main():compute-mfcc-feats.cc:182) Processed features for key viet_6_25
LOG (compute-mfcc-feats[5.5.671~1-e5a5a]:main():compute-mfcc-feats.cc:181) Processed 260 utterances
VLOG[2] (compute-mfcc-feats[5.5.671~1-e5a5a]:main():compute-mfcc-feats.cc:182) Processed features for key viet_6_26
VLOG[2] (compute-mfcc-feats[5.5.671~1-e5a5a]:main():compute-mfcc-feats.cc:182) Processed features for key viet_6_27
VLOG[2] (compute-mfcc-feats[5.5.671~1-e5a5a]:main():compute-mfcc-feats.cc:182) Processed features for key viet_6_28
VLOG[2] (compute-mfcc-feats[5.5.671~1-e5a5a]:main():compute-mfcc-feats.cc:182) Processed features for key viet_6_29
VLOG[2] (compute-mfcc-feats[5.5.671~1-e5a5a]:main():compute-mfcc-feats.cc:182) Processed features for key viet_6_3
VLOG[2] (compute-mfcc-feats[5.5.671~1-e5a5a]:main():compute-mfcc-feats.cc:182) Processed features for key viet_6_30
VLOG[2] (compute-mfcc-feats[5.5.671~1-e5a5a]:main():compute-mfcc-feats.cc:182) Processed features for key viet_6_31
VLOG[2] (compute-mfcc-feats[5.5.671~1-e5a5a]:main():compute-mfcc-feats.cc:182) Processed features for key viet_6_32
VLOG[2] (compute-mfcc-feats[5.5.671~1-e5a5a]:main():compute-mfcc-feats.cc:182) Processed features for key viet_6_33
VLOG[2] (compute-mfcc-feats[5.5.671~1-e5a5a]:main():compute-mfcc-feats.cc:182) Processed features for key viet_6_34
LOG (compute-mfcc-feats[5.5.671~1-e5a5a]:main():compute-mfcc-feats.cc:181) Processed 270 utterances
VLOG[2] (compute-mfcc-feats[5.5.671~1-e5a5a]:main():compute-mfcc-feats.cc:182) Processed features for key viet_6_35
VLOG[2] (compute-mfcc-feats[5.5.671~1-e5a5a]:main():compute-mfcc-feats.cc:182) Processed features for key viet_6_36
VLOG[2] (compute-mfcc-feats[5.5.671~1-e5a5a]:main():compute-mfcc-feats.cc:182) Processed features for key viet_6_37
VLOG[2] (compute-mfcc-feats[5.5.671~1-e5a5a]:main():compute-mfcc-feats.cc:182) Processed features for key viet_6_38
VLOG[2] (compute-mfcc-feats[5.5.671~1-e5a5a]:main():compute-mfcc-feats.cc:182) Processed features for key viet_6_39
VLOG[2] (compute-mfcc-feats[5.5.671~1-e5a5a]:main():compute-mfcc-feats.cc:182) Processed features for key viet_6_4
VLOG[2] (compute-mfcc-feats[5.5.671~1-e5a5a]:main():compute-mfcc-feats.cc:182) Processed features for key viet_6_5
VLOG[2] (compute-mfcc-feats[5.5.671~1-e5a5a]:main():compute-mfcc-feats.cc:182) Processed features for key viet_6_6
VLOG[2] (compute-mfcc-feats[5.5.671~1-e5a5a]:main():compute-mfcc-feats.cc:182) Processed features for key viet_6_7
VLOG[2] (compute-mfcc-feats[5.5.671~1-e5a5a]:main():compute-mfcc-feats.cc:182) Processed features for key viet_6_8
LOG (compute-mfcc-feats[5.5.671~1-e5a5a]:main():compute-mfcc-feats.cc:181) Processed 280 utterances
VLOG[2] (compute-mfcc-feats[5.5.671~1-e5a5a]:main():compute-mfcc-feats.cc:182) Processed features for key viet_6_9
VLOG[2] (compute-mfcc-feats[5.5.671~1-e5a5a]:main():compute-mfcc-feats.cc:182) Processed features for key viet_7_0
VLOG[2] (compute-mfcc-feats[5.5.671~1-e5a5a]:main():compute-mfcc-feats.cc:182) Processed features for key viet_7_1
VLOG[2] (compute-mfcc-feats[5.5.671~1-e5a5a]:main():compute-mfcc-feats.cc:182) Processed features for key viet_7_10
VLOG[2] (compute-mfcc-feats[5.5.671~1-e5a5a]:main():compute-mfcc-feats.cc:182) Processed features for key viet_7_11
VLOG[2] (compute-mfcc-feats[5.5.671~1-e5a5a]:main():compute-mfcc-feats.cc:182) Processed features for key viet_7_12
VLOG[2] (compute-mfcc-feats[5.5.671~1-e5a5a]:main():compute-mfcc-feats.cc:182) Processed features for key viet_7_13
VLOG[2] (compute-mfcc-feats[5.5.671~1-e5a5a]:main():compute-mfcc-feats.cc:182) Processed features for key viet_7_14
VLOG[2] (compute-mfcc-feats[5.5.671~1-e5a5a]:main():compute-mfcc-feats.cc:182) Processed features for key viet_7_15
VLOG[2] (compute-mfcc-feats[5.5.671~1-e5a5a]:main():compute-mfcc-feats.cc:182) Processed features for key viet_7_16
LOG (compute-mfcc-feats[5.5.671~1-e5a5a]:main():compute-mfcc-feats.cc:181) Processed 290 utterances
VLOG[2] (compute-mfcc-feats[5.5.671~1-e5a5a]:main():compute-mfcc-feats.cc:182) Processed features for key viet_7_17
VLOG[2] (compute-mfcc-feats[5.5.671~1-e5a5a]:main():compute-mfcc-feats.cc:182) Processed features for key viet_7_18
VLOG[2] (compute-mfcc-feats[5.5.671~1-e5a5a]:main():compute-mfcc-feats.cc:182) Processed features for key viet_7_19
VLOG[2] (compute-mfcc-feats[5.5.671~1-e5a5a]:main():compute-mfcc-feats.cc:182) Processed features for key viet_7_2
VLOG[2] (compute-mfcc-feats[5.5.671~1-e5a5a]:main():compute-mfcc-feats.cc:182) Processed features for key viet_7_20
VLOG[2] (compute-mfcc-feats[5.5.671~1-e5a5a]:main():compute-mfcc-feats.cc:182) Processed features for key viet_7_21
VLOG[2] (compute-mfcc-feats[5.5.671~1-e5a5a]:main():compute-mfcc-feats.cc:182) Processed features for key viet_7_22
VLOG[2] (compute-mfcc-feats[5.5.671~1-e5a5a]:main():compute-mfcc-feats.cc:182) Processed features for key viet_7_23
VLOG[2] (compute-mfcc-feats[5.5.671~1-e5a5a]:main():compute-mfcc-feats.cc:182) Processed features for key viet_7_24
VLOG[2] (compute-mfcc-feats[5.5.671~1-e5a5a]:main():compute-mfcc-feats.cc:182) Processed features for key viet_7_25
LOG (compute-mfcc-feats[5.5.671~1-e5a5a]:main():compute-mfcc-feats.cc:181) Processed 300 utterances
VLOG[2] (compute-mfcc-feats[5.5.671~1-e5a5a]:main():compute-mfcc-feats.cc:182) Processed features for key viet_7_26
VLOG[2] (compute-mfcc-feats[5.5.671~1-e5a5a]:main():compute-mfcc-feats.cc:182) Processed features for key viet_7_27
VLOG[2] (compute-mfcc-feats[5.5.671~1-e5a5a]:main():compute-mfcc-feats.cc:182) Processed features for key viet_7_28
VLOG[2] (compute-mfcc-feats[5.5.671~1-e5a5a]:main():compute-mfcc-feats.cc:182) Processed features for key viet_7_29
VLOG[2] (compute-mfcc-feats[5.5.671~1-e5a5a]:main():compute-mfcc-feats.cc:182) Processed features for key viet_7_3
VLOG[2] (compute-mfcc-feats[5.5.671~1-e5a5a]:main():compute-mfcc-feats.cc:182) Processed features for key viet_7_30
VLOG[2] (compute-mfcc-feats[5.5.671~1-e5a5a]:main():compute-mfcc-feats.cc:182) Processed features for key viet_7_31
VLOG[2] (compute-mfcc-feats[5.5.671~1-e5a5a]:main():compute-mfcc-feats.cc:182) Processed features for key viet_7_32
VLOG[2] (compute-mfcc-feats[5.5.671~1-e5a5a]:main():compute-mfcc-feats.cc:182) Processed features for key viet_7_33
VLOG[2] (compute-mfcc-feats[5.5.671~1-e5a5a]:main():compute-mfcc-feats.cc:182) Processed features for key viet_7_34
LOG (compute-mfcc-feats[5.5.671~1-e5a5a]:main():compute-mfcc-feats.cc:181) Processed 310 utterances
VLOG[2] (compute-mfcc-feats[5.5.671~1-e5a5a]:main():compute-mfcc-feats.cc:182) Processed features for key viet_7_35
VLOG[2] (compute-mfcc-feats[5.5.671~1-e5a5a]:main():compute-mfcc-feats.cc:182) Processed features for key viet_7_36
VLOG[2] (compute-mfcc-feats[5.5.671~1-e5a5a]:main():compute-mfcc-feats.cc:182) Processed features for key viet_7_37
VLOG[2] (compute-mfcc-feats[5.5.671~1-e5a5a]:main():compute-mfcc-feats.cc:182) Processed features for key viet_7_38
VLOG[2] (compute-mfcc-feats[5.5.671~1-e5a5a]:main():compute-mfcc-feats.cc:182) Processed features for key viet_7_39
VLOG[2] (compute-mfcc-feats[5.5.671~1-e5a5a]:main():compute-mfcc-feats.cc:182) Processed features for key viet_7_4
VLOG[2] (compute-mfcc-feats[5.5.671~1-e5a5a]:main():compute-mfcc-feats.cc:182) Processed features for key viet_7_5
VLOG[2] (compute-mfcc-feats[5.5.671~1-e5a5a]:main():compute-mfcc-feats.cc:182) Processed features for key viet_7_6
VLOG[2] (compute-mfcc-feats[5.5.671~1-e5a5a]:main():compute-mfcc-feats.cc:182) Processed features for key viet_7_7
VLOG[2] (compute-mfcc-feats[5.5.671~1-e5a5a]:main():compute-mfcc-feats.cc:182) Processed features for key viet_7_8
LOG (compute-mfcc-feats[5.5.671~1-e5a5a]:main():compute-mfcc-feats.cc:181) Processed 320 utterances
VLOG[2] (compute-mfcc-feats[5.5.671~1-e5a5a]:main():compute-mfcc-feats.cc:182) Processed features for key viet_7_9
VLOG[2] (compute-mfcc-feats[5.5.671~1-e5a5a]:main():compute-mfcc-feats.cc:182) Processed features for key viet_8_0
VLOG[2] (compute-mfcc-feats[5.5.671~1-e5a5a]:main():compute-mfcc-feats.cc:182) Processed features for key viet_8_1
VLOG[2] (compute-mfcc-feats[5.5.671~1-e5a5a]:main():compute-mfcc-feats.cc:182) Processed features for key viet_8_10
VLOG[2] (compute-mfcc-feats[5.5.671~1-e5a5a]:main():compute-mfcc-feats.cc:182) Processed features for key viet_8_11
VLOG[2] (compute-mfcc-feats[5.5.671~1-e5a5a]:main():compute-mfcc-feats.cc:182) Processed features for key viet_8_12
VLOG[2] (compute-mfcc-feats[5.5.671~1-e5a5a]:main():compute-mfcc-feats.cc:182) Processed features for key viet_8_13
VLOG[2] (compute-mfcc-feats[5.5.671~1-e5a5a]:main():compute-mfcc-feats.cc:182) Processed features for key viet_8_14
VLOG[2] (compute-mfcc-feats[5.5.671~1-e5a5a]:main():compute-mfcc-feats.cc:182) Processed features for key viet_8_15
VLOG[2] (compute-mfcc-feats[5.5.671~1-e5a5a]:main():compute-mfcc-feats.cc:182) Processed features for key viet_8_16
LOG (compute-mfcc-feats[5.5.671~1-e5a5a]:main():compute-mfcc-feats.cc:181) Processed 330 utterances
VLOG[2] (compute-mfcc-feats[5.5.671~1-e5a5a]:main():compute-mfcc-feats.cc:182) Processed features for key viet_8_17
VLOG[2] (compute-mfcc-feats[5.5.671~1-e5a5a]:main():compute-mfcc-feats.cc:182) Processed features for key viet_8_18
VLOG[2] (compute-mfcc-feats[5.5.671~1-e5a5a]:main():compute-mfcc-feats.cc:182) Processed features for key viet_8_19
VLOG[2] (compute-mfcc-feats[5.5.671~1-e5a5a]:main():compute-mfcc-feats.cc:182) Processed features for key viet_8_2
VLOG[2] (compute-mfcc-feats[5.5.671~1-e5a5a]:main():compute-mfcc-feats.cc:182) Processed features for key viet_8_20
VLOG[2] (compute-mfcc-feats[5.5.671~1-e5a5a]:main():compute-mfcc-feats.cc:182) Processed features for key viet_8_21
VLOG[2] (compute-mfcc-feats[5.5.671~1-e5a5a]:main():compute-mfcc-feats.cc:182) Processed features for key viet_8_22
VLOG[2] (compute-mfcc-feats[5.5.671~1-e5a5a]:main():compute-mfcc-feats.cc:182) Processed features for key viet_8_23
VLOG[2] (compute-mfcc-feats[5.5.671~1-e5a5a]:main():compute-mfcc-feats.cc:182) Processed features for key viet_8_24
VLOG[2] (compute-mfcc-feats[5.5.671~1-e5a5a]:main():compute-mfcc-feats.cc:182) Processed features for key viet_8_25
LOG (compute-mfcc-feats[5.5.671~1-e5a5a]:main():compute-mfcc-feats.cc:181) Processed 340 utterances
VLOG[2] (compute-mfcc-feats[5.5.671~1-e5a5a]:main():compute-mfcc-feats.cc:182) Processed features for key viet_8_26
VLOG[2] (compute-mfcc-feats[5.5.671~1-e5a5a]:main():compute-mfcc-feats.cc:182) Processed features for key viet_8_27
VLOG[2] (compute-mfcc-feats[5.5.671~1-e5a5a]:main():compute-mfcc-feats.cc:182) Processed features for key viet_8_28
VLOG[2] (compute-mfcc-feats[5.5.671~1-e5a5a]:main():compute-mfcc-feats.cc:182) Processed features for key viet_8_29
VLOG[2] (compute-mfcc-feats[5.5.671~1-e5a5a]:main():compute-mfcc-feats.cc:182) Processed features for key viet_8_3
VLOG[2] (compute-mfcc-feats[5.5.671~1-e5a5a]:main():compute-mfcc-feats.cc:182) Processed features for key viet_8_30
VLOG[2] (compute-mfcc-feats[5.5.671~1-e5a5a]:main():compute-mfcc-feats.cc:182) Processed features for key viet_8_31
VLOG[2] (compute-mfcc-feats[5.5.671~1-e5a5a]:main():compute-mfcc-feats.cc:182) Processed features for key viet_8_32
VLOG[2] (compute-mfcc-feats[5.5.671~1-e5a5a]:main():compute-mfcc-feats.cc:182) Processed features for key viet_8_33
VLOG[2] (compute-mfcc-feats[5.5.671~1-e5a5a]:main():compute-mfcc-feats.cc:182) Processed features for key viet_8_34
LOG (compute-mfcc-feats[5.5.671~1-e5a5a]:main():compute-mfcc-feats.cc:181) Processed 350 utterances
VLOG[2] (compute-mfcc-feats[5.5.671~1-e5a5a]:main():compute-mfcc-feats.cc:182) Processed features for key viet_8_35
VLOG[2] (compute-mfcc-feats[5.5.671~1-e5a5a]:main():compute-mfcc-feats.cc:182) Processed features for key viet_8_36
VLOG[2] (compute-mfcc-feats[5.5.671~1-e5a5a]:main():compute-mfcc-feats.cc:182) Processed features for key viet_8_37
VLOG[2] (compute-mfcc-feats[5.5.671~1-e5a5a]:main():compute-mfcc-feats.cc:182) Processed features for key viet_8_38
VLOG[2] (compute-mfcc-feats[5.5.671~1-e5a5a]:main():compute-mfcc-feats.cc:182) Processed features for key viet_8_39
VLOG[2] (compute-mfcc-feats[5.5.671~1-e5a5a]:main():compute-mfcc-feats.cc:182) Processed features for key viet_8_4
VLOG[2] (compute-mfcc-feats[5.5.671~1-e5a5a]:main():compute-mfcc-feats.cc:182) Processed features for key viet_8_5
VLOG[2] (compute-mfcc-feats[5.5.671~1-e5a5a]:main():compute-mfcc-feats.cc:182) Processed features for key viet_8_6
VLOG[2] (compute-mfcc-feats[5.5.671~1-e5a5a]:main():compute-mfcc-feats.cc:182) Processed features for key viet_8_7
VLOG[2] (compute-mfcc-feats[5.5.671~1-e5a5a]:main():compute-mfcc-feats.cc:182) Processed features for key viet_8_8
LOG (compute-mfcc-feats[5.5.671~1-e5a5a]:main():compute-mfcc-feats.cc:181) Processed 360 utterances
VLOG[2] (compute-mfcc-feats[5.5.671~1-e5a5a]:main():compute-mfcc-feats.cc:182) Processed features for key viet_8_9
VLOG[2] (compute-mfcc-feats[5.5.671~1-e5a5a]:main():compute-mfcc-feats.cc:182) Processed features for key viet_9_0
VLOG[2] (compute-mfcc-feats[5.5.671~1-e5a5a]:main():compute-mfcc-feats.cc:182) Processed features for key viet_9_1
VLOG[2] (compute-mfcc-feats[5.5.671~1-e5a5a]:main():compute-mfcc-feats.cc:182) Processed features for key viet_9_10
VLOG[2] (compute-mfcc-feats[5.5.671~1-e5a5a]:main():compute-mfcc-feats.cc:182) Processed features for key viet_9_11
VLOG[2] (compute-mfcc-feats[5.5.671~1-e5a5a]:main():compute-mfcc-feats.cc:182) Processed features for key viet_9_12
VLOG[2] (compute-mfcc-feats[5.5.671~1-e5a5a]:main():compute-mfcc-feats.cc:182) Processed features for key viet_9_13
VLOG[2] (compute-mfcc-feats[5.5.671~1-e5a5a]:main():compute-mfcc-feats.cc:182) Processed features for key viet_9_14
VLOG[2] (compute-mfcc-feats[5.5.671~1-e5a5a]:main():compute-mfcc-feats.cc:182) Processed features for key viet_9_15
VLOG[2] (compute-mfcc-feats[5.5.671~1-e5a5a]:main():compute-mfcc-feats.cc:182) Processed features for key viet_9_16
LOG (compute-mfcc-feats[5.5.671~1-e5a5a]:main():compute-mfcc-feats.cc:181) Processed 370 utterances
VLOG[2] (compute-mfcc-feats[5.5.671~1-e5a5a]:main():compute-mfcc-feats.cc:182) Processed features for key viet_9_17
VLOG[2] (compute-mfcc-feats[5.5.671~1-e5a5a]:main():compute-mfcc-feats.cc:182) Processed features for key viet_9_18
VLOG[2] (compute-mfcc-feats[5.5.671~1-e5a5a]:main():compute-mfcc-feats.cc:182) Processed features for key viet_9_19
VLOG[2] (compute-mfcc-feats[5.5.671~1-e5a5a]:main():compute-mfcc-feats.cc:182) Processed features for key viet_9_2
VLOG[2] (compute-mfcc-feats[5.5.671~1-e5a5a]:main():compute-mfcc-feats.cc:182) Processed features for key viet_9_20
VLOG[2] (compute-mfcc-feats[5.5.671~1-e5a5a]:main():compute-mfcc-feats.cc:182) Processed features for key viet_9_21
VLOG[2] (compute-mfcc-feats[5.5.671~1-e5a5a]:main():compute-mfcc-feats.cc:182) Processed features for key viet_9_22
VLOG[2] (compute-mfcc-feats[5.5.671~1-e5a5a]:main():compute-mfcc-feats.cc:182) Processed features for key viet_9_23
VLOG[2] (compute-mfcc-feats[5.5.671~1-e5a5a]:main():compute-mfcc-feats.cc:182) Processed features for key viet_9_24
VLOG[2] (compute-mfcc-feats[5.5.671~1-e5a5a]:main():compute-mfcc-feats.cc:182) Processed features for key viet_9_25
LOG (compute-mfcc-feats[5.5.671~1-e5a5a]:main():compute-mfcc-feats.cc:181) Processed 380 utterances
VLOG[2] (compute-mfcc-feats[5.5.671~1-e5a5a]:main():compute-mfcc-feats.cc:182) Processed features for key viet_9_26
VLOG[2] (compute-mfcc-feats[5.5.671~1-e5a5a]:main():compute-mfcc-feats.cc:182) Processed features for key viet_9_27
VLOG[2] (compute-mfcc-feats[5.5.671~1-e5a5a]:main():compute-mfcc-feats.cc:182) Processed features for key viet_9_28
VLOG[2] (compute-mfcc-feats[5.5.671~1-e5a5a]:main():compute-mfcc-feats.cc:182) Processed features for key viet_9_29
VLOG[2] (compute-mfcc-feats[5.5.671~1-e5a5a]:main():compute-mfcc-feats.cc:182) Processed features for key viet_9_3
VLOG[2] (compute-mfcc-feats[5.5.671~1-e5a5a]:main():compute-mfcc-feats.cc:182) Processed features for key viet_9_30
VLOG[2] (compute-mfcc-feats[5.5.671~1-e5a5a]:main():compute-mfcc-feats.cc:182) Processed features for key viet_9_31
VLOG[2] (compute-mfcc-feats[5.5.671~1-e5a5a]:main():compute-mfcc-feats.cc:182) Processed features for key viet_9_32
VLOG[2] (compute-mfcc-feats[5.5.671~1-e5a5a]:main():compute-mfcc-feats.cc:182) Processed features for key viet_9_33
VLOG[2] (compute-mfcc-feats[5.5.671~1-e5a5a]:main():compute-mfcc-feats.cc:182) Processed features for key viet_9_34
LOG (compute-mfcc-feats[5.5.671~1-e5a5a]:main():compute-mfcc-feats.cc:181) Processed 390 utterances
VLOG[2] (compute-mfcc-feats[5.5.671~1-e5a5a]:main():compute-mfcc-feats.cc:182) Processed features for key viet_9_35
VLOG[2] (compute-mfcc-feats[5.5.671~1-e5a5a]:main():compute-mfcc-feats.cc:182) Processed features for key viet_9_36
VLOG[2] (compute-mfcc-feats[5.5.671~1-e5a5a]:main():compute-mfcc-feats.cc:182) Processed features for key viet_9_37
VLOG[2] (compute-mfcc-feats[5.5.671~1-e5a5a]:main():compute-mfcc-feats.cc:182) Processed features for key viet_9_38
VLOG[2] (compute-mfcc-feats[5.5.671~1-e5a5a]:main():compute-mfcc-feats.cc:182) Processed features for key viet_9_39
VLOG[2] (compute-mfcc-feats[5.5.671~1-e5a5a]:main():compute-mfcc-feats.cc:182) Processed features for key viet_9_4
VLOG[2] (compute-mfcc-feats[5.5.671~1-e5a5a]:main():compute-mfcc-feats.cc:182) Processed features for key viet_9_5
VLOG[2] (compute-mfcc-feats[5.5.671~1-e5a5a]:main():compute-mfcc-feats.cc:182) Processed features for key viet_9_6
VLOG[2] (compute-mfcc-feats[5.5.671~1-e5a5a]:main():compute-mfcc-feats.cc:182) Processed features for key viet_9_7
VLOG[2] (compute-mfcc-feats[5.5.671~1-e5a5a]:main():compute-mfcc-feats.cc:182) Processed features for key viet_9_8
LOG (compute-mfcc-feats[5.5.671~1-e5a5a]:main():compute-mfcc-feats.cc:181) Processed 400 utterances
VLOG[2] (compute-mfcc-feats[5.5.671~1-e5a5a]:main():compute-mfcc-feats.cc:182) Processed features for key viet_9_9
LOG (compute-mfcc-feats[5.5.671~1-e5a5a]:main():compute-mfcc-feats.cc:185)  Done 400 out of 400 utterances.
LOG (copy-feats[5.5.671~1-e5a5a]:main():copy-feats.cc:143) Copied 400 feature matrices.
# Accounting: time=1 threads=1
# Ended (code 0) at Sat Apr 11 03:16:40 PDT 2020, elapsed time 1 seconds
