# gmm-est --mix-up=3080 --power=0.25 --write-occs=exp/tri1/5.occs exp/tri1/4.mdl "gmm-sum-accs - exp/tri1/4.*.acc |" exp/tri1/5.mdl 
# Started at Mon Apr 20 03:05:22 PDT 2020
#
gmm-est --mix-up=3080 --power=0.25 --write-occs=exp/tri1/5.occs exp/tri1/4.mdl 'gmm-sum-accs - exp/tri1/4.*.acc |' exp/tri1/5.mdl 
gmm-sum-accs - exp/tri1/4.1.acc 
LOG (gmm-sum-accs[5.5.671~1-e5a5a]:main():gmm-sum-accs.cc:63) Summed 1 stats, total count 38034, avg like/frame -83.3533
LOG (gmm-sum-accs[5.5.671~1-e5a5a]:main():gmm-sum-accs.cc:66) Total count of stats is 38034
LOG (gmm-sum-accs[5.5.671~1-e5a5a]:main():gmm-sum-accs.cc:67) Written stats to -
LOG (gmm-est[5.5.671~1-e5a5a]:MleUpdate():transition-model.cc:528) TransitionModel::Update, objf change is 0 per frame over 38034 frames. 
LOG (gmm-est[5.5.671~1-e5a5a]:MleUpdate():transition-model.cc:531) 7 probabilities floored, 301 out of 390 transition-states skipped due to insuffient data (it is normal to have some skipped.)
LOG (gmm-est[5.5.671~1-e5a5a]:main():gmm-est.cc:102) Transition model update: Overall 0 log-like improvement per frame over 38034 frames.
WARNING (gmm-est[5.5.671~1-e5a5a]:MleDiagGmmUpdate():mle-diag-gmm.cc:359) Too little data - removing Gaussian (weight 0.001808, occupation count 5.636671, vector size 39)
WARNING (gmm-est[5.5.671~1-e5a5a]:MleDiagGmmUpdate():mle-diag-gmm.cc:359) Too little data - removing Gaussian (weight 0.002694, occupation count 8.399976, vector size 39)
WARNING (gmm-est[5.5.671~1-e5a5a]:MleDiagGmmUpdate():mle-diag-gmm.cc:359) Too little data - removing Gaussian (weight 0.002820, occupation count 8.791494, vector size 39)
WARNING (gmm-est[5.5.671~1-e5a5a]:MleDiagGmmUpdate():mle-diag-gmm.cc:359) Too little data - removing Gaussian (weight 0.002319, occupation count 7.230852, vector size 39)
WARNING (gmm-est[5.5.671~1-e5a5a]:MleDiagGmmUpdate():mle-diag-gmm.cc:359) Too little data - removing Gaussian (weight 0.001502, occupation count 4.683752, vector size 39)
WARNING (gmm-est[5.5.671~1-e5a5a]:MleDiagGmmUpdate():mle-diag-gmm.cc:359) Too little data - removing Gaussian (weight 0.002417, occupation count 7.536821, vector size 39)
WARNING (gmm-est[5.5.671~1-e5a5a]:MleDiagGmmUpdate():mle-diag-gmm.cc:359) Too little data - removing Gaussian (weight 0.001721, occupation count 5.367448, vector size 39)
WARNING (gmm-est[5.5.671~1-e5a5a]:MleDiagGmmUpdate():mle-diag-gmm.cc:359) Too little data - removing Gaussian (weight 0.003200, occupation count 9.978622, vector size 39)
WARNING (gmm-est[5.5.671~1-e5a5a]:MleDiagGmmUpdate():mle-diag-gmm.cc:359) Too little data - removing Gaussian (weight 0.001463, occupation count 4.562204, vector size 39)
WARNING (gmm-est[5.5.671~1-e5a5a]:MleDiagGmmUpdate():mle-diag-gmm.cc:359) Too little data - removing Gaussian (weight 0.001960, occupation count 6.112236, vector size 39)
WARNING (gmm-est[5.5.671~1-e5a5a]:MleDiagGmmUpdate():mle-diag-gmm.cc:359) Too little data - removing Gaussian (weight 0.001846, occupation count 5.754556, vector size 39)
WARNING (gmm-est[5.5.671~1-e5a5a]:MleDiagGmmUpdate():mle-diag-gmm.cc:359) Too little data - removing Gaussian (weight 0.002836, occupation count 8.843372, vector size 39)
WARNING (gmm-est[5.5.671~1-e5a5a]:MleDiagGmmUpdate():mle-diag-gmm.cc:359) Too little data - removing Gaussian (weight 0.001535, occupation count 4.785777, vector size 39)
WARNING (gmm-est[5.5.671~1-e5a5a]:MleDiagGmmUpdate():mle-diag-gmm.cc:359) Too little data - removing Gaussian (weight 0.001790, occupation count 5.579789, vector size 39)
WARNING (gmm-est[5.5.671~1-e5a5a]:MleDiagGmmUpdate():mle-diag-gmm.cc:359) Too little data - removing Gaussian (weight 0.002450, occupation count 7.639394, vector size 39)
WARNING (gmm-est[5.5.671~1-e5a5a]:MleDiagGmmUpdate():mle-diag-gmm.cc:359) Too little data - removing Gaussian (weight 0.001792, occupation count 5.588783, vector size 39)
WARNING (gmm-est[5.5.671~1-e5a5a]:MleDiagGmmUpdate():mle-diag-gmm.cc:359) Too little data - removing Gaussian (weight 0.001887, occupation count 5.885098, vector size 39)
WARNING (gmm-est[5.5.671~1-e5a5a]:MleDiagGmmUpdate():mle-diag-gmm.cc:359) Too little data - removing Gaussian (weight 0.002021, occupation count 6.301389, vector size 39)
WARNING (gmm-est[5.5.671~1-e5a5a]:MleDiagGmmUpdate():mle-diag-gmm.cc:359) Too little data - removing Gaussian (weight 0.002899, occupation count 9.038186, vector size 39)
WARNING (gmm-est[5.5.671~1-e5a5a]:MleDiagGmmUpdate():mle-diag-gmm.cc:359) Too little data - removing Gaussian (weight 0.001925, occupation count 6.002960, vector size 39)
WARNING (gmm-est[5.5.671~1-e5a5a]:MleDiagGmmUpdate():mle-diag-gmm.cc:359) Too little data - removing Gaussian (weight 0.001870, occupation count 5.831838, vector size 39)
WARNING (gmm-est[5.5.671~1-e5a5a]:MleDiagGmmUpdate():mle-diag-gmm.cc:359) Too little data - removing Gaussian (weight 0.002426, occupation count 7.563593, vector size 39)
WARNING (gmm-est[5.5.671~1-e5a5a]:MleDiagGmmUpdate():mle-diag-gmm.cc:359) Too little data - removing Gaussian (weight 0.001337, occupation count 4.168667, vector size 39)
WARNING (gmm-est[5.5.671~1-e5a5a]:MleDiagGmmUpdate():mle-diag-gmm.cc:359) Too little data - removing Gaussian (weight 0.002015, occupation count 6.283098, vector size 39)
WARNING (gmm-est[5.5.671~1-e5a5a]:MleDiagGmmUpdate():mle-diag-gmm.cc:359) Too little data - removing Gaussian (weight 0.001731, occupation count 5.396977, vector size 39)
WARNING (gmm-est[5.5.671~1-e5a5a]:MleDiagGmmUpdate():mle-diag-gmm.cc:359) Too little data - removing Gaussian (weight 0.002385, occupation count 7.435968, vector size 39)
WARNING (gmm-est[5.5.671~1-e5a5a]:MleDiagGmmUpdate():mle-diag-gmm.cc:359) Too little data - removing Gaussian (weight 0.001497, occupation count 4.668628, vector size 39)
WARNING (gmm-est[5.5.671~1-e5a5a]:MleDiagGmmUpdate():mle-diag-gmm.cc:359) Too little data - removing Gaussian (weight 0.001717, occupation count 5.354404, vector size 39)
WARNING (gmm-est[5.5.671~1-e5a5a]:MleDiagGmmUpdate():mle-diag-gmm.cc:365) Gaussian has too little data but not removing it because it is the last Gaussian: i = 0, occ = 0, weight = 1
WARNING (gmm-est[5.5.671~1-e5a5a]:MleDiagGmmUpdate():mle-diag-gmm.cc:359) Too little data - removing Gaussian (weight 0.018072, occupation count 7.084161, vector size 39)
WARNING (gmm-est[5.5.671~1-e5a5a]:MleDiagGmmUpdate():mle-diag-gmm.cc:359) Too little data - removing Gaussian (weight 0.005014, occupation count 4.913579, vector size 39)
WARNING (gmm-est[5.5.671~1-e5a5a]:MleDiagGmmUpdate():mle-diag-gmm.cc:359) Too little data - removing Gaussian (weight 0.009423, occupation count 9.234455, vector size 39)
WARNING (gmm-est[5.5.671~1-e5a5a]:MleDiagGmmUpdate():mle-diag-gmm.cc:359) Too little data - removing Gaussian (weight 0.009404, occupation count 9.216061, vector size 39)
WARNING (gmm-est[5.5.671~1-e5a5a]:MleDiagGmmUpdate():mle-diag-gmm.cc:359) Too little data - removing Gaussian (weight 0.009620, occupation count 9.427182, vector size 39)
WARNING (gmm-est[5.5.671~1-e5a5a]:MleDiagGmmUpdate():mle-diag-gmm.cc:359) Too little data - removing Gaussian (weight 0.010461, occupation count 5.471069, vector size 39)
WARNING (gmm-est[5.5.671~1-e5a5a]:MleDiagGmmUpdate():mle-diag-gmm.cc:359) Too little data - removing Gaussian (weight 0.010068, occupation count 5.265799, vector size 39)
WARNING (gmm-est[5.5.671~1-e5a5a]:MleDiagGmmUpdate():mle-diag-gmm.cc:359) Too little data - removing Gaussian (weight 0.011852, occupation count 6.198611, vector size 39)
WARNING (gmm-est[5.5.671~1-e5a5a]:MleDiagGmmUpdate():mle-diag-gmm.cc:359) Too little data - removing Gaussian (weight 0.013519, occupation count 9.909133, vector size 39)
WARNING (gmm-est[5.5.671~1-e5a5a]:MleDiagGmmUpdate():mle-diag-gmm.cc:359) Too little data - removing Gaussian (weight 0.013320, occupation count 9.763433, vector size 39)
WARNING (gmm-est[5.5.671~1-e5a5a]:MleDiagGmmUpdate():mle-diag-gmm.cc:359) Too little data - removing Gaussian (weight 0.020088, occupation count 6.709426, vector size 39)
WARNING (gmm-est[5.5.671~1-e5a5a]:MleDiagGmmUpdate():mle-diag-gmm.cc:359) Too little data - removing Gaussian (weight 0.012629, occupation count 7.716283, vector size 39)
WARNING (gmm-est[5.5.671~1-e5a5a]:MleDiagGmmUpdate():mle-diag-gmm.cc:359) Too little data - removing Gaussian (weight 0.016125, occupation count 9.852453, vector size 39)
WARNING (gmm-est[5.5.671~1-e5a5a]:MleDiagGmmUpdate():mle-diag-gmm.cc:359) Too little data - removing Gaussian (weight 0.012706, occupation count 7.763383, vector size 39)
WARNING (gmm-est[5.5.671~1-e5a5a]:MleDiagGmmUpdate():mle-diag-gmm.cc:359) Too little data - removing Gaussian (weight 0.014458, occupation count 8.833799, vector size 39)
WARNING (gmm-est[5.5.671~1-e5a5a]:MleDiagGmmUpdate():mle-diag-gmm.cc:359) Too little data - removing Gaussian (weight 0.013363, occupation count 8.164932, vector size 39)
WARNING (gmm-est[5.5.671~1-e5a5a]:MleDiagGmmUpdate():mle-diag-gmm.cc:359) Too little data - removing Gaussian (weight 0.013749, occupation count 8.098109, vector size 39)
WARNING (gmm-est[5.5.671~1-e5a5a]:MleDiagGmmUpdate():mle-diag-gmm.cc:359) Too little data - removing Gaussian (weight 0.013027, occupation count 7.672744, vector size 39)
WARNING (gmm-est[5.5.671~1-e5a5a]:MleDiagGmmUpdate():mle-diag-gmm.cc:359) Too little data - removing Gaussian (weight 0.009260, occupation count 5.453876, vector size 39)
WARNING (gmm-est[5.5.671~1-e5a5a]:MleDiagGmmUpdate():mle-diag-gmm.cc:359) Too little data - removing Gaussian (weight 0.018845, occupation count 9.177346, vector size 39)
WARNING (gmm-est[5.5.671~1-e5a5a]:MleDiagGmmUpdate():mle-diag-gmm.cc:359) Too little data - removing Gaussian (weight 0.018241, occupation count 9.740517, vector size 39)
WARNING (gmm-est[5.5.671~1-e5a5a]:MleDiagGmmUpdate():mle-diag-gmm.cc:359) Too little data - removing Gaussian (weight 0.015900, occupation count 8.490577, vector size 39)
WARNING (gmm-est[5.5.671~1-e5a5a]:MleDiagGmmUpdate():mle-diag-gmm.cc:359) Too little data - removing Gaussian (weight 0.009339, occupation count 4.987118, vector size 39)
WARNING (gmm-est[5.5.671~1-e5a5a]:MleDiagGmmUpdate():mle-diag-gmm.cc:359) Too little data - removing Gaussian (weight 0.018580, occupation count 9.921827, vector size 39)
WARNING (gmm-est[5.5.671~1-e5a5a]:MleDiagGmmUpdate():mle-diag-gmm.cc:359) Too little data - removing Gaussian (weight 0.006858, occupation count 2.681601, vector size 39)
WARNING (gmm-est[5.5.671~1-e5a5a]:MleDiagGmmUpdate():mle-diag-gmm.cc:359) Too little data - removing Gaussian (weight 0.007133, occupation count 2.788849, vector size 39)
WARNING (gmm-est[5.5.671~1-e5a5a]:MleDiagGmmUpdate():mle-diag-gmm.cc:359) Too little data - removing Gaussian (weight 0.007367, occupation count 2.880619, vector size 39)
WARNING (gmm-est[5.5.671~1-e5a5a]:MleDiagGmmUpdate():mle-diag-gmm.cc:359) Too little data - removing Gaussian (weight 0.015881, occupation count 8.448932, vector size 39)
WARNING (gmm-est[5.5.671~1-e5a5a]:MleDiagGmmUpdate():mle-diag-gmm.cc:359) Too little data - removing Gaussian (weight 0.008882, occupation count 4.725074, vector size 39)
WARNING (gmm-est[5.5.671~1-e5a5a]:MleDiagGmmUpdate():mle-diag-gmm.cc:359) Too little data - removing Gaussian (weight 0.008485, occupation count 4.514018, vector size 39)
WARNING (gmm-est[5.5.671~1-e5a5a]:MleDiagGmmUpdate():mle-diag-gmm.cc:359) Too little data - removing Gaussian (weight 0.009448, occupation count 5.026249, vector size 39)
WARNING (gmm-est[5.5.671~1-e5a5a]:MleDiagGmmUpdate():mle-diag-gmm.cc:359) Too little data - removing Gaussian (weight 0.015363, occupation count 8.172965, vector size 39)
WARNING (gmm-est[5.5.671~1-e5a5a]:MleDiagGmmUpdate():mle-diag-gmm.cc:359) Too little data - removing Gaussian (weight 0.012771, occupation count 6.794007, vector size 39)
WARNING (gmm-est[5.5.671~1-e5a5a]:MleDiagGmmUpdate():mle-diag-gmm.cc:359) Too little data - removing Gaussian (weight 0.016478, occupation count 8.766546, vector size 39)
WARNING (gmm-est[5.5.671~1-e5a5a]:MleDiagGmmUpdate():mle-diag-gmm.cc:359) Too little data - removing Gaussian (weight 0.016040, occupation count 8.533084, vector size 39)
WARNING (gmm-est[5.5.671~1-e5a5a]:MleDiagGmmUpdate():mle-diag-gmm.cc:359) Too little data - removing Gaussian (weight 0.016433, occupation count 8.742099, vector size 39)
WARNING (gmm-est[5.5.671~1-e5a5a]:MleDiagGmmUpdate():mle-diag-gmm.cc:359) Too little data - removing Gaussian (weight 0.017238, occupation count 9.118678, vector size 39)
WARNING (gmm-est[5.5.671~1-e5a5a]:MleDiagGmmUpdate():mle-diag-gmm.cc:359) Too little data - removing Gaussian (weight 0.012934, occupation count 6.841827, vector size 39)
WARNING (gmm-est[5.5.671~1-e5a5a]:MleDiagGmmUpdate():mle-diag-gmm.cc:359) Too little data - removing Gaussian (weight 0.010838, occupation count 5.733319, vector size 39)
WARNING (gmm-est[5.5.671~1-e5a5a]:MleDiagGmmUpdate():mle-diag-gmm.cc:359) Too little data - removing Gaussian (weight 0.012393, occupation count 6.555656, vector size 39)
WARNING (gmm-est[5.5.671~1-e5a5a]:MleDiagGmmUpdate():mle-diag-gmm.cc:359) Too little data - removing Gaussian (weight 0.016015, occupation count 6.806546, vector size 39)
WARNING (gmm-est[5.5.671~1-e5a5a]:MleDiagGmmUpdate():mle-diag-gmm.cc:359) Too little data - removing Gaussian (weight 0.058523, occupation count 9.188059, vector size 39)
WARNING (gmm-est[5.5.671~1-e5a5a]:MleDiagGmmUpdate():mle-diag-gmm.cc:359) Too little data - removing Gaussian (weight 0.012942, occupation count 9.745378, vector size 39)
WARNING (gmm-est[5.5.671~1-e5a5a]:MleDiagGmmUpdate():mle-diag-gmm.cc:359) Too little data - removing Gaussian (weight 0.005401, occupation count 4.067162, vector size 39)
WARNING (gmm-est[5.5.671~1-e5a5a]:MleDiagGmmUpdate():mle-diag-gmm.cc:359) Too little data - removing Gaussian (weight 0.008328, occupation count 6.270994, vector size 39)
WARNING (gmm-est[5.5.671~1-e5a5a]:MleDiagGmmUpdate():mle-diag-gmm.cc:359) Too little data - removing Gaussian (weight 0.018173, occupation count 9.304804, vector size 39)
WARNING (gmm-est[5.5.671~1-e5a5a]:MleDiagGmmUpdate():mle-diag-gmm.cc:359) Too little data - removing Gaussian (weight 0.014732, occupation count 7.542777, vector size 39)
WARNING (gmm-est[5.5.671~1-e5a5a]:MleDiagGmmUpdate():mle-diag-gmm.cc:359) Too little data - removing Gaussian (weight 0.007701, occupation count 9.356133, vector size 39)
WARNING (gmm-est[5.5.671~1-e5a5a]:MleDiagGmmUpdate():mle-diag-gmm.cc:359) Too little data - removing Gaussian (weight 0.006923, occupation count 8.411772, vector size 39)
WARNING (gmm-est[5.5.671~1-e5a5a]:MleDiagGmmUpdate():mle-diag-gmm.cc:359) Too little data - removing Gaussian (weight 0.005444, occupation count 6.614810, vector size 39)
WARNING (gmm-est[5.5.671~1-e5a5a]:MleDiagGmmUpdate():mle-diag-gmm.cc:359) Too little data - removing Gaussian (weight 0.008141, occupation count 9.890984, vector size 39)
WARNING (gmm-est[5.5.671~1-e5a5a]:MleDiagGmmUpdate():mle-diag-gmm.cc:359) Too little data - removing Gaussian (weight 0.007168, occupation count 8.709342, vector size 39)
WARNING (gmm-est[5.5.671~1-e5a5a]:MleDiagGmmUpdate():mle-diag-gmm.cc:359) Too little data - removing Gaussian (weight 0.004911, occupation count 5.967465, vector size 39)
WARNING (gmm-est[5.5.671~1-e5a5a]:MleDiagGmmUpdate():mle-diag-gmm.cc:359) Too little data - removing Gaussian (weight 0.006986, occupation count 8.487722, vector size 39)
WARNING (gmm-est[5.5.671~1-e5a5a]:MleDiagGmmUpdate():mle-diag-gmm.cc:359) Too little data - removing Gaussian (weight 0.005891, occupation count 7.157899, vector size 39)
WARNING (gmm-est[5.5.671~1-e5a5a]:MleDiagGmmUpdate():mle-diag-gmm.cc:359) Too little data - removing Gaussian (weight 0.008183, occupation count 9.942396, vector size 39)
WARNING (gmm-est[5.5.671~1-e5a5a]:MleDiagGmmUpdate():mle-diag-gmm.cc:359) Too little data - removing Gaussian (weight 0.004531, occupation count 5.504639, vector size 39)
WARNING (gmm-est[5.5.671~1-e5a5a]:MleDiagGmmUpdate():mle-diag-gmm.cc:359) Too little data - removing Gaussian (weight 0.007584, occupation count 9.214202, vector size 39)
WARNING (gmm-est[5.5.671~1-e5a5a]:MleDiagGmmUpdate():mle-diag-gmm.cc:359) Too little data - removing Gaussian (weight 0.007885, occupation count 9.580339, vector size 39)
WARNING (gmm-est[5.5.671~1-e5a5a]:MleDiagGmmUpdate():mle-diag-gmm.cc:359) Too little data - removing Gaussian (weight 0.005625, occupation count 6.833878, vector size 39)
WARNING (gmm-est[5.5.671~1-e5a5a]:MleDiagGmmUpdate():mle-diag-gmm.cc:359) Too little data - removing Gaussian (weight 0.007611, occupation count 9.247231, vector size 39)
WARNING (gmm-est[5.5.671~1-e5a5a]:MleDiagGmmUpdate():mle-diag-gmm.cc:359) Too little data - removing Gaussian (weight 0.005587, occupation count 6.788065, vector size 39)
WARNING (gmm-est[5.5.671~1-e5a5a]:MleDiagGmmUpdate():mle-diag-gmm.cc:359) Too little data - removing Gaussian (weight 0.018551, occupation count 6.715311, vector size 39)
WARNING (gmm-est[5.5.671~1-e5a5a]:MleDiagGmmUpdate():mle-diag-gmm.cc:359) Too little data - removing Gaussian (weight 0.006364, occupation count 2.303711, vector size 39)
WARNING (gmm-est[5.5.671~1-e5a5a]:MleDiagGmmUpdate():mle-diag-gmm.cc:359) Too little data - removing Gaussian (weight 0.025823, occupation count 9.347801, vector size 39)
WARNING (gmm-est[5.5.671~1-e5a5a]:MleDiagGmmUpdate():mle-diag-gmm.cc:359) Too little data - removing Gaussian (weight 0.007856, occupation count 6.913638, vector size 39)
WARNING (gmm-est[5.5.671~1-e5a5a]:MleDiagGmmUpdate():mle-diag-gmm.cc:359) Too little data - removing Gaussian (weight 0.010315, occupation count 9.077257, vector size 39)
WARNING (gmm-est[5.5.671~1-e5a5a]:MleDiagGmmUpdate():mle-diag-gmm.cc:359) Too little data - removing Gaussian (weight 0.010607, occupation count 9.334417, vector size 39)
WARNING (gmm-est[5.5.671~1-e5a5a]:MleDiagGmmUpdate():mle-diag-gmm.cc:359) Too little data - removing Gaussian (weight 0.011253, occupation count 9.902576, vector size 39)
WARNING (gmm-est[5.5.671~1-e5a5a]:MleDiagGmmUpdate():mle-diag-gmm.cc:359) Too little data - removing Gaussian (weight 0.010374, occupation count 9.129076, vector size 39)
WARNING (gmm-est[5.5.671~1-e5a5a]:MleDiagGmmUpdate():mle-diag-gmm.cc:359) Too little data - removing Gaussian (weight 0.016237, occupation count 9.206646, vector size 39)
WARNING (gmm-est[5.5.671~1-e5a5a]:MleDiagGmmUpdate():mle-diag-gmm.cc:359) Too little data - removing Gaussian (weight 0.005387, occupation count 2.337762, vector size 39)
WARNING (gmm-est[5.5.671~1-e5a5a]:MleDiagGmmUpdate():mle-diag-gmm.cc:359) Too little data - removing Gaussian (weight 0.010547, occupation count 4.577190, vector size 39)
WARNING (gmm-est[5.5.671~1-e5a5a]:MleDiagGmmUpdate():mle-diag-gmm.cc:359) Too little data - removing Gaussian (weight 0.016670, occupation count 7.851384, vector size 39)
WARNING (gmm-est[5.5.671~1-e5a5a]:MleDiagGmmUpdate():mle-diag-gmm.cc:359) Too little data - removing Gaussian (weight 0.016683, occupation count 7.857740, vector size 39)
WARNING (gmm-est[5.5.671~1-e5a5a]:MleDiagGmmUpdate():mle-diag-gmm.cc:359) Too little data - removing Gaussian (weight 0.015844, occupation count 7.462317, vector size 39)
WARNING (gmm-est[5.5.671~1-e5a5a]:MleDiagGmmUpdate():mle-diag-gmm.cc:359) Too little data - removing Gaussian (weight 0.028901, occupation count 6.762889, vector size 39)
WARNING (gmm-est[5.5.671~1-e5a5a]:MleDiagGmmUpdate():mle-diag-gmm.cc:359) Too little data - removing Gaussian (weight 0.015273, occupation count 7.468270, vector size 39)
WARNING (gmm-est[5.5.671~1-e5a5a]:MleDiagGmmUpdate():mle-diag-gmm.cc:359) Too little data - removing Gaussian (weight 0.016768, occupation count 8.199709, vector size 39)
WARNING (gmm-est[5.5.671~1-e5a5a]:MleDiagGmmUpdate():mle-diag-gmm.cc:359) Too little data - removing Gaussian (weight 0.012043, occupation count 5.889000, vector size 39)
WARNING (gmm-est[5.5.671~1-e5a5a]:MleDiagGmmUpdate():mle-diag-gmm.cc:359) Too little data - removing Gaussian (weight 0.019566, occupation count 9.567839, vector size 39)
WARNING (gmm-est[5.5.671~1-e5a5a]:MleDiagGmmUpdate():mle-diag-gmm.cc:359) Too little data - removing Gaussian (weight 0.018849, occupation count 9.217163, vector size 39)
WARNING (gmm-est[5.5.671~1-e5a5a]:MleDiagGmmUpdate():mle-diag-gmm.cc:359) Too little data - removing Gaussian (weight 0.023341, occupation count 8.939569, vector size 39)
WARNING (gmm-est[5.5.671~1-e5a5a]:MleDiagGmmUpdate():mle-diag-gmm.cc:359) Too little data - removing Gaussian (weight 0.020087, occupation count 9.300348, vector size 39)
WARNING (gmm-est[5.5.671~1-e5a5a]:MleDiagGmmUpdate():mle-diag-gmm.cc:359) Too little data - removing Gaussian (weight 0.018847, occupation count 8.726228, vector size 39)
WARNING (gmm-est[5.5.671~1-e5a5a]:MleDiagGmmUpdate():mle-diag-gmm.cc:359) Too little data - removing Gaussian (weight 0.018565, occupation count 9.319642, vector size 39)
WARNING (gmm-est[5.5.671~1-e5a5a]:MleDiagGmmUpdate():mle-diag-gmm.cc:359) Too little data - removing Gaussian (weight 0.017476, occupation count 8.773048, vector size 39)
WARNING (gmm-est[5.5.671~1-e5a5a]:MleDiagGmmUpdate():mle-diag-gmm.cc:359) Too little data - removing Gaussian (weight 0.009088, occupation count 7.033931, vector size 39)
WARNING (gmm-est[5.5.671~1-e5a5a]:MleDiagGmmUpdate():mle-diag-gmm.cc:359) Too little data - removing Gaussian (weight 0.012301, occupation count 9.520938, vector size 39)
WARNING (gmm-est[5.5.671~1-e5a5a]:MleDiagGmmUpdate():mle-diag-gmm.cc:359) Too little data - removing Gaussian (weight 0.016686, occupation count 7.358562, vector size 39)
WARNING (gmm-est[5.5.671~1-e5a5a]:MleDiagGmmUpdate():mle-diag-gmm.cc:359) Too little data - removing Gaussian (weight 0.019592, occupation count 8.640183, vector size 39)
WARNING (gmm-est[5.5.671~1-e5a5a]:MleDiagGmmUpdate():mle-diag-gmm.cc:359) Too little data - removing Gaussian (weight 0.016830, occupation count 7.421876, vector size 39)
WARNING (gmm-est[5.5.671~1-e5a5a]:MleDiagGmmUpdate():mle-diag-gmm.cc:359) Too little data - removing Gaussian (weight 0.018389, occupation count 8.109747, vector size 39)
WARNING (gmm-est[5.5.671~1-e5a5a]:MleDiagGmmUpdate():mle-diag-gmm.cc:359) Too little data - removing Gaussian (weight 0.015112, occupation count 6.891065, vector size 39)
WARNING (gmm-est[5.5.671~1-e5a5a]:MleDiagGmmUpdate():mle-diag-gmm.cc:359) Too little data - removing Gaussian (weight 0.021026, occupation count 9.587737, vector size 39)
WARNING (gmm-est[5.5.671~1-e5a5a]:MleDiagGmmUpdate():mle-diag-gmm.cc:359) Too little data - removing Gaussian (weight 0.013550, occupation count 7.127397, vector size 39)
WARNING (gmm-est[5.5.671~1-e5a5a]:MleDiagGmmUpdate():mle-diag-gmm.cc:359) Too little data - removing Gaussian (weight 0.014699, occupation count 7.731459, vector size 39)
WARNING (gmm-est[5.5.671~1-e5a5a]:MleDiagGmmUpdate():mle-diag-gmm.cc:359) Too little data - removing Gaussian (weight 0.018505, occupation count 9.733747, vector size 39)
WARNING (gmm-est[5.5.671~1-e5a5a]:MleDiagGmmUpdate():mle-diag-gmm.cc:359) Too little data - removing Gaussian (weight 0.010097, occupation count 8.592368, vector size 39)
WARNING (gmm-est[5.5.671~1-e5a5a]:MleDiagGmmUpdate():mle-diag-gmm.cc:359) Too little data - removing Gaussian (weight 0.009945, occupation count 8.463048, vector size 39)
WARNING (gmm-est[5.5.671~1-e5a5a]:MleDiagGmmUpdate():mle-diag-gmm.cc:359) Too little data - removing Gaussian (weight 0.011655, occupation count 9.918415, vector size 39)
WARNING (gmm-est[5.5.671~1-e5a5a]:MleDiagGmmUpdate():mle-diag-gmm.cc:359) Too little data - removing Gaussian (weight 0.011557, occupation count 9.835326, vector size 39)
WARNING (gmm-est[5.5.671~1-e5a5a]:MleDiagGmmUpdate():mle-diag-gmm.cc:359) Too little data - removing Gaussian (weight 0.005376, occupation count 4.575358, vector size 39)
WARNING (gmm-est[5.5.671~1-e5a5a]:MleDiagGmmUpdate():mle-diag-gmm.cc:359) Too little data - removing Gaussian (weight 0.010824, occupation count 9.211575, vector size 39)
WARNING (gmm-est[5.5.671~1-e5a5a]:MleDiagGmmUpdate():mle-diag-gmm.cc:359) Too little data - removing Gaussian (weight 0.011105, occupation count 9.450212, vector size 39)
WARNING (gmm-est[5.5.671~1-e5a5a]:MleDiagGmmUpdate():mle-diag-gmm.cc:359) Too little data - removing Gaussian (weight 0.007031, occupation count 5.983618, vector size 39)
WARNING (gmm-est[5.5.671~1-e5a5a]:MleDiagGmmUpdate():mle-diag-gmm.cc:359) Too little data - removing Gaussian (weight 0.010059, occupation count 8.560382, vector size 39)
WARNING (gmm-est[5.5.671~1-e5a5a]:MleDiagGmmUpdate():mle-diag-gmm.cc:359) Too little data - removing Gaussian (weight 0.009319, occupation count 4.081853, vector size 39)
WARNING (gmm-est[5.5.671~1-e5a5a]:MleDiagGmmUpdate():mle-diag-gmm.cc:359) Too little data - removing Gaussian (weight 0.020422, occupation count 8.944824, vector size 39)
WARNING (gmm-est[5.5.671~1-e5a5a]:MleDiagGmmUpdate():mle-diag-gmm.cc:359) Too little data - removing Gaussian (weight 0.017224, occupation count 7.544075, vector size 39)
WARNING (gmm-est[5.5.671~1-e5a5a]:MleDiagGmmUpdate():mle-diag-gmm.cc:359) Too little data - removing Gaussian (weight 0.013651, occupation count 5.979157, vector size 39)
WARNING (gmm-est[5.5.671~1-e5a5a]:MleDiagGmmUpdate():mle-diag-gmm.cc:359) Too little data - removing Gaussian (weight 0.015042, occupation count 6.588194, vector size 39)
WARNING (gmm-est[5.5.671~1-e5a5a]:MleDiagGmmUpdate():mle-diag-gmm.cc:359) Too little data - removing Gaussian (weight 0.019448, occupation count 7.001425, vector size 39)
WARNING (gmm-est[5.5.671~1-e5a5a]:MleDiagGmmUpdate():mle-diag-gmm.cc:359) Too little data - removing Gaussian (weight 0.018761, occupation count 6.754043, vector size 39)
WARNING (gmm-est[5.5.671~1-e5a5a]:MleDiagGmmUpdate():mle-diag-gmm.cc:359) Too little data - removing Gaussian (weight 0.022262, occupation count 8.993726, vector size 39)
WARNING (gmm-est[5.5.671~1-e5a5a]:MleDiagGmmUpdate():mle-diag-gmm.cc:359) Too little data - removing Gaussian (weight 0.016681, occupation count 4.103497, vector size 39)
WARNING (gmm-est[5.5.671~1-e5a5a]:MleDiagGmmUpdate():mle-diag-gmm.cc:359) Too little data - removing Gaussian (weight 0.016275, occupation count 8.105047, vector size 39)
WARNING (gmm-est[5.5.671~1-e5a5a]:MleDiagGmmUpdate():mle-diag-gmm.cc:359) Too little data - removing Gaussian (weight 0.015814, occupation count 7.875194, vector size 39)
WARNING (gmm-est[5.5.671~1-e5a5a]:MleDiagGmmUpdate():mle-diag-gmm.cc:359) Too little data - removing Gaussian (weight 0.023938, occupation count 7.468524, vector size 39)
WARNING (gmm-est[5.5.671~1-e5a5a]:MleDiagGmmUpdate():mle-diag-gmm.cc:359) Too little data - removing Gaussian (weight 0.033049, occupation count 6.576743, vector size 39)
WARNING (gmm-est[5.5.671~1-e5a5a]:MleDiagGmmUpdate():mle-diag-gmm.cc:359) Too little data - removing Gaussian (weight 0.044161, occupation count 8.787955, vector size 39)
WARNING (gmm-est[5.5.671~1-e5a5a]:MleDiagGmmUpdate():mle-diag-gmm.cc:359) Too little data - removing Gaussian (weight 0.018316, occupation count 9.634191, vector size 39)
WARNING (gmm-est[5.5.671~1-e5a5a]:MleDiagGmmUpdate():mle-diag-gmm.cc:359) Too little data - removing Gaussian (weight 0.016824, occupation count 8.849524, vector size 39)
WARNING (gmm-est[5.5.671~1-e5a5a]:MleDiagGmmUpdate():mle-diag-gmm.cc:359) Too little data - removing Gaussian (weight 0.006850, occupation count 3.602852, vector size 39)
WARNING (gmm-est[5.5.671~1-e5a5a]:MleDiagGmmUpdate():mle-diag-gmm.cc:359) Too little data - removing Gaussian (weight 0.018841, occupation count 9.910185, vector size 39)
WARNING (gmm-est[5.5.671~1-e5a5a]:MleDiagGmmUpdate():mle-diag-gmm.cc:359) Too little data - removing Gaussian (weight 0.030991, occupation count 7.654709, vector size 39)
WARNING (gmm-est[5.5.671~1-e5a5a]:MleDiagGmmUpdate():mle-diag-gmm.cc:359) Too little data - removing Gaussian (weight 0.039506, occupation count 9.757907, vector size 39)
WARNING (gmm-est[5.5.671~1-e5a5a]:MleDiagGmmUpdate():mle-diag-gmm.cc:359) Too little data - removing Gaussian (weight 0.018427, occupation count 7.149483, vector size 39)
WARNING (gmm-est[5.5.671~1-e5a5a]:MleDiagGmmUpdate():mle-diag-gmm.cc:359) Too little data - removing Gaussian (weight 0.017429, occupation count 6.762610, vector size 39)
WARNING (gmm-est[5.5.671~1-e5a5a]:MleDiagGmmUpdate():mle-diag-gmm.cc:359) Too little data - removing Gaussian (weight 0.015784, occupation count 8.507361, vector size 39)
WARNING (gmm-est[5.5.671~1-e5a5a]:MleDiagGmmUpdate():mle-diag-gmm.cc:359) Too little data - removing Gaussian (weight 0.009029, occupation count 3.196163, vector size 39)
WARNING (gmm-est[5.5.671~1-e5a5a]:MleDiagGmmUpdate():mle-diag-gmm.cc:359) Too little data - removing Gaussian (weight 0.019783, occupation count 7.003345, vector size 39)
WARNING (gmm-est[5.5.671~1-e5a5a]:MleDiagGmmUpdate():mle-diag-gmm.cc:359) Too little data - removing Gaussian (weight 0.027385, occupation count 9.694122, vector size 39)
WARNING (gmm-est[5.5.671~1-e5a5a]:MleDiagGmmUpdate():mle-diag-gmm.cc:359) Too little data - removing Gaussian (weight 0.014384, occupation count 8.903741, vector size 39)
WARNING (gmm-est[5.5.671~1-e5a5a]:MleDiagGmmUpdate():mle-diag-gmm.cc:359) Too little data - removing Gaussian (weight 0.010299, occupation count 6.374826, vector size 39)
WARNING (gmm-est[5.5.671~1-e5a5a]:MleDiagGmmUpdate():mle-diag-gmm.cc:359) Too little data - removing Gaussian (weight 0.013446, occupation count 8.323239, vector size 39)
WARNING (gmm-est[5.5.671~1-e5a5a]:MleDiagGmmUpdate():mle-diag-gmm.cc:359) Too little data - removing Gaussian (weight 0.013010, occupation count 8.053268, vector size 39)
WARNING (gmm-est[5.5.671~1-e5a5a]:MleDiagGmmUpdate():mle-diag-gmm.cc:359) Too little data - removing Gaussian (weight 0.049198, occupation count 9.150789, vector size 39)
LOG (gmm-est[5.5.671~1-e5a5a]:MleAmDiagGmmUpdate():mle-am-diag-gmm.cc:225) 0 variance elements floored in 0 Gaussians, out of 1690
LOG (gmm-est[5.5.671~1-e5a5a]:MleAmDiagGmmUpdate():mle-am-diag-gmm.cc:229) Removed 166 Gaussians due to counts < --min-gaussian-occupancy=10 and --remove-low-count-gaussians=true
LOG (gmm-est[5.5.671~1-e5a5a]:main():gmm-est.cc:113) GMM update: Overall 1.46596 objective function improvement per frame over 38034 frames
LOG (gmm-est[5.5.671~1-e5a5a]:main():gmm-est.cc:116) GMM update: Overall avg like per frame = -83.3533 over 38034 frames.
WARNING (gmm-est[5.5.671~1-e5a5a]:GetSplitTargets():model-common.cc:134) Could not split up to 3080 due to min-count = 20 (or no counts at all)

LOG (gmm-est[5.5.671~1-e5a5a]:SplitByCount():am-diag-gmm.cc:116) Split 88 states with target = 3080, power = 0.25, perturb_factor = 0.01 and min_count = 20, split #Gauss from 1690 to 1856
LOG (gmm-est[5.5.671~1-e5a5a]:main():gmm-est.cc:146) Written model to exp/tri1/5.mdl
# Accounting: time=0 threads=1
# Ended (code 0) at Mon Apr 20 03:05:22 PDT 2020, elapsed time 0 seconds
