# gmm-est --write-occs=exp/mono/30.occs --mix-up=938 --power=0.25 exp/mono/29.mdl "gmm-sum-accs - exp/mono/29.*.acc|" exp/mono/30.mdl 
# Started at Sat Apr 11 03:16:53 PDT 2020
#
gmm-est --write-occs=exp/mono/30.occs --mix-up=938 --power=0.25 exp/mono/29.mdl 'gmm-sum-accs - exp/mono/29.*.acc|' exp/mono/30.mdl 
gmm-sum-accs - exp/mono/29.1.acc 
LOG (gmm-sum-accs[5.5.671~1-e5a5a]:main():gmm-sum-accs.cc:63) Summed 1 stats, total count 26833, avg like/frame -85.1448
LOG (gmm-sum-accs[5.5.671~1-e5a5a]:main():gmm-sum-accs.cc:66) Total count of stats is 26833
LOG (gmm-sum-accs[5.5.671~1-e5a5a]:main():gmm-sum-accs.cc:67) Written stats to -
LOG (gmm-est[5.5.671~1-e5a5a]:MleUpdate():transition-model.cc:528) TransitionModel::Update, objf change is 4.28409e-05 per frame over 26833 frames. 
LOG (gmm-est[5.5.671~1-e5a5a]:MleUpdate():transition-model.cc:531) 13 probabilities floored, 207 out of 290 transition-states skipped due to insuffient data (it is normal to have some skipped.)
LOG (gmm-est[5.5.671~1-e5a5a]:main():gmm-est.cc:102) Transition model update: Overall 4.28409e-05 log-like improvement per frame over 26833 frames.
WARNING (gmm-est[5.5.671~1-e5a5a]:MleDiagGmmUpdate():mle-diag-gmm.cc:365) Gaussian has too little data but not removing it because it is the last Gaussian: i = 0, occ = 0, weight = 1
WARNING (gmm-est[5.5.671~1-e5a5a]:MleDiagGmmUpdate():mle-diag-gmm.cc:365) Gaussian has too little data but not removing it because it is the last Gaussian: i = 0, occ = 0, weight = 1
WARNING (gmm-est[5.5.671~1-e5a5a]:MleDiagGmmUpdate():mle-diag-gmm.cc:365) Gaussian has too little data but not removing it because it is the last Gaussian: i = 0, occ = 0, weight = 1
WARNING (gmm-est[5.5.671~1-e5a5a]:MleDiagGmmUpdate():mle-diag-gmm.cc:365) Gaussian has too little data but not removing it because it is the last Gaussian: i = 0, occ = 0, weight = 1
WARNING (gmm-est[5.5.671~1-e5a5a]:MleDiagGmmUpdate():mle-diag-gmm.cc:365) Gaussian has too little data but not removing it because it is the last Gaussian: i = 0, occ = 0, weight = 1
LOG (gmm-est[5.5.671~1-e5a5a]:MleAmDiagGmmUpdate():mle-am-diag-gmm.cc:225) 0 variance elements floored in 0 Gaussians, out of 908
LOG (gmm-est[5.5.671~1-e5a5a]:MleAmDiagGmmUpdate():mle-am-diag-gmm.cc:229) Removed 0 Gaussians due to counts < --min-gaussian-occupancy=10 and --remove-low-count-gaussians=true
LOG (gmm-est[5.5.671~1-e5a5a]:main():gmm-est.cc:113) GMM update: Overall 0.0942596 objective function improvement per frame over 26833 frames
LOG (gmm-est[5.5.671~1-e5a5a]:main():gmm-est.cc:116) GMM update: Overall avg like per frame = -85.1448 over 26833 frames.
LOG (gmm-est[5.5.671~1-e5a5a]:SplitByCount():am-diag-gmm.cc:116) Split 70 states with target = 938, power = 0.25, perturb_factor = 0.01 and min_count = 20, split #Gauss from 908 to 939
LOG (gmm-est[5.5.671~1-e5a5a]:main():gmm-est.cc:146) Written model to exp/mono/30.mdl
# Accounting: time=0 threads=1
# Ended (code 0) at Sat Apr 11 03:16:53 PDT 2020, elapsed time 0 seconds
